

================================================================
== Vitis HLS Report for 'fft32_Pipeline_VITIS_LOOP_72_1'
================================================================
* Date:           Tue Jun 24 22:03:05 2025

* Version:        2023.1 (Build 3854077 on May  4 2023)
* Project:        FFT
* Solution:       solution1 (Vivado IP Flow Target)
* Product family: zynq
* Target device:  xc7z030-sbv485-1


================================================================
== Performance Estimates
================================================================
+ Timing: 
    * Summary: 
    +--------+----------+----------+------------+
    |  Clock |  Target  | Estimated| Uncertainty|
    +--------+----------+----------+------------+
    |ap_clk  |  10.00 ns|  1.898 ns|     2.70 ns|
    +--------+----------+----------+------------+

+ Latency: 
    * Summary: 
    +---------+---------+----------+----------+-----+-----+---------+
    |  Latency (cycles) |  Latency (absolute) |  Interval | Pipeline|
    |   min   |   max   |    min   |    max   | min | max |   Type  |
    +---------+---------+----------+----------+-----+-----+---------+
    |       66|       66|  0.660 us|  0.660 us|   66|   66|       no|
    +---------+---------+----------+----------+-----+-----+---------+

    + Detail: 
        * Instance: 
        N/A

        * Loop: 
        +-------------------+---------+---------+----------+-----------+-----------+------+----------+
        |                   |  Latency (cycles) | Iteration|  Initiation Interval  | Trip |          |
        |     Loop Name     |   min   |   max   |  Latency |  achieved |   target  | Count| Pipelined|
        +-------------------+---------+---------+----------+-----------+-----------+------+----------+
        |- VITIS_LOOP_72_1  |       64|       64|         2|          2|          4|    32|       yes|
        +-------------------+---------+---------+----------+-----------+-----------+------+----------+



================================================================
== Utilization Estimates
================================================================
* Summary: 
+-----------------+---------+-----+--------+-------+-----+
|       Name      | BRAM_18K| DSP |   FF   |  LUT  | URAM|
+-----------------+---------+-----+--------+-------+-----+
|DSP              |        -|    -|       -|      -|    -|
|Expression       |        -|    -|       0|     28|    -|
|FIFO             |        -|    -|       -|      -|    -|
|Instance         |        -|    -|       -|      -|    -|
|Memory           |        -|    -|       -|      -|    -|
|Multiplexer      |        -|    -|       -|    626|    -|
|Register         |        -|    -|    1044|      -|    -|
+-----------------+---------+-----+--------+-------+-----+
|Total            |        0|    0|    1044|    654|    0|
+-----------------+---------+-----+--------+-------+-----+
|Available        |      530|  400|  157200|  78600|    0|
+-----------------+---------+-----+--------+-------+-----+
|Utilization (%)  |        0|    0|      ~0|     ~0|    0|
+-----------------+---------+-----+--------+-------+-----+

+ Detail: 
    * Instance: 
    N/A

    * DSP: 
    N/A

    * Memory: 
    N/A

    * FIFO: 
    N/A

    * Expression: 
    +----------------------+----------+----+---+----+------------+------------+
    |     Variable Name    | Operation| DSP| FF| LUT| Bitwidth P0| Bitwidth P1|
    +----------------------+----------+----+---+----+------------+------------+
    |add_ln72_fu_1284_p2   |         +|   0|  0|  14|           6|           1|
    |icmp_ln72_fu_1278_p2  |      icmp|   0|  0|  14|           6|           7|
    +----------------------+----------+----+---+----+------------+------------+
    |Total                 |          |   0|  0|  28|          12|           8|
    +----------------------+----------+----+---+----+------------+------------+

    * Multiplexer: 
    +-----------------------+----+-----------+-----+-----------+
    |          Name         | LUT| Input Size| Bits| Total Bits|
    +-----------------------+----+-----------+-----+-----------+
    |ap_NS_fsm              |  14|          3|    1|          3|
    |ap_done_int            |   9|          2|    1|          2|
    |ap_sig_allocacmp_i_1   |   9|          2|    6|         12|
    |data_imag_10_fu_408    |   9|          2|   16|         32|
    |data_imag_11_fu_412    |   9|          2|   16|         32|
    |data_imag_12_fu_416    |   9|          2|   16|         32|
    |data_imag_13_fu_420    |   9|          2|   16|         32|
    |data_imag_14_fu_424    |   9|          2|   16|         32|
    |data_imag_15_fu_428    |   9|          2|   16|         32|
    |data_imag_16_fu_432    |   9|          2|   16|         32|
    |data_imag_17_fu_436    |   9|          2|   16|         32|
    |data_imag_18_fu_440    |   9|          2|   16|         32|
    |data_imag_19_fu_444    |   9|          2|   16|         32|
    |data_imag_1_fu_372     |   9|          2|   16|         32|
    |data_imag_20_fu_448    |   9|          2|   16|         32|
    |data_imag_21_fu_452    |   9|          2|   16|         32|
    |data_imag_22_fu_456    |   9|          2|   16|         32|
    |data_imag_23_fu_460    |   9|          2|   16|         32|
    |data_imag_24_fu_464    |   9|          2|   16|         32|
    |data_imag_25_fu_468    |   9|          2|   16|         32|
    |data_imag_26_fu_472    |   9|          2|   16|         32|
    |data_imag_27_fu_476    |   9|          2|   16|         32|
    |data_imag_28_fu_480    |   9|          2|   16|         32|
    |data_imag_29_fu_484    |   9|          2|   16|         32|
    |data_imag_2_fu_376     |   9|          2|   16|         32|
    |data_imag_30_fu_488    |   9|          2|   16|         32|
    |data_imag_31_fu_492    |   9|          2|   16|         32|
    |data_imag_3_fu_380     |   9|          2|   16|         32|
    |data_imag_4_fu_384     |   9|          2|   16|         32|
    |data_imag_5_fu_388     |   9|          2|   16|         32|
    |data_imag_6_fu_392     |   9|          2|   16|         32|
    |data_imag_7_fu_396     |   9|          2|   16|         32|
    |data_imag_8_fu_400     |   9|          2|   16|         32|
    |data_imag_9_fu_404     |   9|          2|   16|         32|
    |data_imag_fu_368       |   9|          2|   16|         32|
    |data_real_10_fu_280    |   9|          2|   16|         32|
    |data_real_11_fu_284    |   9|          2|   16|         32|
    |data_real_12_fu_288    |   9|          2|   16|         32|
    |data_real_13_fu_292    |   9|          2|   16|         32|
    |data_real_14_fu_296    |   9|          2|   16|         32|
    |data_real_15_fu_300    |   9|          2|   16|         32|
    |data_real_16_fu_304    |   9|          2|   16|         32|
    |data_real_17_fu_308    |   9|          2|   16|         32|
    |data_real_18_fu_312    |   9|          2|   16|         32|
    |data_real_19_fu_316    |   9|          2|   16|         32|
    |data_real_1_fu_244     |   9|          2|   16|         32|
    |data_real_20_fu_320    |   9|          2|   16|         32|
    |data_real_21_fu_324    |   9|          2|   16|         32|
    |data_real_22_fu_328    |   9|          2|   16|         32|
    |data_real_23_fu_332    |   9|          2|   16|         32|
    |data_real_24_fu_336    |   9|          2|   16|         32|
    |data_real_25_fu_340    |   9|          2|   16|         32|
    |data_real_26_fu_344    |   9|          2|   16|         32|
    |data_real_27_fu_348    |   9|          2|   16|         32|
    |data_real_28_fu_352    |   9|          2|   16|         32|
    |data_real_29_fu_356    |   9|          2|   16|         32|
    |data_real_2_fu_248     |   9|          2|   16|         32|
    |data_real_30_fu_360    |   9|          2|   16|         32|
    |data_real_31_fu_364    |   9|          2|   16|         32|
    |data_real_3_fu_252     |   9|          2|   16|         32|
    |data_real_4_fu_256     |   9|          2|   16|         32|
    |data_real_5_fu_260     |   9|          2|   16|         32|
    |data_real_6_fu_264     |   9|          2|   16|         32|
    |data_real_7_fu_268     |   9|          2|   16|         32|
    |data_real_8_fu_272     |   9|          2|   16|         32|
    |data_real_9_fu_276     |   9|          2|   16|         32|
    |data_real_fu_240       |   9|          2|   16|         32|
    |i_fu_236               |   9|          2|    6|         12|
    |in_stream_TDATA_blk_n  |   9|          2|    1|          2|
    +-----------------------+----+-----------+-----+-----------+
    |Total                  | 626|        139| 1039|       2079|
    +-----------------------+----+-----------+-----+-----------+

    * Register: 
    +---------------------+----+----+-----+-----------+
    |         Name        | FF | LUT| Bits| Const Bits|
    +---------------------+----+----+-----+-----------+
    |add_ln72_reg_2346    |   6|   0|    6|          0|
    |ap_CS_fsm            |   2|   0|    2|          0|
    |ap_done_reg          |   1|   0|    1|          0|
    |data_imag_10_fu_408  |  16|   0|   16|          0|
    |data_imag_11_fu_412  |  16|   0|   16|          0|
    |data_imag_12_fu_416  |  16|   0|   16|          0|
    |data_imag_13_fu_420  |  16|   0|   16|          0|
    |data_imag_14_fu_424  |  16|   0|   16|          0|
    |data_imag_15_fu_428  |  16|   0|   16|          0|
    |data_imag_16_fu_432  |  16|   0|   16|          0|
    |data_imag_17_fu_436  |  16|   0|   16|          0|
    |data_imag_18_fu_440  |  16|   0|   16|          0|
    |data_imag_19_fu_444  |  16|   0|   16|          0|
    |data_imag_1_fu_372   |  16|   0|   16|          0|
    |data_imag_20_fu_448  |  16|   0|   16|          0|
    |data_imag_21_fu_452  |  16|   0|   16|          0|
    |data_imag_22_fu_456  |  16|   0|   16|          0|
    |data_imag_23_fu_460  |  16|   0|   16|          0|
    |data_imag_24_fu_464  |  16|   0|   16|          0|
    |data_imag_25_fu_468  |  16|   0|   16|          0|
    |data_imag_26_fu_472  |  16|   0|   16|          0|
    |data_imag_27_fu_476  |  16|   0|   16|          0|
    |data_imag_28_fu_480  |  16|   0|   16|          0|
    |data_imag_29_fu_484  |  16|   0|   16|          0|
    |data_imag_2_fu_376   |  16|   0|   16|          0|
    |data_imag_30_fu_488  |  16|   0|   16|          0|
    |data_imag_31_fu_492  |  16|   0|   16|          0|
    |data_imag_3_fu_380   |  16|   0|   16|          0|
    |data_imag_4_fu_384   |  16|   0|   16|          0|
    |data_imag_5_fu_388   |  16|   0|   16|          0|
    |data_imag_6_fu_392   |  16|   0|   16|          0|
    |data_imag_7_fu_396   |  16|   0|   16|          0|
    |data_imag_8_fu_400   |  16|   0|   16|          0|
    |data_imag_9_fu_404   |  16|   0|   16|          0|
    |data_imag_fu_368     |  16|   0|   16|          0|
    |data_real_10_fu_280  |  16|   0|   16|          0|
    |data_real_11_fu_284  |  16|   0|   16|          0|
    |data_real_12_fu_288  |  16|   0|   16|          0|
    |data_real_13_fu_292  |  16|   0|   16|          0|
    |data_real_14_fu_296  |  16|   0|   16|          0|
    |data_real_15_fu_300  |  16|   0|   16|          0|
    |data_real_16_fu_304  |  16|   0|   16|          0|
    |data_real_17_fu_308  |  16|   0|   16|          0|
    |data_real_18_fu_312  |  16|   0|   16|          0|
    |data_real_19_fu_316  |  16|   0|   16|          0|
    |data_real_1_fu_244   |  16|   0|   16|          0|
    |data_real_20_fu_320  |  16|   0|   16|          0|
    |data_real_21_fu_324  |  16|   0|   16|          0|
    |data_real_22_fu_328  |  16|   0|   16|          0|
    |data_real_23_fu_332  |  16|   0|   16|          0|
    |data_real_24_fu_336  |  16|   0|   16|          0|
    |data_real_25_fu_340  |  16|   0|   16|          0|
    |data_real_26_fu_344  |  16|   0|   16|          0|
    |data_real_27_fu_348  |  16|   0|   16|          0|
    |data_real_28_fu_352  |  16|   0|   16|          0|
    |data_real_29_fu_356  |  16|   0|   16|          0|
    |data_real_2_fu_248   |  16|   0|   16|          0|
    |data_real_30_fu_360  |  16|   0|   16|          0|
    |data_real_31_fu_364  |  16|   0|   16|          0|
    |data_real_3_fu_252   |  16|   0|   16|          0|
    |data_real_4_fu_256   |  16|   0|   16|          0|
    |data_real_5_fu_260   |  16|   0|   16|          0|
    |data_real_6_fu_264   |  16|   0|   16|          0|
    |data_real_7_fu_268   |  16|   0|   16|          0|
    |data_real_8_fu_272   |  16|   0|   16|          0|
    |data_real_9_fu_276   |  16|   0|   16|          0|
    |data_real_fu_240     |  16|   0|   16|          0|
    |i_fu_236             |   6|   0|    6|          0|
    |trunc_ln72_reg_2351  |   5|   0|    5|          0|
    +---------------------+----+----+-----+-----------+
    |Total                |1044|   0| 1044|          0|
    +---------------------+----+----+-----+-----------+



================================================================
== Interface
================================================================
* Summary: 
+-------------------------+-----+-----+------------+--------------------------------+--------------+
|        RTL Ports        | Dir | Bits|  Protocol  |          Source Object         |    C Type    |
+-------------------------+-----+-----+------------+--------------------------------+--------------+
|ap_clk                   |   in|    1|  ap_ctrl_hs|  fft32_Pipeline_VITIS_LOOP_72_1|  return value|
|ap_rst                   |   in|    1|  ap_ctrl_hs|  fft32_Pipeline_VITIS_LOOP_72_1|  return value|
|ap_start                 |   in|    1|  ap_ctrl_hs|  fft32_Pipeline_VITIS_LOOP_72_1|  return value|
|ap_done                  |  out|    1|  ap_ctrl_hs|  fft32_Pipeline_VITIS_LOOP_72_1|  return value|
|ap_idle                  |  out|    1|  ap_ctrl_hs|  fft32_Pipeline_VITIS_LOOP_72_1|  return value|
|ap_ready                 |  out|    1|  ap_ctrl_hs|  fft32_Pipeline_VITIS_LOOP_72_1|  return value|
|in_stream_TVALID         |   in|    1|        axis|                       in_stream|       pointer|
|in_stream_TDATA          |   in|   48|        axis|                       in_stream|       pointer|
|in_stream_TREADY         |  out|    1|        axis|                       in_stream|       pointer|
|data_imag_31_out         |  out|   16|      ap_vld|                data_imag_31_out|       pointer|
|data_imag_31_out_ap_vld  |  out|    1|      ap_vld|                data_imag_31_out|       pointer|
|data_imag_30_out         |  out|   16|      ap_vld|                data_imag_30_out|       pointer|
|data_imag_30_out_ap_vld  |  out|    1|      ap_vld|                data_imag_30_out|       pointer|
|data_imag_29_out         |  out|   16|      ap_vld|                data_imag_29_out|       pointer|
|data_imag_29_out_ap_vld  |  out|    1|      ap_vld|                data_imag_29_out|       pointer|
|data_imag_28_out         |  out|   16|      ap_vld|                data_imag_28_out|       pointer|
|data_imag_28_out_ap_vld  |  out|    1|      ap_vld|                data_imag_28_out|       pointer|
|data_imag_27_out         |  out|   16|      ap_vld|                data_imag_27_out|       pointer|
|data_imag_27_out_ap_vld  |  out|    1|      ap_vld|                data_imag_27_out|       pointer|
|data_imag_26_out         |  out|   16|      ap_vld|                data_imag_26_out|       pointer|
|data_imag_26_out_ap_vld  |  out|    1|      ap_vld|                data_imag_26_out|       pointer|
|data_imag_25_out         |  out|   16|      ap_vld|                data_imag_25_out|       pointer|
|data_imag_25_out_ap_vld  |  out|    1|      ap_vld|                data_imag_25_out|       pointer|
|data_imag_24_out         |  out|   16|      ap_vld|                data_imag_24_out|       pointer|
|data_imag_24_out_ap_vld  |  out|    1|      ap_vld|                data_imag_24_out|       pointer|
|data_imag_23_out         |  out|   16|      ap_vld|                data_imag_23_out|       pointer|
|data_imag_23_out_ap_vld  |  out|    1|      ap_vld|                data_imag_23_out|       pointer|
|data_imag_22_out         |  out|   16|      ap_vld|                data_imag_22_out|       pointer|
|data_imag_22_out_ap_vld  |  out|    1|      ap_vld|                data_imag_22_out|       pointer|
|data_imag_21_out         |  out|   16|      ap_vld|                data_imag_21_out|       pointer|
|data_imag_21_out_ap_vld  |  out|    1|      ap_vld|                data_imag_21_out|       pointer|
|data_imag_20_out         |  out|   16|      ap_vld|                data_imag_20_out|       pointer|
|data_imag_20_out_ap_vld  |  out|    1|      ap_vld|                data_imag_20_out|       pointer|
|data_imag_19_out         |  out|   16|      ap_vld|                data_imag_19_out|       pointer|
|data_imag_19_out_ap_vld  |  out|    1|      ap_vld|                data_imag_19_out|       pointer|
|data_imag_18_out         |  out|   16|      ap_vld|                data_imag_18_out|       pointer|
|data_imag_18_out_ap_vld  |  out|    1|      ap_vld|                data_imag_18_out|       pointer|
|data_imag_17_out         |  out|   16|      ap_vld|                data_imag_17_out|       pointer|
|data_imag_17_out_ap_vld  |  out|    1|      ap_vld|                data_imag_17_out|       pointer|
|data_imag_16_out         |  out|   16|      ap_vld|                data_imag_16_out|       pointer|
|data_imag_16_out_ap_vld  |  out|    1|      ap_vld|                data_imag_16_out|       pointer|
|data_imag_15_out         |  out|   16|      ap_vld|                data_imag_15_out|       pointer|
|data_imag_15_out_ap_vld  |  out|    1|      ap_vld|                data_imag_15_out|       pointer|
|data_imag_14_out         |  out|   16|      ap_vld|                data_imag_14_out|       pointer|
|data_imag_14_out_ap_vld  |  out|    1|      ap_vld|                data_imag_14_out|       pointer|
|data_imag_13_out         |  out|   16|      ap_vld|                data_imag_13_out|       pointer|
|data_imag_13_out_ap_vld  |  out|    1|      ap_vld|                data_imag_13_out|       pointer|
|data_imag_12_out         |  out|   16|      ap_vld|                data_imag_12_out|       pointer|
|data_imag_12_out_ap_vld  |  out|    1|      ap_vld|                data_imag_12_out|       pointer|
|data_imag_11_out         |  out|   16|      ap_vld|                data_imag_11_out|       pointer|
|data_imag_11_out_ap_vld  |  out|    1|      ap_vld|                data_imag_11_out|       pointer|
|data_imag_10_out         |  out|   16|      ap_vld|                data_imag_10_out|       pointer|
|data_imag_10_out_ap_vld  |  out|    1|      ap_vld|                data_imag_10_out|       pointer|
|data_imag_9_out          |  out|   16|      ap_vld|                 data_imag_9_out|       pointer|
|data_imag_9_out_ap_vld   |  out|    1|      ap_vld|                 data_imag_9_out|       pointer|
|data_imag_8_out          |  out|   16|      ap_vld|                 data_imag_8_out|       pointer|
|data_imag_8_out_ap_vld   |  out|    1|      ap_vld|                 data_imag_8_out|       pointer|
|data_imag_7_out          |  out|   16|      ap_vld|                 data_imag_7_out|       pointer|
|data_imag_7_out_ap_vld   |  out|    1|      ap_vld|                 data_imag_7_out|       pointer|
|data_imag_6_out          |  out|   16|      ap_vld|                 data_imag_6_out|       pointer|
|data_imag_6_out_ap_vld   |  out|    1|      ap_vld|                 data_imag_6_out|       pointer|
|data_imag_5_out          |  out|   16|      ap_vld|                 data_imag_5_out|       pointer|
|data_imag_5_out_ap_vld   |  out|    1|      ap_vld|                 data_imag_5_out|       pointer|
|data_imag_4_out          |  out|   16|      ap_vld|                 data_imag_4_out|       pointer|
|data_imag_4_out_ap_vld   |  out|    1|      ap_vld|                 data_imag_4_out|       pointer|
|data_imag_3_out          |  out|   16|      ap_vld|                 data_imag_3_out|       pointer|
|data_imag_3_out_ap_vld   |  out|    1|      ap_vld|                 data_imag_3_out|       pointer|
|data_imag_2_out          |  out|   16|      ap_vld|                 data_imag_2_out|       pointer|
|data_imag_2_out_ap_vld   |  out|    1|      ap_vld|                 data_imag_2_out|       pointer|
|data_imag_1_out          |  out|   16|      ap_vld|                 data_imag_1_out|       pointer|
|data_imag_1_out_ap_vld   |  out|    1|      ap_vld|                 data_imag_1_out|       pointer|
|data_imag_out            |  out|   16|      ap_vld|                   data_imag_out|       pointer|
|data_imag_out_ap_vld     |  out|    1|      ap_vld|                   data_imag_out|       pointer|
|data_real_31_out         |  out|   16|      ap_vld|                data_real_31_out|       pointer|
|data_real_31_out_ap_vld  |  out|    1|      ap_vld|                data_real_31_out|       pointer|
|data_real_30_out         |  out|   16|      ap_vld|                data_real_30_out|       pointer|
|data_real_30_out_ap_vld  |  out|    1|      ap_vld|                data_real_30_out|       pointer|
|data_real_29_out         |  out|   16|      ap_vld|                data_real_29_out|       pointer|
|data_real_29_out_ap_vld  |  out|    1|      ap_vld|                data_real_29_out|       pointer|
|data_real_28_out         |  out|   16|      ap_vld|                data_real_28_out|       pointer|
|data_real_28_out_ap_vld  |  out|    1|      ap_vld|                data_real_28_out|       pointer|
|data_real_27_out         |  out|   16|      ap_vld|                data_real_27_out|       pointer|
|data_real_27_out_ap_vld  |  out|    1|      ap_vld|                data_real_27_out|       pointer|
|data_real_26_out         |  out|   16|      ap_vld|                data_real_26_out|       pointer|
|data_real_26_out_ap_vld  |  out|    1|      ap_vld|                data_real_26_out|       pointer|
|data_real_25_out         |  out|   16|      ap_vld|                data_real_25_out|       pointer|
|data_real_25_out_ap_vld  |  out|    1|      ap_vld|                data_real_25_out|       pointer|
|data_real_24_out         |  out|   16|      ap_vld|                data_real_24_out|       pointer|
|data_real_24_out_ap_vld  |  out|    1|      ap_vld|                data_real_24_out|       pointer|
|data_real_23_out         |  out|   16|      ap_vld|                data_real_23_out|       pointer|
|data_real_23_out_ap_vld  |  out|    1|      ap_vld|                data_real_23_out|       pointer|
|data_real_22_out         |  out|   16|      ap_vld|                data_real_22_out|       pointer|
|data_real_22_out_ap_vld  |  out|    1|      ap_vld|                data_real_22_out|       pointer|
|data_real_21_out         |  out|   16|      ap_vld|                data_real_21_out|       pointer|
|data_real_21_out_ap_vld  |  out|    1|      ap_vld|                data_real_21_out|       pointer|
|data_real_20_out         |  out|   16|      ap_vld|                data_real_20_out|       pointer|
|data_real_20_out_ap_vld  |  out|    1|      ap_vld|                data_real_20_out|       pointer|
|data_real_19_out         |  out|   16|      ap_vld|                data_real_19_out|       pointer|
|data_real_19_out_ap_vld  |  out|    1|      ap_vld|                data_real_19_out|       pointer|
|data_real_18_out         |  out|   16|      ap_vld|                data_real_18_out|       pointer|
|data_real_18_out_ap_vld  |  out|    1|      ap_vld|                data_real_18_out|       pointer|
|data_real_17_out         |  out|   16|      ap_vld|                data_real_17_out|       pointer|
|data_real_17_out_ap_vld  |  out|    1|      ap_vld|                data_real_17_out|       pointer|
|data_real_16_out         |  out|   16|      ap_vld|                data_real_16_out|       pointer|
|data_real_16_out_ap_vld  |  out|    1|      ap_vld|                data_real_16_out|       pointer|
|data_real_15_out         |  out|   16|      ap_vld|                data_real_15_out|       pointer|
|data_real_15_out_ap_vld  |  out|    1|      ap_vld|                data_real_15_out|       pointer|
|data_real_14_out         |  out|   16|      ap_vld|                data_real_14_out|       pointer|
|data_real_14_out_ap_vld  |  out|    1|      ap_vld|                data_real_14_out|       pointer|
|data_real_13_out         |  out|   16|      ap_vld|                data_real_13_out|       pointer|
|data_real_13_out_ap_vld  |  out|    1|      ap_vld|                data_real_13_out|       pointer|
|data_real_12_out         |  out|   16|      ap_vld|                data_real_12_out|       pointer|
|data_real_12_out_ap_vld  |  out|    1|      ap_vld|                data_real_12_out|       pointer|
|data_real_11_out         |  out|   16|      ap_vld|                data_real_11_out|       pointer|
|data_real_11_out_ap_vld  |  out|    1|      ap_vld|                data_real_11_out|       pointer|
|data_real_10_out         |  out|   16|      ap_vld|                data_real_10_out|       pointer|
|data_real_10_out_ap_vld  |  out|    1|      ap_vld|                data_real_10_out|       pointer|
|data_real_9_out          |  out|   16|      ap_vld|                 data_real_9_out|       pointer|
|data_real_9_out_ap_vld   |  out|    1|      ap_vld|                 data_real_9_out|       pointer|
|data_real_8_out          |  out|   16|      ap_vld|                 data_real_8_out|       pointer|
|data_real_8_out_ap_vld   |  out|    1|      ap_vld|                 data_real_8_out|       pointer|
|data_real_7_out          |  out|   16|      ap_vld|                 data_real_7_out|       pointer|
|data_real_7_out_ap_vld   |  out|    1|      ap_vld|                 data_real_7_out|       pointer|
|data_real_6_out          |  out|   16|      ap_vld|                 data_real_6_out|       pointer|
|data_real_6_out_ap_vld   |  out|    1|      ap_vld|                 data_real_6_out|       pointer|
|data_real_5_out          |  out|   16|      ap_vld|                 data_real_5_out|       pointer|
|data_real_5_out_ap_vld   |  out|    1|      ap_vld|                 data_real_5_out|       pointer|
|data_real_4_out          |  out|   16|      ap_vld|                 data_real_4_out|       pointer|
|data_real_4_out_ap_vld   |  out|    1|      ap_vld|                 data_real_4_out|       pointer|
|data_real_3_out          |  out|   16|      ap_vld|                 data_real_3_out|       pointer|
|data_real_3_out_ap_vld   |  out|    1|      ap_vld|                 data_real_3_out|       pointer|
|data_real_2_out          |  out|   16|      ap_vld|                 data_real_2_out|       pointer|
|data_real_2_out_ap_vld   |  out|    1|      ap_vld|                 data_real_2_out|       pointer|
|data_real_1_out          |  out|   16|      ap_vld|                 data_real_1_out|       pointer|
|data_real_1_out_ap_vld   |  out|    1|      ap_vld|                 data_real_1_out|       pointer|
|data_real_out            |  out|   16|      ap_vld|                   data_real_out|       pointer|
|data_real_out_ap_vld     |  out|    1|      ap_vld|                   data_real_out|       pointer|
+-------------------------+-----+-----+------------+--------------------------------+--------------+

