

================================================================
== Vitis HLS Report for 'fft32_Pipeline_8'
================================================================
* Date:           Tue Jun 24 23:09:45 2025

* Version:        2023.1 (Build 3854077 on May  4 2023)
* Project:        FFT_sol
* Solution:       no_opt (Vivado IP Flow Target)
* Product family: zynq
* Target device:  xc7z030-sbv485-1


================================================================
== Performance Estimates
================================================================
+ Timing: 
    * Summary: 
    +--------+----------+----------+------------+
    |  Clock |  Target  | Estimated| Uncertainty|
    +--------+----------+----------+------------+
    |ap_clk  |  10.00 ns|  3.958 ns|     2.70 ns|
    +--------+----------+----------+------------+

+ Latency: 
    * Summary: 
    +---------+---------+-----------+-----------+-----+-----+---------+
    |  Latency (cycles) |   Latency (absolute)  |  Interval | Pipeline|
    |   min   |   max   |    min    |    max    | min | max |   Type  |
    +---------+---------+-----------+-----------+-----+-----+---------+
    |        5|        5|  50.000 ns|  50.000 ns|    5|    5|       no|
    +---------+---------+-----------+-----------+-----+-----+---------+

    + Detail: 
        * Instance: 
        N/A

        * Loop: 
        +----------+---------+---------+----------+-----------+-----------+------+----------+
        |          |  Latency (cycles) | Iteration|  Initiation Interval  | Trip |          |
        | Loop Name|   min   |   max   |  Latency |  achieved |   target  | Count| Pipelined|
        +----------+---------+---------+----------+-----------+-----------+------+----------+
        |- Loop 1  |        3|        3|         1|          1|          1|     4|       yes|
        +----------+---------+---------+----------+-----------+-----------+------+----------+

============================================================
+ Verbose Summary: Synthesis Manager
============================================================
InlineROM: 1
ExposeGlobal: 0
============================================================
+ Verbose Summary: CDFG Model
============================================================
IsTopModel: 0
ResetActiveHigh: 1
IsCombinational: 0
IsDatapathOnly: 0
HasWiredReturn: 1
HasMFsm: 2
HasVarLatency: 1
IsPipeline: 0
IsRtlPipelined: 0
IsInstanceOverlapped: 0
IsDontTouch: 0
HasImplIP: 0
IsGatedGlobalClock: 0

+ Individual pipeline summary: 
  * Pipeline-0: initiation interval (II) = 1, depth = 2


============================================================
+ Verbose Summary: Schedule
============================================================
* Number of FSM states : 2
* Pipeline : 1
  Pipeline-0 : II = 1, D = 2, States = { 1 2 }
* Dataflow Pipeline: 0

* FSM state transitions: 
1 --> 2 
2 --> 

* FSM state operations: 

State 1 <SV = 0> <Delay = 1.58>
ST_1 : Operation 4 [1/1] (0.00ns)   --->   "%phi_ln114 = alloca i32 1"   --->   Operation 4 'alloca' 'phi_ln114' <Predicate = true> <Delay = 0.00>
ST_1 : Operation 5 [1/1] (0.00ns)   --->   "%w_real_128_1 = alloca i32 1"   --->   Operation 5 'alloca' 'w_real_128_1' <Predicate = true> <Delay = 0.00>
ST_1 : Operation 6 [1/1] (0.00ns)   --->   "%w_real_229_1 = alloca i32 1"   --->   Operation 6 'alloca' 'w_real_229_1' <Predicate = true> <Delay = 0.00>
ST_1 : Operation 7 [1/1] (0.00ns)   --->   "%w_imag_160_1 = alloca i32 1"   --->   Operation 7 'alloca' 'w_imag_160_1' <Predicate = true> <Delay = 0.00>
ST_1 : Operation 8 [1/1] (0.00ns)   --->   "%w_imag_261_1 = alloca i32 1"   --->   Operation 8 'alloca' 'w_imag_261_1' <Predicate = true> <Delay = 0.00>
ST_1 : Operation 9 [1/1] (0.00ns)   --->   "%w_real_128_0_read = read i16 @_ssdm_op_Read.ap_auto.i16, i16 %w_real_128_0"   --->   Operation 9 'read' 'w_real_128_0_read' <Predicate = true> <Delay = 0.00>
ST_1 : Operation 10 [1/1] (0.00ns)   --->   "%w_real_229_0_read = read i16 @_ssdm_op_Read.ap_auto.i16, i16 %w_real_229_0"   --->   Operation 10 'read' 'w_real_229_0_read' <Predicate = true> <Delay = 0.00>
ST_1 : Operation 11 [1/1] (0.00ns)   --->   "%w_real_330_04 = read i16 @_ssdm_op_Read.ap_auto.i16, i16 %w_real_330_0"   --->   Operation 11 'read' 'w_real_330_04' <Predicate = true> <Delay = 0.00>
ST_1 : Operation 12 [1/1] (0.00ns)   --->   "%w_imag_160_0_read = read i16 @_ssdm_op_Read.ap_auto.i16, i16 %w_imag_160_0"   --->   Operation 12 'read' 'w_imag_160_0_read' <Predicate = true> <Delay = 0.00>
ST_1 : Operation 13 [1/1] (0.00ns)   --->   "%w_imag_261_0_read = read i16 @_ssdm_op_Read.ap_auto.i16, i16 %w_imag_261_0"   --->   Operation 13 'read' 'w_imag_261_0_read' <Predicate = true> <Delay = 0.00>
ST_1 : Operation 14 [1/1] (0.00ns)   --->   "%w_imag_362_01 = read i16 @_ssdm_op_Read.ap_auto.i16, i16 %w_imag_362_0"   --->   Operation 14 'read' 'w_imag_362_01' <Predicate = true> <Delay = 0.00>
ST_1 : Operation 15 [1/1] (1.58ns)   --->   "%store_ln0 = store i16 %w_imag_261_0_read, i16 %w_imag_261_1"   --->   Operation 15 'store' 'store_ln0' <Predicate = true> <Delay = 1.58>
ST_1 : Operation 16 [1/1] (1.58ns)   --->   "%store_ln0 = store i16 %w_imag_160_0_read, i16 %w_imag_160_1"   --->   Operation 16 'store' 'store_ln0' <Predicate = true> <Delay = 1.58>
ST_1 : Operation 17 [1/1] (1.58ns)   --->   "%store_ln0 = store i16 %w_real_229_0_read, i16 %w_real_229_1"   --->   Operation 17 'store' 'store_ln0' <Predicate = true> <Delay = 1.58>
ST_1 : Operation 18 [1/1] (1.58ns)   --->   "%store_ln0 = store i16 %w_real_128_0_read, i16 %w_real_128_1"   --->   Operation 18 'store' 'store_ln0' <Predicate = true> <Delay = 1.58>
ST_1 : Operation 19 [1/1] (1.58ns)   --->   "%store_ln0 = store i2 0, i2 %phi_ln114"   --->   Operation 19 'store' 'store_ln0' <Predicate = true> <Delay = 1.58>
ST_1 : Operation 20 [1/1] (0.00ns)   --->   "%br_ln0 = br void %arrayctor.loop95_ifconv"   --->   Operation 20 'br' 'br_ln0' <Predicate = true> <Delay = 0.00>

State 2 <SV = 1> <Delay = 3.95>
ST_2 : Operation 21 [1/1] (0.00ns)   --->   "%phi_ln114_load = load i2 %phi_ln114" [FFT32_sol.cpp:114]   --->   Operation 21 'load' 'phi_ln114_load' <Predicate = true> <Delay = 0.00>
ST_2 : Operation 22 [1/1] (0.00ns)   --->   "%w_real_128_1_load = load i16 %w_real_128_1" [./FFT32.h:18->FFT32_sol.cpp:114]   --->   Operation 22 'load' 'w_real_128_1_load' <Predicate = true> <Delay = 0.00>
ST_2 : Operation 23 [1/1] (0.00ns)   --->   "%w_real_229_1_load = load i16 %w_real_229_1" [./FFT32.h:18->FFT32_sol.cpp:114]   --->   Operation 23 'load' 'w_real_229_1_load' <Predicate = true> <Delay = 0.00>
ST_2 : Operation 24 [1/1] (0.00ns)   --->   "%w_imag_160_1_load = load i16 %w_imag_160_1" [./FFT32.h:18->FFT32_sol.cpp:114]   --->   Operation 24 'load' 'w_imag_160_1_load' <Predicate = true> <Delay = 0.00>
ST_2 : Operation 25 [1/1] (0.00ns)   --->   "%w_imag_261_1_load = load i16 %w_imag_261_1" [./FFT32.h:18->FFT32_sol.cpp:114]   --->   Operation 25 'load' 'w_imag_261_1_load' <Predicate = true> <Delay = 0.00>
ST_2 : Operation 26 [1/1] (0.00ns)   --->   "%specpipeline_ln0 = specpipeline void @_ssdm_op_SpecPipeline, i32 4294967295, i32 0, i32 1, i32 0, void @p_str"   --->   Operation 26 'specpipeline' 'specpipeline_ln0' <Predicate = true> <Delay = 0.00>
ST_2 : Operation 27 [1/1] (0.00ns)   --->   "%speclooptripcount_ln114 = speclooptripcount void @_ssdm_op_SpecLoopTripCount, i64 4, i64 4, i64 4" [FFT32_sol.cpp:114]   --->   Operation 27 'speclooptripcount' 'speclooptripcount_ln114' <Predicate = true> <Delay = 0.00>
ST_2 : Operation 28 [1/1] (1.56ns)   --->   "%add_ln114 = add i2 %phi_ln114_load, i2 1" [FFT32_sol.cpp:114]   --->   Operation 28 'add' 'add_ln114' <Predicate = true> <Delay = 1.56> <CoreInst = "Adder">   --->   Core 1 'Adder' <Latency = 0> <II = 1> <Delay = 1.56> <FuncUnit> <Opcode : 'add' 'sub'> <InPorts = 2> <OutPorts = 1>
ST_2 : Operation 29 [1/1] (1.56ns)   --->   "%icmp_ln18 = icmp_eq  i2 %phi_ln114_load, i2 1" [./FFT32.h:18->FFT32_sol.cpp:114]   --->   Operation 29 'icmp' 'icmp_ln18' <Predicate = true> <Delay = 1.56> <CoreInst = "Cmp">   --->   Core 9 'Cmp' <Latency = 0> <II = 1> <Delay = 1.56> <FuncUnit> <Opcode : 'icmp'> <InPorts = 2> <OutPorts = 1>
ST_2 : Operation 30 [1/1] (1.56ns)   --->   "%icmp_ln18_1 = icmp_eq  i2 %phi_ln114_load, i2 2" [./FFT32.h:18->FFT32_sol.cpp:114]   --->   Operation 30 'icmp' 'icmp_ln18_1' <Predicate = true> <Delay = 1.56> <CoreInst = "Cmp">   --->   Core 9 'Cmp' <Latency = 0> <II = 1> <Delay = 1.56> <FuncUnit> <Opcode : 'icmp'> <InPorts = 2> <OutPorts = 1>
ST_2 : Operation 31 [1/1] (0.80ns)   --->   "%select_ln18 = select i1 %icmp_ln18_1, i16 0, i16 %w_real_229_1_load" [./FFT32.h:18->FFT32_sol.cpp:114]   --->   Operation 31 'select' 'select_ln18' <Predicate = true> <Delay = 0.80> <CoreInst = "Sel">   --->   Core 73 'Sel' <Latency = 0> <II = 1> <Delay = 0.80> <FuncUnit> <Opcode : 'select'> <InPorts = 3> <OutPorts = 1>
ST_2 : Operation 32 [1/1] (0.80ns)   --->   "%select_ln18_1 = select i1 %icmp_ln18, i16 0, i16 %w_real_128_1_load" [./FFT32.h:18->FFT32_sol.cpp:114]   --->   Operation 32 'select' 'select_ln18_1' <Predicate = true> <Delay = 0.80> <CoreInst = "Sel">   --->   Core 73 'Sel' <Latency = 0> <II = 1> <Delay = 0.80> <FuncUnit> <Opcode : 'select'> <InPorts = 3> <OutPorts = 1>
ST_2 : Operation 33 [1/1] (0.80ns)   --->   "%select_ln18_2 = select i1 %icmp_ln18_1, i16 0, i16 %w_imag_261_1_load" [./FFT32.h:18->FFT32_sol.cpp:114]   --->   Operation 33 'select' 'select_ln18_2' <Predicate = true> <Delay = 0.80> <CoreInst = "Sel">   --->   Core 73 'Sel' <Latency = 0> <II = 1> <Delay = 0.80> <FuncUnit> <Opcode : 'select'> <InPorts = 3> <OutPorts = 1>
ST_2 : Operation 34 [1/1] (0.80ns)   --->   "%select_ln18_3 = select i1 %icmp_ln18, i16 0, i16 %w_imag_160_1_load" [./FFT32.h:18->FFT32_sol.cpp:114]   --->   Operation 34 'select' 'select_ln18_3' <Predicate = true> <Delay = 0.80> <CoreInst = "Sel">   --->   Core 73 'Sel' <Latency = 0> <II = 1> <Delay = 0.80> <FuncUnit> <Opcode : 'select'> <InPorts = 3> <OutPorts = 1>
ST_2 : Operation 35 [1/1] (1.56ns)   --->   "%icmp_ln114 = icmp_eq  i2 %phi_ln114_load, i2 3" [FFT32_sol.cpp:114]   --->   Operation 35 'icmp' 'icmp_ln114' <Predicate = true> <Delay = 1.56> <CoreInst = "Cmp">   --->   Core 9 'Cmp' <Latency = 0> <II = 1> <Delay = 1.56> <FuncUnit> <Opcode : 'icmp'> <InPorts = 2> <OutPorts = 1>
ST_2 : Operation 36 [1/1] (1.58ns)   --->   "%store_ln114 = store i16 %select_ln18_2, i16 %w_imag_261_1" [FFT32_sol.cpp:114]   --->   Operation 36 'store' 'store_ln114' <Predicate = true> <Delay = 1.58>
ST_2 : Operation 37 [1/1] (1.58ns)   --->   "%store_ln114 = store i16 %select_ln18_3, i16 %w_imag_160_1" [FFT32_sol.cpp:114]   --->   Operation 37 'store' 'store_ln114' <Predicate = true> <Delay = 1.58>
ST_2 : Operation 38 [1/1] (1.58ns)   --->   "%store_ln114 = store i16 %select_ln18, i16 %w_real_229_1" [FFT32_sol.cpp:114]   --->   Operation 38 'store' 'store_ln114' <Predicate = true> <Delay = 1.58>
ST_2 : Operation 39 [1/1] (1.58ns)   --->   "%store_ln114 = store i16 %select_ln18_1, i16 %w_real_128_1" [FFT32_sol.cpp:114]   --->   Operation 39 'store' 'store_ln114' <Predicate = true> <Delay = 1.58>
ST_2 : Operation 40 [1/1] (1.58ns)   --->   "%store_ln114 = store i2 %add_ln114, i2 %phi_ln114" [FFT32_sol.cpp:114]   --->   Operation 40 'store' 'store_ln114' <Predicate = true> <Delay = 1.58>
ST_2 : Operation 41 [1/1] (0.00ns)   --->   "%br_ln114 = br i1 %icmp_ln114, void %arrayctor.loop95_ifconv, void %twiddle_loop.exitStub" [FFT32_sol.cpp:114]   --->   Operation 41 'br' 'br_ln114' <Predicate = true> <Delay = 0.00>
ST_2 : Operation 42 [1/1] (0.00ns)   --->   "%write_ln0 = write void @_ssdm_op_Write.ap_auto.i16P0A, i16 %select_ln18_out, i16 0"   --->   Operation 42 'write' 'write_ln0' <Predicate = (icmp_ln114)> <Delay = 0.00>
ST_2 : Operation 43 [1/1] (0.00ns)   --->   "%write_ln18 = write void @_ssdm_op_Write.ap_auto.i16P0A, i16 %select_ln18_1_out, i16 %select_ln18" [./FFT32.h:18->FFT32_sol.cpp:114]   --->   Operation 43 'write' 'write_ln18' <Predicate = (icmp_ln114)> <Delay = 0.00>
ST_2 : Operation 44 [1/1] (0.00ns)   --->   "%write_ln18 = write void @_ssdm_op_Write.ap_auto.i16P0A, i16 %select_ln18_2_out, i16 %select_ln18_1" [./FFT32.h:18->FFT32_sol.cpp:114]   --->   Operation 44 'write' 'write_ln18' <Predicate = (icmp_ln114)> <Delay = 0.00>
ST_2 : Operation 45 [1/1] (0.00ns)   --->   "%write_ln0 = write void @_ssdm_op_Write.ap_auto.i16P0A, i16 %select_ln18_3_out, i16 0"   --->   Operation 45 'write' 'write_ln0' <Predicate = (icmp_ln114)> <Delay = 0.00>
ST_2 : Operation 46 [1/1] (0.00ns)   --->   "%write_ln18 = write void @_ssdm_op_Write.ap_auto.i16P0A, i16 %select_ln18_4_out, i16 %select_ln18_2" [./FFT32.h:18->FFT32_sol.cpp:114]   --->   Operation 46 'write' 'write_ln18' <Predicate = (icmp_ln114)> <Delay = 0.00>
ST_2 : Operation 47 [1/1] (0.00ns)   --->   "%write_ln18 = write void @_ssdm_op_Write.ap_auto.i16P0A, i16 %select_ln18_5_out, i16 %select_ln18_3" [./FFT32.h:18->FFT32_sol.cpp:114]   --->   Operation 47 'write' 'write_ln18' <Predicate = (icmp_ln114)> <Delay = 0.00>
ST_2 : Operation 48 [1/1] (0.00ns)   --->   "%ret_ln0 = ret"   --->   Operation 48 'ret' 'ret_ln0' <Predicate = (icmp_ln114)> <Delay = 0.00>


============================================================
+ Verbose Summary: Binding
============================================================
STG Binding: 
---------------- STG Properties BEGIN ----------------
- Is combinational: 0
- Is one-state seq: 0
- Is datapath-only: 0
- Is pipelined: 0
- Is top level: 0
Port [ Return ] is wired: 1; IO mode=ap_ctrl_hs:ce=0
Port [ w_imag_362_0]:  wired=1; compound=0; hidden=0; nouse=0; global=0; static=0; extern=0; dir=0; type=0; pingpong=0; private_global=0; IO mode=ap_none:ce=0
Port [ w_imag_261_0]:  wired=1; compound=0; hidden=0; nouse=0; global=0; static=0; extern=0; dir=0; type=0; pingpong=0; private_global=0; IO mode=ap_none:ce=0
Port [ w_imag_160_0]:  wired=1; compound=0; hidden=0; nouse=0; global=0; static=0; extern=0; dir=0; type=0; pingpong=0; private_global=0; IO mode=ap_none:ce=0
Port [ w_real_330_0]:  wired=1; compound=0; hidden=0; nouse=0; global=0; static=0; extern=0; dir=0; type=0; pingpong=0; private_global=0; IO mode=ap_none:ce=0
Port [ w_real_229_0]:  wired=1; compound=0; hidden=0; nouse=0; global=0; static=0; extern=0; dir=0; type=0; pingpong=0; private_global=0; IO mode=ap_none:ce=0
Port [ w_real_128_0]:  wired=1; compound=0; hidden=0; nouse=0; global=0; static=0; extern=0; dir=0; type=0; pingpong=0; private_global=0; IO mode=ap_none:ce=0
Port [ select_ln18_out]:  wired=1; compound=0; hidden=0; nouse=0; global=0; static=0; extern=0; dir=1; type=0; pingpong=0; private_global=0; IO mode=ap_vld:ce=0
Port [ select_ln18_1_out]:  wired=1; compound=0; hidden=0; nouse=0; global=0; static=0; extern=0; dir=1; type=0; pingpong=0; private_global=0; IO mode=ap_vld:ce=0
Port [ select_ln18_2_out]:  wired=1; compound=0; hidden=0; nouse=0; global=0; static=0; extern=0; dir=1; type=0; pingpong=0; private_global=0; IO mode=ap_vld:ce=0
Port [ select_ln18_3_out]:  wired=1; compound=0; hidden=0; nouse=0; global=0; static=0; extern=0; dir=1; type=0; pingpong=0; private_global=0; IO mode=ap_vld:ce=0
Port [ select_ln18_4_out]:  wired=1; compound=0; hidden=0; nouse=0; global=0; static=0; extern=0; dir=1; type=0; pingpong=0; private_global=0; IO mode=ap_vld:ce=0
Port [ select_ln18_5_out]:  wired=1; compound=0; hidden=0; nouse=0; global=0; static=0; extern=0; dir=1; type=0; pingpong=0; private_global=0; IO mode=ap_vld:ce=0
---------------- STG Properties END ------------------

---------------- Datapath Model BEGIN ----------------

<LifeTime>
<method=bitvector/>
phi_ln114               (alloca           ) [ 011]
w_real_128_1            (alloca           ) [ 011]
w_real_229_1            (alloca           ) [ 011]
w_imag_160_1            (alloca           ) [ 011]
w_imag_261_1            (alloca           ) [ 011]
w_real_128_0_read       (read             ) [ 000]
w_real_229_0_read       (read             ) [ 000]
w_real_330_04           (read             ) [ 000]
w_imag_160_0_read       (read             ) [ 000]
w_imag_261_0_read       (read             ) [ 000]
w_imag_362_01           (read             ) [ 000]
store_ln0               (store            ) [ 000]
store_ln0               (store            ) [ 000]
store_ln0               (store            ) [ 000]
store_ln0               (store            ) [ 000]
store_ln0               (store            ) [ 000]
br_ln0                  (br               ) [ 000]
phi_ln114_load          (load             ) [ 000]
w_real_128_1_load       (load             ) [ 000]
w_real_229_1_load       (load             ) [ 000]
w_imag_160_1_load       (load             ) [ 000]
w_imag_261_1_load       (load             ) [ 000]
specpipeline_ln0        (specpipeline     ) [ 000]
speclooptripcount_ln114 (speclooptripcount) [ 000]
add_ln114               (add              ) [ 000]
icmp_ln18               (icmp             ) [ 000]
icmp_ln18_1             (icmp             ) [ 000]
select_ln18             (select           ) [ 000]
select_ln18_1           (select           ) [ 000]
select_ln18_2           (select           ) [ 000]
select_ln18_3           (select           ) [ 000]
icmp_ln114              (icmp             ) [ 011]
store_ln114             (store            ) [ 000]
store_ln114             (store            ) [ 000]
store_ln114             (store            ) [ 000]
store_ln114             (store            ) [ 000]
store_ln114             (store            ) [ 000]
br_ln114                (br               ) [ 000]
write_ln0               (write            ) [ 000]
write_ln18              (write            ) [ 000]
write_ln18              (write            ) [ 000]
write_ln0               (write            ) [ 000]
write_ln18              (write            ) [ 000]
write_ln18              (write            ) [ 000]
ret_ln0                 (ret              ) [ 000]
</LifeTime>

<model>

<comp_list>
<comp id="0" class="1000" name="w_imag_362_0">
<pin_list>
<pin id="1" dir="1" index="0" bw="1" slack="0"/>
</pin_list>
<bind>
<StgValue><ssdm name="w_imag_362_0"/></StgValue>
</bind>
</comp>

<comp id="2" class="1000" name="w_imag_261_0">
<pin_list>
<pin id="3" dir="1" index="0" bw="1" slack="0"/>
</pin_list>
<bind>
<StgValue><ssdm name="w_imag_261_0"/></StgValue>
</bind>
</comp>

<comp id="4" class="1000" name="w_imag_160_0">
<pin_list>
<pin id="5" dir="1" index="0" bw="1" slack="0"/>
</pin_list>
<bind>
<StgValue><ssdm name="w_imag_160_0"/></StgValue>
</bind>
</comp>

<comp id="6" class="1000" name="w_real_330_0">
<pin_list>
<pin id="7" dir="1" index="0" bw="1" slack="0"/>
</pin_list>
<bind>
<StgValue><ssdm name="w_real_330_0"/></StgValue>
</bind>
</comp>

<comp id="8" class="1000" name="w_real_229_0">
<pin_list>
<pin id="9" dir="1" index="0" bw="1" slack="0"/>
</pin_list>
<bind>
<StgValue><ssdm name="w_real_229_0"/></StgValue>
</bind>
</comp>

<comp id="10" class="1000" name="w_real_128_0">
<pin_list>
<pin id="11" dir="1" index="0" bw="1" slack="0"/>
</pin_list>
<bind>
<StgValue><ssdm name="w_real_128_0"/></StgValue>
</bind>
</comp>

<comp id="12" class="1000" name="select_ln18_out">
<pin_list>
<pin id="13" dir="1" index="0" bw="1" slack="0"/>
</pin_list>
<bind>
<StgValue><ssdm name="select_ln18_out"/></StgValue>
</bind>
</comp>

<comp id="14" class="1000" name="select_ln18_1_out">
<pin_list>
<pin id="15" dir="1" index="0" bw="1" slack="0"/>
</pin_list>
<bind>
<StgValue><ssdm name="select_ln18_1_out"/></StgValue>
</bind>
</comp>

<comp id="16" class="1000" name="select_ln18_2_out">
<pin_list>
<pin id="17" dir="1" index="0" bw="1" slack="0"/>
</pin_list>
<bind>
<StgValue><ssdm name="select_ln18_2_out"/></StgValue>
</bind>
</comp>

<comp id="18" class="1000" name="select_ln18_3_out">
<pin_list>
<pin id="19" dir="1" index="0" bw="1" slack="0"/>
</pin_list>
<bind>
<StgValue><ssdm name="select_ln18_3_out"/></StgValue>
</bind>
</comp>

<comp id="20" class="1000" name="select_ln18_4_out">
<pin_list>
<pin id="21" dir="1" index="0" bw="1" slack="0"/>
</pin_list>
<bind>
<StgValue><ssdm name="select_ln18_4_out"/></StgValue>
</bind>
</comp>

<comp id="22" class="1000" name="select_ln18_5_out">
<pin_list>
<pin id="23" dir="1" index="0" bw="1" slack="0"/>
</pin_list>
<bind>
<StgValue><ssdm name="select_ln18_5_out"/></StgValue>
</bind>
</comp>

<comp id="24" class="1001" name="const_24">
<pin_list>
<pin id="25" dir="1" index="0" bw="1" slack="0"/>
</pin_list>
<bind>
<StgValue><ssdm name=""/></StgValue>
</bind>
</comp>

<comp id="26" class="1001" name="const_26">
<pin_list>
<pin id="27" dir="1" index="0" bw="1" slack="0"/>
</pin_list>
<bind>
<StgValue><ssdm name="_ssdm_op_Read.ap_auto.i16"/></StgValue>
</bind>
</comp>

<comp id="28" class="1001" name="const_28">
<pin_list>
<pin id="29" dir="1" index="0" bw="1" slack="0"/>
</pin_list>
<bind>
<StgValue><ssdm name=""/></StgValue>
</bind>
</comp>

<comp id="30" class="1001" name="const_30">
<pin_list>
<pin id="31" dir="1" index="0" bw="1" slack="2147483647"/>
</pin_list>
<bind>
<StgValue><ssdm name="_ssdm_op_SpecPipeline"/></StgValue>
</bind>
</comp>

<comp id="32" class="1001" name="const_32">
<pin_list>
<pin id="33" dir="1" index="0" bw="1" slack="2147483647"/>
</pin_list>
<bind>
<StgValue><ssdm name=""/></StgValue>
</bind>
</comp>

<comp id="34" class="1001" name="const_34">
<pin_list>
<pin id="35" dir="1" index="0" bw="1" slack="2147483647"/>
</pin_list>
<bind>
<StgValue><ssdm name=""/></StgValue>
</bind>
</comp>

<comp id="36" class="1001" name="const_36">
<pin_list>
<pin id="37" dir="1" index="0" bw="1" slack="2147483647"/>
</pin_list>
<bind>
<StgValue><ssdm name="p_str"/></StgValue>
</bind>
</comp>

<comp id="38" class="1001" name="const_38">
<pin_list>
<pin id="39" dir="1" index="0" bw="1" slack="2147483647"/>
</pin_list>
<bind>
<StgValue><ssdm name="_ssdm_op_SpecLoopTripCount"/></StgValue>
</bind>
</comp>

<comp id="40" class="1001" name="const_40">
<pin_list>
<pin id="41" dir="1" index="0" bw="1" slack="2147483647"/>
</pin_list>
<bind>
<StgValue><ssdm name=""/></StgValue>
</bind>
</comp>

<comp id="42" class="1001" name="const_42">
<pin_list>
<pin id="43" dir="1" index="0" bw="1" slack="0"/>
</pin_list>
<bind>
<StgValue><ssdm name=""/></StgValue>
</bind>
</comp>

<comp id="44" class="1001" name="const_44">
<pin_list>
<pin id="45" dir="1" index="0" bw="1" slack="0"/>
</pin_list>
<bind>
<StgValue><ssdm name=""/></StgValue>
</bind>
</comp>

<comp id="46" class="1001" name="const_46">
<pin_list>
<pin id="47" dir="1" index="0" bw="1" slack="0"/>
</pin_list>
<bind>
<StgValue><ssdm name=""/></StgValue>
</bind>
</comp>

<comp id="48" class="1001" name="const_48">
<pin_list>
<pin id="49" dir="1" index="0" bw="1" slack="0"/>
</pin_list>
<bind>
<StgValue><ssdm name=""/></StgValue>
</bind>
</comp>

<comp id="50" class="1001" name="const_50">
<pin_list>
<pin id="51" dir="1" index="0" bw="1" slack="0"/>
</pin_list>
<bind>
<StgValue><ssdm name="_ssdm_op_Write.ap_auto.i16P0A"/></StgValue>
</bind>
</comp>

<comp id="52" class="1004" name="phi_ln114_fu_52">
<pin_list>
<pin id="53" dir="0" index="0" bw="1" slack="0"/>
<pin id="54" dir="1" index="1" bw="2" slack="0"/>
</pin_list>
<bind>
<opcode="alloca(26) " fcode="alloca"/>
<opset="phi_ln114/1 "/>
</bind>
</comp>

<comp id="56" class="1004" name="w_real_128_1_fu_56">
<pin_list>
<pin id="57" dir="0" index="0" bw="1" slack="0"/>
<pin id="58" dir="1" index="1" bw="16" slack="0"/>
</pin_list>
<bind>
<opcode="alloca(26) " fcode="alloca"/>
<opset="w_real_128_1/1 "/>
</bind>
</comp>

<comp id="60" class="1004" name="w_real_229_1_fu_60">
<pin_list>
<pin id="61" dir="0" index="0" bw="1" slack="0"/>
<pin id="62" dir="1" index="1" bw="16" slack="0"/>
</pin_list>
<bind>
<opcode="alloca(26) " fcode="alloca"/>
<opset="w_real_229_1/1 "/>
</bind>
</comp>

<comp id="64" class="1004" name="w_imag_160_1_fu_64">
<pin_list>
<pin id="65" dir="0" index="0" bw="1" slack="0"/>
<pin id="66" dir="1" index="1" bw="16" slack="0"/>
</pin_list>
<bind>
<opcode="alloca(26) " fcode="alloca"/>
<opset="w_imag_160_1/1 "/>
</bind>
</comp>

<comp id="68" class="1004" name="w_imag_261_1_fu_68">
<pin_list>
<pin id="69" dir="0" index="0" bw="1" slack="0"/>
<pin id="70" dir="1" index="1" bw="16" slack="0"/>
</pin_list>
<bind>
<opcode="alloca(26) " fcode="alloca"/>
<opset="w_imag_261_1/1 "/>
</bind>
</comp>

<comp id="72" class="1004" name="w_real_128_0_read_read_fu_72">
<pin_list>
<pin id="73" dir="0" index="0" bw="16" slack="0"/>
<pin id="74" dir="0" index="1" bw="16" slack="0"/>
<pin id="75" dir="1" index="2" bw="16" slack="0"/>
</pin_list>
<bind>
<opcode="read(1150) " fcode="read"/>
<opset="w_real_128_0_read/1 "/>
</bind>
</comp>

<comp id="78" class="1004" name="w_real_229_0_read_read_fu_78">
<pin_list>
<pin id="79" dir="0" index="0" bw="16" slack="0"/>
<pin id="80" dir="0" index="1" bw="16" slack="0"/>
<pin id="81" dir="1" index="2" bw="16" slack="0"/>
</pin_list>
<bind>
<opcode="read(1150) " fcode="read"/>
<opset="w_real_229_0_read/1 "/>
</bind>
</comp>

<comp id="84" class="1004" name="w_real_330_04_read_fu_84">
<pin_list>
<pin id="85" dir="0" index="0" bw="16" slack="0"/>
<pin id="86" dir="0" index="1" bw="16" slack="0"/>
<pin id="87" dir="1" index="2" bw="16" slack="2147483647"/>
</pin_list>
<bind>
<opcode="read(1150) " fcode="read"/>
<opset="w_real_330_04/1 "/>
</bind>
</comp>

<comp id="90" class="1004" name="w_imag_160_0_read_read_fu_90">
<pin_list>
<pin id="91" dir="0" index="0" bw="16" slack="0"/>
<pin id="92" dir="0" index="1" bw="16" slack="0"/>
<pin id="93" dir="1" index="2" bw="16" slack="0"/>
</pin_list>
<bind>
<opcode="read(1150) " fcode="read"/>
<opset="w_imag_160_0_read/1 "/>
</bind>
</comp>

<comp id="96" class="1004" name="w_imag_261_0_read_read_fu_96">
<pin_list>
<pin id="97" dir="0" index="0" bw="16" slack="0"/>
<pin id="98" dir="0" index="1" bw="16" slack="0"/>
<pin id="99" dir="1" index="2" bw="16" slack="0"/>
</pin_list>
<bind>
<opcode="read(1150) " fcode="read"/>
<opset="w_imag_261_0_read/1 "/>
</bind>
</comp>

<comp id="102" class="1004" name="w_imag_362_01_read_fu_102">
<pin_list>
<pin id="103" dir="0" index="0" bw="16" slack="0"/>
<pin id="104" dir="0" index="1" bw="16" slack="0"/>
<pin id="105" dir="1" index="2" bw="16" slack="2147483647"/>
</pin_list>
<bind>
<opcode="read(1150) " fcode="read"/>
<opset="w_imag_362_01/1 "/>
</bind>
</comp>

<comp id="108" class="1004" name="write_ln0_write_fu_108">
<pin_list>
<pin id="109" dir="0" index="0" bw="0" slack="0"/>
<pin id="110" dir="0" index="1" bw="16" slack="0"/>
<pin id="111" dir="0" index="2" bw="1" slack="0"/>
<pin id="112" dir="1" index="3" bw="0" slack="2147483647"/>
</pin_list>
<bind>
<opcode="write(1151) " fcode="write"/>
<opset="write_ln0/2 "/>
</bind>
</comp>

<comp id="116" class="1004" name="write_ln18_write_fu_116">
<pin_list>
<pin id="117" dir="0" index="0" bw="0" slack="0"/>
<pin id="118" dir="0" index="1" bw="16" slack="0"/>
<pin id="119" dir="0" index="2" bw="16" slack="0"/>
<pin id="120" dir="1" index="3" bw="0" slack="2147483647"/>
</pin_list>
<bind>
<opcode="write(1151) " fcode="write"/>
<opset="write_ln18/2 "/>
</bind>
</comp>

<comp id="123" class="1004" name="write_ln18_write_fu_123">
<pin_list>
<pin id="124" dir="0" index="0" bw="0" slack="0"/>
<pin id="125" dir="0" index="1" bw="16" slack="0"/>
<pin id="126" dir="0" index="2" bw="16" slack="0"/>
<pin id="127" dir="1" index="3" bw="0" slack="2147483647"/>
</pin_list>
<bind>
<opcode="write(1151) " fcode="write"/>
<opset="write_ln18/2 "/>
</bind>
</comp>

<comp id="130" class="1004" name="write_ln0_write_fu_130">
<pin_list>
<pin id="131" dir="0" index="0" bw="0" slack="0"/>
<pin id="132" dir="0" index="1" bw="16" slack="0"/>
<pin id="133" dir="0" index="2" bw="1" slack="0"/>
<pin id="134" dir="1" index="3" bw="0" slack="2147483647"/>
</pin_list>
<bind>
<opcode="write(1151) " fcode="write"/>
<opset="write_ln0/2 "/>
</bind>
</comp>

<comp id="138" class="1004" name="write_ln18_write_fu_138">
<pin_list>
<pin id="139" dir="0" index="0" bw="0" slack="0"/>
<pin id="140" dir="0" index="1" bw="16" slack="0"/>
<pin id="141" dir="0" index="2" bw="16" slack="0"/>
<pin id="142" dir="1" index="3" bw="0" slack="2147483647"/>
</pin_list>
<bind>
<opcode="write(1151) " fcode="write"/>
<opset="write_ln18/2 "/>
</bind>
</comp>

<comp id="145" class="1004" name="write_ln18_write_fu_145">
<pin_list>
<pin id="146" dir="0" index="0" bw="0" slack="0"/>
<pin id="147" dir="0" index="1" bw="16" slack="0"/>
<pin id="148" dir="0" index="2" bw="16" slack="0"/>
<pin id="149" dir="1" index="3" bw="0" slack="2147483647"/>
</pin_list>
<bind>
<opcode="write(1151) " fcode="write"/>
<opset="write_ln18/2 "/>
</bind>
</comp>

<comp id="152" class="1004" name="store_ln0_store_fu_152">
<pin_list>
<pin id="153" dir="0" index="0" bw="16" slack="0"/>
<pin id="154" dir="0" index="1" bw="16" slack="0"/>
<pin id="155" dir="1" index="2" bw="0" slack="2147483647"/>
</pin_list>
<bind>
<opcode="store(28) " fcode="store"/>
<opset="store_ln0/1 "/>
</bind>
</comp>

<comp id="157" class="1004" name="store_ln0_store_fu_157">
<pin_list>
<pin id="158" dir="0" index="0" bw="16" slack="0"/>
<pin id="159" dir="0" index="1" bw="16" slack="0"/>
<pin id="160" dir="1" index="2" bw="0" slack="2147483647"/>
</pin_list>
<bind>
<opcode="store(28) " fcode="store"/>
<opset="store_ln0/1 "/>
</bind>
</comp>

<comp id="162" class="1004" name="store_ln0_store_fu_162">
<pin_list>
<pin id="163" dir="0" index="0" bw="16" slack="0"/>
<pin id="164" dir="0" index="1" bw="16" slack="0"/>
<pin id="165" dir="1" index="2" bw="0" slack="2147483647"/>
</pin_list>
<bind>
<opcode="store(28) " fcode="store"/>
<opset="store_ln0/1 "/>
</bind>
</comp>

<comp id="167" class="1004" name="store_ln0_store_fu_167">
<pin_list>
<pin id="168" dir="0" index="0" bw="16" slack="0"/>
<pin id="169" dir="0" index="1" bw="16" slack="0"/>
<pin id="170" dir="1" index="2" bw="0" slack="2147483647"/>
</pin_list>
<bind>
<opcode="store(28) " fcode="store"/>
<opset="store_ln0/1 "/>
</bind>
</comp>

<comp id="172" class="1004" name="store_ln0_store_fu_172">
<pin_list>
<pin id="173" dir="0" index="0" bw="1" slack="0"/>
<pin id="174" dir="0" index="1" bw="2" slack="0"/>
<pin id="175" dir="1" index="2" bw="0" slack="2147483647"/>
</pin_list>
<bind>
<opcode="store(28) " fcode="store"/>
<opset="store_ln0/1 "/>
</bind>
</comp>

<comp id="177" class="1004" name="phi_ln114_load_load_fu_177">
<pin_list>
<pin id="178" dir="0" index="0" bw="2" slack="1"/>
<pin id="179" dir="1" index="1" bw="2" slack="0"/>
</pin_list>
<bind>
<opcode="load(27) " fcode="load"/>
<opset="phi_ln114_load/2 "/>
</bind>
</comp>

<comp id="180" class="1004" name="w_real_128_1_load_load_fu_180">
<pin_list>
<pin id="181" dir="0" index="0" bw="16" slack="1"/>
<pin id="182" dir="1" index="1" bw="16" slack="0"/>
</pin_list>
<bind>
<opcode="load(27) " fcode="load"/>
<opset="w_real_128_1_load/2 "/>
</bind>
</comp>

<comp id="183" class="1004" name="w_real_229_1_load_load_fu_183">
<pin_list>
<pin id="184" dir="0" index="0" bw="16" slack="1"/>
<pin id="185" dir="1" index="1" bw="16" slack="0"/>
</pin_list>
<bind>
<opcode="load(27) " fcode="load"/>
<opset="w_real_229_1_load/2 "/>
</bind>
</comp>

<comp id="186" class="1004" name="w_imag_160_1_load_load_fu_186">
<pin_list>
<pin id="187" dir="0" index="0" bw="16" slack="1"/>
<pin id="188" dir="1" index="1" bw="16" slack="0"/>
</pin_list>
<bind>
<opcode="load(27) " fcode="load"/>
<opset="w_imag_160_1_load/2 "/>
</bind>
</comp>

<comp id="189" class="1004" name="w_imag_261_1_load_load_fu_189">
<pin_list>
<pin id="190" dir="0" index="0" bw="16" slack="1"/>
<pin id="191" dir="1" index="1" bw="16" slack="0"/>
</pin_list>
<bind>
<opcode="load(27) " fcode="load"/>
<opset="w_imag_261_1_load/2 "/>
</bind>
</comp>

<comp id="192" class="1004" name="add_ln114_fu_192">
<pin_list>
<pin id="193" dir="0" index="0" bw="2" slack="0"/>
<pin id="194" dir="0" index="1" bw="1" slack="0"/>
<pin id="195" dir="1" index="2" bw="2" slack="0"/>
</pin_list>
<bind>
<opcode="add(8) " fcode="add"/>
<opset="add_ln114/2 "/>
</bind>
</comp>

<comp id="198" class="1004" name="icmp_ln18_fu_198">
<pin_list>
<pin id="199" dir="0" index="0" bw="2" slack="0"/>
<pin id="200" dir="0" index="1" bw="1" slack="0"/>
<pin id="201" dir="1" index="2" bw="1" slack="0"/>
</pin_list>
<bind>
<opcode="icmp(45) " fcode="icmp"/>
<opset="icmp_ln18/2 "/>
</bind>
</comp>

<comp id="204" class="1004" name="icmp_ln18_1_fu_204">
<pin_list>
<pin id="205" dir="0" index="0" bw="2" slack="0"/>
<pin id="206" dir="0" index="1" bw="2" slack="0"/>
<pin id="207" dir="1" index="2" bw="1" slack="0"/>
</pin_list>
<bind>
<opcode="icmp(45) " fcode="icmp"/>
<opset="icmp_ln18_1/2 "/>
</bind>
</comp>

<comp id="210" class="1004" name="select_ln18_fu_210">
<pin_list>
<pin id="211" dir="0" index="0" bw="1" slack="0"/>
<pin id="212" dir="0" index="1" bw="1" slack="0"/>
<pin id="213" dir="0" index="2" bw="16" slack="0"/>
<pin id="214" dir="1" index="3" bw="16" slack="0"/>
</pin_list>
<bind>
<opcode="select(49) " fcode="select"/>
<opset="select_ln18/2 "/>
</bind>
</comp>

<comp id="219" class="1004" name="select_ln18_1_fu_219">
<pin_list>
<pin id="220" dir="0" index="0" bw="1" slack="0"/>
<pin id="221" dir="0" index="1" bw="1" slack="0"/>
<pin id="222" dir="0" index="2" bw="16" slack="0"/>
<pin id="223" dir="1" index="3" bw="16" slack="0"/>
</pin_list>
<bind>
<opcode="select(49) " fcode="select"/>
<opset="select_ln18_1/2 "/>
</bind>
</comp>

<comp id="228" class="1004" name="select_ln18_2_fu_228">
<pin_list>
<pin id="229" dir="0" index="0" bw="1" slack="0"/>
<pin id="230" dir="0" index="1" bw="1" slack="0"/>
<pin id="231" dir="0" index="2" bw="16" slack="0"/>
<pin id="232" dir="1" index="3" bw="16" slack="0"/>
</pin_list>
<bind>
<opcode="select(49) " fcode="select"/>
<opset="select_ln18_2/2 "/>
</bind>
</comp>

<comp id="237" class="1004" name="select_ln18_3_fu_237">
<pin_list>
<pin id="238" dir="0" index="0" bw="1" slack="0"/>
<pin id="239" dir="0" index="1" bw="1" slack="0"/>
<pin id="240" dir="0" index="2" bw="16" slack="0"/>
<pin id="241" dir="1" index="3" bw="16" slack="0"/>
</pin_list>
<bind>
<opcode="select(49) " fcode="select"/>
<opset="select_ln18_3/2 "/>
</bind>
</comp>

<comp id="246" class="1004" name="icmp_ln114_fu_246">
<pin_list>
<pin id="247" dir="0" index="0" bw="2" slack="0"/>
<pin id="248" dir="0" index="1" bw="1" slack="0"/>
<pin id="249" dir="1" index="2" bw="1" slack="2147483647"/>
</pin_list>
<bind>
<opcode="icmp(45) " fcode="icmp"/>
<opset="icmp_ln114/2 "/>
</bind>
</comp>

<comp id="252" class="1004" name="store_ln114_store_fu_252">
<pin_list>
<pin id="253" dir="0" index="0" bw="16" slack="0"/>
<pin id="254" dir="0" index="1" bw="16" slack="1"/>
<pin id="255" dir="1" index="2" bw="0" slack="2147483647"/>
</pin_list>
<bind>
<opcode="store(28) " fcode="store"/>
<opset="store_ln114/2 "/>
</bind>
</comp>

<comp id="257" class="1004" name="store_ln114_store_fu_257">
<pin_list>
<pin id="258" dir="0" index="0" bw="16" slack="0"/>
<pin id="259" dir="0" index="1" bw="16" slack="1"/>
<pin id="260" dir="1" index="2" bw="0" slack="2147483647"/>
</pin_list>
<bind>
<opcode="store(28) " fcode="store"/>
<opset="store_ln114/2 "/>
</bind>
</comp>

<comp id="262" class="1004" name="store_ln114_store_fu_262">
<pin_list>
<pin id="263" dir="0" index="0" bw="16" slack="0"/>
<pin id="264" dir="0" index="1" bw="16" slack="1"/>
<pin id="265" dir="1" index="2" bw="0" slack="2147483647"/>
</pin_list>
<bind>
<opcode="store(28) " fcode="store"/>
<opset="store_ln114/2 "/>
</bind>
</comp>

<comp id="267" class="1004" name="store_ln114_store_fu_267">
<pin_list>
<pin id="268" dir="0" index="0" bw="16" slack="0"/>
<pin id="269" dir="0" index="1" bw="16" slack="1"/>
<pin id="270" dir="1" index="2" bw="0" slack="2147483647"/>
</pin_list>
<bind>
<opcode="store(28) " fcode="store"/>
<opset="store_ln114/2 "/>
</bind>
</comp>

<comp id="272" class="1004" name="store_ln114_store_fu_272">
<pin_list>
<pin id="273" dir="0" index="0" bw="2" slack="0"/>
<pin id="274" dir="0" index="1" bw="2" slack="1"/>
<pin id="275" dir="1" index="2" bw="0" slack="2147483647"/>
</pin_list>
<bind>
<opcode="store(28) " fcode="store"/>
<opset="store_ln114/2 "/>
</bind>
</comp>

<comp id="277" class="1005" name="phi_ln114_reg_277">
<pin_list>
<pin id="278" dir="0" index="0" bw="2" slack="0"/>
<pin id="279" dir="1" index="1" bw="2" slack="0"/>
</pin_list>
<bind>
<opset="phi_ln114 "/>
</bind>
</comp>

<comp id="284" class="1005" name="w_real_128_1_reg_284">
<pin_list>
<pin id="285" dir="0" index="0" bw="16" slack="0"/>
<pin id="286" dir="1" index="1" bw="16" slack="0"/>
</pin_list>
<bind>
<opset="w_real_128_1 "/>
</bind>
</comp>

<comp id="291" class="1005" name="w_real_229_1_reg_291">
<pin_list>
<pin id="292" dir="0" index="0" bw="16" slack="0"/>
<pin id="293" dir="1" index="1" bw="16" slack="0"/>
</pin_list>
<bind>
<opset="w_real_229_1 "/>
</bind>
</comp>

<comp id="298" class="1005" name="w_imag_160_1_reg_298">
<pin_list>
<pin id="299" dir="0" index="0" bw="16" slack="0"/>
<pin id="300" dir="1" index="1" bw="16" slack="0"/>
</pin_list>
<bind>
<opset="w_imag_160_1 "/>
</bind>
</comp>

<comp id="305" class="1005" name="w_imag_261_1_reg_305">
<pin_list>
<pin id="306" dir="0" index="0" bw="16" slack="0"/>
<pin id="307" dir="1" index="1" bw="16" slack="0"/>
</pin_list>
<bind>
<opset="w_imag_261_1 "/>
</bind>
</comp>

</comp_list>

<net_list>
<net id="55"><net_src comp="24" pin="0"/><net_sink comp="52" pin=0"/></net>

<net id="59"><net_src comp="24" pin="0"/><net_sink comp="56" pin=0"/></net>

<net id="63"><net_src comp="24" pin="0"/><net_sink comp="60" pin=0"/></net>

<net id="67"><net_src comp="24" pin="0"/><net_sink comp="64" pin=0"/></net>

<net id="71"><net_src comp="24" pin="0"/><net_sink comp="68" pin=0"/></net>

<net id="76"><net_src comp="26" pin="0"/><net_sink comp="72" pin=0"/></net>

<net id="77"><net_src comp="10" pin="0"/><net_sink comp="72" pin=1"/></net>

<net id="82"><net_src comp="26" pin="0"/><net_sink comp="78" pin=0"/></net>

<net id="83"><net_src comp="8" pin="0"/><net_sink comp="78" pin=1"/></net>

<net id="88"><net_src comp="26" pin="0"/><net_sink comp="84" pin=0"/></net>

<net id="89"><net_src comp="6" pin="0"/><net_sink comp="84" pin=1"/></net>

<net id="94"><net_src comp="26" pin="0"/><net_sink comp="90" pin=0"/></net>

<net id="95"><net_src comp="4" pin="0"/><net_sink comp="90" pin=1"/></net>

<net id="100"><net_src comp="26" pin="0"/><net_sink comp="96" pin=0"/></net>

<net id="101"><net_src comp="2" pin="0"/><net_sink comp="96" pin=1"/></net>

<net id="106"><net_src comp="26" pin="0"/><net_sink comp="102" pin=0"/></net>

<net id="107"><net_src comp="0" pin="0"/><net_sink comp="102" pin=1"/></net>

<net id="113"><net_src comp="50" pin="0"/><net_sink comp="108" pin=0"/></net>

<net id="114"><net_src comp="12" pin="0"/><net_sink comp="108" pin=1"/></net>

<net id="115"><net_src comp="46" pin="0"/><net_sink comp="108" pin=2"/></net>

<net id="121"><net_src comp="50" pin="0"/><net_sink comp="116" pin=0"/></net>

<net id="122"><net_src comp="14" pin="0"/><net_sink comp="116" pin=1"/></net>

<net id="128"><net_src comp="50" pin="0"/><net_sink comp="123" pin=0"/></net>

<net id="129"><net_src comp="16" pin="0"/><net_sink comp="123" pin=1"/></net>

<net id="135"><net_src comp="50" pin="0"/><net_sink comp="130" pin=0"/></net>

<net id="136"><net_src comp="18" pin="0"/><net_sink comp="130" pin=1"/></net>

<net id="137"><net_src comp="46" pin="0"/><net_sink comp="130" pin=2"/></net>

<net id="143"><net_src comp="50" pin="0"/><net_sink comp="138" pin=0"/></net>

<net id="144"><net_src comp="20" pin="0"/><net_sink comp="138" pin=1"/></net>

<net id="150"><net_src comp="50" pin="0"/><net_sink comp="145" pin=0"/></net>

<net id="151"><net_src comp="22" pin="0"/><net_sink comp="145" pin=1"/></net>

<net id="156"><net_src comp="96" pin="2"/><net_sink comp="152" pin=0"/></net>

<net id="161"><net_src comp="90" pin="2"/><net_sink comp="157" pin=0"/></net>

<net id="166"><net_src comp="78" pin="2"/><net_sink comp="162" pin=0"/></net>

<net id="171"><net_src comp="72" pin="2"/><net_sink comp="167" pin=0"/></net>

<net id="176"><net_src comp="28" pin="0"/><net_sink comp="172" pin=0"/></net>

<net id="196"><net_src comp="177" pin="1"/><net_sink comp="192" pin=0"/></net>

<net id="197"><net_src comp="42" pin="0"/><net_sink comp="192" pin=1"/></net>

<net id="202"><net_src comp="177" pin="1"/><net_sink comp="198" pin=0"/></net>

<net id="203"><net_src comp="42" pin="0"/><net_sink comp="198" pin=1"/></net>

<net id="208"><net_src comp="177" pin="1"/><net_sink comp="204" pin=0"/></net>

<net id="209"><net_src comp="44" pin="0"/><net_sink comp="204" pin=1"/></net>

<net id="215"><net_src comp="204" pin="2"/><net_sink comp="210" pin=0"/></net>

<net id="216"><net_src comp="46" pin="0"/><net_sink comp="210" pin=1"/></net>

<net id="217"><net_src comp="183" pin="1"/><net_sink comp="210" pin=2"/></net>

<net id="218"><net_src comp="210" pin="3"/><net_sink comp="116" pin=2"/></net>

<net id="224"><net_src comp="198" pin="2"/><net_sink comp="219" pin=0"/></net>

<net id="225"><net_src comp="46" pin="0"/><net_sink comp="219" pin=1"/></net>

<net id="226"><net_src comp="180" pin="1"/><net_sink comp="219" pin=2"/></net>

<net id="227"><net_src comp="219" pin="3"/><net_sink comp="123" pin=2"/></net>

<net id="233"><net_src comp="204" pin="2"/><net_sink comp="228" pin=0"/></net>

<net id="234"><net_src comp="46" pin="0"/><net_sink comp="228" pin=1"/></net>

<net id="235"><net_src comp="189" pin="1"/><net_sink comp="228" pin=2"/></net>

<net id="236"><net_src comp="228" pin="3"/><net_sink comp="138" pin=2"/></net>

<net id="242"><net_src comp="198" pin="2"/><net_sink comp="237" pin=0"/></net>

<net id="243"><net_src comp="46" pin="0"/><net_sink comp="237" pin=1"/></net>

<net id="244"><net_src comp="186" pin="1"/><net_sink comp="237" pin=2"/></net>

<net id="245"><net_src comp="237" pin="3"/><net_sink comp="145" pin=2"/></net>

<net id="250"><net_src comp="177" pin="1"/><net_sink comp="246" pin=0"/></net>

<net id="251"><net_src comp="48" pin="0"/><net_sink comp="246" pin=1"/></net>

<net id="256"><net_src comp="228" pin="3"/><net_sink comp="252" pin=0"/></net>

<net id="261"><net_src comp="237" pin="3"/><net_sink comp="257" pin=0"/></net>

<net id="266"><net_src comp="210" pin="3"/><net_sink comp="262" pin=0"/></net>

<net id="271"><net_src comp="219" pin="3"/><net_sink comp="267" pin=0"/></net>

<net id="276"><net_src comp="192" pin="2"/><net_sink comp="272" pin=0"/></net>

<net id="280"><net_src comp="52" pin="1"/><net_sink comp="277" pin=0"/></net>

<net id="281"><net_src comp="277" pin="1"/><net_sink comp="172" pin=1"/></net>

<net id="282"><net_src comp="277" pin="1"/><net_sink comp="177" pin=0"/></net>

<net id="283"><net_src comp="277" pin="1"/><net_sink comp="272" pin=1"/></net>

<net id="287"><net_src comp="56" pin="1"/><net_sink comp="284" pin=0"/></net>

<net id="288"><net_src comp="284" pin="1"/><net_sink comp="167" pin=1"/></net>

<net id="289"><net_src comp="284" pin="1"/><net_sink comp="180" pin=0"/></net>

<net id="290"><net_src comp="284" pin="1"/><net_sink comp="267" pin=1"/></net>

<net id="294"><net_src comp="60" pin="1"/><net_sink comp="291" pin=0"/></net>

<net id="295"><net_src comp="291" pin="1"/><net_sink comp="162" pin=1"/></net>

<net id="296"><net_src comp="291" pin="1"/><net_sink comp="183" pin=0"/></net>

<net id="297"><net_src comp="291" pin="1"/><net_sink comp="262" pin=1"/></net>

<net id="301"><net_src comp="64" pin="1"/><net_sink comp="298" pin=0"/></net>

<net id="302"><net_src comp="298" pin="1"/><net_sink comp="157" pin=1"/></net>

<net id="303"><net_src comp="298" pin="1"/><net_sink comp="186" pin=0"/></net>

<net id="304"><net_src comp="298" pin="1"/><net_sink comp="257" pin=1"/></net>

<net id="308"><net_src comp="68" pin="1"/><net_sink comp="305" pin=0"/></net>

<net id="309"><net_src comp="305" pin="1"/><net_sink comp="152" pin=1"/></net>

<net id="310"><net_src comp="305" pin="1"/><net_sink comp="189" pin=0"/></net>

<net id="311"><net_src comp="305" pin="1"/><net_sink comp="252" pin=1"/></net>

</net_list>

</model> 
---------------- Datapath Model END ------------------

* FSMD analyzer results:
  - Output states:
	Port: select_ln18_out | {2 }
	Port: select_ln18_1_out | {2 }
	Port: select_ln18_2_out | {2 }
	Port: select_ln18_3_out | {2 }
	Port: select_ln18_4_out | {2 }
	Port: select_ln18_5_out | {2 }
 - Input state : 
	Port: fft32_Pipeline_8 : w_imag_362_0 | {1 }
	Port: fft32_Pipeline_8 : w_imag_261_0 | {1 }
	Port: fft32_Pipeline_8 : w_imag_160_0 | {1 }
	Port: fft32_Pipeline_8 : w_real_330_0 | {1 }
	Port: fft32_Pipeline_8 : w_real_229_0 | {1 }
	Port: fft32_Pipeline_8 : w_real_128_0 | {1 }
  - Chain level:
	State 1
		store_ln0 : 1
	State 2
		add_ln114 : 1
		icmp_ln18 : 1
		icmp_ln18_1 : 1
		select_ln18 : 2
		select_ln18_1 : 2
		select_ln18_2 : 2
		select_ln18_3 : 2
		icmp_ln114 : 1
		store_ln114 : 3
		store_ln114 : 3
		store_ln114 : 3
		store_ln114 : 3
		store_ln114 : 2
		br_ln114 : 2
		write_ln18 : 3
		write_ln18 : 3
		write_ln18 : 3
		write_ln18 : 3


============================================================
+ Verbose Summary: Datapath Resource usage 
============================================================

* Functional unit list:
|----------|------------------------------|---------|---------|
| Operation|        Functional Unit       |    FF   |   LUT   |
|----------|------------------------------|---------|---------|
|          |      select_ln18_fu_210      |    0    |    16   |
|  select  |     select_ln18_1_fu_219     |    0    |    16   |
|          |     select_ln18_2_fu_228     |    0    |    16   |
|          |     select_ln18_3_fu_237     |    0    |    16   |
|----------|------------------------------|---------|---------|
|          |       icmp_ln18_fu_198       |    0    |    10   |
|   icmp   |      icmp_ln18_1_fu_204      |    0    |    10   |
|          |       icmp_ln114_fu_246      |    0    |    10   |
|----------|------------------------------|---------|---------|
|    add   |       add_ln114_fu_192       |    0    |    10   |
|----------|------------------------------|---------|---------|
|          | w_real_128_0_read_read_fu_72 |    0    |    0    |
|          | w_real_229_0_read_read_fu_78 |    0    |    0    |
|   read   |   w_real_330_04_read_fu_84   |    0    |    0    |
|          | w_imag_160_0_read_read_fu_90 |    0    |    0    |
|          | w_imag_261_0_read_read_fu_96 |    0    |    0    |
|          |   w_imag_362_01_read_fu_102  |    0    |    0    |
|----------|------------------------------|---------|---------|
|          |    write_ln0_write_fu_108    |    0    |    0    |
|          |    write_ln18_write_fu_116   |    0    |    0    |
|   write  |    write_ln18_write_fu_123   |    0    |    0    |
|          |    write_ln0_write_fu_130    |    0    |    0    |
|          |    write_ln18_write_fu_138   |    0    |    0    |
|          |    write_ln18_write_fu_145   |    0    |    0    |
|----------|------------------------------|---------|---------|
|   Total  |                              |    0    |   104   |
|----------|------------------------------|---------|---------|

Memories:
N/A

* Register list:
+--------------------+--------+
|                    |   FF   |
+--------------------+--------+
|  phi_ln114_reg_277 |    2   |
|w_imag_160_1_reg_298|   16   |
|w_imag_261_1_reg_305|   16   |
|w_real_128_1_reg_284|   16   |
|w_real_229_1_reg_291|   16   |
+--------------------+--------+
|        Total       |   66   |
+--------------------+--------+

* Multiplexer (MUX) list: 
|--------|------|------|------|--------|
|  Comp  |  Pin | Size |  BW  | S x BW |
|--------|------|------|------|--------|
|  Total |      |      |      |    0   |
|--------|------|------|------|--------|



* Summary:
+-----------+--------+--------+
|           |   FF   |   LUT  |
+-----------+--------+--------+
|  Function |    0   |   104  |
|   Memory  |    -   |    -   |
|Multiplexer|    -   |    -   |
|  Register |   66   |    -   |
+-----------+--------+--------+
|   Total   |   66   |   104  |
+-----------+--------+--------+
