

================================================================
== Vitis HLS Report for 'fft32_Pipeline_bit_rev_assign_loop'
================================================================
* Date:           Tue Jun 24 23:09:44 2025

* Version:        2023.1 (Build 3854077 on May  4 2023)
* Project:        FFT_sol
* Solution:       no_opt (Vivado IP Flow Target)
* Product family: zynq
* Target device:  xc7z030-sbv485-1


================================================================
== Performance Estimates
================================================================
+ Timing: 
    * Summary: 
    +--------+----------+----------+------------+
    |  Clock |  Target  | Estimated| Uncertainty|
    +--------+----------+----------+------------+
    |ap_clk  |  10.00 ns|  4.644 ns|     2.70 ns|
    +--------+----------+----------+------------+

+ Latency: 
    * Summary: 
    +---------+---------+----------+----------+-----+-----+---------+
    |  Latency (cycles) |  Latency (absolute) |  Interval | Pipeline|
    |   min   |   max   |    min   |    max   | min | max |   Type  |
    +---------+---------+----------+----------+-----+-----+---------+
    |       34|       34|  0.340 us|  0.340 us|   34|   34|       no|
    +---------+---------+----------+----------+-----+-----+---------+

    + Detail: 
        * Instance: 
        N/A

        * Loop: 
        +-----------------------+---------+---------+----------+-----------+-----------+------+----------+
        |                       |  Latency (cycles) | Iteration|  Initiation Interval  | Trip |          |
        |       Loop Name       |   min   |   max   |  Latency |  achieved |   target  | Count| Pipelined|
        +-----------------------+---------+---------+----------+-----------+-----------+------+----------+
        |- bit_rev_assign_loop  |       32|       32|         2|          1|          1|    32|       yes|
        +-----------------------+---------+---------+----------+-----------+-----------+------+----------+

============================================================
+ Verbose Summary: Synthesis Manager
============================================================
InlineROM: 1
ExposeGlobal: 0
============================================================
+ Verbose Summary: CDFG Model
============================================================
IsTopModel: 0
ResetActiveHigh: 1
IsCombinational: 0
IsDatapathOnly: 0
HasWiredReturn: 1
HasMFsm: 2
HasVarLatency: 1
IsPipeline: 0
IsRtlPipelined: 0
IsInstanceOverlapped: 0
IsDontTouch: 0
HasImplIP: 0
IsGatedGlobalClock: 0

+ Individual pipeline summary: 
  * Pipeline-0: initiation interval (II) = 1, depth = 2


============================================================
+ Verbose Summary: Schedule
============================================================
* Number of FSM states : 2
* Pipeline : 1
  Pipeline-0 : II = 1, D = 2, States = { 1 2 }
* Dataflow Pipeline: 0

* FSM state transitions: 
1 --> 2 
2 --> 

* FSM state operations: 

State 1 <SV = 0> <Delay = 3.41>
ST_1 : Operation 5 [1/1] (0.00ns)   --->   "%i_1 = alloca i32 1"   --->   Operation 5 'alloca' 'i_1' <Predicate = true> <Delay = 0.00>
ST_1 : Operation 6 [1/1] (1.58ns)   --->   "%store_ln0 = store i6 0, i6 %i_1"   --->   Operation 6 'store' 'store_ln0' <Predicate = true> <Delay = 1.58>
ST_1 : Operation 7 [1/1] (0.00ns)   --->   "%br_ln0 = br void %for.inc23"   --->   Operation 7 'br' 'br_ln0' <Predicate = true> <Delay = 0.00>
ST_1 : Operation 8 [1/1] (0.00ns)   --->   "%i = load i6 %i_1" [FFT32_sol.cpp:84]   --->   Operation 8 'load' 'i' <Predicate = true> <Delay = 0.00>
ST_1 : Operation 9 [1/1] (0.00ns)   --->   "%specpipeline_ln0 = specpipeline void @_ssdm_op_SpecPipeline, i32 4294967295, i32 0, i32 1, i32 0, void @p_str"   --->   Operation 9 'specpipeline' 'specpipeline_ln0' <Predicate = true> <Delay = 0.00>
ST_1 : Operation 10 [1/1] (1.82ns)   --->   "%icmp_ln84 = icmp_eq  i6 %i, i6 32" [FFT32_sol.cpp:84]   --->   Operation 10 'icmp' 'icmp_ln84' <Predicate = true> <Delay = 1.82> <CoreInst = "Cmp">   --->   Core 9 'Cmp' <Latency = 0> <II = 1> <Delay = 1.82> <FuncUnit> <Opcode : 'icmp'> <InPorts = 2> <OutPorts = 1>
ST_1 : Operation 11 [1/1] (1.82ns)   --->   "%add_ln84 = add i6 %i, i6 1" [FFT32_sol.cpp:84]   --->   Operation 11 'add' 'add_ln84' <Predicate = true> <Delay = 1.82> <CoreInst = "Adder">   --->   Core 1 'Adder' <Latency = 0> <II = 1> <Delay = 1.82> <FuncUnit> <Opcode : 'add' 'sub'> <InPorts = 2> <OutPorts = 1>
ST_1 : Operation 12 [1/1] (0.00ns)   --->   "%br_ln84 = br i1 %icmp_ln84, void %for.inc23.split, void %arrayctor.loop29.preheader.exitStub" [FFT32_sol.cpp:84]   --->   Operation 12 'br' 'br_ln84' <Predicate = true> <Delay = 0.00>
ST_1 : Operation 13 [1/1] (0.00ns)   --->   "%or_ln57_3 = partselect i5 @_ssdm_op_PartSelect.i5.i6.i32.i32, i6 %i, i32 4, i32 0" [FFT32_sol.cpp:57->FFT32_sol.cpp:86]   --->   Operation 13 'partselect' 'or_ln57_3' <Predicate = (!icmp_ln84)> <Delay = 0.00>
ST_1 : Operation 14 [1/1] (0.00ns)   --->   "%zext_ln86 = zext i5 %or_ln57_3" [FFT32_sol.cpp:86]   --->   Operation 14 'zext' 'zext_ln86' <Predicate = (!icmp_ln84)> <Delay = 0.00>
ST_1 : Operation 15 [1/1] (0.00ns)   --->   "%data_real_addr = getelementptr i16 %data_real, i64 0, i64 %zext_ln86" [FFT32_sol.cpp:86]   --->   Operation 15 'getelementptr' 'data_real_addr' <Predicate = (!icmp_ln84)> <Delay = 0.00>
ST_1 : Operation 16 [1/1] (0.00ns)   --->   "%data_imag_addr = getelementptr i16 %data_imag, i64 0, i64 %zext_ln86" [FFT32_sol.cpp:86]   --->   Operation 16 'getelementptr' 'data_imag_addr' <Predicate = (!icmp_ln84)> <Delay = 0.00>
ST_1 : Operation 17 [2/2] (2.32ns)   --->   "%data_real_load = load i5 %data_real_addr" [FFT32_sol.cpp:86]   --->   Operation 17 'load' 'data_real_load' <Predicate = (!icmp_ln84)> <Delay = 2.32> <CoreInst = "RAM">   --->   Core 82 'RAM' <Latency = 1> <II = 1> <Delay = 2.32> <Storage> <Opcode : 'load' 'store'> <Ports = 2> <Width = 16> <Depth = 32> <RAM>
ST_1 : Operation 18 [2/2] (2.32ns)   --->   "%data_imag_load = load i5 %data_imag_addr" [FFT32_sol.cpp:86]   --->   Operation 18 'load' 'data_imag_load' <Predicate = (!icmp_ln84)> <Delay = 2.32> <CoreInst = "RAM">   --->   Core 82 'RAM' <Latency = 1> <II = 1> <Delay = 2.32> <Storage> <Opcode : 'load' 'store'> <Ports = 2> <Width = 16> <Depth = 32> <RAM>
ST_1 : Operation 19 [1/1] (1.58ns)   --->   "%store_ln84 = store i6 %add_ln84, i6 %i_1" [FFT32_sol.cpp:84]   --->   Operation 19 'store' 'store_ln84' <Predicate = (!icmp_ln84)> <Delay = 1.58>
ST_1 : Operation 30 [1/1] (0.00ns)   --->   "%ret_ln0 = ret"   --->   Operation 30 'ret' 'ret_ln0' <Predicate = (icmp_ln84)> <Delay = 0.00>

State 2 <SV = 1> <Delay = 4.64>
ST_2 : Operation 20 [1/1] (0.00ns)   --->   "%i_3_cast = zext i6 %i" [FFT32_sol.cpp:84]   --->   Operation 20 'zext' 'i_3_cast' <Predicate = true> <Delay = 0.00>
ST_2 : Operation 21 [1/1] (0.00ns)   --->   "%speclooptripcount_ln84 = speclooptripcount void @_ssdm_op_SpecLoopTripCount, i64 32, i64 32, i64 32" [FFT32_sol.cpp:84]   --->   Operation 21 'speclooptripcount' 'speclooptripcount_ln84' <Predicate = true> <Delay = 0.00>
ST_2 : Operation 22 [1/1] (0.00ns)   --->   "%specloopname_ln84 = specloopname void @_ssdm_op_SpecLoopName, void @empty_7" [FFT32_sol.cpp:84]   --->   Operation 22 'specloopname' 'specloopname_ln84' <Predicate = true> <Delay = 0.00>
ST_2 : Operation 23 [1/1] (0.00ns)   --->   "%stage0_real_addr = getelementptr i16 %stage0_real, i64 0, i64 %i_3_cast" [FFT32_sol.cpp:86]   --->   Operation 23 'getelementptr' 'stage0_real_addr' <Predicate = true> <Delay = 0.00>
ST_2 : Operation 24 [1/1] (0.00ns)   --->   "%stage0_imag_addr = getelementptr i16 %stage0_imag, i64 0, i64 %i_3_cast" [FFT32_sol.cpp:86]   --->   Operation 24 'getelementptr' 'stage0_imag_addr' <Predicate = true> <Delay = 0.00>
ST_2 : Operation 25 [1/2] (2.32ns)   --->   "%data_real_load = load i5 %data_real_addr" [FFT32_sol.cpp:86]   --->   Operation 25 'load' 'data_real_load' <Predicate = true> <Delay = 2.32> <CoreInst = "RAM">   --->   Core 82 'RAM' <Latency = 1> <II = 1> <Delay = 2.32> <Storage> <Opcode : 'load' 'store'> <Ports = 2> <Width = 16> <Depth = 32> <RAM>
ST_2 : Operation 26 [1/2] (2.32ns)   --->   "%data_imag_load = load i5 %data_imag_addr" [FFT32_sol.cpp:86]   --->   Operation 26 'load' 'data_imag_load' <Predicate = true> <Delay = 2.32> <CoreInst = "RAM">   --->   Core 82 'RAM' <Latency = 1> <II = 1> <Delay = 2.32> <Storage> <Opcode : 'load' 'store'> <Ports = 2> <Width = 16> <Depth = 32> <RAM>
ST_2 : Operation 27 [1/1] (2.32ns)   --->   "%store_ln86 = store i16 %data_real_load, i5 %stage0_real_addr" [FFT32_sol.cpp:86]   --->   Operation 27 'store' 'store_ln86' <Predicate = true> <Delay = 2.32> <CoreInst = "RAM">   --->   Core 82 'RAM' <Latency = 1> <II = 1> <Delay = 2.32> <Storage> <Opcode : 'load' 'store'> <Ports = 2> <Width = 16> <Depth = 32> <RAM>
ST_2 : Operation 28 [1/1] (2.32ns)   --->   "%store_ln86 = store i16 %data_imag_load, i5 %stage0_imag_addr" [FFT32_sol.cpp:86]   --->   Operation 28 'store' 'store_ln86' <Predicate = true> <Delay = 2.32> <CoreInst = "RAM">   --->   Core 82 'RAM' <Latency = 1> <II = 1> <Delay = 2.32> <Storage> <Opcode : 'load' 'store'> <Ports = 2> <Width = 16> <Depth = 32> <RAM>
ST_2 : Operation 29 [1/1] (0.00ns)   --->   "%br_ln84 = br void %for.inc23" [FFT32_sol.cpp:84]   --->   Operation 29 'br' 'br_ln84' <Predicate = true> <Delay = 0.00>


============================================================
+ Verbose Summary: Timing violations
============================================================
Target clock period: 10.000ns, clock uncertainty: 2.700ns.

 <State 1>: 3.413ns
The critical path consists of the following:
	'alloca' operation ('x') [5]  (0.000 ns)
	'load' operation ('i', FFT32_sol.cpp:84) on local variable 'x' [9]  (0.000 ns)
	'add' operation ('add_ln84', FFT32_sol.cpp:84) [12]  (1.825 ns)
	'store' operation ('store_ln84', FFT32_sol.cpp:84) of variable 'add_ln84', FFT32_sol.cpp:84 on local variable 'x' [28]  (1.588 ns)

 <State 2>: 4.644ns
The critical path consists of the following:
	'load' operation ('data_real_load', FFT32_sol.cpp:86) on array 'data_real' [24]  (2.322 ns)
	'store' operation ('store_ln86', FFT32_sol.cpp:86) of variable 'data_real_load', FFT32_sol.cpp:86 on array 'stage0_real' [26]  (2.322 ns)


============================================================
+ Verbose Summary: Binding
============================================================
N/A
* FSMD analyzer results:
  - Output states:
 - Input state : 
  - Chain level:
	State 1
	State 2


============================================================
+ Verbose Summary: Datapath Resource usage 
============================================================
N/A
