#-----------------------------------------------------------
# xsim v2023.1 (64-bit)
# SW Build 3865809 on Sun May  7 15:05:29 MDT 2023
# IP Build 3864474 on Sun May  7 20:36:21 MDT 2023
# SharedData Build 3865790 on Sun May 07 13:33:03 MDT 2023
# Start of session at: Wed Jun 25 08:20:27 2025
# Process ID: 26288
# Current directory: D:/Vivado/FFT_sol/FFT_sol_2/no_opt/sim/verilog
# Command line: xsim.exe -mode tcl -source {xsim.dir/fft32/xsim_script.tcl}
# Log file: D:/Vivado/FFT_sol/FFT_sol_2/no_opt/sim/verilog/xsim.log
# Journal file: D:/Vivado/FFT_sol/FFT_sol_2/no_opt/sim/verilog\xsim.jou
# Running On: MSI, OS: Windows, CPU Frequency: 2592 MHz, CPU Physical cores: 6, Host memory: 17014 MB
#-----------------------------------------------------------
source xsim.dir/fft32/xsim_script.tcl
# xsim {fft32} -autoloadwcfg -tclbatch {fft32.tcl}
Time resolution is 1 ps
source fft32.tcl
## run all
////////////////////////////////////////////////////////////////////////////////////
// Inter-Transaction Progress: Completed Transaction / Total Transaction
// Intra-Transaction Progress: Measured Latency / Latency Estimation * 100%
//
// RTL Simulation : "Inter-Transaction Progress" ["Intra-Transaction Progress"] @ "Simulation Time"
////////////////////////////////////////////////////////////////////////////////////
// RTL Simulation : 0 / 1 [0.00%] @ "125000"
Warning: OPMODE Input Warning : The OPMODE 011XX11 with CARRYINSEL  000 to DSP48E1 instance is invalid.
Time: 2055 ns  Iteration: 8  Process: /apatb_fft32_top/AESL_inst_fft32/dmul_64ns_64ns_64_7_max_dsp_1_U44/fft32_dmul_64ns_64ns_64_7_max_dsp_1_ip_u/inst/i_synth/mult/OP/i_non_prim/R_AND_R/logic/R_AND_R/dsp48_e1/dsp48e1_add/DSP48E1_ADD/i_no_versal_es1_workaround/DSP/prcs_opmode_drc  File: D:/Vivado/Vivado/2023.1/data/vhdl/src/unisims/primitive/DSP48E1.vhd
Warning: OPMODE Input Warning : The OPMODE 011XX11 with CARRYINSEL  000 to DSP48E1 instance is invalid.
Time: 2125 ns  Iteration: 8  Process: /apatb_fft32_top/AESL_inst_fft32/dmul_64ns_64ns_64_7_max_dsp_1_U44/fft32_dmul_64ns_64ns_64_7_max_dsp_1_ip_u/inst/i_synth/mult/OP/i_non_prim/R_AND_R/logic/R_AND_R/dsp48_e1/dsp48e1_add/DSP48E1_ADD/i_no_versal_es1_workaround/DSP/prcs_opmode_drc  File: D:/Vivado/Vivado/2023.1/data/vhdl/src/unisims/primitive/DSP48E1.vhd
Warning: OPMODE Input Warning : The OPMODE 011XX11 with CARRYINSEL  000 to DSP48E1 instance is invalid.
Time: 2195 ns  Iteration: 8  Process: /apatb_fft32_top/AESL_inst_fft32/dmul_64ns_64ns_64_7_max_dsp_1_U44/fft32_dmul_64ns_64ns_64_7_max_dsp_1_ip_u/inst/i_synth/mult/OP/i_non_prim/R_AND_R/logic/R_AND_R/dsp48_e1/dsp48e1_add/DSP48E1_ADD/i_no_versal_es1_workaround/DSP/prcs_opmode_drc  File: D:/Vivado/Vivado/2023.1/data/vhdl/src/unisims/primitive/DSP48E1.vhd
Warning: OPMODE Input Warning : The OPMODE 011XX11 with CARRYINSEL  000 to DSP48E1 instance is invalid.
Time: 2635 ns  Iteration: 8  Process: /apatb_fft32_top/AESL_inst_fft32/dmul_64ns_64ns_64_7_max_dsp_1_U44/fft32_dmul_64ns_64ns_64_7_max_dsp_1_ip_u/inst/i_synth/mult/OP/i_non_prim/R_AND_R/logic/R_AND_R/dsp48_e1/dsp48e1_add/DSP48E1_ADD/i_no_versal_es1_workaround/DSP/prcs_opmode_drc  File: D:/Vivado/Vivado/2023.1/data/vhdl/src/unisims/primitive/DSP48E1.vhd
Warning: OPMODE Input Warning : The OPMODE 011XX11 with CARRYINSEL  000 to DSP48E1 instance is invalid.
Time: 2705 ns  Iteration: 8  Process: /apatb_fft32_top/AESL_inst_fft32/dmul_64ns_64ns_64_7_max_dsp_1_U44/fft32_dmul_64ns_64ns_64_7_max_dsp_1_ip_u/inst/i_synth/mult/OP/i_non_prim/R_AND_R/logic/R_AND_R/dsp48_e1/dsp48e1_add/DSP48E1_ADD/i_no_versal_es1_workaround/DSP/prcs_opmode_drc  File: D:/Vivado/Vivado/2023.1/data/vhdl/src/unisims/primitive/DSP48E1.vhd
Warning: OPMODE Input Warning : The OPMODE 011XX11 with CARRYINSEL  000 to DSP48E1 instance is invalid.
Time: 2775 ns  Iteration: 8  Process: /apatb_fft32_top/AESL_inst_fft32/dmul_64ns_64ns_64_7_max_dsp_1_U44/fft32_dmul_64ns_64ns_64_7_max_dsp_1_ip_u/inst/i_synth/mult/OP/i_non_prim/R_AND_R/logic/R_AND_R/dsp48_e1/dsp48e1_add/DSP48E1_ADD/i_no_versal_es1_workaround/DSP/prcs_opmode_drc  File: D:/Vivado/Vivado/2023.1/data/vhdl/src/unisims/primitive/DSP48E1.vhd
Warning: OPMODE Input Warning : The OPMODE 011XX11 with CARRYINSEL  000 to DSP48E1 instance is invalid.
Time: 3215 ns  Iteration: 8  Process: /apatb_fft32_top/AESL_inst_fft32/dmul_64ns_64ns_64_7_max_dsp_1_U44/fft32_dmul_64ns_64ns_64_7_max_dsp_1_ip_u/inst/i_synth/mult/OP/i_non_prim/R_AND_R/logic/R_AND_R/dsp48_e1/dsp48e1_add/DSP48E1_ADD/i_no_versal_es1_workaround/DSP/prcs_opmode_drc  File: D:/Vivado/Vivado/2023.1/data/vhdl/src/unisims/primitive/DSP48E1.vhd
Warning: OPMODE Input Warning : The OPMODE 011XX11 with CARRYINSEL  000 to DSP48E1 instance is invalid.
Time: 3285 ns  Iteration: 8  Process: /apatb_fft32_top/AESL_inst_fft32/dmul_64ns_64ns_64_7_max_dsp_1_U44/fft32_dmul_64ns_64ns_64_7_max_dsp_1_ip_u/inst/i_synth/mult/OP/i_non_prim/R_AND_R/logic/R_AND_R/dsp48_e1/dsp48e1_add/DSP48E1_ADD/i_no_versal_es1_workaround/DSP/prcs_opmode_drc  File: D:/Vivado/Vivado/2023.1/data/vhdl/src/unisims/primitive/DSP48E1.vhd
Warning: OPMODE Input Warning : The OPMODE 011XX11 with CARRYINSEL  000 to DSP48E1 instance is invalid.
Time: 3355 ns  Iteration: 8  Process: /apatb_fft32_top/AESL_inst_fft32/dmul_64ns_64ns_64_7_max_dsp_1_U44/fft32_dmul_64ns_64ns_64_7_max_dsp_1_ip_u/inst/i_synth/mult/OP/i_non_prim/R_AND_R/logic/R_AND_R/dsp48_e1/dsp48e1_add/DSP48E1_ADD/i_no_versal_es1_workaround/DSP/prcs_opmode_drc  File: D:/Vivado/Vivado/2023.1/data/vhdl/src/unisims/primitive/DSP48E1.vhd
Warning: OPMODE Input Warning : The OPMODE 011XX11 with CARRYINSEL  000 to DSP48E1 instance is invalid.
Time: 3975 ns  Iteration: 8  Process: /apatb_fft32_top/AESL_inst_fft32/dmul_64ns_64ns_64_7_max_dsp_1_U44/fft32_dmul_64ns_64ns_64_7_max_dsp_1_ip_u/inst/i_synth/mult/OP/i_non_prim/R_AND_R/logic/R_AND_R/dsp48_e1/dsp48e1_add/DSP48E1_ADD/i_no_versal_es1_workaround/DSP/prcs_opmode_drc  File: D:/Vivado/Vivado/2023.1/data/vhdl/src/unisims/primitive/DSP48E1.vhd
Warning: OPMODE Input Warning : The OPMODE 011XX11 with CARRYINSEL  000 to DSP48E1 instance is invalid.
Time: 4045 ns  Iteration: 8  Process: /apatb_fft32_top/AESL_inst_fft32/dmul_64ns_64ns_64_7_max_dsp_1_U44/fft32_dmul_64ns_64ns_64_7_max_dsp_1_ip_u/inst/i_synth/mult/OP/i_non_prim/R_AND_R/logic/R_AND_R/dsp48_e1/dsp48e1_add/DSP48E1_ADD/i_no_versal_es1_workaround/DSP/prcs_opmode_drc  File: D:/Vivado/Vivado/2023.1/data/vhdl/src/unisims/primitive/DSP48E1.vhd
Warning: OPMODE Input Warning : The OPMODE 011XX11 with CARRYINSEL  000 to DSP48E1 instance is invalid.
Time: 4115 ns  Iteration: 8  Process: /apatb_fft32_top/AESL_inst_fft32/dmul_64ns_64ns_64_7_max_dsp_1_U44/fft32_dmul_64ns_64ns_64_7_max_dsp_1_ip_u/inst/i_synth/mult/OP/i_non_prim/R_AND_R/logic/R_AND_R/dsp48_e1/dsp48e1_add/DSP48E1_ADD/i_no_versal_es1_workaround/DSP/prcs_opmode_drc  File: D:/Vivado/Vivado/2023.1/data/vhdl/src/unisims/primitive/DSP48E1.vhd
Warning: OPMODE Input Warning : The OPMODE 011XX11 with CARRYINSEL  000 to DSP48E1 instance is invalid.
Time: 4555 ns  Iteration: 8  Process: /apatb_fft32_top/AESL_inst_fft32/dmul_64ns_64ns_64_7_max_dsp_1_U44/fft32_dmul_64ns_64ns_64_7_max_dsp_1_ip_u/inst/i_synth/mult/OP/i_non_prim/R_AND_R/logic/R_AND_R/dsp48_e1/dsp48e1_add/DSP48E1_ADD/i_no_versal_es1_workaround/DSP/prcs_opmode_drc  File: D:/Vivado/Vivado/2023.1/data/vhdl/src/unisims/primitive/DSP48E1.vhd
Warning: OPMODE Input Warning : The OPMODE 011XX11 with CARRYINSEL  000 to DSP48E1 instance is invalid.
Time: 4625 ns  Iteration: 8  Process: /apatb_fft32_top/AESL_inst_fft32/dmul_64ns_64ns_64_7_max_dsp_1_U44/fft32_dmul_64ns_64ns_64_7_max_dsp_1_ip_u/inst/i_synth/mult/OP/i_non_prim/R_AND_R/logic/R_AND_R/dsp48_e1/dsp48e1_add/DSP48E1_ADD/i_no_versal_es1_workaround/DSP/prcs_opmode_drc  File: D:/Vivado/Vivado/2023.1/data/vhdl/src/unisims/primitive/DSP48E1.vhd
Warning: OPMODE Input Warning : The OPMODE 011XX11 with CARRYINSEL  000 to DSP48E1 instance is invalid.
Time: 4695 ns  Iteration: 8  Process: /apatb_fft32_top/AESL_inst_fft32/dmul_64ns_64ns_64_7_max_dsp_1_U44/fft32_dmul_64ns_64ns_64_7_max_dsp_1_ip_u/inst/i_synth/mult/OP/i_non_prim/R_AND_R/logic/R_AND_R/dsp48_e1/dsp48e1_add/DSP48E1_ADD/i_no_versal_es1_workaround/DSP/prcs_opmode_drc  File: D:/Vivado/Vivado/2023.1/data/vhdl/src/unisims/primitive/DSP48E1.vhd
Warning: OPMODE Input Warning : The OPMODE 011XX11 with CARRYINSEL  000 to DSP48E1 instance is invalid.
Time: 5135 ns  Iteration: 8  Process: /apatb_fft32_top/AESL_inst_fft32/dmul_64ns_64ns_64_7_max_dsp_1_U44/fft32_dmul_64ns_64ns_64_7_max_dsp_1_ip_u/inst/i_synth/mult/OP/i_non_prim/R_AND_R/logic/R_AND_R/dsp48_e1/dsp48e1_add/DSP48E1_ADD/i_no_versal_es1_workaround/DSP/prcs_opmode_drc  File: D:/Vivado/Vivado/2023.1/data/vhdl/src/unisims/primitive/DSP48E1.vhd
Warning: OPMODE Input Warning : The OPMODE 011XX11 with CARRYINSEL  000 to DSP48E1 instance is invalid.
Time: 5205 ns  Iteration: 8  Process: /apatb_fft32_top/AESL_inst_fft32/dmul_64ns_64ns_64_7_max_dsp_1_U44/fft32_dmul_64ns_64ns_64_7_max_dsp_1_ip_u/inst/i_synth/mult/OP/i_non_prim/R_AND_R/logic/R_AND_R/dsp48_e1/dsp48e1_add/DSP48E1_ADD/i_no_versal_es1_workaround/DSP/prcs_opmode_drc  File: D:/Vivado/Vivado/2023.1/data/vhdl/src/unisims/primitive/DSP48E1.vhd
Warning: OPMODE Input Warning : The OPMODE 011XX11 with CARRYINSEL  000 to DSP48E1 instance is invalid.
Time: 5275 ns  Iteration: 8  Process: /apatb_fft32_top/AESL_inst_fft32/dmul_64ns_64ns_64_7_max_dsp_1_U44/fft32_dmul_64ns_64ns_64_7_max_dsp_1_ip_u/inst/i_synth/mult/OP/i_non_prim/R_AND_R/logic/R_AND_R/dsp48_e1/dsp48e1_add/DSP48E1_ADD/i_no_versal_es1_workaround/DSP/prcs_opmode_drc  File: D:/Vivado/Vivado/2023.1/data/vhdl/src/unisims/primitive/DSP48E1.vhd
Warning: OPMODE Input Warning : The OPMODE 011XX11 with CARRYINSEL  000 to DSP48E1 instance is invalid.
Time: 5895 ns  Iteration: 8  Process: /apatb_fft32_top/AESL_inst_fft32/dmul_64ns_64ns_64_7_max_dsp_1_U44/fft32_dmul_64ns_64ns_64_7_max_dsp_1_ip_u/inst/i_synth/mult/OP/i_non_prim/R_AND_R/logic/R_AND_R/dsp48_e1/dsp48e1_add/DSP48E1_ADD/i_no_versal_es1_workaround/DSP/prcs_opmode_drc  File: D:/Vivado/Vivado/2023.1/data/vhdl/src/unisims/primitive/DSP48E1.vhd
Warning: OPMODE Input Warning : The OPMODE 011XX11 with CARRYINSEL  000 to DSP48E1 instance is invalid.
Time: 5965 ns  Iteration: 8  Process: /apatb_fft32_top/AESL_inst_fft32/dmul_64ns_64ns_64_7_max_dsp_1_U44/fft32_dmul_64ns_64ns_64_7_max_dsp_1_ip_u/inst/i_synth/mult/OP/i_non_prim/R_AND_R/logic/R_AND_R/dsp48_e1/dsp48e1_add/DSP48E1_ADD/i_no_versal_es1_workaround/DSP/prcs_opmode_drc  File: D:/Vivado/Vivado/2023.1/data/vhdl/src/unisims/primitive/DSP48E1.vhd
Warning: OPMODE Input Warning : The OPMODE 011XX11 with CARRYINSEL  000 to DSP48E1 instance is invalid.
Time: 6035 ns  Iteration: 8  Process: /apatb_fft32_top/AESL_inst_fft32/dmul_64ns_64ns_64_7_max_dsp_1_U44/fft32_dmul_64ns_64ns_64_7_max_dsp_1_ip_u/inst/i_synth/mult/OP/i_non_prim/R_AND_R/logic/R_AND_R/dsp48_e1/dsp48e1_add/DSP48E1_ADD/i_no_versal_es1_workaround/DSP/prcs_opmode_drc  File: D:/Vivado/Vivado/2023.1/data/vhdl/src/unisims/primitive/DSP48E1.vhd
Warning: OPMODE Input Warning : The OPMODE 011XX11 with CARRYINSEL  000 to DSP48E1 instance is invalid.
Time: 6475 ns  Iteration: 8  Process: /apatb_fft32_top/AESL_inst_fft32/dmul_64ns_64ns_64_7_max_dsp_1_U44/fft32_dmul_64ns_64ns_64_7_max_dsp_1_ip_u/inst/i_synth/mult/OP/i_non_prim/R_AND_R/logic/R_AND_R/dsp48_e1/dsp48e1_add/DSP48E1_ADD/i_no_versal_es1_workaround/DSP/prcs_opmode_drc  File: D:/Vivado/Vivado/2023.1/data/vhdl/src/unisims/primitive/DSP48E1.vhd
Warning: OPMODE Input Warning : The OPMODE 011XX11 with CARRYINSEL  000 to DSP48E1 instance is invalid.
Time: 6545 ns  Iteration: 8  Process: /apatb_fft32_top/AESL_inst_fft32/dmul_64ns_64ns_64_7_max_dsp_1_U44/fft32_dmul_64ns_64ns_64_7_max_dsp_1_ip_u/inst/i_synth/mult/OP/i_non_prim/R_AND_R/logic/R_AND_R/dsp48_e1/dsp48e1_add/DSP48E1_ADD/i_no_versal_es1_workaround/DSP/prcs_opmode_drc  File: D:/Vivado/Vivado/2023.1/data/vhdl/src/unisims/primitive/DSP48E1.vhd
Warning: OPMODE Input Warning : The OPMODE 011XX11 with CARRYINSEL  000 to DSP48E1 instance is invalid.
Time: 6615 ns  Iteration: 8  Process: /apatb_fft32_top/AESL_inst_fft32/dmul_64ns_64ns_64_7_max_dsp_1_U44/fft32_dmul_64ns_64ns_64_7_max_dsp_1_ip_u/inst/i_synth/mult/OP/i_non_prim/R_AND_R/logic/R_AND_R/dsp48_e1/dsp48e1_add/DSP48E1_ADD/i_no_versal_es1_workaround/DSP/prcs_opmode_drc  File: D:/Vivado/Vivado/2023.1/data/vhdl/src/unisims/primitive/DSP48E1.vhd
Warning: OPMODE Input Warning : The OPMODE 011XX11 with CARRYINSEL  000 to DSP48E1 instance is invalid.
Time: 7055 ns  Iteration: 8  Process: /apatb_fft32_top/AESL_inst_fft32/dmul_64ns_64ns_64_7_max_dsp_1_U44/fft32_dmul_64ns_64ns_64_7_max_dsp_1_ip_u/inst/i_synth/mult/OP/i_non_prim/R_AND_R/logic/R_AND_R/dsp48_e1/dsp48e1_add/DSP48E1_ADD/i_no_versal_es1_workaround/DSP/prcs_opmode_drc  File: D:/Vivado/Vivado/2023.1/data/vhdl/src/unisims/primitive/DSP48E1.vhd
Warning: OPMODE Input Warning : The OPMODE 011XX11 with CARRYINSEL  000 to DSP48E1 instance is invalid.
Time: 7125 ns  Iteration: 8  Process: /apatb_fft32_top/AESL_inst_fft32/dmul_64ns_64ns_64_7_max_dsp_1_U44/fft32_dmul_64ns_64ns_64_7_max_dsp_1_ip_u/inst/i_synth/mult/OP/i_non_prim/R_AND_R/logic/R_AND_R/dsp48_e1/dsp48e1_add/DSP48E1_ADD/i_no_versal_es1_workaround/DSP/prcs_opmode_drc  File: D:/Vivado/Vivado/2023.1/data/vhdl/src/unisims/primitive/DSP48E1.vhd
Warning: OPMODE Input Warning : The OPMODE 011XX11 with CARRYINSEL  000 to DSP48E1 instance is invalid.
Time: 7195 ns  Iteration: 8  Process: /apatb_fft32_top/AESL_inst_fft32/dmul_64ns_64ns_64_7_max_dsp_1_U44/fft32_dmul_64ns_64ns_64_7_max_dsp_1_ip_u/inst/i_synth/mult/OP/i_non_prim/R_AND_R/logic/R_AND_R/dsp48_e1/dsp48e1_add/DSP48E1_ADD/i_no_versal_es1_workaround/DSP/prcs_opmode_drc  File: D:/Vivado/Vivado/2023.1/data/vhdl/src/unisims/primitive/DSP48E1.vhd
Warning: OPMODE Input Warning : The OPMODE 011XX11 with CARRYINSEL  000 to DSP48E1 instance is invalid.
Time: 7815 ns  Iteration: 8  Process: /apatb_fft32_top/AESL_inst_fft32/dmul_64ns_64ns_64_7_max_dsp_1_U44/fft32_dmul_64ns_64ns_64_7_max_dsp_1_ip_u/inst/i_synth/mult/OP/i_non_prim/R_AND_R/logic/R_AND_R/dsp48_e1/dsp48e1_add/DSP48E1_ADD/i_no_versal_es1_workaround/DSP/prcs_opmode_drc  File: D:/Vivado/Vivado/2023.1/data/vhdl/src/unisims/primitive/DSP48E1.vhd
Warning: OPMODE Input Warning : The OPMODE 011XX11 with CARRYINSEL  000 to DSP48E1 instance is invalid.
Time: 7885 ns  Iteration: 8  Process: /apatb_fft32_top/AESL_inst_fft32/dmul_64ns_64ns_64_7_max_dsp_1_U44/fft32_dmul_64ns_64ns_64_7_max_dsp_1_ip_u/inst/i_synth/mult/OP/i_non_prim/R_AND_R/logic/R_AND_R/dsp48_e1/dsp48e1_add/DSP48E1_ADD/i_no_versal_es1_workaround/DSP/prcs_opmode_drc  File: D:/Vivado/Vivado/2023.1/data/vhdl/src/unisims/primitive/DSP48E1.vhd
Warning: OPMODE Input Warning : The OPMODE 011XX11 with CARRYINSEL  000 to DSP48E1 instance is invalid.
Time: 7955 ns  Iteration: 8  Process: /apatb_fft32_top/AESL_inst_fft32/dmul_64ns_64ns_64_7_max_dsp_1_U44/fft32_dmul_64ns_64ns_64_7_max_dsp_1_ip_u/inst/i_synth/mult/OP/i_non_prim/R_AND_R/logic/R_AND_R/dsp48_e1/dsp48e1_add/DSP48E1_ADD/i_no_versal_es1_workaround/DSP/prcs_opmode_drc  File: D:/Vivado/Vivado/2023.1/data/vhdl/src/unisims/primitive/DSP48E1.vhd
Warning: OPMODE Input Warning : The OPMODE 011XX11 with CARRYINSEL  000 to DSP48E1 instance is invalid.
Time: 8395 ns  Iteration: 8  Process: /apatb_fft32_top/AESL_inst_fft32/dmul_64ns_64ns_64_7_max_dsp_1_U44/fft32_dmul_64ns_64ns_64_7_max_dsp_1_ip_u/inst/i_synth/mult/OP/i_non_prim/R_AND_R/logic/R_AND_R/dsp48_e1/dsp48e1_add/DSP48E1_ADD/i_no_versal_es1_workaround/DSP/prcs_opmode_drc  File: D:/Vivado/Vivado/2023.1/data/vhdl/src/unisims/primitive/DSP48E1.vhd
Warning: OPMODE Input Warning : The OPMODE 011XX11 with CARRYINSEL  000 to DSP48E1 instance is invalid.
Time: 8465 ns  Iteration: 8  Process: /apatb_fft32_top/AESL_inst_fft32/dmul_64ns_64ns_64_7_max_dsp_1_U44/fft32_dmul_64ns_64ns_64_7_max_dsp_1_ip_u/inst/i_synth/mult/OP/i_non_prim/R_AND_R/logic/R_AND_R/dsp48_e1/dsp48e1_add/DSP48E1_ADD/i_no_versal_es1_workaround/DSP/prcs_opmode_drc  File: D:/Vivado/Vivado/2023.1/data/vhdl/src/unisims/primitive/DSP48E1.vhd
Warning: OPMODE Input Warning : The OPMODE 011XX11 with CARRYINSEL  000 to DSP48E1 instance is invalid.
Time: 8535 ns  Iteration: 8  Process: /apatb_fft32_top/AESL_inst_fft32/dmul_64ns_64ns_64_7_max_dsp_1_U44/fft32_dmul_64ns_64ns_64_7_max_dsp_1_ip_u/inst/i_synth/mult/OP/i_non_prim/R_AND_R/logic/R_AND_R/dsp48_e1/dsp48e1_add/DSP48E1_ADD/i_no_versal_es1_workaround/DSP/prcs_opmode_drc  File: D:/Vivado/Vivado/2023.1/data/vhdl/src/unisims/primitive/DSP48E1.vhd
Warning: OPMODE Input Warning : The OPMODE 011XX11 with CARRYINSEL  000 to DSP48E1 instance is invalid.
Time: 8975 ns  Iteration: 8  Process: /apatb_fft32_top/AESL_inst_fft32/dmul_64ns_64ns_64_7_max_dsp_1_U44/fft32_dmul_64ns_64ns_64_7_max_dsp_1_ip_u/inst/i_synth/mult/OP/i_non_prim/R_AND_R/logic/R_AND_R/dsp48_e1/dsp48e1_add/DSP48E1_ADD/i_no_versal_es1_workaround/DSP/prcs_opmode_drc  File: D:/Vivado/Vivado/2023.1/data/vhdl/src/unisims/primitive/DSP48E1.vhd
Warning: OPMODE Input Warning : The OPMODE 011XX11 with CARRYINSEL  000 to DSP48E1 instance is invalid.
Time: 9045 ns  Iteration: 8  Process: /apatb_fft32_top/AESL_inst_fft32/dmul_64ns_64ns_64_7_max_dsp_1_U44/fft32_dmul_64ns_64ns_64_7_max_dsp_1_ip_u/inst/i_synth/mult/OP/i_non_prim/R_AND_R/logic/R_AND_R/dsp48_e1/dsp48e1_add/DSP48E1_ADD/i_no_versal_es1_workaround/DSP/prcs_opmode_drc  File: D:/Vivado/Vivado/2023.1/data/vhdl/src/unisims/primitive/DSP48E1.vhd
Warning: OPMODE Input Warning : The OPMODE 011XX11 with CARRYINSEL  000 to DSP48E1 instance is invalid.
Time: 9115 ns  Iteration: 8  Process: /apatb_fft32_top/AESL_inst_fft32/dmul_64ns_64ns_64_7_max_dsp_1_U44/fft32_dmul_64ns_64ns_64_7_max_dsp_1_ip_u/inst/i_synth/mult/OP/i_non_prim/R_AND_R/logic/R_AND_R/dsp48_e1/dsp48e1_add/DSP48E1_ADD/i_no_versal_es1_workaround/DSP/prcs_opmode_drc  File: D:/Vivado/Vivado/2023.1/data/vhdl/src/unisims/primitive/DSP48E1.vhd
Warning: OPMODE Input Warning : The OPMODE 011XX11 with CARRYINSEL  000 to DSP48E1 instance is invalid.
Time: 9735 ns  Iteration: 8  Process: /apatb_fft32_top/AESL_inst_fft32/dmul_64ns_64ns_64_7_max_dsp_1_U44/fft32_dmul_64ns_64ns_64_7_max_dsp_1_ip_u/inst/i_synth/mult/OP/i_non_prim/R_AND_R/logic/R_AND_R/dsp48_e1/dsp48e1_add/DSP48E1_ADD/i_no_versal_es1_workaround/DSP/prcs_opmode_drc  File: D:/Vivado/Vivado/2023.1/data/vhdl/src/unisims/primitive/DSP48E1.vhd
Warning: OPMODE Input Warning : The OPMODE 011XX11 with CARRYINSEL  000 to DSP48E1 instance is invalid.
Time: 9805 ns  Iteration: 8  Process: /apatb_fft32_top/AESL_inst_fft32/dmul_64ns_64ns_64_7_max_dsp_1_U44/fft32_dmul_64ns_64ns_64_7_max_dsp_1_ip_u/inst/i_synth/mult/OP/i_non_prim/R_AND_R/logic/R_AND_R/dsp48_e1/dsp48e1_add/DSP48E1_ADD/i_no_versal_es1_workaround/DSP/prcs_opmode_drc  File: D:/Vivado/Vivado/2023.1/data/vhdl/src/unisims/primitive/DSP48E1.vhd
Warning: OPMODE Input Warning : The OPMODE 011XX11 with CARRYINSEL  000 to DSP48E1 instance is invalid.
Time: 9875 ns  Iteration: 8  Process: /apatb_fft32_top/AESL_inst_fft32/dmul_64ns_64ns_64_7_max_dsp_1_U44/fft32_dmul_64ns_64ns_64_7_max_dsp_1_ip_u/inst/i_synth/mult/OP/i_non_prim/R_AND_R/logic/R_AND_R/dsp48_e1/dsp48e1_add/DSP48E1_ADD/i_no_versal_es1_workaround/DSP/prcs_opmode_drc  File: D:/Vivado/Vivado/2023.1/data/vhdl/src/unisims/primitive/DSP48E1.vhd
Warning: OPMODE Input Warning : The OPMODE 011XX11 with CARRYINSEL  000 to DSP48E1 instance is invalid.
Time: 10315 ns  Iteration: 8  Process: /apatb_fft32_top/AESL_inst_fft32/dmul_64ns_64ns_64_7_max_dsp_1_U44/fft32_dmul_64ns_64ns_64_7_max_dsp_1_ip_u/inst/i_synth/mult/OP/i_non_prim/R_AND_R/logic/R_AND_R/dsp48_e1/dsp48e1_add/DSP48E1_ADD/i_no_versal_es1_workaround/DSP/prcs_opmode_drc  File: D:/Vivado/Vivado/2023.1/data/vhdl/src/unisims/primitive/DSP48E1.vhd
Warning: OPMODE Input Warning : The OPMODE 011XX11 with CARRYINSEL  000 to DSP48E1 instance is invalid.
Time: 10385 ns  Iteration: 8  Process: /apatb_fft32_top/AESL_inst_fft32/dmul_64ns_64ns_64_7_max_dsp_1_U44/fft32_dmul_64ns_64ns_64_7_max_dsp_1_ip_u/inst/i_synth/mult/OP/i_non_prim/R_AND_R/logic/R_AND_R/dsp48_e1/dsp48e1_add/DSP48E1_ADD/i_no_versal_es1_workaround/DSP/prcs_opmode_drc  File: D:/Vivado/Vivado/2023.1/data/vhdl/src/unisims/primitive/DSP48E1.vhd
Warning: OPMODE Input Warning : The OPMODE 011XX11 with CARRYINSEL  000 to DSP48E1 instance is invalid.
Time: 10455 ns  Iteration: 8  Process: /apatb_fft32_top/AESL_inst_fft32/dmul_64ns_64ns_64_7_max_dsp_1_U44/fft32_dmul_64ns_64ns_64_7_max_dsp_1_ip_u/inst/i_synth/mult/OP/i_non_prim/R_AND_R/logic/R_AND_R/dsp48_e1/dsp48e1_add/DSP48E1_ADD/i_no_versal_es1_workaround/DSP/prcs_opmode_drc  File: D:/Vivado/Vivado/2023.1/data/vhdl/src/unisims/primitive/DSP48E1.vhd
Warning: OPMODE Input Warning : The OPMODE 011XX11 with CARRYINSEL  000 to DSP48E1 instance is invalid.
Time: 10895 ns  Iteration: 8  Process: /apatb_fft32_top/AESL_inst_fft32/dmul_64ns_64ns_64_7_max_dsp_1_U44/fft32_dmul_64ns_64ns_64_7_max_dsp_1_ip_u/inst/i_synth/mult/OP/i_non_prim/R_AND_R/logic/R_AND_R/dsp48_e1/dsp48e1_add/DSP48E1_ADD/i_no_versal_es1_workaround/DSP/prcs_opmode_drc  File: D:/Vivado/Vivado/2023.1/data/vhdl/src/unisims/primitive/DSP48E1.vhd
Warning: OPMODE Input Warning : The OPMODE 011XX11 with CARRYINSEL  000 to DSP48E1 instance is invalid.
Time: 10965 ns  Iteration: 8  Process: /apatb_fft32_top/AESL_inst_fft32/dmul_64ns_64ns_64_7_max_dsp_1_U44/fft32_dmul_64ns_64ns_64_7_max_dsp_1_ip_u/inst/i_synth/mult/OP/i_non_prim/R_AND_R/logic/R_AND_R/dsp48_e1/dsp48e1_add/DSP48E1_ADD/i_no_versal_es1_workaround/DSP/prcs_opmode_drc  File: D:/Vivado/Vivado/2023.1/data/vhdl/src/unisims/primitive/DSP48E1.vhd
Warning: OPMODE Input Warning : The OPMODE 011XX11 with CARRYINSEL  000 to DSP48E1 instance is invalid.
Time: 11035 ns  Iteration: 8  Process: /apatb_fft32_top/AESL_inst_fft32/dmul_64ns_64ns_64_7_max_dsp_1_U44/fft32_dmul_64ns_64ns_64_7_max_dsp_1_ip_u/inst/i_synth/mult/OP/i_non_prim/R_AND_R/logic/R_AND_R/dsp48_e1/dsp48e1_add/DSP48E1_ADD/i_no_versal_es1_workaround/DSP/prcs_opmode_drc  File: D:/Vivado/Vivado/2023.1/data/vhdl/src/unisims/primitive/DSP48E1.vhd
Warning: OPMODE Input Warning : The OPMODE 011XX11 with CARRYINSEL  000 to DSP48E1 instance is invalid.
Time: 11655 ns  Iteration: 8  Process: /apatb_fft32_top/AESL_inst_fft32/dmul_64ns_64ns_64_7_max_dsp_1_U44/fft32_dmul_64ns_64ns_64_7_max_dsp_1_ip_u/inst/i_synth/mult/OP/i_non_prim/R_AND_R/logic/R_AND_R/dsp48_e1/dsp48e1_add/DSP48E1_ADD/i_no_versal_es1_workaround/DSP/prcs_opmode_drc  File: D:/Vivado/Vivado/2023.1/data/vhdl/src/unisims/primitive/DSP48E1.vhd
Warning: OPMODE Input Warning : The OPMODE 011XX11 with CARRYINSEL  000 to DSP48E1 instance is invalid.
Time: 11725 ns  Iteration: 8  Process: /apatb_fft32_top/AESL_inst_fft32/dmul_64ns_64ns_64_7_max_dsp_1_U44/fft32_dmul_64ns_64ns_64_7_max_dsp_1_ip_u/inst/i_synth/mult/OP/i_non_prim/R_AND_R/logic/R_AND_R/dsp48_e1/dsp48e1_add/DSP48E1_ADD/i_no_versal_es1_workaround/DSP/prcs_opmode_drc  File: D:/Vivado/Vivado/2023.1/data/vhdl/src/unisims/primitive/DSP48E1.vhd
Warning: OPMODE Input Warning : The OPMODE 011XX11 with CARRYINSEL  000 to DSP48E1 instance is invalid.
Time: 11795 ns  Iteration: 8  Process: /apatb_fft32_top/AESL_inst_fft32/dmul_64ns_64ns_64_7_max_dsp_1_U44/fft32_dmul_64ns_64ns_64_7_max_dsp_1_ip_u/inst/i_synth/mult/OP/i_non_prim/R_AND_R/logic/R_AND_R/dsp48_e1/dsp48e1_add/DSP48E1_ADD/i_no_versal_es1_workaround/DSP/prcs_opmode_drc  File: D:/Vivado/Vivado/2023.1/data/vhdl/src/unisims/primitive/DSP48E1.vhd
Warning: OPMODE Input Warning : The OPMODE 011XX11 with CARRYINSEL  000 to DSP48E1 instance is invalid.
Time: 12235 ns  Iteration: 8  Process: /apatb_fft32_top/AESL_inst_fft32/dmul_64ns_64ns_64_7_max_dsp_1_U44/fft32_dmul_64ns_64ns_64_7_max_dsp_1_ip_u/inst/i_synth/mult/OP/i_non_prim/R_AND_R/logic/R_AND_R/dsp48_e1/dsp48e1_add/DSP48E1_ADD/i_no_versal_es1_workaround/DSP/prcs_opmode_drc  File: D:/Vivado/Vivado/2023.1/data/vhdl/src/unisims/primitive/DSP48E1.vhd
Warning: OPMODE Input Warning : The OPMODE 011XX11 with CARRYINSEL  000 to DSP48E1 instance is invalid.
Time: 12305 ns  Iteration: 8  Process: /apatb_fft32_top/AESL_inst_fft32/dmul_64ns_64ns_64_7_max_dsp_1_U44/fft32_dmul_64ns_64ns_64_7_max_dsp_1_ip_u/inst/i_synth/mult/OP/i_non_prim/R_AND_R/logic/R_AND_R/dsp48_e1/dsp48e1_add/DSP48E1_ADD/i_no_versal_es1_workaround/DSP/prcs_opmode_drc  File: D:/Vivado/Vivado/2023.1/data/vhdl/src/unisims/primitive/DSP48E1.vhd
Warning: OPMODE Input Warning : The OPMODE 011XX11 with CARRYINSEL  000 to DSP48E1 instance is invalid.
Time: 12375 ns  Iteration: 8  Process: /apatb_fft32_top/AESL_inst_fft32/dmul_64ns_64ns_64_7_max_dsp_1_U44/fft32_dmul_64ns_64ns_64_7_max_dsp_1_ip_u/inst/i_synth/mult/OP/i_non_prim/R_AND_R/logic/R_AND_R/dsp48_e1/dsp48e1_add/DSP48E1_ADD/i_no_versal_es1_workaround/DSP/prcs_opmode_drc  File: D:/Vivado/Vivado/2023.1/data/vhdl/src/unisims/primitive/DSP48E1.vhd
Warning: OPMODE Input Warning : The OPMODE 011XX11 with CARRYINSEL  000 to DSP48E1 instance is invalid.
Time: 12815 ns  Iteration: 8  Process: /apatb_fft32_top/AESL_inst_fft32/dmul_64ns_64ns_64_7_max_dsp_1_U44/fft32_dmul_64ns_64ns_64_7_max_dsp_1_ip_u/inst/i_synth/mult/OP/i_non_prim/R_AND_R/logic/R_AND_R/dsp48_e1/dsp48e1_add/DSP48E1_ADD/i_no_versal_es1_workaround/DSP/prcs_opmode_drc  File: D:/Vivado/Vivado/2023.1/data/vhdl/src/unisims/primitive/DSP48E1.vhd
Warning: OPMODE Input Warning : The OPMODE 011XX11 with CARRYINSEL  000 to DSP48E1 instance is invalid.
Time: 12885 ns  Iteration: 8  Process: /apatb_fft32_top/AESL_inst_fft32/dmul_64ns_64ns_64_7_max_dsp_1_U44/fft32_dmul_64ns_64ns_64_7_max_dsp_1_ip_u/inst/i_synth/mult/OP/i_non_prim/R_AND_R/logic/R_AND_R/dsp48_e1/dsp48e1_add/DSP48E1_ADD/i_no_versal_es1_workaround/DSP/prcs_opmode_drc  File: D:/Vivado/Vivado/2023.1/data/vhdl/src/unisims/primitive/DSP48E1.vhd
Warning: OPMODE Input Warning : The OPMODE 011XX11 with CARRYINSEL  000 to DSP48E1 instance is invalid.
Time: 12955 ns  Iteration: 8  Process: /apatb_fft32_top/AESL_inst_fft32/dmul_64ns_64ns_64_7_max_dsp_1_U44/fft32_dmul_64ns_64ns_64_7_max_dsp_1_ip_u/inst/i_synth/mult/OP/i_non_prim/R_AND_R/logic/R_AND_R/dsp48_e1/dsp48e1_add/DSP48E1_ADD/i_no_versal_es1_workaround/DSP/prcs_opmode_drc  File: D:/Vivado/Vivado/2023.1/data/vhdl/src/unisims/primitive/DSP48E1.vhd
Warning: OPMODE Input Warning : The OPMODE 011XX11 with CARRYINSEL  000 to DSP48E1 instance is invalid.
Time: 13575 ns  Iteration: 8  Process: /apatb_fft32_top/AESL_inst_fft32/dmul_64ns_64ns_64_7_max_dsp_1_U44/fft32_dmul_64ns_64ns_64_7_max_dsp_1_ip_u/inst/i_synth/mult/OP/i_non_prim/R_AND_R/logic/R_AND_R/dsp48_e1/dsp48e1_add/DSP48E1_ADD/i_no_versal_es1_workaround/DSP/prcs_opmode_drc  File: D:/Vivado/Vivado/2023.1/data/vhdl/src/unisims/primitive/DSP48E1.vhd
Warning: OPMODE Input Warning : The OPMODE 011XX11 with CARRYINSEL  000 to DSP48E1 instance is invalid.
Time: 13645 ns  Iteration: 8  Process: /apatb_fft32_top/AESL_inst_fft32/dmul_64ns_64ns_64_7_max_dsp_1_U44/fft32_dmul_64ns_64ns_64_7_max_dsp_1_ip_u/inst/i_synth/mult/OP/i_non_prim/R_AND_R/logic/R_AND_R/dsp48_e1/dsp48e1_add/DSP48E1_ADD/i_no_versal_es1_workaround/DSP/prcs_opmode_drc  File: D:/Vivado/Vivado/2023.1/data/vhdl/src/unisims/primitive/DSP48E1.vhd
Warning: OPMODE Input Warning : The OPMODE 011XX11 with CARRYINSEL  000 to DSP48E1 instance is invalid.
Time: 13715 ns  Iteration: 8  Process: /apatb_fft32_top/AESL_inst_fft32/dmul_64ns_64ns_64_7_max_dsp_1_U44/fft32_dmul_64ns_64ns_64_7_max_dsp_1_ip_u/inst/i_synth/mult/OP/i_non_prim/R_AND_R/logic/R_AND_R/dsp48_e1/dsp48e1_add/DSP48E1_ADD/i_no_versal_es1_workaround/DSP/prcs_opmode_drc  File: D:/Vivado/Vivado/2023.1/data/vhdl/src/unisims/primitive/DSP48E1.vhd
Warning: OPMODE Input Warning : The OPMODE 011XX11 with CARRYINSEL  000 to DSP48E1 instance is invalid.
Time: 14155 ns  Iteration: 8  Process: /apatb_fft32_top/AESL_inst_fft32/dmul_64ns_64ns_64_7_max_dsp_1_U44/fft32_dmul_64ns_64ns_64_7_max_dsp_1_ip_u/inst/i_synth/mult/OP/i_non_prim/R_AND_R/logic/R_AND_R/dsp48_e1/dsp48e1_add/DSP48E1_ADD/i_no_versal_es1_workaround/DSP/prcs_opmode_drc  File: D:/Vivado/Vivado/2023.1/data/vhdl/src/unisims/primitive/DSP48E1.vhd
Warning: OPMODE Input Warning : The OPMODE 011XX11 with CARRYINSEL  000 to DSP48E1 instance is invalid.
Time: 14225 ns  Iteration: 8  Process: /apatb_fft32_top/AESL_inst_fft32/dmul_64ns_64ns_64_7_max_dsp_1_U44/fft32_dmul_64ns_64ns_64_7_max_dsp_1_ip_u/inst/i_synth/mult/OP/i_non_prim/R_AND_R/logic/R_AND_R/dsp48_e1/dsp48e1_add/DSP48E1_ADD/i_no_versal_es1_workaround/DSP/prcs_opmode_drc  File: D:/Vivado/Vivado/2023.1/data/vhdl/src/unisims/primitive/DSP48E1.vhd
Warning: OPMODE Input Warning : The OPMODE 011XX11 with CARRYINSEL  000 to DSP48E1 instance is invalid.
Time: 14295 ns  Iteration: 8  Process: /apatb_fft32_top/AESL_inst_fft32/dmul_64ns_64ns_64_7_max_dsp_1_U44/fft32_dmul_64ns_64ns_64_7_max_dsp_1_ip_u/inst/i_synth/mult/OP/i_non_prim/R_AND_R/logic/R_AND_R/dsp48_e1/dsp48e1_add/DSP48E1_ADD/i_no_versal_es1_workaround/DSP/prcs_opmode_drc  File: D:/Vivado/Vivado/2023.1/data/vhdl/src/unisims/primitive/DSP48E1.vhd
Warning: OPMODE Input Warning : The OPMODE 011XX11 with CARRYINSEL  000 to DSP48E1 instance is invalid.
Time: 14735 ns  Iteration: 8  Process: /apatb_fft32_top/AESL_inst_fft32/dmul_64ns_64ns_64_7_max_dsp_1_U44/fft32_dmul_64ns_64ns_64_7_max_dsp_1_ip_u/inst/i_synth/mult/OP/i_non_prim/R_AND_R/logic/R_AND_R/dsp48_e1/dsp48e1_add/DSP48E1_ADD/i_no_versal_es1_workaround/DSP/prcs_opmode_drc  File: D:/Vivado/Vivado/2023.1/data/vhdl/src/unisims/primitive/DSP48E1.vhd
Warning: OPMODE Input Warning : The OPMODE 011XX11 with CARRYINSEL  000 to DSP48E1 instance is invalid.
Time: 14805 ns  Iteration: 8  Process: /apatb_fft32_top/AESL_inst_fft32/dmul_64ns_64ns_64_7_max_dsp_1_U44/fft32_dmul_64ns_64ns_64_7_max_dsp_1_ip_u/inst/i_synth/mult/OP/i_non_prim/R_AND_R/logic/R_AND_R/dsp48_e1/dsp48e1_add/DSP48E1_ADD/i_no_versal_es1_workaround/DSP/prcs_opmode_drc  File: D:/Vivado/Vivado/2023.1/data/vhdl/src/unisims/primitive/DSP48E1.vhd
Warning: OPMODE Input Warning : The OPMODE 011XX11 with CARRYINSEL  000 to DSP48E1 instance is invalid.
Time: 14875 ns  Iteration: 8  Process: /apatb_fft32_top/AESL_inst_fft32/dmul_64ns_64ns_64_7_max_dsp_1_U44/fft32_dmul_64ns_64ns_64_7_max_dsp_1_ip_u/inst/i_synth/mult/OP/i_non_prim/R_AND_R/logic/R_AND_R/dsp48_e1/dsp48e1_add/DSP48E1_ADD/i_no_versal_es1_workaround/DSP/prcs_opmode_drc  File: D:/Vivado/Vivado/2023.1/data/vhdl/src/unisims/primitive/DSP48E1.vhd
Warning: OPMODE Input Warning : The OPMODE 011XX11 with CARRYINSEL  000 to DSP48E1 instance is invalid.
Time: 15495 ns  Iteration: 8  Process: /apatb_fft32_top/AESL_inst_fft32/dmul_64ns_64ns_64_7_max_dsp_1_U44/fft32_dmul_64ns_64ns_64_7_max_dsp_1_ip_u/inst/i_synth/mult/OP/i_non_prim/R_AND_R/logic/R_AND_R/dsp48_e1/dsp48e1_add/DSP48E1_ADD/i_no_versal_es1_workaround/DSP/prcs_opmode_drc  File: D:/Vivado/Vivado/2023.1/data/vhdl/src/unisims/primitive/DSP48E1.vhd
Warning: OPMODE Input Warning : The OPMODE 011XX11 with CARRYINSEL  000 to DSP48E1 instance is invalid.
Time: 15565 ns  Iteration: 8  Process: /apatb_fft32_top/AESL_inst_fft32/dmul_64ns_64ns_64_7_max_dsp_1_U44/fft32_dmul_64ns_64ns_64_7_max_dsp_1_ip_u/inst/i_synth/mult/OP/i_non_prim/R_AND_R/logic/R_AND_R/dsp48_e1/dsp48e1_add/DSP48E1_ADD/i_no_versal_es1_workaround/DSP/prcs_opmode_drc  File: D:/Vivado/Vivado/2023.1/data/vhdl/src/unisims/primitive/DSP48E1.vhd
Warning: OPMODE Input Warning : The OPMODE 011XX11 with CARRYINSEL  000 to DSP48E1 instance is invalid.
Time: 15635 ns  Iteration: 8  Process: /apatb_fft32_top/AESL_inst_fft32/dmul_64ns_64ns_64_7_max_dsp_1_U44/fft32_dmul_64ns_64ns_64_7_max_dsp_1_ip_u/inst/i_synth/mult/OP/i_non_prim/R_AND_R/logic/R_AND_R/dsp48_e1/dsp48e1_add/DSP48E1_ADD/i_no_versal_es1_workaround/DSP/prcs_opmode_drc  File: D:/Vivado/Vivado/2023.1/data/vhdl/src/unisims/primitive/DSP48E1.vhd
Warning: OPMODE Input Warning : The OPMODE 011XX11 with CARRYINSEL  000 to DSP48E1 instance is invalid.
Time: 16075 ns  Iteration: 8  Process: /apatb_fft32_top/AESL_inst_fft32/dmul_64ns_64ns_64_7_max_dsp_1_U44/fft32_dmul_64ns_64ns_64_7_max_dsp_1_ip_u/inst/i_synth/mult/OP/i_non_prim/R_AND_R/logic/R_AND_R/dsp48_e1/dsp48e1_add/DSP48E1_ADD/i_no_versal_es1_workaround/DSP/prcs_opmode_drc  File: D:/Vivado/Vivado/2023.1/data/vhdl/src/unisims/primitive/DSP48E1.vhd
Warning: OPMODE Input Warning : The OPMODE 011XX11 with CARRYINSEL  000 to DSP48E1 instance is invalid.
Time: 16145 ns  Iteration: 8  Process: /apatb_fft32_top/AESL_inst_fft32/dmul_64ns_64ns_64_7_max_dsp_1_U44/fft32_dmul_64ns_64ns_64_7_max_dsp_1_ip_u/inst/i_synth/mult/OP/i_non_prim/R_AND_R/logic/R_AND_R/dsp48_e1/dsp48e1_add/DSP48E1_ADD/i_no_versal_es1_workaround/DSP/prcs_opmode_drc  File: D:/Vivado/Vivado/2023.1/data/vhdl/src/unisims/primitive/DSP48E1.vhd
Warning: OPMODE Input Warning : The OPMODE 011XX11 with CARRYINSEL  000 to DSP48E1 instance is invalid.
Time: 16215 ns  Iteration: 8  Process: /apatb_fft32_top/AESL_inst_fft32/dmul_64ns_64ns_64_7_max_dsp_1_U44/fft32_dmul_64ns_64ns_64_7_max_dsp_1_ip_u/inst/i_synth/mult/OP/i_non_prim/R_AND_R/logic/R_AND_R/dsp48_e1/dsp48e1_add/DSP48E1_ADD/i_no_versal_es1_workaround/DSP/prcs_opmode_drc  File: D:/Vivado/Vivado/2023.1/data/vhdl/src/unisims/primitive/DSP48E1.vhd
Warning: OPMODE Input Warning : The OPMODE 011XX11 with CARRYINSEL  000 to DSP48E1 instance is invalid.
Time: 16655 ns  Iteration: 8  Process: /apatb_fft32_top/AESL_inst_fft32/dmul_64ns_64ns_64_7_max_dsp_1_U44/fft32_dmul_64ns_64ns_64_7_max_dsp_1_ip_u/inst/i_synth/mult/OP/i_non_prim/R_AND_R/logic/R_AND_R/dsp48_e1/dsp48e1_add/DSP48E1_ADD/i_no_versal_es1_workaround/DSP/prcs_opmode_drc  File: D:/Vivado/Vivado/2023.1/data/vhdl/src/unisims/primitive/DSP48E1.vhd
Warning: OPMODE Input Warning : The OPMODE 011XX11 with CARRYINSEL  000 to DSP48E1 instance is invalid.
Time: 16725 ns  Iteration: 8  Process: /apatb_fft32_top/AESL_inst_fft32/dmul_64ns_64ns_64_7_max_dsp_1_U44/fft32_dmul_64ns_64ns_64_7_max_dsp_1_ip_u/inst/i_synth/mult/OP/i_non_prim/R_AND_R/logic/R_AND_R/dsp48_e1/dsp48e1_add/DSP48E1_ADD/i_no_versal_es1_workaround/DSP/prcs_opmode_drc  File: D:/Vivado/Vivado/2023.1/data/vhdl/src/unisims/primitive/DSP48E1.vhd
Warning: OPMODE Input Warning : The OPMODE 011XX11 with CARRYINSEL  000 to DSP48E1 instance is invalid.
Time: 16795 ns  Iteration: 8  Process: /apatb_fft32_top/AESL_inst_fft32/dmul_64ns_64ns_64_7_max_dsp_1_U44/fft32_dmul_64ns_64ns_64_7_max_dsp_1_ip_u/inst/i_synth/mult/OP/i_non_prim/R_AND_R/logic/R_AND_R/dsp48_e1/dsp48e1_add/DSP48E1_ADD/i_no_versal_es1_workaround/DSP/prcs_opmode_drc  File: D:/Vivado/Vivado/2023.1/data/vhdl/src/unisims/primitive/DSP48E1.vhd
Warning: OPMODE Input Warning : The OPMODE 011XX11 with CARRYINSEL  000 to DSP48E1 instance is invalid.
Time: 17325 ns  Iteration: 8  Process: /apatb_fft32_top/AESL_inst_fft32/dmul_64ns_64ns_64_7_max_dsp_1_U44/fft32_dmul_64ns_64ns_64_7_max_dsp_1_ip_u/inst/i_synth/mult/OP/i_non_prim/R_AND_R/logic/R_AND_R/dsp48_e1/dsp48e1_add/DSP48E1_ADD/i_no_versal_es1_workaround/DSP/prcs_opmode_drc  File: D:/Vivado/Vivado/2023.1/data/vhdl/src/unisims/primitive/DSP48E1.vhd
Warning: OPMODE Input Warning : The OPMODE 011XX11 with CARRYINSEL  000 to DSP48E1 instance is invalid.
Time: 17395 ns  Iteration: 8  Process: /apatb_fft32_top/AESL_inst_fft32/dmul_64ns_64ns_64_7_max_dsp_1_U44/fft32_dmul_64ns_64ns_64_7_max_dsp_1_ip_u/inst/i_synth/mult/OP/i_non_prim/R_AND_R/logic/R_AND_R/dsp48_e1/dsp48e1_add/DSP48E1_ADD/i_no_versal_es1_workaround/DSP/prcs_opmode_drc  File: D:/Vivado/Vivado/2023.1/data/vhdl/src/unisims/primitive/DSP48E1.vhd
Warning: OPMODE Input Warning : The OPMODE 011XX11 with CARRYINSEL  000 to DSP48E1 instance is invalid.
Time: 17865 ns  Iteration: 8  Process: /apatb_fft32_top/AESL_inst_fft32/dmul_64ns_64ns_64_7_max_dsp_1_U44/fft32_dmul_64ns_64ns_64_7_max_dsp_1_ip_u/inst/i_synth/mult/OP/i_non_prim/R_AND_R/logic/R_AND_R/dsp48_e1/dsp48e1_add/DSP48E1_ADD/i_no_versal_es1_workaround/DSP/prcs_opmode_drc  File: D:/Vivado/Vivado/2023.1/data/vhdl/src/unisims/primitive/DSP48E1.vhd
Warning: OPMODE Input Warning : The OPMODE 011XX11 with CARRYINSEL  000 to DSP48E1 instance is invalid.
Time: 17935 ns  Iteration: 8  Process: /apatb_fft32_top/AESL_inst_fft32/dmul_64ns_64ns_64_7_max_dsp_1_U44/fft32_dmul_64ns_64ns_64_7_max_dsp_1_ip_u/inst/i_synth/mult/OP/i_non_prim/R_AND_R/logic/R_AND_R/dsp48_e1/dsp48e1_add/DSP48E1_ADD/i_no_versal_es1_workaround/DSP/prcs_opmode_drc  File: D:/Vivado/Vivado/2023.1/data/vhdl/src/unisims/primitive/DSP48E1.vhd
Warning: OPMODE Input Warning : The OPMODE 011XX11 with CARRYINSEL  000 to DSP48E1 instance is invalid.
Time: 18405 ns  Iteration: 8  Process: /apatb_fft32_top/AESL_inst_fft32/dmul_64ns_64ns_64_7_max_dsp_1_U44/fft32_dmul_64ns_64ns_64_7_max_dsp_1_ip_u/inst/i_synth/mult/OP/i_non_prim/R_AND_R/logic/R_AND_R/dsp48_e1/dsp48e1_add/DSP48E1_ADD/i_no_versal_es1_workaround/DSP/prcs_opmode_drc  File: D:/Vivado/Vivado/2023.1/data/vhdl/src/unisims/primitive/DSP48E1.vhd
Warning: OPMODE Input Warning : The OPMODE 011XX11 with CARRYINSEL  000 to DSP48E1 instance is invalid.
Time: 18475 ns  Iteration: 8  Process: /apatb_fft32_top/AESL_inst_fft32/dmul_64ns_64ns_64_7_max_dsp_1_U44/fft32_dmul_64ns_64ns_64_7_max_dsp_1_ip_u/inst/i_synth/mult/OP/i_non_prim/R_AND_R/logic/R_AND_R/dsp48_e1/dsp48e1_add/DSP48E1_ADD/i_no_versal_es1_workaround/DSP/prcs_opmode_drc  File: D:/Vivado/Vivado/2023.1/data/vhdl/src/unisims/primitive/DSP48E1.vhd
Warning: OPMODE Input Warning : The OPMODE 011XX11 with CARRYINSEL  000 to DSP48E1 instance is invalid.
Time: 18945 ns  Iteration: 8  Process: /apatb_fft32_top/AESL_inst_fft32/dmul_64ns_64ns_64_7_max_dsp_1_U44/fft32_dmul_64ns_64ns_64_7_max_dsp_1_ip_u/inst/i_synth/mult/OP/i_non_prim/R_AND_R/logic/R_AND_R/dsp48_e1/dsp48e1_add/DSP48E1_ADD/i_no_versal_es1_workaround/DSP/prcs_opmode_drc  File: D:/Vivado/Vivado/2023.1/data/vhdl/src/unisims/primitive/DSP48E1.vhd
Warning: OPMODE Input Warning : The OPMODE 011XX11 with CARRYINSEL  000 to DSP48E1 instance is invalid.
Time: 19015 ns  Iteration: 8  Process: /apatb_fft32_top/AESL_inst_fft32/dmul_64ns_64ns_64_7_max_dsp_1_U44/fft32_dmul_64ns_64ns_64_7_max_dsp_1_ip_u/inst/i_synth/mult/OP/i_non_prim/R_AND_R/logic/R_AND_R/dsp48_e1/dsp48e1_add/DSP48E1_ADD/i_no_versal_es1_workaround/DSP/prcs_opmode_drc  File: D:/Vivado/Vivado/2023.1/data/vhdl/src/unisims/primitive/DSP48E1.vhd
Warning: OPMODE Input Warning : The OPMODE 011XX11 with CARRYINSEL  000 to DSP48E1 instance is invalid.
Time: 19485 ns  Iteration: 8  Process: /apatb_fft32_top/AESL_inst_fft32/dmul_64ns_64ns_64_7_max_dsp_1_U44/fft32_dmul_64ns_64ns_64_7_max_dsp_1_ip_u/inst/i_synth/mult/OP/i_non_prim/R_AND_R/logic/R_AND_R/dsp48_e1/dsp48e1_add/DSP48E1_ADD/i_no_versal_es1_workaround/DSP/prcs_opmode_drc  File: D:/Vivado/Vivado/2023.1/data/vhdl/src/unisims/primitive/DSP48E1.vhd
Warning: OPMODE Input Warning : The OPMODE 011XX11 with CARRYINSEL  000 to DSP48E1 instance is invalid.
Time: 19555 ns  Iteration: 8  Process: /apatb_fft32_top/AESL_inst_fft32/dmul_64ns_64ns_64_7_max_dsp_1_U44/fft32_dmul_64ns_64ns_64_7_max_dsp_1_ip_u/inst/i_synth/mult/OP/i_non_prim/R_AND_R/logic/R_AND_R/dsp48_e1/dsp48e1_add/DSP48E1_ADD/i_no_versal_es1_workaround/DSP/prcs_opmode_drc  File: D:/Vivado/Vivado/2023.1/data/vhdl/src/unisims/primitive/DSP48E1.vhd
Warning: OPMODE Input Warning : The OPMODE 011XX11 with CARRYINSEL  000 to DSP48E1 instance is invalid.
Time: 20025 ns  Iteration: 8  Process: /apatb_fft32_top/AESL_inst_fft32/dmul_64ns_64ns_64_7_max_dsp_1_U44/fft32_dmul_64ns_64ns_64_7_max_dsp_1_ip_u/inst/i_synth/mult/OP/i_non_prim/R_AND_R/logic/R_AND_R/dsp48_e1/dsp48e1_add/DSP48E1_ADD/i_no_versal_es1_workaround/DSP/prcs_opmode_drc  File: D:/Vivado/Vivado/2023.1/data/vhdl/src/unisims/primitive/DSP48E1.vhd
Warning: OPMODE Input Warning : The OPMODE 011XX11 with CARRYINSEL  000 to DSP48E1 instance is invalid.
Time: 20095 ns  Iteration: 8  Process: /apatb_fft32_top/AESL_inst_fft32/dmul_64ns_64ns_64_7_max_dsp_1_U44/fft32_dmul_64ns_64ns_64_7_max_dsp_1_ip_u/inst/i_synth/mult/OP/i_non_prim/R_AND_R/logic/R_AND_R/dsp48_e1/dsp48e1_add/DSP48E1_ADD/i_no_versal_es1_workaround/DSP/prcs_opmode_drc  File: D:/Vivado/Vivado/2023.1/data/vhdl/src/unisims/primitive/DSP48E1.vhd
Warning: OPMODE Input Warning : The OPMODE 011XX11 with CARRYINSEL  000 to DSP48E1 instance is invalid.
Time: 20565 ns  Iteration: 8  Process: /apatb_fft32_top/AESL_inst_fft32/dmul_64ns_64ns_64_7_max_dsp_1_U44/fft32_dmul_64ns_64ns_64_7_max_dsp_1_ip_u/inst/i_synth/mult/OP/i_non_prim/R_AND_R/logic/R_AND_R/dsp48_e1/dsp48e1_add/DSP48E1_ADD/i_no_versal_es1_workaround/DSP/prcs_opmode_drc  File: D:/Vivado/Vivado/2023.1/data/vhdl/src/unisims/primitive/DSP48E1.vhd
Warning: OPMODE Input Warning : The OPMODE 011XX11 with CARRYINSEL  000 to DSP48E1 instance is invalid.
Time: 20635 ns  Iteration: 8  Process: /apatb_fft32_top/AESL_inst_fft32/dmul_64ns_64ns_64_7_max_dsp_1_U44/fft32_dmul_64ns_64ns_64_7_max_dsp_1_ip_u/inst/i_synth/mult/OP/i_non_prim/R_AND_R/logic/R_AND_R/dsp48_e1/dsp48e1_add/DSP48E1_ADD/i_no_versal_es1_workaround/DSP/prcs_opmode_drc  File: D:/Vivado/Vivado/2023.1/data/vhdl/src/unisims/primitive/DSP48E1.vhd
Warning: OPMODE Input Warning : The OPMODE 011XX11 with CARRYINSEL  000 to DSP48E1 instance is invalid.
Time: 21105 ns  Iteration: 8  Process: /apatb_fft32_top/AESL_inst_fft32/dmul_64ns_64ns_64_7_max_dsp_1_U44/fft32_dmul_64ns_64ns_64_7_max_dsp_1_ip_u/inst/i_synth/mult/OP/i_non_prim/R_AND_R/logic/R_AND_R/dsp48_e1/dsp48e1_add/DSP48E1_ADD/i_no_versal_es1_workaround/DSP/prcs_opmode_drc  File: D:/Vivado/Vivado/2023.1/data/vhdl/src/unisims/primitive/DSP48E1.vhd
Warning: OPMODE Input Warning : The OPMODE 011XX11 with CARRYINSEL  000 to DSP48E1 instance is invalid.
Time: 21175 ns  Iteration: 8  Process: /apatb_fft32_top/AESL_inst_fft32/dmul_64ns_64ns_64_7_max_dsp_1_U44/fft32_dmul_64ns_64ns_64_7_max_dsp_1_ip_u/inst/i_synth/mult/OP/i_non_prim/R_AND_R/logic/R_AND_R/dsp48_e1/dsp48e1_add/DSP48E1_ADD/i_no_versal_es1_workaround/DSP/prcs_opmode_drc  File: D:/Vivado/Vivado/2023.1/data/vhdl/src/unisims/primitive/DSP48E1.vhd
Warning: OPMODE Input Warning : The OPMODE 011XX11 with CARRYINSEL  000 to DSP48E1 instance is invalid.
Time: 21645 ns  Iteration: 8  Process: /apatb_fft32_top/AESL_inst_fft32/dmul_64ns_64ns_64_7_max_dsp_1_U44/fft32_dmul_64ns_64ns_64_7_max_dsp_1_ip_u/inst/i_synth/mult/OP/i_non_prim/R_AND_R/logic/R_AND_R/dsp48_e1/dsp48e1_add/DSP48E1_ADD/i_no_versal_es1_workaround/DSP/prcs_opmode_drc  File: D:/Vivado/Vivado/2023.1/data/vhdl/src/unisims/primitive/DSP48E1.vhd
Warning: OPMODE Input Warning : The OPMODE 011XX11 with CARRYINSEL  000 to DSP48E1 instance is invalid.
Time: 21715 ns  Iteration: 8  Process: /apatb_fft32_top/AESL_inst_fft32/dmul_64ns_64ns_64_7_max_dsp_1_U44/fft32_dmul_64ns_64ns_64_7_max_dsp_1_ip_u/inst/i_synth/mult/OP/i_non_prim/R_AND_R/logic/R_AND_R/dsp48_e1/dsp48e1_add/DSP48E1_ADD/i_no_versal_es1_workaround/DSP/prcs_opmode_drc  File: D:/Vivado/Vivado/2023.1/data/vhdl/src/unisims/primitive/DSP48E1.vhd
Warning: OPMODE Input Warning : The OPMODE 011XX11 with CARRYINSEL  000 to DSP48E1 instance is invalid.
Time: 22185 ns  Iteration: 8  Process: /apatb_fft32_top/AESL_inst_fft32/dmul_64ns_64ns_64_7_max_dsp_1_U44/fft32_dmul_64ns_64ns_64_7_max_dsp_1_ip_u/inst/i_synth/mult/OP/i_non_prim/R_AND_R/logic/R_AND_R/dsp48_e1/dsp48e1_add/DSP48E1_ADD/i_no_versal_es1_workaround/DSP/prcs_opmode_drc  File: D:/Vivado/Vivado/2023.1/data/vhdl/src/unisims/primitive/DSP48E1.vhd
Warning: OPMODE Input Warning : The OPMODE 011XX11 with CARRYINSEL  000 to DSP48E1 instance is invalid.
Time: 22255 ns  Iteration: 8  Process: /apatb_fft32_top/AESL_inst_fft32/dmul_64ns_64ns_64_7_max_dsp_1_U44/fft32_dmul_64ns_64ns_64_7_max_dsp_1_ip_u/inst/i_synth/mult/OP/i_non_prim/R_AND_R/logic/R_AND_R/dsp48_e1/dsp48e1_add/DSP48E1_ADD/i_no_versal_es1_workaround/DSP/prcs_opmode_drc  File: D:/Vivado/Vivado/2023.1/data/vhdl/src/unisims/primitive/DSP48E1.vhd
Warning: OPMODE Input Warning : The OPMODE 011XX11 with CARRYINSEL  000 to DSP48E1 instance is invalid.
Time: 22725 ns  Iteration: 8  Process: /apatb_fft32_top/AESL_inst_fft32/dmul_64ns_64ns_64_7_max_dsp_1_U44/fft32_dmul_64ns_64ns_64_7_max_dsp_1_ip_u/inst/i_synth/mult/OP/i_non_prim/R_AND_R/logic/R_AND_R/dsp48_e1/dsp48e1_add/DSP48E1_ADD/i_no_versal_es1_workaround/DSP/prcs_opmode_drc  File: D:/Vivado/Vivado/2023.1/data/vhdl/src/unisims/primitive/DSP48E1.vhd
Warning: OPMODE Input Warning : The OPMODE 011XX11 with CARRYINSEL  000 to DSP48E1 instance is invalid.
Time: 22795 ns  Iteration: 8  Process: /apatb_fft32_top/AESL_inst_fft32/dmul_64ns_64ns_64_7_max_dsp_1_U44/fft32_dmul_64ns_64ns_64_7_max_dsp_1_ip_u/inst/i_synth/mult/OP/i_non_prim/R_AND_R/logic/R_AND_R/dsp48_e1/dsp48e1_add/DSP48E1_ADD/i_no_versal_es1_workaround/DSP/prcs_opmode_drc  File: D:/Vivado/Vivado/2023.1/data/vhdl/src/unisims/primitive/DSP48E1.vhd
Warning: OPMODE Input Warning : The OPMODE 011XX11 with CARRYINSEL  000 to DSP48E1 instance is invalid.
Time: 23265 ns  Iteration: 8  Process: /apatb_fft32_top/AESL_inst_fft32/dmul_64ns_64ns_64_7_max_dsp_1_U44/fft32_dmul_64ns_64ns_64_7_max_dsp_1_ip_u/inst/i_synth/mult/OP/i_non_prim/R_AND_R/logic/R_AND_R/dsp48_e1/dsp48e1_add/DSP48E1_ADD/i_no_versal_es1_workaround/DSP/prcs_opmode_drc  File: D:/Vivado/Vivado/2023.1/data/vhdl/src/unisims/primitive/DSP48E1.vhd
Warning: OPMODE Input Warning : The OPMODE 011XX11 with CARRYINSEL  000 to DSP48E1 instance is invalid.
Time: 23335 ns  Iteration: 8  Process: /apatb_fft32_top/AESL_inst_fft32/dmul_64ns_64ns_64_7_max_dsp_1_U44/fft32_dmul_64ns_64ns_64_7_max_dsp_1_ip_u/inst/i_synth/mult/OP/i_non_prim/R_AND_R/logic/R_AND_R/dsp48_e1/dsp48e1_add/DSP48E1_ADD/i_no_versal_es1_workaround/DSP/prcs_opmode_drc  File: D:/Vivado/Vivado/2023.1/data/vhdl/src/unisims/primitive/DSP48E1.vhd
Warning: OPMODE Input Warning : The OPMODE 011XX11 with CARRYINSEL  000 to DSP48E1 instance is invalid.
Time: 23805 ns  Iteration: 8  Process: /apatb_fft32_top/AESL_inst_fft32/dmul_64ns_64ns_64_7_max_dsp_1_U44/fft32_dmul_64ns_64ns_64_7_max_dsp_1_ip_u/inst/i_synth/mult/OP/i_non_prim/R_AND_R/logic/R_AND_R/dsp48_e1/dsp48e1_add/DSP48E1_ADD/i_no_versal_es1_workaround/DSP/prcs_opmode_drc  File: D:/Vivado/Vivado/2023.1/data/vhdl/src/unisims/primitive/DSP48E1.vhd
Warning: OPMODE Input Warning : The OPMODE 011XX11 with CARRYINSEL  000 to DSP48E1 instance is invalid.
Time: 23875 ns  Iteration: 8  Process: /apatb_fft32_top/AESL_inst_fft32/dmul_64ns_64ns_64_7_max_dsp_1_U44/fft32_dmul_64ns_64ns_64_7_max_dsp_1_ip_u/inst/i_synth/mult/OP/i_non_prim/R_AND_R/logic/R_AND_R/dsp48_e1/dsp48e1_add/DSP48E1_ADD/i_no_versal_es1_workaround/DSP/prcs_opmode_drc  File: D:/Vivado/Vivado/2023.1/data/vhdl/src/unisims/primitive/DSP48E1.vhd
Warning: OPMODE Input Warning : The OPMODE 011XX11 with CARRYINSEL  000 to DSP48E1 instance is invalid.
Time: 24345 ns  Iteration: 8  Process: /apatb_fft32_top/AESL_inst_fft32/dmul_64ns_64ns_64_7_max_dsp_1_U44/fft32_dmul_64ns_64ns_64_7_max_dsp_1_ip_u/inst/i_synth/mult/OP/i_non_prim/R_AND_R/logic/R_AND_R/dsp48_e1/dsp48e1_add/DSP48E1_ADD/i_no_versal_es1_workaround/DSP/prcs_opmode_drc  File: D:/Vivado/Vivado/2023.1/data/vhdl/src/unisims/primitive/DSP48E1.vhd
Warning: OPMODE Input Warning : The OPMODE 011XX11 with CARRYINSEL  000 to DSP48E1 instance is invalid.
Time: 24415 ns  Iteration: 8  Process: /apatb_fft32_top/AESL_inst_fft32/dmul_64ns_64ns_64_7_max_dsp_1_U44/fft32_dmul_64ns_64ns_64_7_max_dsp_1_ip_u/inst/i_synth/mult/OP/i_non_prim/R_AND_R/logic/R_AND_R/dsp48_e1/dsp48e1_add/DSP48E1_ADD/i_no_versal_es1_workaround/DSP/prcs_opmode_drc  File: D:/Vivado/Vivado/2023.1/data/vhdl/src/unisims/primitive/DSP48E1.vhd
Warning: OPMODE Input Warning : The OPMODE 011XX11 with CARRYINSEL  000 to DSP48E1 instance is invalid.
Time: 24885 ns  Iteration: 8  Process: /apatb_fft32_top/AESL_inst_fft32/dmul_64ns_64ns_64_7_max_dsp_1_U44/fft32_dmul_64ns_64ns_64_7_max_dsp_1_ip_u/inst/i_synth/mult/OP/i_non_prim/R_AND_R/logic/R_AND_R/dsp48_e1/dsp48e1_add/DSP48E1_ADD/i_no_versal_es1_workaround/DSP/prcs_opmode_drc  File: D:/Vivado/Vivado/2023.1/data/vhdl/src/unisims/primitive/DSP48E1.vhd
Warning: OPMODE Input Warning : The OPMODE 011XX11 with CARRYINSEL  000 to DSP48E1 instance is invalid.
Time: 24955 ns  Iteration: 8  Process: /apatb_fft32_top/AESL_inst_fft32/dmul_64ns_64ns_64_7_max_dsp_1_U44/fft32_dmul_64ns_64ns_64_7_max_dsp_1_ip_u/inst/i_synth/mult/OP/i_non_prim/R_AND_R/logic/R_AND_R/dsp48_e1/dsp48e1_add/DSP48E1_ADD/i_no_versal_es1_workaround/DSP/prcs_opmode_drc  File: D:/Vivado/Vivado/2023.1/data/vhdl/src/unisims/primitive/DSP48E1.vhd
Warning: OPMODE Input Warning : The OPMODE 011XX11 with CARRYINSEL  000 to DSP48E1 instance is invalid.
Time: 25425 ns  Iteration: 8  Process: /apatb_fft32_top/AESL_inst_fft32/dmul_64ns_64ns_64_7_max_dsp_1_U44/fft32_dmul_64ns_64ns_64_7_max_dsp_1_ip_u/inst/i_synth/mult/OP/i_non_prim/R_AND_R/logic/R_AND_R/dsp48_e1/dsp48e1_add/DSP48E1_ADD/i_no_versal_es1_workaround/DSP/prcs_opmode_drc  File: D:/Vivado/Vivado/2023.1/data/vhdl/src/unisims/primitive/DSP48E1.vhd
Warning: OPMODE Input Warning : The OPMODE 011XX11 with CARRYINSEL  000 to DSP48E1 instance is invalid.
Time: 25495 ns  Iteration: 8  Process: /apatb_fft32_top/AESL_inst_fft32/dmul_64ns_64ns_64_7_max_dsp_1_U44/fft32_dmul_64ns_64ns_64_7_max_dsp_1_ip_u/inst/i_synth/mult/OP/i_non_prim/R_AND_R/logic/R_AND_R/dsp48_e1/dsp48e1_add/DSP48E1_ADD/i_no_versal_es1_workaround/DSP/prcs_opmode_drc  File: D:/Vivado/Vivado/2023.1/data/vhdl/src/unisims/primitive/DSP48E1.vhd
// RTL Simulation : 1 / 1 [100.00%] @ "26185000"
////////////////////////////////////////////////////////////////////////////////////
$finish called at time : 26245 ns : File "D:/Vivado/FFT_sol/FFT_sol_2/no_opt/sim/verilog/fft32.autotb.v" Line 271
## quit
INFO: [Common 17-206] Exiting xsim at Wed Jun 25 08:20:31 2025...
