

================================================================
== Vitis HLS Report for 'fft32_Pipeline_input_loop'
================================================================
* Date:           Wed Jun 25 08:49:56 2025

* Version:        2023.1 (Build 3854077 on May  4 2023)
* Project:        FFT_sol_2
* Solution:       opt2 (Vivado IP Flow Target)
* Product family: zynq
* Target device:  xc7z030-sbv485-1


================================================================
== Performance Estimates
================================================================
+ Timing: 
    * Summary: 
    +--------+----------+----------+------------+
    |  Clock |  Target  | Estimated| Uncertainty|
    +--------+----------+----------+------------+
    |ap_clk  |  10.00 ns|  3.413 ns|     2.70 ns|
    +--------+----------+----------+------------+

+ Latency: 
    * Summary: 
    +---------+---------+----------+----------+-----+-----+---------+
    |  Latency (cycles) |  Latency (absolute) |  Interval | Pipeline|
    |   min   |   max   |    min   |    max   | min | max |   Type  |
    +---------+---------+----------+----------+-----+-----+---------+
    |       34|       34|  0.340 us|  0.340 us|   34|   34|       no|
    +---------+---------+----------+----------+-----+-----+---------+

    + Detail: 
        * Instance: 
        N/A

        * Loop: 
        +--------------+---------+---------+----------+-----------+-----------+------+----------+
        |              |  Latency (cycles) | Iteration|  Initiation Interval  | Trip |          |
        |   Loop Name  |   min   |   max   |  Latency |  achieved |   target  | Count| Pipelined|
        +--------------+---------+---------+----------+-----------+-----------+------+----------+
        |- input_loop  |       32|       32|         1|          1|          1|    32|       yes|
        +--------------+---------+---------+----------+-----------+-----------+------+----------+



================================================================
== Utilization Estimates
================================================================
* Summary: 
+-----------------+---------+-----+--------+-------+-----+
|       Name      | BRAM_18K| DSP |   FF   |  LUT  | URAM|
+-----------------+---------+-----+--------+-------+-----+
|DSP              |        -|    -|       -|      -|    -|
|Expression       |        -|    -|       0|     32|    -|
|FIFO             |        -|    -|       -|      -|    -|
|Instance         |        -|    -|       -|      -|    -|
|Memory           |        -|    -|       -|      -|    -|
|Multiplexer      |        -|    -|       -|    612|    -|
|Register         |        -|    -|    1032|      -|    -|
+-----------------+---------+-----+--------+-------+-----+
|Total            |        0|    0|    1032|    644|    0|
+-----------------+---------+-----+--------+-------+-----+
|Available        |      530|  400|  157200|  78600|    0|
+-----------------+---------+-----+--------+-------+-----+
|Utilization (%)  |        0|    0|      ~0|     ~0|    0|
+-----------------+---------+-----+--------+-------+-----+

+ Detail: 
    * Instance: 
    N/A

    * DSP: 
    N/A

    * Memory: 
    N/A

    * FIFO: 
    N/A

    * Expression: 
    +----------------------------------+----------+----+---+----+------------+------------+
    |           Variable Name          | Operation| DSP| FF| LUT| Bitwidth P0| Bitwidth P1|
    +----------------------------------+----------+----+---+----+------------+------------+
    |add_ln73_fu_1282_p2               |         +|   0|  0|  14|           6|           1|
    |ap_condition_612                  |       and|   0|  0|   2|           1|           1|
    |icmp_ln73_fu_1276_p2              |      icmp|   0|  0|  14|           6|           7|
    |ap_block_state1_pp0_stage0_iter0  |        or|   0|  0|   2|           1|           1|
    +----------------------------------+----------+----+---+----+------------+------------+
    |Total                             |          |   0|  0|  32|          14|          10|
    +----------------------------------+----------+----+---+----+------------+------------+

    * Multiplexer: 
    +-----------------------+----+-----------+-----+-----------+
    |          Name         | LUT| Input Size| Bits| Total Bits|
    +-----------------------+----+-----------+-----+-----------+
    |ap_done_int            |   9|          2|    1|          2|
    |ap_sig_allocacmp_i_2   |   9|          2|    6|         12|
    |data_imag_10_fu_406    |   9|          2|   16|         32|
    |data_imag_11_fu_410    |   9|          2|   16|         32|
    |data_imag_12_fu_414    |   9|          2|   16|         32|
    |data_imag_13_fu_418    |   9|          2|   16|         32|
    |data_imag_14_fu_422    |   9|          2|   16|         32|
    |data_imag_15_fu_426    |   9|          2|   16|         32|
    |data_imag_16_fu_430    |   9|          2|   16|         32|
    |data_imag_17_fu_434    |   9|          2|   16|         32|
    |data_imag_18_fu_438    |   9|          2|   16|         32|
    |data_imag_19_fu_442    |   9|          2|   16|         32|
    |data_imag_1_fu_370     |   9|          2|   16|         32|
    |data_imag_20_fu_446    |   9|          2|   16|         32|
    |data_imag_21_fu_450    |   9|          2|   16|         32|
    |data_imag_22_fu_454    |   9|          2|   16|         32|
    |data_imag_23_fu_458    |   9|          2|   16|         32|
    |data_imag_24_fu_462    |   9|          2|   16|         32|
    |data_imag_25_fu_466    |   9|          2|   16|         32|
    |data_imag_26_fu_470    |   9|          2|   16|         32|
    |data_imag_27_fu_474    |   9|          2|   16|         32|
    |data_imag_28_fu_478    |   9|          2|   16|         32|
    |data_imag_29_fu_482    |   9|          2|   16|         32|
    |data_imag_2_fu_374     |   9|          2|   16|         32|
    |data_imag_30_fu_486    |   9|          2|   16|         32|
    |data_imag_31_fu_490    |   9|          2|   16|         32|
    |data_imag_3_fu_378     |   9|          2|   16|         32|
    |data_imag_4_fu_382     |   9|          2|   16|         32|
    |data_imag_5_fu_386     |   9|          2|   16|         32|
    |data_imag_6_fu_390     |   9|          2|   16|         32|
    |data_imag_7_fu_394     |   9|          2|   16|         32|
    |data_imag_8_fu_398     |   9|          2|   16|         32|
    |data_imag_9_fu_402     |   9|          2|   16|         32|
    |data_imag_fu_366       |   9|          2|   16|         32|
    |data_real_10_fu_278    |   9|          2|   16|         32|
    |data_real_11_fu_282    |   9|          2|   16|         32|
    |data_real_12_fu_286    |   9|          2|   16|         32|
    |data_real_13_fu_290    |   9|          2|   16|         32|
    |data_real_14_fu_294    |   9|          2|   16|         32|
    |data_real_15_fu_298    |   9|          2|   16|         32|
    |data_real_16_fu_302    |   9|          2|   16|         32|
    |data_real_17_fu_306    |   9|          2|   16|         32|
    |data_real_18_fu_310    |   9|          2|   16|         32|
    |data_real_19_fu_314    |   9|          2|   16|         32|
    |data_real_1_fu_242     |   9|          2|   16|         32|
    |data_real_20_fu_318    |   9|          2|   16|         32|
    |data_real_21_fu_322    |   9|          2|   16|         32|
    |data_real_22_fu_326    |   9|          2|   16|         32|
    |data_real_23_fu_330    |   9|          2|   16|         32|
    |data_real_24_fu_334    |   9|          2|   16|         32|
    |data_real_25_fu_338    |   9|          2|   16|         32|
    |data_real_26_fu_342    |   9|          2|   16|         32|
    |data_real_27_fu_346    |   9|          2|   16|         32|
    |data_real_28_fu_350    |   9|          2|   16|         32|
    |data_real_29_fu_354    |   9|          2|   16|         32|
    |data_real_2_fu_246     |   9|          2|   16|         32|
    |data_real_30_fu_358    |   9|          2|   16|         32|
    |data_real_31_fu_362    |   9|          2|   16|         32|
    |data_real_3_fu_250     |   9|          2|   16|         32|
    |data_real_4_fu_254     |   9|          2|   16|         32|
    |data_real_5_fu_258     |   9|          2|   16|         32|
    |data_real_6_fu_262     |   9|          2|   16|         32|
    |data_real_7_fu_266     |   9|          2|   16|         32|
    |data_real_8_fu_270     |   9|          2|   16|         32|
    |data_real_9_fu_274     |   9|          2|   16|         32|
    |data_real_fu_238       |   9|          2|   16|         32|
    |i_fu_234               |   9|          2|    6|         12|
    |in_stream_TDATA_blk_n  |   9|          2|    1|          2|
    +-----------------------+----+-----------+-----+-----------+
    |Total                  | 612|        136| 1038|       2076|
    +-----------------------+----+-----------+-----+-----------+

    * Register: 
    +---------------------+----+----+-----+-----------+
    |         Name        | FF | LUT| Bits| Const Bits|
    +---------------------+----+----+-----+-----------+
    |ap_CS_fsm            |   1|   0|    1|          0|
    |ap_done_reg          |   1|   0|    1|          0|
    |data_imag_10_fu_406  |  16|   0|   16|          0|
    |data_imag_11_fu_410  |  16|   0|   16|          0|
    |data_imag_12_fu_414  |  16|   0|   16|          0|
    |data_imag_13_fu_418  |  16|   0|   16|          0|
    |data_imag_14_fu_422  |  16|   0|   16|          0|
    |data_imag_15_fu_426  |  16|   0|   16|          0|
    |data_imag_16_fu_430  |  16|   0|   16|          0|
    |data_imag_17_fu_434  |  16|   0|   16|          0|
    |data_imag_18_fu_438  |  16|   0|   16|          0|
    |data_imag_19_fu_442  |  16|   0|   16|          0|
    |data_imag_1_fu_370   |  16|   0|   16|          0|
    |data_imag_20_fu_446  |  16|   0|   16|          0|
    |data_imag_21_fu_450  |  16|   0|   16|          0|
    |data_imag_22_fu_454  |  16|   0|   16|          0|
    |data_imag_23_fu_458  |  16|   0|   16|          0|
    |data_imag_24_fu_462  |  16|   0|   16|          0|
    |data_imag_25_fu_466  |  16|   0|   16|          0|
    |data_imag_26_fu_470  |  16|   0|   16|          0|
    |data_imag_27_fu_474  |  16|   0|   16|          0|
    |data_imag_28_fu_478  |  16|   0|   16|          0|
    |data_imag_29_fu_482  |  16|   0|   16|          0|
    |data_imag_2_fu_374   |  16|   0|   16|          0|
    |data_imag_30_fu_486  |  16|   0|   16|          0|
    |data_imag_31_fu_490  |  16|   0|   16|          0|
    |data_imag_3_fu_378   |  16|   0|   16|          0|
    |data_imag_4_fu_382   |  16|   0|   16|          0|
    |data_imag_5_fu_386   |  16|   0|   16|          0|
    |data_imag_6_fu_390   |  16|   0|   16|          0|
    |data_imag_7_fu_394   |  16|   0|   16|          0|
    |data_imag_8_fu_398   |  16|   0|   16|          0|
    |data_imag_9_fu_402   |  16|   0|   16|          0|
    |data_imag_fu_366     |  16|   0|   16|          0|
    |data_real_10_fu_278  |  16|   0|   16|          0|
    |data_real_11_fu_282  |  16|   0|   16|          0|
    |data_real_12_fu_286  |  16|   0|   16|          0|
    |data_real_13_fu_290  |  16|   0|   16|          0|
    |data_real_14_fu_294  |  16|   0|   16|          0|
    |data_real_15_fu_298  |  16|   0|   16|          0|
    |data_real_16_fu_302  |  16|   0|   16|          0|
    |data_real_17_fu_306  |  16|   0|   16|          0|
    |data_real_18_fu_310  |  16|   0|   16|          0|
    |data_real_19_fu_314  |  16|   0|   16|          0|
    |data_real_1_fu_242   |  16|   0|   16|          0|
    |data_real_20_fu_318  |  16|   0|   16|          0|
    |data_real_21_fu_322  |  16|   0|   16|          0|
    |data_real_22_fu_326  |  16|   0|   16|          0|
    |data_real_23_fu_330  |  16|   0|   16|          0|
    |data_real_24_fu_334  |  16|   0|   16|          0|
    |data_real_25_fu_338  |  16|   0|   16|          0|
    |data_real_26_fu_342  |  16|   0|   16|          0|
    |data_real_27_fu_346  |  16|   0|   16|          0|
    |data_real_28_fu_350  |  16|   0|   16|          0|
    |data_real_29_fu_354  |  16|   0|   16|          0|
    |data_real_2_fu_246   |  16|   0|   16|          0|
    |data_real_30_fu_358  |  16|   0|   16|          0|
    |data_real_31_fu_362  |  16|   0|   16|          0|
    |data_real_3_fu_250   |  16|   0|   16|          0|
    |data_real_4_fu_254   |  16|   0|   16|          0|
    |data_real_5_fu_258   |  16|   0|   16|          0|
    |data_real_6_fu_262   |  16|   0|   16|          0|
    |data_real_7_fu_266   |  16|   0|   16|          0|
    |data_real_8_fu_270   |  16|   0|   16|          0|
    |data_real_9_fu_274   |  16|   0|   16|          0|
    |data_real_fu_238     |  16|   0|   16|          0|
    |i_fu_234             |   6|   0|    6|          0|
    +---------------------+----+----+-----+-----------+
    |Total                |1032|   0| 1032|          0|
    +---------------------+----+----+-----+-----------+



================================================================
== Interface
================================================================
* Summary: 
+-------------------------+-----+-----+------------+---------------------------+--------------+
|        RTL Ports        | Dir | Bits|  Protocol  |       Source Object       |    C Type    |
+-------------------------+-----+-----+------------+---------------------------+--------------+
|ap_clk                   |   in|    1|  ap_ctrl_hs|  fft32_Pipeline_input_loop|  return value|
|ap_rst                   |   in|    1|  ap_ctrl_hs|  fft32_Pipeline_input_loop|  return value|
|ap_start                 |   in|    1|  ap_ctrl_hs|  fft32_Pipeline_input_loop|  return value|
|ap_done                  |  out|    1|  ap_ctrl_hs|  fft32_Pipeline_input_loop|  return value|
|ap_idle                  |  out|    1|  ap_ctrl_hs|  fft32_Pipeline_input_loop|  return value|
|ap_ready                 |  out|    1|  ap_ctrl_hs|  fft32_Pipeline_input_loop|  return value|
|in_stream_TVALID         |   in|    1|        axis|                  in_stream|       pointer|
|in_stream_TDATA          |   in|   48|        axis|                  in_stream|       pointer|
|in_stream_TREADY         |  out|    1|        axis|                  in_stream|       pointer|
|data_imag_31_out         |  out|   16|      ap_vld|           data_imag_31_out|       pointer|
|data_imag_31_out_ap_vld  |  out|    1|      ap_vld|           data_imag_31_out|       pointer|
|data_imag_30_out         |  out|   16|      ap_vld|           data_imag_30_out|       pointer|
|data_imag_30_out_ap_vld  |  out|    1|      ap_vld|           data_imag_30_out|       pointer|
|data_imag_29_out         |  out|   16|      ap_vld|           data_imag_29_out|       pointer|
|data_imag_29_out_ap_vld  |  out|    1|      ap_vld|           data_imag_29_out|       pointer|
|data_imag_28_out         |  out|   16|      ap_vld|           data_imag_28_out|       pointer|
|data_imag_28_out_ap_vld  |  out|    1|      ap_vld|           data_imag_28_out|       pointer|
|data_imag_27_out         |  out|   16|      ap_vld|           data_imag_27_out|       pointer|
|data_imag_27_out_ap_vld  |  out|    1|      ap_vld|           data_imag_27_out|       pointer|
|data_imag_26_out         |  out|   16|      ap_vld|           data_imag_26_out|       pointer|
|data_imag_26_out_ap_vld  |  out|    1|      ap_vld|           data_imag_26_out|       pointer|
|data_imag_25_out         |  out|   16|      ap_vld|           data_imag_25_out|       pointer|
|data_imag_25_out_ap_vld  |  out|    1|      ap_vld|           data_imag_25_out|       pointer|
|data_imag_24_out         |  out|   16|      ap_vld|           data_imag_24_out|       pointer|
|data_imag_24_out_ap_vld  |  out|    1|      ap_vld|           data_imag_24_out|       pointer|
|data_imag_23_out         |  out|   16|      ap_vld|           data_imag_23_out|       pointer|
|data_imag_23_out_ap_vld  |  out|    1|      ap_vld|           data_imag_23_out|       pointer|
|data_imag_22_out         |  out|   16|      ap_vld|           data_imag_22_out|       pointer|
|data_imag_22_out_ap_vld  |  out|    1|      ap_vld|           data_imag_22_out|       pointer|
|data_imag_21_out         |  out|   16|      ap_vld|           data_imag_21_out|       pointer|
|data_imag_21_out_ap_vld  |  out|    1|      ap_vld|           data_imag_21_out|       pointer|
|data_imag_20_out         |  out|   16|      ap_vld|           data_imag_20_out|       pointer|
|data_imag_20_out_ap_vld  |  out|    1|      ap_vld|           data_imag_20_out|       pointer|
|data_imag_19_out         |  out|   16|      ap_vld|           data_imag_19_out|       pointer|
|data_imag_19_out_ap_vld  |  out|    1|      ap_vld|           data_imag_19_out|       pointer|
|data_imag_18_out         |  out|   16|      ap_vld|           data_imag_18_out|       pointer|
|data_imag_18_out_ap_vld  |  out|    1|      ap_vld|           data_imag_18_out|       pointer|
|data_imag_17_out         |  out|   16|      ap_vld|           data_imag_17_out|       pointer|
|data_imag_17_out_ap_vld  |  out|    1|      ap_vld|           data_imag_17_out|       pointer|
|data_imag_16_out         |  out|   16|      ap_vld|           data_imag_16_out|       pointer|
|data_imag_16_out_ap_vld  |  out|    1|      ap_vld|           data_imag_16_out|       pointer|
|data_imag_15_out         |  out|   16|      ap_vld|           data_imag_15_out|       pointer|
|data_imag_15_out_ap_vld  |  out|    1|      ap_vld|           data_imag_15_out|       pointer|
|data_imag_14_out         |  out|   16|      ap_vld|           data_imag_14_out|       pointer|
|data_imag_14_out_ap_vld  |  out|    1|      ap_vld|           data_imag_14_out|       pointer|
|data_imag_13_out         |  out|   16|      ap_vld|           data_imag_13_out|       pointer|
|data_imag_13_out_ap_vld  |  out|    1|      ap_vld|           data_imag_13_out|       pointer|
|data_imag_12_out         |  out|   16|      ap_vld|           data_imag_12_out|       pointer|
|data_imag_12_out_ap_vld  |  out|    1|      ap_vld|           data_imag_12_out|       pointer|
|data_imag_11_out         |  out|   16|      ap_vld|           data_imag_11_out|       pointer|
|data_imag_11_out_ap_vld  |  out|    1|      ap_vld|           data_imag_11_out|       pointer|
|data_imag_10_out         |  out|   16|      ap_vld|           data_imag_10_out|       pointer|
|data_imag_10_out_ap_vld  |  out|    1|      ap_vld|           data_imag_10_out|       pointer|
|data_imag_9_out          |  out|   16|      ap_vld|            data_imag_9_out|       pointer|
|data_imag_9_out_ap_vld   |  out|    1|      ap_vld|            data_imag_9_out|       pointer|
|data_imag_8_out          |  out|   16|      ap_vld|            data_imag_8_out|       pointer|
|data_imag_8_out_ap_vld   |  out|    1|      ap_vld|            data_imag_8_out|       pointer|
|data_imag_7_out          |  out|   16|      ap_vld|            data_imag_7_out|       pointer|
|data_imag_7_out_ap_vld   |  out|    1|      ap_vld|            data_imag_7_out|       pointer|
|data_imag_6_out          |  out|   16|      ap_vld|            data_imag_6_out|       pointer|
|data_imag_6_out_ap_vld   |  out|    1|      ap_vld|            data_imag_6_out|       pointer|
|data_imag_5_out          |  out|   16|      ap_vld|            data_imag_5_out|       pointer|
|data_imag_5_out_ap_vld   |  out|    1|      ap_vld|            data_imag_5_out|       pointer|
|data_imag_4_out          |  out|   16|      ap_vld|            data_imag_4_out|       pointer|
|data_imag_4_out_ap_vld   |  out|    1|      ap_vld|            data_imag_4_out|       pointer|
|data_imag_3_out          |  out|   16|      ap_vld|            data_imag_3_out|       pointer|
|data_imag_3_out_ap_vld   |  out|    1|      ap_vld|            data_imag_3_out|       pointer|
|data_imag_2_out          |  out|   16|      ap_vld|            data_imag_2_out|       pointer|
|data_imag_2_out_ap_vld   |  out|    1|      ap_vld|            data_imag_2_out|       pointer|
|data_imag_1_out          |  out|   16|      ap_vld|            data_imag_1_out|       pointer|
|data_imag_1_out_ap_vld   |  out|    1|      ap_vld|            data_imag_1_out|       pointer|
|data_imag_out            |  out|   16|      ap_vld|              data_imag_out|       pointer|
|data_imag_out_ap_vld     |  out|    1|      ap_vld|              data_imag_out|       pointer|
|data_real_31_out         |  out|   16|      ap_vld|           data_real_31_out|       pointer|
|data_real_31_out_ap_vld  |  out|    1|      ap_vld|           data_real_31_out|       pointer|
|data_real_30_out         |  out|   16|      ap_vld|           data_real_30_out|       pointer|
|data_real_30_out_ap_vld  |  out|    1|      ap_vld|           data_real_30_out|       pointer|
|data_real_29_out         |  out|   16|      ap_vld|           data_real_29_out|       pointer|
|data_real_29_out_ap_vld  |  out|    1|      ap_vld|           data_real_29_out|       pointer|
|data_real_28_out         |  out|   16|      ap_vld|           data_real_28_out|       pointer|
|data_real_28_out_ap_vld  |  out|    1|      ap_vld|           data_real_28_out|       pointer|
|data_real_27_out         |  out|   16|      ap_vld|           data_real_27_out|       pointer|
|data_real_27_out_ap_vld  |  out|    1|      ap_vld|           data_real_27_out|       pointer|
|data_real_26_out         |  out|   16|      ap_vld|           data_real_26_out|       pointer|
|data_real_26_out_ap_vld  |  out|    1|      ap_vld|           data_real_26_out|       pointer|
|data_real_25_out         |  out|   16|      ap_vld|           data_real_25_out|       pointer|
|data_real_25_out_ap_vld  |  out|    1|      ap_vld|           data_real_25_out|       pointer|
|data_real_24_out         |  out|   16|      ap_vld|           data_real_24_out|       pointer|
|data_real_24_out_ap_vld  |  out|    1|      ap_vld|           data_real_24_out|       pointer|
|data_real_23_out         |  out|   16|      ap_vld|           data_real_23_out|       pointer|
|data_real_23_out_ap_vld  |  out|    1|      ap_vld|           data_real_23_out|       pointer|
|data_real_22_out         |  out|   16|      ap_vld|           data_real_22_out|       pointer|
|data_real_22_out_ap_vld  |  out|    1|      ap_vld|           data_real_22_out|       pointer|
|data_real_21_out         |  out|   16|      ap_vld|           data_real_21_out|       pointer|
|data_real_21_out_ap_vld  |  out|    1|      ap_vld|           data_real_21_out|       pointer|
|data_real_20_out         |  out|   16|      ap_vld|           data_real_20_out|       pointer|
|data_real_20_out_ap_vld  |  out|    1|      ap_vld|           data_real_20_out|       pointer|
|data_real_19_out         |  out|   16|      ap_vld|           data_real_19_out|       pointer|
|data_real_19_out_ap_vld  |  out|    1|      ap_vld|           data_real_19_out|       pointer|
|data_real_18_out         |  out|   16|      ap_vld|           data_real_18_out|       pointer|
|data_real_18_out_ap_vld  |  out|    1|      ap_vld|           data_real_18_out|       pointer|
|data_real_17_out         |  out|   16|      ap_vld|           data_real_17_out|       pointer|
|data_real_17_out_ap_vld  |  out|    1|      ap_vld|           data_real_17_out|       pointer|
|data_real_16_out         |  out|   16|      ap_vld|           data_real_16_out|       pointer|
|data_real_16_out_ap_vld  |  out|    1|      ap_vld|           data_real_16_out|       pointer|
|data_real_15_out         |  out|   16|      ap_vld|           data_real_15_out|       pointer|
|data_real_15_out_ap_vld  |  out|    1|      ap_vld|           data_real_15_out|       pointer|
|data_real_14_out         |  out|   16|      ap_vld|           data_real_14_out|       pointer|
|data_real_14_out_ap_vld  |  out|    1|      ap_vld|           data_real_14_out|       pointer|
|data_real_13_out         |  out|   16|      ap_vld|           data_real_13_out|       pointer|
|data_real_13_out_ap_vld  |  out|    1|      ap_vld|           data_real_13_out|       pointer|
|data_real_12_out         |  out|   16|      ap_vld|           data_real_12_out|       pointer|
|data_real_12_out_ap_vld  |  out|    1|      ap_vld|           data_real_12_out|       pointer|
|data_real_11_out         |  out|   16|      ap_vld|           data_real_11_out|       pointer|
|data_real_11_out_ap_vld  |  out|    1|      ap_vld|           data_real_11_out|       pointer|
|data_real_10_out         |  out|   16|      ap_vld|           data_real_10_out|       pointer|
|data_real_10_out_ap_vld  |  out|    1|      ap_vld|           data_real_10_out|       pointer|
|data_real_9_out          |  out|   16|      ap_vld|            data_real_9_out|       pointer|
|data_real_9_out_ap_vld   |  out|    1|      ap_vld|            data_real_9_out|       pointer|
|data_real_8_out          |  out|   16|      ap_vld|            data_real_8_out|       pointer|
|data_real_8_out_ap_vld   |  out|    1|      ap_vld|            data_real_8_out|       pointer|
|data_real_7_out          |  out|   16|      ap_vld|            data_real_7_out|       pointer|
|data_real_7_out_ap_vld   |  out|    1|      ap_vld|            data_real_7_out|       pointer|
|data_real_6_out          |  out|   16|      ap_vld|            data_real_6_out|       pointer|
|data_real_6_out_ap_vld   |  out|    1|      ap_vld|            data_real_6_out|       pointer|
|data_real_5_out          |  out|   16|      ap_vld|            data_real_5_out|       pointer|
|data_real_5_out_ap_vld   |  out|    1|      ap_vld|            data_real_5_out|       pointer|
|data_real_4_out          |  out|   16|      ap_vld|            data_real_4_out|       pointer|
|data_real_4_out_ap_vld   |  out|    1|      ap_vld|            data_real_4_out|       pointer|
|data_real_3_out          |  out|   16|      ap_vld|            data_real_3_out|       pointer|
|data_real_3_out_ap_vld   |  out|    1|      ap_vld|            data_real_3_out|       pointer|
|data_real_2_out          |  out|   16|      ap_vld|            data_real_2_out|       pointer|
|data_real_2_out_ap_vld   |  out|    1|      ap_vld|            data_real_2_out|       pointer|
|data_real_1_out          |  out|   16|      ap_vld|            data_real_1_out|       pointer|
|data_real_1_out_ap_vld   |  out|    1|      ap_vld|            data_real_1_out|       pointer|
|data_real_out            |  out|   16|      ap_vld|              data_real_out|       pointer|
|data_real_out_ap_vld     |  out|    1|      ap_vld|              data_real_out|       pointer|
+-------------------------+-----+-----+------------+---------------------------+--------------+

