

================================================================
== Vitis HLS Report for 'fft32_Pipeline_input_loop'
================================================================
* Date:           Wed Jun 25 08:09:10 2025

* Version:        2023.1 (Build 3854077 on May  4 2023)
* Project:        FFT_sol_2
* Solution:       solution1 (Vivado IP Flow Target)
* Product family: zynq
* Target device:  xc7z030-sbv485-1


================================================================
== Performance Estimates
================================================================
+ Timing: 
    * Summary: 
    +--------+----------+----------+------------+
    |  Clock |  Target  | Estimated| Uncertainty|
    +--------+----------+----------+------------+
    |ap_clk  |  10.00 ns|  3.413 ns|     2.70 ns|
    +--------+----------+----------+------------+

+ Latency: 
    * Summary: 
    +---------+---------+----------+----------+-----+-----+---------+
    |  Latency (cycles) |  Latency (absolute) |  Interval | Pipeline|
    |   min   |   max   |    min   |    max   | min | max |   Type  |
    +---------+---------+----------+----------+-----+-----+---------+
    |       34|       34|  0.340 us|  0.340 us|   34|   34|       no|
    +---------+---------+----------+----------+-----+-----+---------+

    + Detail: 
        * Instance: 
        N/A

        * Loop: 
        +--------------+---------+---------+----------+-----------+-----------+------+----------+
        |              |  Latency (cycles) | Iteration|  Initiation Interval  | Trip |          |
        |   Loop Name  |   min   |   max   |  Latency |  achieved |   target  | Count| Pipelined|
        +--------------+---------+---------+----------+-----------+-----------+------+----------+
        |- input_loop  |       32|       32|         1|          1|          1|    32|       yes|
        +--------------+---------+---------+----------+-----------+-----------+------+----------+

============================================================
+ Verbose Summary: Synthesis Manager
============================================================
InlineROM: 1
ExposeGlobal: 0
============================================================
+ Verbose Summary: CDFG Model
============================================================
IsTopModel: 0
ResetActiveHigh: 1
IsCombinational: 0
IsDatapathOnly: 0
HasWiredReturn: 1
HasMFsm: 2
HasVarLatency: 1
IsPipeline: 0
IsRtlPipelined: 0
IsInstanceOverlapped: 0
IsDontTouch: 0
HasImplIP: 0
IsGatedGlobalClock: 0

+ Individual pipeline summary: 
  * Pipeline-0: initiation interval (II) = 1, depth = 1


============================================================
+ Verbose Summary: Schedule
============================================================
* Number of FSM states : 1
* Pipeline : 1
  Pipeline-0 : II = 1, D = 1, States = { 1 }
* Dataflow Pipeline: 0

* FSM state transitions: 
1 --> 

* FSM state operations: 

State 1 <SV = 0> <Delay = 3.41>
ST_1 : Operation 4 [1/1] (0.00ns)   --->   "%i = alloca i32 1"   --->   Operation 4 'alloca' 'i' <Predicate = true> <Delay = 0.00>
ST_1 : Operation 5 [1/1] (0.00ns)   --->   "%data_real = alloca i32 1"   --->   Operation 5 'alloca' 'data_real' <Predicate = true> <Delay = 0.00>
ST_1 : Operation 6 [1/1] (0.00ns)   --->   "%data_real_1 = alloca i32 1"   --->   Operation 6 'alloca' 'data_real_1' <Predicate = true> <Delay = 0.00>
ST_1 : Operation 7 [1/1] (0.00ns)   --->   "%data_real_2 = alloca i32 1"   --->   Operation 7 'alloca' 'data_real_2' <Predicate = true> <Delay = 0.00>
ST_1 : Operation 8 [1/1] (0.00ns)   --->   "%data_real_3 = alloca i32 1"   --->   Operation 8 'alloca' 'data_real_3' <Predicate = true> <Delay = 0.00>
ST_1 : Operation 9 [1/1] (0.00ns)   --->   "%data_real_4 = alloca i32 1"   --->   Operation 9 'alloca' 'data_real_4' <Predicate = true> <Delay = 0.00>
ST_1 : Operation 10 [1/1] (0.00ns)   --->   "%data_real_5 = alloca i32 1"   --->   Operation 10 'alloca' 'data_real_5' <Predicate = true> <Delay = 0.00>
ST_1 : Operation 11 [1/1] (0.00ns)   --->   "%data_real_6 = alloca i32 1"   --->   Operation 11 'alloca' 'data_real_6' <Predicate = true> <Delay = 0.00>
ST_1 : Operation 12 [1/1] (0.00ns)   --->   "%data_real_7 = alloca i32 1"   --->   Operation 12 'alloca' 'data_real_7' <Predicate = true> <Delay = 0.00>
ST_1 : Operation 13 [1/1] (0.00ns)   --->   "%data_real_8 = alloca i32 1"   --->   Operation 13 'alloca' 'data_real_8' <Predicate = true> <Delay = 0.00>
ST_1 : Operation 14 [1/1] (0.00ns)   --->   "%data_real_9 = alloca i32 1"   --->   Operation 14 'alloca' 'data_real_9' <Predicate = true> <Delay = 0.00>
ST_1 : Operation 15 [1/1] (0.00ns)   --->   "%data_real_10 = alloca i32 1"   --->   Operation 15 'alloca' 'data_real_10' <Predicate = true> <Delay = 0.00>
ST_1 : Operation 16 [1/1] (0.00ns)   --->   "%data_real_11 = alloca i32 1"   --->   Operation 16 'alloca' 'data_real_11' <Predicate = true> <Delay = 0.00>
ST_1 : Operation 17 [1/1] (0.00ns)   --->   "%data_real_12 = alloca i32 1"   --->   Operation 17 'alloca' 'data_real_12' <Predicate = true> <Delay = 0.00>
ST_1 : Operation 18 [1/1] (0.00ns)   --->   "%data_real_13 = alloca i32 1"   --->   Operation 18 'alloca' 'data_real_13' <Predicate = true> <Delay = 0.00>
ST_1 : Operation 19 [1/1] (0.00ns)   --->   "%data_real_14 = alloca i32 1"   --->   Operation 19 'alloca' 'data_real_14' <Predicate = true> <Delay = 0.00>
ST_1 : Operation 20 [1/1] (0.00ns)   --->   "%data_real_15 = alloca i32 1"   --->   Operation 20 'alloca' 'data_real_15' <Predicate = true> <Delay = 0.00>
ST_1 : Operation 21 [1/1] (0.00ns)   --->   "%data_real_16 = alloca i32 1"   --->   Operation 21 'alloca' 'data_real_16' <Predicate = true> <Delay = 0.00>
ST_1 : Operation 22 [1/1] (0.00ns)   --->   "%data_real_17 = alloca i32 1"   --->   Operation 22 'alloca' 'data_real_17' <Predicate = true> <Delay = 0.00>
ST_1 : Operation 23 [1/1] (0.00ns)   --->   "%data_real_18 = alloca i32 1"   --->   Operation 23 'alloca' 'data_real_18' <Predicate = true> <Delay = 0.00>
ST_1 : Operation 24 [1/1] (0.00ns)   --->   "%data_real_19 = alloca i32 1"   --->   Operation 24 'alloca' 'data_real_19' <Predicate = true> <Delay = 0.00>
ST_1 : Operation 25 [1/1] (0.00ns)   --->   "%data_real_20 = alloca i32 1"   --->   Operation 25 'alloca' 'data_real_20' <Predicate = true> <Delay = 0.00>
ST_1 : Operation 26 [1/1] (0.00ns)   --->   "%data_real_21 = alloca i32 1"   --->   Operation 26 'alloca' 'data_real_21' <Predicate = true> <Delay = 0.00>
ST_1 : Operation 27 [1/1] (0.00ns)   --->   "%data_real_22 = alloca i32 1"   --->   Operation 27 'alloca' 'data_real_22' <Predicate = true> <Delay = 0.00>
ST_1 : Operation 28 [1/1] (0.00ns)   --->   "%data_real_23 = alloca i32 1"   --->   Operation 28 'alloca' 'data_real_23' <Predicate = true> <Delay = 0.00>
ST_1 : Operation 29 [1/1] (0.00ns)   --->   "%data_real_24 = alloca i32 1"   --->   Operation 29 'alloca' 'data_real_24' <Predicate = true> <Delay = 0.00>
ST_1 : Operation 30 [1/1] (0.00ns)   --->   "%data_real_25 = alloca i32 1"   --->   Operation 30 'alloca' 'data_real_25' <Predicate = true> <Delay = 0.00>
ST_1 : Operation 31 [1/1] (0.00ns)   --->   "%data_real_26 = alloca i32 1"   --->   Operation 31 'alloca' 'data_real_26' <Predicate = true> <Delay = 0.00>
ST_1 : Operation 32 [1/1] (0.00ns)   --->   "%data_real_27 = alloca i32 1"   --->   Operation 32 'alloca' 'data_real_27' <Predicate = true> <Delay = 0.00>
ST_1 : Operation 33 [1/1] (0.00ns)   --->   "%data_real_28 = alloca i32 1"   --->   Operation 33 'alloca' 'data_real_28' <Predicate = true> <Delay = 0.00>
ST_1 : Operation 34 [1/1] (0.00ns)   --->   "%data_real_29 = alloca i32 1"   --->   Operation 34 'alloca' 'data_real_29' <Predicate = true> <Delay = 0.00>
ST_1 : Operation 35 [1/1] (0.00ns)   --->   "%data_real_30 = alloca i32 1"   --->   Operation 35 'alloca' 'data_real_30' <Predicate = true> <Delay = 0.00>
ST_1 : Operation 36 [1/1] (0.00ns)   --->   "%data_real_31 = alloca i32 1"   --->   Operation 36 'alloca' 'data_real_31' <Predicate = true> <Delay = 0.00>
ST_1 : Operation 37 [1/1] (0.00ns)   --->   "%data_imag = alloca i32 1"   --->   Operation 37 'alloca' 'data_imag' <Predicate = true> <Delay = 0.00>
ST_1 : Operation 38 [1/1] (0.00ns)   --->   "%data_imag_1 = alloca i32 1"   --->   Operation 38 'alloca' 'data_imag_1' <Predicate = true> <Delay = 0.00>
ST_1 : Operation 39 [1/1] (0.00ns)   --->   "%data_imag_2 = alloca i32 1"   --->   Operation 39 'alloca' 'data_imag_2' <Predicate = true> <Delay = 0.00>
ST_1 : Operation 40 [1/1] (0.00ns)   --->   "%data_imag_3 = alloca i32 1"   --->   Operation 40 'alloca' 'data_imag_3' <Predicate = true> <Delay = 0.00>
ST_1 : Operation 41 [1/1] (0.00ns)   --->   "%data_imag_4 = alloca i32 1"   --->   Operation 41 'alloca' 'data_imag_4' <Predicate = true> <Delay = 0.00>
ST_1 : Operation 42 [1/1] (0.00ns)   --->   "%data_imag_5 = alloca i32 1"   --->   Operation 42 'alloca' 'data_imag_5' <Predicate = true> <Delay = 0.00>
ST_1 : Operation 43 [1/1] (0.00ns)   --->   "%data_imag_6 = alloca i32 1"   --->   Operation 43 'alloca' 'data_imag_6' <Predicate = true> <Delay = 0.00>
ST_1 : Operation 44 [1/1] (0.00ns)   --->   "%data_imag_7 = alloca i32 1"   --->   Operation 44 'alloca' 'data_imag_7' <Predicate = true> <Delay = 0.00>
ST_1 : Operation 45 [1/1] (0.00ns)   --->   "%data_imag_8 = alloca i32 1"   --->   Operation 45 'alloca' 'data_imag_8' <Predicate = true> <Delay = 0.00>
ST_1 : Operation 46 [1/1] (0.00ns)   --->   "%data_imag_9 = alloca i32 1"   --->   Operation 46 'alloca' 'data_imag_9' <Predicate = true> <Delay = 0.00>
ST_1 : Operation 47 [1/1] (0.00ns)   --->   "%data_imag_10 = alloca i32 1"   --->   Operation 47 'alloca' 'data_imag_10' <Predicate = true> <Delay = 0.00>
ST_1 : Operation 48 [1/1] (0.00ns)   --->   "%data_imag_11 = alloca i32 1"   --->   Operation 48 'alloca' 'data_imag_11' <Predicate = true> <Delay = 0.00>
ST_1 : Operation 49 [1/1] (0.00ns)   --->   "%data_imag_12 = alloca i32 1"   --->   Operation 49 'alloca' 'data_imag_12' <Predicate = true> <Delay = 0.00>
ST_1 : Operation 50 [1/1] (0.00ns)   --->   "%data_imag_13 = alloca i32 1"   --->   Operation 50 'alloca' 'data_imag_13' <Predicate = true> <Delay = 0.00>
ST_1 : Operation 51 [1/1] (0.00ns)   --->   "%data_imag_14 = alloca i32 1"   --->   Operation 51 'alloca' 'data_imag_14' <Predicate = true> <Delay = 0.00>
ST_1 : Operation 52 [1/1] (0.00ns)   --->   "%data_imag_15 = alloca i32 1"   --->   Operation 52 'alloca' 'data_imag_15' <Predicate = true> <Delay = 0.00>
ST_1 : Operation 53 [1/1] (0.00ns)   --->   "%data_imag_16 = alloca i32 1"   --->   Operation 53 'alloca' 'data_imag_16' <Predicate = true> <Delay = 0.00>
ST_1 : Operation 54 [1/1] (0.00ns)   --->   "%data_imag_17 = alloca i32 1"   --->   Operation 54 'alloca' 'data_imag_17' <Predicate = true> <Delay = 0.00>
ST_1 : Operation 55 [1/1] (0.00ns)   --->   "%data_imag_18 = alloca i32 1"   --->   Operation 55 'alloca' 'data_imag_18' <Predicate = true> <Delay = 0.00>
ST_1 : Operation 56 [1/1] (0.00ns)   --->   "%data_imag_19 = alloca i32 1"   --->   Operation 56 'alloca' 'data_imag_19' <Predicate = true> <Delay = 0.00>
ST_1 : Operation 57 [1/1] (0.00ns)   --->   "%data_imag_20 = alloca i32 1"   --->   Operation 57 'alloca' 'data_imag_20' <Predicate = true> <Delay = 0.00>
ST_1 : Operation 58 [1/1] (0.00ns)   --->   "%data_imag_21 = alloca i32 1"   --->   Operation 58 'alloca' 'data_imag_21' <Predicate = true> <Delay = 0.00>
ST_1 : Operation 59 [1/1] (0.00ns)   --->   "%data_imag_22 = alloca i32 1"   --->   Operation 59 'alloca' 'data_imag_22' <Predicate = true> <Delay = 0.00>
ST_1 : Operation 60 [1/1] (0.00ns)   --->   "%data_imag_23 = alloca i32 1"   --->   Operation 60 'alloca' 'data_imag_23' <Predicate = true> <Delay = 0.00>
ST_1 : Operation 61 [1/1] (0.00ns)   --->   "%data_imag_24 = alloca i32 1"   --->   Operation 61 'alloca' 'data_imag_24' <Predicate = true> <Delay = 0.00>
ST_1 : Operation 62 [1/1] (0.00ns)   --->   "%data_imag_25 = alloca i32 1"   --->   Operation 62 'alloca' 'data_imag_25' <Predicate = true> <Delay = 0.00>
ST_1 : Operation 63 [1/1] (0.00ns)   --->   "%data_imag_26 = alloca i32 1"   --->   Operation 63 'alloca' 'data_imag_26' <Predicate = true> <Delay = 0.00>
ST_1 : Operation 64 [1/1] (0.00ns)   --->   "%data_imag_27 = alloca i32 1"   --->   Operation 64 'alloca' 'data_imag_27' <Predicate = true> <Delay = 0.00>
ST_1 : Operation 65 [1/1] (0.00ns)   --->   "%data_imag_28 = alloca i32 1"   --->   Operation 65 'alloca' 'data_imag_28' <Predicate = true> <Delay = 0.00>
ST_1 : Operation 66 [1/1] (0.00ns)   --->   "%data_imag_29 = alloca i32 1"   --->   Operation 66 'alloca' 'data_imag_29' <Predicate = true> <Delay = 0.00>
ST_1 : Operation 67 [1/1] (0.00ns)   --->   "%data_imag_30 = alloca i32 1"   --->   Operation 67 'alloca' 'data_imag_30' <Predicate = true> <Delay = 0.00>
ST_1 : Operation 68 [1/1] (0.00ns)   --->   "%data_imag_31 = alloca i32 1"   --->   Operation 68 'alloca' 'data_imag_31' <Predicate = true> <Delay = 0.00>
ST_1 : Operation 69 [1/1] (0.00ns)   --->   "%specinterface_ln0 = specinterface void @_ssdm_op_SpecInterface, i48 %in_stream, void @empty, i32 0, i32 0, void @empty_0, i32 0, i32 0, void @empty_1, void @empty_1, void @empty_1, i32 0, i32 0, i32 0, i32 0, void @empty_1, void @empty_1, i32 4294967295, i32 0"   --->   Operation 69 'specinterface' 'specinterface_ln0' <Predicate = true> <Delay = 0.00>
ST_1 : Operation 70 [1/1] (1.58ns)   --->   "%store_ln0 = store i16 0, i16 %data_imag_31"   --->   Operation 70 'store' 'store_ln0' <Predicate = true> <Delay = 1.58>
ST_1 : Operation 71 [1/1] (1.58ns)   --->   "%store_ln0 = store i16 0, i16 %data_imag_30"   --->   Operation 71 'store' 'store_ln0' <Predicate = true> <Delay = 1.58>
ST_1 : Operation 72 [1/1] (1.58ns)   --->   "%store_ln0 = store i16 0, i16 %data_imag_29"   --->   Operation 72 'store' 'store_ln0' <Predicate = true> <Delay = 1.58>
ST_1 : Operation 73 [1/1] (1.58ns)   --->   "%store_ln0 = store i16 0, i16 %data_imag_28"   --->   Operation 73 'store' 'store_ln0' <Predicate = true> <Delay = 1.58>
ST_1 : Operation 74 [1/1] (1.58ns)   --->   "%store_ln0 = store i16 0, i16 %data_imag_27"   --->   Operation 74 'store' 'store_ln0' <Predicate = true> <Delay = 1.58>
ST_1 : Operation 75 [1/1] (1.58ns)   --->   "%store_ln0 = store i16 0, i16 %data_imag_26"   --->   Operation 75 'store' 'store_ln0' <Predicate = true> <Delay = 1.58>
ST_1 : Operation 76 [1/1] (1.58ns)   --->   "%store_ln0 = store i16 0, i16 %data_imag_25"   --->   Operation 76 'store' 'store_ln0' <Predicate = true> <Delay = 1.58>
ST_1 : Operation 77 [1/1] (1.58ns)   --->   "%store_ln0 = store i16 0, i16 %data_imag_24"   --->   Operation 77 'store' 'store_ln0' <Predicate = true> <Delay = 1.58>
ST_1 : Operation 78 [1/1] (1.58ns)   --->   "%store_ln0 = store i16 0, i16 %data_imag_23"   --->   Operation 78 'store' 'store_ln0' <Predicate = true> <Delay = 1.58>
ST_1 : Operation 79 [1/1] (1.58ns)   --->   "%store_ln0 = store i16 0, i16 %data_imag_22"   --->   Operation 79 'store' 'store_ln0' <Predicate = true> <Delay = 1.58>
ST_1 : Operation 80 [1/1] (1.58ns)   --->   "%store_ln0 = store i16 0, i16 %data_imag_21"   --->   Operation 80 'store' 'store_ln0' <Predicate = true> <Delay = 1.58>
ST_1 : Operation 81 [1/1] (1.58ns)   --->   "%store_ln0 = store i16 0, i16 %data_imag_20"   --->   Operation 81 'store' 'store_ln0' <Predicate = true> <Delay = 1.58>
ST_1 : Operation 82 [1/1] (1.58ns)   --->   "%store_ln0 = store i16 0, i16 %data_imag_19"   --->   Operation 82 'store' 'store_ln0' <Predicate = true> <Delay = 1.58>
ST_1 : Operation 83 [1/1] (1.58ns)   --->   "%store_ln0 = store i16 0, i16 %data_imag_18"   --->   Operation 83 'store' 'store_ln0' <Predicate = true> <Delay = 1.58>
ST_1 : Operation 84 [1/1] (1.58ns)   --->   "%store_ln0 = store i16 0, i16 %data_imag_17"   --->   Operation 84 'store' 'store_ln0' <Predicate = true> <Delay = 1.58>
ST_1 : Operation 85 [1/1] (1.58ns)   --->   "%store_ln0 = store i16 0, i16 %data_imag_16"   --->   Operation 85 'store' 'store_ln0' <Predicate = true> <Delay = 1.58>
ST_1 : Operation 86 [1/1] (1.58ns)   --->   "%store_ln0 = store i16 0, i16 %data_imag_15"   --->   Operation 86 'store' 'store_ln0' <Predicate = true> <Delay = 1.58>
ST_1 : Operation 87 [1/1] (1.58ns)   --->   "%store_ln0 = store i16 0, i16 %data_imag_14"   --->   Operation 87 'store' 'store_ln0' <Predicate = true> <Delay = 1.58>
ST_1 : Operation 88 [1/1] (1.58ns)   --->   "%store_ln0 = store i16 0, i16 %data_imag_13"   --->   Operation 88 'store' 'store_ln0' <Predicate = true> <Delay = 1.58>
ST_1 : Operation 89 [1/1] (1.58ns)   --->   "%store_ln0 = store i16 0, i16 %data_imag_12"   --->   Operation 89 'store' 'store_ln0' <Predicate = true> <Delay = 1.58>
ST_1 : Operation 90 [1/1] (1.58ns)   --->   "%store_ln0 = store i16 0, i16 %data_imag_11"   --->   Operation 90 'store' 'store_ln0' <Predicate = true> <Delay = 1.58>
ST_1 : Operation 91 [1/1] (1.58ns)   --->   "%store_ln0 = store i16 0, i16 %data_imag_10"   --->   Operation 91 'store' 'store_ln0' <Predicate = true> <Delay = 1.58>
ST_1 : Operation 92 [1/1] (1.58ns)   --->   "%store_ln0 = store i16 0, i16 %data_imag_9"   --->   Operation 92 'store' 'store_ln0' <Predicate = true> <Delay = 1.58>
ST_1 : Operation 93 [1/1] (1.58ns)   --->   "%store_ln0 = store i16 0, i16 %data_imag_8"   --->   Operation 93 'store' 'store_ln0' <Predicate = true> <Delay = 1.58>
ST_1 : Operation 94 [1/1] (1.58ns)   --->   "%store_ln0 = store i16 0, i16 %data_imag_7"   --->   Operation 94 'store' 'store_ln0' <Predicate = true> <Delay = 1.58>
ST_1 : Operation 95 [1/1] (1.58ns)   --->   "%store_ln0 = store i16 0, i16 %data_imag_6"   --->   Operation 95 'store' 'store_ln0' <Predicate = true> <Delay = 1.58>
ST_1 : Operation 96 [1/1] (1.58ns)   --->   "%store_ln0 = store i16 0, i16 %data_imag_5"   --->   Operation 96 'store' 'store_ln0' <Predicate = true> <Delay = 1.58>
ST_1 : Operation 97 [1/1] (1.58ns)   --->   "%store_ln0 = store i16 0, i16 %data_imag_4"   --->   Operation 97 'store' 'store_ln0' <Predicate = true> <Delay = 1.58>
ST_1 : Operation 98 [1/1] (1.58ns)   --->   "%store_ln0 = store i16 0, i16 %data_imag_3"   --->   Operation 98 'store' 'store_ln0' <Predicate = true> <Delay = 1.58>
ST_1 : Operation 99 [1/1] (1.58ns)   --->   "%store_ln0 = store i16 0, i16 %data_imag_2"   --->   Operation 99 'store' 'store_ln0' <Predicate = true> <Delay = 1.58>
ST_1 : Operation 100 [1/1] (1.58ns)   --->   "%store_ln0 = store i16 0, i16 %data_imag_1"   --->   Operation 100 'store' 'store_ln0' <Predicate = true> <Delay = 1.58>
ST_1 : Operation 101 [1/1] (1.58ns)   --->   "%store_ln0 = store i16 0, i16 %data_imag"   --->   Operation 101 'store' 'store_ln0' <Predicate = true> <Delay = 1.58>
ST_1 : Operation 102 [1/1] (1.58ns)   --->   "%store_ln0 = store i16 0, i16 %data_real_31"   --->   Operation 102 'store' 'store_ln0' <Predicate = true> <Delay = 1.58>
ST_1 : Operation 103 [1/1] (1.58ns)   --->   "%store_ln0 = store i16 0, i16 %data_real_30"   --->   Operation 103 'store' 'store_ln0' <Predicate = true> <Delay = 1.58>
ST_1 : Operation 104 [1/1] (1.58ns)   --->   "%store_ln0 = store i16 0, i16 %data_real_29"   --->   Operation 104 'store' 'store_ln0' <Predicate = true> <Delay = 1.58>
ST_1 : Operation 105 [1/1] (1.58ns)   --->   "%store_ln0 = store i16 0, i16 %data_real_28"   --->   Operation 105 'store' 'store_ln0' <Predicate = true> <Delay = 1.58>
ST_1 : Operation 106 [1/1] (1.58ns)   --->   "%store_ln0 = store i16 0, i16 %data_real_27"   --->   Operation 106 'store' 'store_ln0' <Predicate = true> <Delay = 1.58>
ST_1 : Operation 107 [1/1] (1.58ns)   --->   "%store_ln0 = store i16 0, i16 %data_real_26"   --->   Operation 107 'store' 'store_ln0' <Predicate = true> <Delay = 1.58>
ST_1 : Operation 108 [1/1] (1.58ns)   --->   "%store_ln0 = store i16 0, i16 %data_real_25"   --->   Operation 108 'store' 'store_ln0' <Predicate = true> <Delay = 1.58>
ST_1 : Operation 109 [1/1] (1.58ns)   --->   "%store_ln0 = store i16 0, i16 %data_real_24"   --->   Operation 109 'store' 'store_ln0' <Predicate = true> <Delay = 1.58>
ST_1 : Operation 110 [1/1] (1.58ns)   --->   "%store_ln0 = store i16 0, i16 %data_real_23"   --->   Operation 110 'store' 'store_ln0' <Predicate = true> <Delay = 1.58>
ST_1 : Operation 111 [1/1] (1.58ns)   --->   "%store_ln0 = store i16 0, i16 %data_real_22"   --->   Operation 111 'store' 'store_ln0' <Predicate = true> <Delay = 1.58>
ST_1 : Operation 112 [1/1] (1.58ns)   --->   "%store_ln0 = store i16 0, i16 %data_real_21"   --->   Operation 112 'store' 'store_ln0' <Predicate = true> <Delay = 1.58>
ST_1 : Operation 113 [1/1] (1.58ns)   --->   "%store_ln0 = store i16 0, i16 %data_real_20"   --->   Operation 113 'store' 'store_ln0' <Predicate = true> <Delay = 1.58>
ST_1 : Operation 114 [1/1] (1.58ns)   --->   "%store_ln0 = store i16 0, i16 %data_real_19"   --->   Operation 114 'store' 'store_ln0' <Predicate = true> <Delay = 1.58>
ST_1 : Operation 115 [1/1] (1.58ns)   --->   "%store_ln0 = store i16 0, i16 %data_real_18"   --->   Operation 115 'store' 'store_ln0' <Predicate = true> <Delay = 1.58>
ST_1 : Operation 116 [1/1] (1.58ns)   --->   "%store_ln0 = store i16 0, i16 %data_real_17"   --->   Operation 116 'store' 'store_ln0' <Predicate = true> <Delay = 1.58>
ST_1 : Operation 117 [1/1] (1.58ns)   --->   "%store_ln0 = store i16 0, i16 %data_real_16"   --->   Operation 117 'store' 'store_ln0' <Predicate = true> <Delay = 1.58>
ST_1 : Operation 118 [1/1] (1.58ns)   --->   "%store_ln0 = store i16 0, i16 %data_real_15"   --->   Operation 118 'store' 'store_ln0' <Predicate = true> <Delay = 1.58>
ST_1 : Operation 119 [1/1] (1.58ns)   --->   "%store_ln0 = store i16 0, i16 %data_real_14"   --->   Operation 119 'store' 'store_ln0' <Predicate = true> <Delay = 1.58>
ST_1 : Operation 120 [1/1] (1.58ns)   --->   "%store_ln0 = store i16 0, i16 %data_real_13"   --->   Operation 120 'store' 'store_ln0' <Predicate = true> <Delay = 1.58>
ST_1 : Operation 121 [1/1] (1.58ns)   --->   "%store_ln0 = store i16 0, i16 %data_real_12"   --->   Operation 121 'store' 'store_ln0' <Predicate = true> <Delay = 1.58>
ST_1 : Operation 122 [1/1] (1.58ns)   --->   "%store_ln0 = store i16 0, i16 %data_real_11"   --->   Operation 122 'store' 'store_ln0' <Predicate = true> <Delay = 1.58>
ST_1 : Operation 123 [1/1] (1.58ns)   --->   "%store_ln0 = store i16 0, i16 %data_real_10"   --->   Operation 123 'store' 'store_ln0' <Predicate = true> <Delay = 1.58>
ST_1 : Operation 124 [1/1] (1.58ns)   --->   "%store_ln0 = store i16 0, i16 %data_real_9"   --->   Operation 124 'store' 'store_ln0' <Predicate = true> <Delay = 1.58>
ST_1 : Operation 125 [1/1] (1.58ns)   --->   "%store_ln0 = store i16 0, i16 %data_real_8"   --->   Operation 125 'store' 'store_ln0' <Predicate = true> <Delay = 1.58>
ST_1 : Operation 126 [1/1] (1.58ns)   --->   "%store_ln0 = store i16 0, i16 %data_real_7"   --->   Operation 126 'store' 'store_ln0' <Predicate = true> <Delay = 1.58>
ST_1 : Operation 127 [1/1] (1.58ns)   --->   "%store_ln0 = store i16 0, i16 %data_real_6"   --->   Operation 127 'store' 'store_ln0' <Predicate = true> <Delay = 1.58>
ST_1 : Operation 128 [1/1] (1.58ns)   --->   "%store_ln0 = store i16 0, i16 %data_real_5"   --->   Operation 128 'store' 'store_ln0' <Predicate = true> <Delay = 1.58>
ST_1 : Operation 129 [1/1] (1.58ns)   --->   "%store_ln0 = store i16 0, i16 %data_real_4"   --->   Operation 129 'store' 'store_ln0' <Predicate = true> <Delay = 1.58>
ST_1 : Operation 130 [1/1] (1.58ns)   --->   "%store_ln0 = store i16 0, i16 %data_real_3"   --->   Operation 130 'store' 'store_ln0' <Predicate = true> <Delay = 1.58>
ST_1 : Operation 131 [1/1] (1.58ns)   --->   "%store_ln0 = store i16 0, i16 %data_real_2"   --->   Operation 131 'store' 'store_ln0' <Predicate = true> <Delay = 1.58>
ST_1 : Operation 132 [1/1] (1.58ns)   --->   "%store_ln0 = store i16 0, i16 %data_real_1"   --->   Operation 132 'store' 'store_ln0' <Predicate = true> <Delay = 1.58>
ST_1 : Operation 133 [1/1] (1.58ns)   --->   "%store_ln0 = store i16 0, i16 %data_real"   --->   Operation 133 'store' 'store_ln0' <Predicate = true> <Delay = 1.58>
ST_1 : Operation 134 [1/1] (1.58ns)   --->   "%store_ln0 = store i6 0, i6 %i"   --->   Operation 134 'store' 'store_ln0' <Predicate = true> <Delay = 1.58>
ST_1 : Operation 135 [1/1] (0.00ns)   --->   "%br_ln0 = br void %for.inc"   --->   Operation 135 'br' 'br_ln0' <Predicate = true> <Delay = 0.00>
ST_1 : Operation 136 [1/1] (0.00ns)   --->   "%i_2 = load i6 %i" [FFT32_check.cpp:73]   --->   Operation 136 'load' 'i_2' <Predicate = true> <Delay = 0.00>
ST_1 : Operation 137 [1/1] (1.82ns)   --->   "%icmp_ln73 = icmp_eq  i6 %i_2, i6 32" [FFT32_check.cpp:73]   --->   Operation 137 'icmp' 'icmp_ln73' <Predicate = true> <Delay = 1.82> <CoreInst = "Cmp">   --->   Core 9 'Cmp' <Latency = 0> <II = 1> <Delay = 1.82> <FuncUnit> <Opcode : 'icmp'> <InPorts = 2> <OutPorts = 1>
ST_1 : Operation 138 [1/1] (1.82ns)   --->   "%add_ln73 = add i6 %i_2, i6 1" [FFT32_check.cpp:73]   --->   Operation 138 'add' 'add_ln73' <Predicate = true> <Delay = 1.82> <CoreInst = "Adder">   --->   Core 1 'Adder' <Latency = 0> <II = 1> <Delay = 1.82> <FuncUnit> <Opcode : 'add' 'sub'> <InPorts = 2> <OutPorts = 1>
ST_1 : Operation 139 [1/1] (0.00ns)   --->   "%br_ln73 = br i1 %icmp_ln73, void %for.inc.split, void %for.inc23.31.exitStub" [FFT32_check.cpp:73]   --->   Operation 139 'br' 'br_ln73' <Predicate = true> <Delay = 0.00>
ST_1 : Operation 140 [1/1] (0.00ns)   --->   "%specpipeline_ln26 = specpipeline void @_ssdm_op_SpecPipeline, i32 1, i32 0, i32 0, i32 0, void @empty_1" [D:/Vivado/FFT_sol/FFT_sol_2/solution1/directives.tcl:26]   --->   Operation 140 'specpipeline' 'specpipeline_ln26' <Predicate = (!icmp_ln73)> <Delay = 0.00>
ST_1 : Operation 141 [1/1] (0.00ns)   --->   "%speclooptripcount_ln68 = speclooptripcount void @_ssdm_op_SpecLoopTripCount, i64 32, i64 32, i64 32" [FFT32_check.cpp:68]   --->   Operation 141 'speclooptripcount' 'speclooptripcount_ln68' <Predicate = (!icmp_ln73)> <Delay = 0.00>
ST_1 : Operation 142 [1/1] (0.00ns)   --->   "%specloopname_ln73 = specloopname void @_ssdm_op_SpecLoopName, void @empty_5" [FFT32_check.cpp:73]   --->   Operation 142 'specloopname' 'specloopname_ln73' <Predicate = (!icmp_ln73)> <Delay = 0.00>
ST_1 : Operation 143 [1/1] (0.00ns)   --->   "%trunc_ln73 = trunc i6 %i_2" [FFT32_check.cpp:73]   --->   Operation 143 'trunc' 'trunc_ln73' <Predicate = (!icmp_ln73)> <Delay = 0.00>
ST_1 : Operation 144 [1/1] (0.00ns)   --->   "%in_stream_read = read i48 @_ssdm_op_Read.axis.volatile.i48P128A, i48 %in_stream" [FFT32_check.cpp:76]   --->   Operation 144 'read' 'in_stream_read' <Predicate = (!icmp_ln73)> <Delay = 0.00> <CoreInst = "axis">   --->   Core 115 'axis' <Latency = 0> <II = 1> <Delay = 1.00> <Adapter> <Opcode : >
ST_1 : Operation 145 [1/1] (0.00ns)   --->   "%data_real_32 = trunc i48 %in_stream_read" [FFT32_check.cpp:76]   --->   Operation 145 'trunc' 'data_real_32' <Predicate = (!icmp_ln73)> <Delay = 0.00>
ST_1 : Operation 146 [1/1] (0.00ns)   --->   "%data_imag_32 = partselect i16 @_ssdm_op_PartSelect.i16.i48.i32.i32, i48 %in_stream_read, i32 16, i32 31" [FFT32_check.cpp:76]   --->   Operation 146 'partselect' 'data_imag_32' <Predicate = (!icmp_ln73)> <Delay = 0.00>
ST_1 : Operation 147 [1/1] (1.89ns)   --->   "%switch_ln77 = switch i5 %trunc_ln73, void %arrayidx.1.case.31, i5 0, void %for.inc.split.arrayidx.1.exit_crit_edge2, i5 1, void %arrayidx.1.case.1, i5 2, void %arrayidx.1.case.2, i5 3, void %arrayidx.1.case.3, i5 4, void %arrayidx.1.case.4, i5 5, void %arrayidx.1.case.5, i5 6, void %arrayidx.1.case.6, i5 7, void %arrayidx.1.case.7, i5 8, void %arrayidx.1.case.8, i5 9, void %arrayidx.1.case.9, i5 10, void %arrayidx.1.case.10, i5 11, void %arrayidx.1.case.11, i5 12, void %arrayidx.1.case.12, i5 13, void %arrayidx.1.case.13, i5 14, void %arrayidx.1.case.14, i5 15, void %arrayidx.1.case.15, i5 16, void %arrayidx.1.case.16, i5 17, void %arrayidx.1.case.17, i5 18, void %arrayidx.1.case.18, i5 19, void %arrayidx.1.case.19, i5 20, void %arrayidx.1.case.20, i5 21, void %arrayidx.1.case.21, i5 22, void %arrayidx.1.case.22, i5 23, void %arrayidx.1.case.23, i5 24, void %arrayidx.1.case.24, i5 25, void %arrayidx.1.case.25, i5 26, void %arrayidx.1.case.26, i5 27, void %arrayidx.1.case.27, i5 28, void %arrayidx.1.case.28, i5 29, void %arrayidx.1.case.29, i5 30, void %for.inc.split.arrayidx.1.exit_crit_edge" [FFT32_check.cpp:77]   --->   Operation 147 'switch' 'switch_ln77' <Predicate = (!icmp_ln73)> <Delay = 1.89>
ST_1 : Operation 148 [1/1] (1.58ns)   --->   "%store_ln77 = store i16 %data_imag_32, i16 %data_imag_30" [FFT32_check.cpp:77]   --->   Operation 148 'store' 'store_ln77' <Predicate = (!icmp_ln73 & trunc_ln73 == 30)> <Delay = 1.58>
ST_1 : Operation 149 [1/1] (1.58ns)   --->   "%store_ln77 = store i16 %data_real_32, i16 %data_real_30" [FFT32_check.cpp:77]   --->   Operation 149 'store' 'store_ln77' <Predicate = (!icmp_ln73 & trunc_ln73 == 30)> <Delay = 1.58>
ST_1 : Operation 150 [1/1] (0.00ns)   --->   "%br_ln77 = br void %arrayidx.1.exit" [FFT32_check.cpp:77]   --->   Operation 150 'br' 'br_ln77' <Predicate = (!icmp_ln73 & trunc_ln73 == 30)> <Delay = 0.00>
ST_1 : Operation 151 [1/1] (1.58ns)   --->   "%store_ln77 = store i16 %data_imag_32, i16 %data_imag_29" [FFT32_check.cpp:77]   --->   Operation 151 'store' 'store_ln77' <Predicate = (!icmp_ln73 & trunc_ln73 == 29)> <Delay = 1.58>
ST_1 : Operation 152 [1/1] (1.58ns)   --->   "%store_ln77 = store i16 %data_real_32, i16 %data_real_29" [FFT32_check.cpp:77]   --->   Operation 152 'store' 'store_ln77' <Predicate = (!icmp_ln73 & trunc_ln73 == 29)> <Delay = 1.58>
ST_1 : Operation 153 [1/1] (0.00ns)   --->   "%br_ln77 = br void %arrayidx.1.exit" [FFT32_check.cpp:77]   --->   Operation 153 'br' 'br_ln77' <Predicate = (!icmp_ln73 & trunc_ln73 == 29)> <Delay = 0.00>
ST_1 : Operation 154 [1/1] (1.58ns)   --->   "%store_ln77 = store i16 %data_imag_32, i16 %data_imag_28" [FFT32_check.cpp:77]   --->   Operation 154 'store' 'store_ln77' <Predicate = (!icmp_ln73 & trunc_ln73 == 28)> <Delay = 1.58>
ST_1 : Operation 155 [1/1] (1.58ns)   --->   "%store_ln77 = store i16 %data_real_32, i16 %data_real_28" [FFT32_check.cpp:77]   --->   Operation 155 'store' 'store_ln77' <Predicate = (!icmp_ln73 & trunc_ln73 == 28)> <Delay = 1.58>
ST_1 : Operation 156 [1/1] (0.00ns)   --->   "%br_ln77 = br void %arrayidx.1.exit" [FFT32_check.cpp:77]   --->   Operation 156 'br' 'br_ln77' <Predicate = (!icmp_ln73 & trunc_ln73 == 28)> <Delay = 0.00>
ST_1 : Operation 157 [1/1] (1.58ns)   --->   "%store_ln77 = store i16 %data_imag_32, i16 %data_imag_27" [FFT32_check.cpp:77]   --->   Operation 157 'store' 'store_ln77' <Predicate = (!icmp_ln73 & trunc_ln73 == 27)> <Delay = 1.58>
ST_1 : Operation 158 [1/1] (1.58ns)   --->   "%store_ln77 = store i16 %data_real_32, i16 %data_real_27" [FFT32_check.cpp:77]   --->   Operation 158 'store' 'store_ln77' <Predicate = (!icmp_ln73 & trunc_ln73 == 27)> <Delay = 1.58>
ST_1 : Operation 159 [1/1] (0.00ns)   --->   "%br_ln77 = br void %arrayidx.1.exit" [FFT32_check.cpp:77]   --->   Operation 159 'br' 'br_ln77' <Predicate = (!icmp_ln73 & trunc_ln73 == 27)> <Delay = 0.00>
ST_1 : Operation 160 [1/1] (1.58ns)   --->   "%store_ln77 = store i16 %data_imag_32, i16 %data_imag_26" [FFT32_check.cpp:77]   --->   Operation 160 'store' 'store_ln77' <Predicate = (!icmp_ln73 & trunc_ln73 == 26)> <Delay = 1.58>
ST_1 : Operation 161 [1/1] (1.58ns)   --->   "%store_ln77 = store i16 %data_real_32, i16 %data_real_26" [FFT32_check.cpp:77]   --->   Operation 161 'store' 'store_ln77' <Predicate = (!icmp_ln73 & trunc_ln73 == 26)> <Delay = 1.58>
ST_1 : Operation 162 [1/1] (0.00ns)   --->   "%br_ln77 = br void %arrayidx.1.exit" [FFT32_check.cpp:77]   --->   Operation 162 'br' 'br_ln77' <Predicate = (!icmp_ln73 & trunc_ln73 == 26)> <Delay = 0.00>
ST_1 : Operation 163 [1/1] (1.58ns)   --->   "%store_ln77 = store i16 %data_imag_32, i16 %data_imag_25" [FFT32_check.cpp:77]   --->   Operation 163 'store' 'store_ln77' <Predicate = (!icmp_ln73 & trunc_ln73 == 25)> <Delay = 1.58>
ST_1 : Operation 164 [1/1] (1.58ns)   --->   "%store_ln77 = store i16 %data_real_32, i16 %data_real_25" [FFT32_check.cpp:77]   --->   Operation 164 'store' 'store_ln77' <Predicate = (!icmp_ln73 & trunc_ln73 == 25)> <Delay = 1.58>
ST_1 : Operation 165 [1/1] (0.00ns)   --->   "%br_ln77 = br void %arrayidx.1.exit" [FFT32_check.cpp:77]   --->   Operation 165 'br' 'br_ln77' <Predicate = (!icmp_ln73 & trunc_ln73 == 25)> <Delay = 0.00>
ST_1 : Operation 166 [1/1] (1.58ns)   --->   "%store_ln77 = store i16 %data_imag_32, i16 %data_imag_24" [FFT32_check.cpp:77]   --->   Operation 166 'store' 'store_ln77' <Predicate = (!icmp_ln73 & trunc_ln73 == 24)> <Delay = 1.58>
ST_1 : Operation 167 [1/1] (1.58ns)   --->   "%store_ln77 = store i16 %data_real_32, i16 %data_real_24" [FFT32_check.cpp:77]   --->   Operation 167 'store' 'store_ln77' <Predicate = (!icmp_ln73 & trunc_ln73 == 24)> <Delay = 1.58>
ST_1 : Operation 168 [1/1] (0.00ns)   --->   "%br_ln77 = br void %arrayidx.1.exit" [FFT32_check.cpp:77]   --->   Operation 168 'br' 'br_ln77' <Predicate = (!icmp_ln73 & trunc_ln73 == 24)> <Delay = 0.00>
ST_1 : Operation 169 [1/1] (1.58ns)   --->   "%store_ln77 = store i16 %data_imag_32, i16 %data_imag_23" [FFT32_check.cpp:77]   --->   Operation 169 'store' 'store_ln77' <Predicate = (!icmp_ln73 & trunc_ln73 == 23)> <Delay = 1.58>
ST_1 : Operation 170 [1/1] (1.58ns)   --->   "%store_ln77 = store i16 %data_real_32, i16 %data_real_23" [FFT32_check.cpp:77]   --->   Operation 170 'store' 'store_ln77' <Predicate = (!icmp_ln73 & trunc_ln73 == 23)> <Delay = 1.58>
ST_1 : Operation 171 [1/1] (0.00ns)   --->   "%br_ln77 = br void %arrayidx.1.exit" [FFT32_check.cpp:77]   --->   Operation 171 'br' 'br_ln77' <Predicate = (!icmp_ln73 & trunc_ln73 == 23)> <Delay = 0.00>
ST_1 : Operation 172 [1/1] (1.58ns)   --->   "%store_ln77 = store i16 %data_imag_32, i16 %data_imag_22" [FFT32_check.cpp:77]   --->   Operation 172 'store' 'store_ln77' <Predicate = (!icmp_ln73 & trunc_ln73 == 22)> <Delay = 1.58>
ST_1 : Operation 173 [1/1] (1.58ns)   --->   "%store_ln77 = store i16 %data_real_32, i16 %data_real_22" [FFT32_check.cpp:77]   --->   Operation 173 'store' 'store_ln77' <Predicate = (!icmp_ln73 & trunc_ln73 == 22)> <Delay = 1.58>
ST_1 : Operation 174 [1/1] (0.00ns)   --->   "%br_ln77 = br void %arrayidx.1.exit" [FFT32_check.cpp:77]   --->   Operation 174 'br' 'br_ln77' <Predicate = (!icmp_ln73 & trunc_ln73 == 22)> <Delay = 0.00>
ST_1 : Operation 175 [1/1] (1.58ns)   --->   "%store_ln77 = store i16 %data_imag_32, i16 %data_imag_21" [FFT32_check.cpp:77]   --->   Operation 175 'store' 'store_ln77' <Predicate = (!icmp_ln73 & trunc_ln73 == 21)> <Delay = 1.58>
ST_1 : Operation 176 [1/1] (1.58ns)   --->   "%store_ln77 = store i16 %data_real_32, i16 %data_real_21" [FFT32_check.cpp:77]   --->   Operation 176 'store' 'store_ln77' <Predicate = (!icmp_ln73 & trunc_ln73 == 21)> <Delay = 1.58>
ST_1 : Operation 177 [1/1] (0.00ns)   --->   "%br_ln77 = br void %arrayidx.1.exit" [FFT32_check.cpp:77]   --->   Operation 177 'br' 'br_ln77' <Predicate = (!icmp_ln73 & trunc_ln73 == 21)> <Delay = 0.00>
ST_1 : Operation 178 [1/1] (1.58ns)   --->   "%store_ln77 = store i16 %data_imag_32, i16 %data_imag_20" [FFT32_check.cpp:77]   --->   Operation 178 'store' 'store_ln77' <Predicate = (!icmp_ln73 & trunc_ln73 == 20)> <Delay = 1.58>
ST_1 : Operation 179 [1/1] (1.58ns)   --->   "%store_ln77 = store i16 %data_real_32, i16 %data_real_20" [FFT32_check.cpp:77]   --->   Operation 179 'store' 'store_ln77' <Predicate = (!icmp_ln73 & trunc_ln73 == 20)> <Delay = 1.58>
ST_1 : Operation 180 [1/1] (0.00ns)   --->   "%br_ln77 = br void %arrayidx.1.exit" [FFT32_check.cpp:77]   --->   Operation 180 'br' 'br_ln77' <Predicate = (!icmp_ln73 & trunc_ln73 == 20)> <Delay = 0.00>
ST_1 : Operation 181 [1/1] (1.58ns)   --->   "%store_ln77 = store i16 %data_imag_32, i16 %data_imag_19" [FFT32_check.cpp:77]   --->   Operation 181 'store' 'store_ln77' <Predicate = (!icmp_ln73 & trunc_ln73 == 19)> <Delay = 1.58>
ST_1 : Operation 182 [1/1] (1.58ns)   --->   "%store_ln77 = store i16 %data_real_32, i16 %data_real_19" [FFT32_check.cpp:77]   --->   Operation 182 'store' 'store_ln77' <Predicate = (!icmp_ln73 & trunc_ln73 == 19)> <Delay = 1.58>
ST_1 : Operation 183 [1/1] (0.00ns)   --->   "%br_ln77 = br void %arrayidx.1.exit" [FFT32_check.cpp:77]   --->   Operation 183 'br' 'br_ln77' <Predicate = (!icmp_ln73 & trunc_ln73 == 19)> <Delay = 0.00>
ST_1 : Operation 184 [1/1] (1.58ns)   --->   "%store_ln77 = store i16 %data_imag_32, i16 %data_imag_18" [FFT32_check.cpp:77]   --->   Operation 184 'store' 'store_ln77' <Predicate = (!icmp_ln73 & trunc_ln73 == 18)> <Delay = 1.58>
ST_1 : Operation 185 [1/1] (1.58ns)   --->   "%store_ln77 = store i16 %data_real_32, i16 %data_real_18" [FFT32_check.cpp:77]   --->   Operation 185 'store' 'store_ln77' <Predicate = (!icmp_ln73 & trunc_ln73 == 18)> <Delay = 1.58>
ST_1 : Operation 186 [1/1] (0.00ns)   --->   "%br_ln77 = br void %arrayidx.1.exit" [FFT32_check.cpp:77]   --->   Operation 186 'br' 'br_ln77' <Predicate = (!icmp_ln73 & trunc_ln73 == 18)> <Delay = 0.00>
ST_1 : Operation 187 [1/1] (1.58ns)   --->   "%store_ln77 = store i16 %data_imag_32, i16 %data_imag_17" [FFT32_check.cpp:77]   --->   Operation 187 'store' 'store_ln77' <Predicate = (!icmp_ln73 & trunc_ln73 == 17)> <Delay = 1.58>
ST_1 : Operation 188 [1/1] (1.58ns)   --->   "%store_ln77 = store i16 %data_real_32, i16 %data_real_17" [FFT32_check.cpp:77]   --->   Operation 188 'store' 'store_ln77' <Predicate = (!icmp_ln73 & trunc_ln73 == 17)> <Delay = 1.58>
ST_1 : Operation 189 [1/1] (0.00ns)   --->   "%br_ln77 = br void %arrayidx.1.exit" [FFT32_check.cpp:77]   --->   Operation 189 'br' 'br_ln77' <Predicate = (!icmp_ln73 & trunc_ln73 == 17)> <Delay = 0.00>
ST_1 : Operation 190 [1/1] (1.58ns)   --->   "%store_ln77 = store i16 %data_imag_32, i16 %data_imag_16" [FFT32_check.cpp:77]   --->   Operation 190 'store' 'store_ln77' <Predicate = (!icmp_ln73 & trunc_ln73 == 16)> <Delay = 1.58>
ST_1 : Operation 191 [1/1] (1.58ns)   --->   "%store_ln77 = store i16 %data_real_32, i16 %data_real_16" [FFT32_check.cpp:77]   --->   Operation 191 'store' 'store_ln77' <Predicate = (!icmp_ln73 & trunc_ln73 == 16)> <Delay = 1.58>
ST_1 : Operation 192 [1/1] (0.00ns)   --->   "%br_ln77 = br void %arrayidx.1.exit" [FFT32_check.cpp:77]   --->   Operation 192 'br' 'br_ln77' <Predicate = (!icmp_ln73 & trunc_ln73 == 16)> <Delay = 0.00>
ST_1 : Operation 193 [1/1] (1.58ns)   --->   "%store_ln77 = store i16 %data_imag_32, i16 %data_imag_15" [FFT32_check.cpp:77]   --->   Operation 193 'store' 'store_ln77' <Predicate = (!icmp_ln73 & trunc_ln73 == 15)> <Delay = 1.58>
ST_1 : Operation 194 [1/1] (1.58ns)   --->   "%store_ln77 = store i16 %data_real_32, i16 %data_real_15" [FFT32_check.cpp:77]   --->   Operation 194 'store' 'store_ln77' <Predicate = (!icmp_ln73 & trunc_ln73 == 15)> <Delay = 1.58>
ST_1 : Operation 195 [1/1] (0.00ns)   --->   "%br_ln77 = br void %arrayidx.1.exit" [FFT32_check.cpp:77]   --->   Operation 195 'br' 'br_ln77' <Predicate = (!icmp_ln73 & trunc_ln73 == 15)> <Delay = 0.00>
ST_1 : Operation 196 [1/1] (1.58ns)   --->   "%store_ln77 = store i16 %data_imag_32, i16 %data_imag_14" [FFT32_check.cpp:77]   --->   Operation 196 'store' 'store_ln77' <Predicate = (!icmp_ln73 & trunc_ln73 == 14)> <Delay = 1.58>
ST_1 : Operation 197 [1/1] (1.58ns)   --->   "%store_ln77 = store i16 %data_real_32, i16 %data_real_14" [FFT32_check.cpp:77]   --->   Operation 197 'store' 'store_ln77' <Predicate = (!icmp_ln73 & trunc_ln73 == 14)> <Delay = 1.58>
ST_1 : Operation 198 [1/1] (0.00ns)   --->   "%br_ln77 = br void %arrayidx.1.exit" [FFT32_check.cpp:77]   --->   Operation 198 'br' 'br_ln77' <Predicate = (!icmp_ln73 & trunc_ln73 == 14)> <Delay = 0.00>
ST_1 : Operation 199 [1/1] (1.58ns)   --->   "%store_ln77 = store i16 %data_imag_32, i16 %data_imag_13" [FFT32_check.cpp:77]   --->   Operation 199 'store' 'store_ln77' <Predicate = (!icmp_ln73 & trunc_ln73 == 13)> <Delay = 1.58>
ST_1 : Operation 200 [1/1] (1.58ns)   --->   "%store_ln77 = store i16 %data_real_32, i16 %data_real_13" [FFT32_check.cpp:77]   --->   Operation 200 'store' 'store_ln77' <Predicate = (!icmp_ln73 & trunc_ln73 == 13)> <Delay = 1.58>
ST_1 : Operation 201 [1/1] (0.00ns)   --->   "%br_ln77 = br void %arrayidx.1.exit" [FFT32_check.cpp:77]   --->   Operation 201 'br' 'br_ln77' <Predicate = (!icmp_ln73 & trunc_ln73 == 13)> <Delay = 0.00>
ST_1 : Operation 202 [1/1] (1.58ns)   --->   "%store_ln77 = store i16 %data_imag_32, i16 %data_imag_12" [FFT32_check.cpp:77]   --->   Operation 202 'store' 'store_ln77' <Predicate = (!icmp_ln73 & trunc_ln73 == 12)> <Delay = 1.58>
ST_1 : Operation 203 [1/1] (1.58ns)   --->   "%store_ln77 = store i16 %data_real_32, i16 %data_real_12" [FFT32_check.cpp:77]   --->   Operation 203 'store' 'store_ln77' <Predicate = (!icmp_ln73 & trunc_ln73 == 12)> <Delay = 1.58>
ST_1 : Operation 204 [1/1] (0.00ns)   --->   "%br_ln77 = br void %arrayidx.1.exit" [FFT32_check.cpp:77]   --->   Operation 204 'br' 'br_ln77' <Predicate = (!icmp_ln73 & trunc_ln73 == 12)> <Delay = 0.00>
ST_1 : Operation 205 [1/1] (1.58ns)   --->   "%store_ln77 = store i16 %data_imag_32, i16 %data_imag_11" [FFT32_check.cpp:77]   --->   Operation 205 'store' 'store_ln77' <Predicate = (!icmp_ln73 & trunc_ln73 == 11)> <Delay = 1.58>
ST_1 : Operation 206 [1/1] (1.58ns)   --->   "%store_ln77 = store i16 %data_real_32, i16 %data_real_11" [FFT32_check.cpp:77]   --->   Operation 206 'store' 'store_ln77' <Predicate = (!icmp_ln73 & trunc_ln73 == 11)> <Delay = 1.58>
ST_1 : Operation 207 [1/1] (0.00ns)   --->   "%br_ln77 = br void %arrayidx.1.exit" [FFT32_check.cpp:77]   --->   Operation 207 'br' 'br_ln77' <Predicate = (!icmp_ln73 & trunc_ln73 == 11)> <Delay = 0.00>
ST_1 : Operation 208 [1/1] (1.58ns)   --->   "%store_ln77 = store i16 %data_imag_32, i16 %data_imag_10" [FFT32_check.cpp:77]   --->   Operation 208 'store' 'store_ln77' <Predicate = (!icmp_ln73 & trunc_ln73 == 10)> <Delay = 1.58>
ST_1 : Operation 209 [1/1] (1.58ns)   --->   "%store_ln77 = store i16 %data_real_32, i16 %data_real_10" [FFT32_check.cpp:77]   --->   Operation 209 'store' 'store_ln77' <Predicate = (!icmp_ln73 & trunc_ln73 == 10)> <Delay = 1.58>
ST_1 : Operation 210 [1/1] (0.00ns)   --->   "%br_ln77 = br void %arrayidx.1.exit" [FFT32_check.cpp:77]   --->   Operation 210 'br' 'br_ln77' <Predicate = (!icmp_ln73 & trunc_ln73 == 10)> <Delay = 0.00>
ST_1 : Operation 211 [1/1] (1.58ns)   --->   "%store_ln77 = store i16 %data_imag_32, i16 %data_imag_9" [FFT32_check.cpp:77]   --->   Operation 211 'store' 'store_ln77' <Predicate = (!icmp_ln73 & trunc_ln73 == 9)> <Delay = 1.58>
ST_1 : Operation 212 [1/1] (1.58ns)   --->   "%store_ln77 = store i16 %data_real_32, i16 %data_real_9" [FFT32_check.cpp:77]   --->   Operation 212 'store' 'store_ln77' <Predicate = (!icmp_ln73 & trunc_ln73 == 9)> <Delay = 1.58>
ST_1 : Operation 213 [1/1] (0.00ns)   --->   "%br_ln77 = br void %arrayidx.1.exit" [FFT32_check.cpp:77]   --->   Operation 213 'br' 'br_ln77' <Predicate = (!icmp_ln73 & trunc_ln73 == 9)> <Delay = 0.00>
ST_1 : Operation 214 [1/1] (1.58ns)   --->   "%store_ln77 = store i16 %data_imag_32, i16 %data_imag_8" [FFT32_check.cpp:77]   --->   Operation 214 'store' 'store_ln77' <Predicate = (!icmp_ln73 & trunc_ln73 == 8)> <Delay = 1.58>
ST_1 : Operation 215 [1/1] (1.58ns)   --->   "%store_ln77 = store i16 %data_real_32, i16 %data_real_8" [FFT32_check.cpp:77]   --->   Operation 215 'store' 'store_ln77' <Predicate = (!icmp_ln73 & trunc_ln73 == 8)> <Delay = 1.58>
ST_1 : Operation 216 [1/1] (0.00ns)   --->   "%br_ln77 = br void %arrayidx.1.exit" [FFT32_check.cpp:77]   --->   Operation 216 'br' 'br_ln77' <Predicate = (!icmp_ln73 & trunc_ln73 == 8)> <Delay = 0.00>
ST_1 : Operation 217 [1/1] (1.58ns)   --->   "%store_ln77 = store i16 %data_imag_32, i16 %data_imag_7" [FFT32_check.cpp:77]   --->   Operation 217 'store' 'store_ln77' <Predicate = (!icmp_ln73 & trunc_ln73 == 7)> <Delay = 1.58>
ST_1 : Operation 218 [1/1] (1.58ns)   --->   "%store_ln77 = store i16 %data_real_32, i16 %data_real_7" [FFT32_check.cpp:77]   --->   Operation 218 'store' 'store_ln77' <Predicate = (!icmp_ln73 & trunc_ln73 == 7)> <Delay = 1.58>
ST_1 : Operation 219 [1/1] (0.00ns)   --->   "%br_ln77 = br void %arrayidx.1.exit" [FFT32_check.cpp:77]   --->   Operation 219 'br' 'br_ln77' <Predicate = (!icmp_ln73 & trunc_ln73 == 7)> <Delay = 0.00>
ST_1 : Operation 220 [1/1] (1.58ns)   --->   "%store_ln77 = store i16 %data_imag_32, i16 %data_imag_6" [FFT32_check.cpp:77]   --->   Operation 220 'store' 'store_ln77' <Predicate = (!icmp_ln73 & trunc_ln73 == 6)> <Delay = 1.58>
ST_1 : Operation 221 [1/1] (1.58ns)   --->   "%store_ln77 = store i16 %data_real_32, i16 %data_real_6" [FFT32_check.cpp:77]   --->   Operation 221 'store' 'store_ln77' <Predicate = (!icmp_ln73 & trunc_ln73 == 6)> <Delay = 1.58>
ST_1 : Operation 222 [1/1] (0.00ns)   --->   "%br_ln77 = br void %arrayidx.1.exit" [FFT32_check.cpp:77]   --->   Operation 222 'br' 'br_ln77' <Predicate = (!icmp_ln73 & trunc_ln73 == 6)> <Delay = 0.00>
ST_1 : Operation 223 [1/1] (1.58ns)   --->   "%store_ln77 = store i16 %data_imag_32, i16 %data_imag_5" [FFT32_check.cpp:77]   --->   Operation 223 'store' 'store_ln77' <Predicate = (!icmp_ln73 & trunc_ln73 == 5)> <Delay = 1.58>
ST_1 : Operation 224 [1/1] (1.58ns)   --->   "%store_ln77 = store i16 %data_real_32, i16 %data_real_5" [FFT32_check.cpp:77]   --->   Operation 224 'store' 'store_ln77' <Predicate = (!icmp_ln73 & trunc_ln73 == 5)> <Delay = 1.58>
ST_1 : Operation 225 [1/1] (0.00ns)   --->   "%br_ln77 = br void %arrayidx.1.exit" [FFT32_check.cpp:77]   --->   Operation 225 'br' 'br_ln77' <Predicate = (!icmp_ln73 & trunc_ln73 == 5)> <Delay = 0.00>
ST_1 : Operation 226 [1/1] (1.58ns)   --->   "%store_ln77 = store i16 %data_imag_32, i16 %data_imag_4" [FFT32_check.cpp:77]   --->   Operation 226 'store' 'store_ln77' <Predicate = (!icmp_ln73 & trunc_ln73 == 4)> <Delay = 1.58>
ST_1 : Operation 227 [1/1] (1.58ns)   --->   "%store_ln77 = store i16 %data_real_32, i16 %data_real_4" [FFT32_check.cpp:77]   --->   Operation 227 'store' 'store_ln77' <Predicate = (!icmp_ln73 & trunc_ln73 == 4)> <Delay = 1.58>
ST_1 : Operation 228 [1/1] (0.00ns)   --->   "%br_ln77 = br void %arrayidx.1.exit" [FFT32_check.cpp:77]   --->   Operation 228 'br' 'br_ln77' <Predicate = (!icmp_ln73 & trunc_ln73 == 4)> <Delay = 0.00>
ST_1 : Operation 229 [1/1] (1.58ns)   --->   "%store_ln77 = store i16 %data_imag_32, i16 %data_imag_3" [FFT32_check.cpp:77]   --->   Operation 229 'store' 'store_ln77' <Predicate = (!icmp_ln73 & trunc_ln73 == 3)> <Delay = 1.58>
ST_1 : Operation 230 [1/1] (1.58ns)   --->   "%store_ln77 = store i16 %data_real_32, i16 %data_real_3" [FFT32_check.cpp:77]   --->   Operation 230 'store' 'store_ln77' <Predicate = (!icmp_ln73 & trunc_ln73 == 3)> <Delay = 1.58>
ST_1 : Operation 231 [1/1] (0.00ns)   --->   "%br_ln77 = br void %arrayidx.1.exit" [FFT32_check.cpp:77]   --->   Operation 231 'br' 'br_ln77' <Predicate = (!icmp_ln73 & trunc_ln73 == 3)> <Delay = 0.00>
ST_1 : Operation 232 [1/1] (1.58ns)   --->   "%store_ln77 = store i16 %data_imag_32, i16 %data_imag_2" [FFT32_check.cpp:77]   --->   Operation 232 'store' 'store_ln77' <Predicate = (!icmp_ln73 & trunc_ln73 == 2)> <Delay = 1.58>
ST_1 : Operation 233 [1/1] (1.58ns)   --->   "%store_ln77 = store i16 %data_real_32, i16 %data_real_2" [FFT32_check.cpp:77]   --->   Operation 233 'store' 'store_ln77' <Predicate = (!icmp_ln73 & trunc_ln73 == 2)> <Delay = 1.58>
ST_1 : Operation 234 [1/1] (0.00ns)   --->   "%br_ln77 = br void %arrayidx.1.exit" [FFT32_check.cpp:77]   --->   Operation 234 'br' 'br_ln77' <Predicate = (!icmp_ln73 & trunc_ln73 == 2)> <Delay = 0.00>
ST_1 : Operation 235 [1/1] (1.58ns)   --->   "%store_ln77 = store i16 %data_imag_32, i16 %data_imag_1" [FFT32_check.cpp:77]   --->   Operation 235 'store' 'store_ln77' <Predicate = (!icmp_ln73 & trunc_ln73 == 1)> <Delay = 1.58>
ST_1 : Operation 236 [1/1] (1.58ns)   --->   "%store_ln77 = store i16 %data_real_32, i16 %data_real_1" [FFT32_check.cpp:77]   --->   Operation 236 'store' 'store_ln77' <Predicate = (!icmp_ln73 & trunc_ln73 == 1)> <Delay = 1.58>
ST_1 : Operation 237 [1/1] (0.00ns)   --->   "%br_ln77 = br void %arrayidx.1.exit" [FFT32_check.cpp:77]   --->   Operation 237 'br' 'br_ln77' <Predicate = (!icmp_ln73 & trunc_ln73 == 1)> <Delay = 0.00>
ST_1 : Operation 238 [1/1] (1.58ns)   --->   "%store_ln77 = store i16 %data_imag_32, i16 %data_imag" [FFT32_check.cpp:77]   --->   Operation 238 'store' 'store_ln77' <Predicate = (!icmp_ln73 & trunc_ln73 == 0)> <Delay = 1.58>
ST_1 : Operation 239 [1/1] (1.58ns)   --->   "%store_ln77 = store i16 %data_real_32, i16 %data_real" [FFT32_check.cpp:77]   --->   Operation 239 'store' 'store_ln77' <Predicate = (!icmp_ln73 & trunc_ln73 == 0)> <Delay = 1.58>
ST_1 : Operation 240 [1/1] (0.00ns)   --->   "%br_ln77 = br void %arrayidx.1.exit" [FFT32_check.cpp:77]   --->   Operation 240 'br' 'br_ln77' <Predicate = (!icmp_ln73 & trunc_ln73 == 0)> <Delay = 0.00>
ST_1 : Operation 241 [1/1] (1.58ns)   --->   "%store_ln77 = store i16 %data_imag_32, i16 %data_imag_31" [FFT32_check.cpp:77]   --->   Operation 241 'store' 'store_ln77' <Predicate = (!icmp_ln73 & trunc_ln73 == 31)> <Delay = 1.58>
ST_1 : Operation 242 [1/1] (1.58ns)   --->   "%store_ln77 = store i16 %data_real_32, i16 %data_real_31" [FFT32_check.cpp:77]   --->   Operation 242 'store' 'store_ln77' <Predicate = (!icmp_ln73 & trunc_ln73 == 31)> <Delay = 1.58>
ST_1 : Operation 243 [1/1] (0.00ns)   --->   "%br_ln77 = br void %arrayidx.1.exit" [FFT32_check.cpp:77]   --->   Operation 243 'br' 'br_ln77' <Predicate = (!icmp_ln73 & trunc_ln73 == 31)> <Delay = 0.00>
ST_1 : Operation 244 [1/1] (1.58ns)   --->   "%store_ln73 = store i6 %add_ln73, i6 %i" [FFT32_check.cpp:73]   --->   Operation 244 'store' 'store_ln73' <Predicate = (!icmp_ln73)> <Delay = 1.58>
ST_1 : Operation 245 [1/1] (0.00ns)   --->   "%br_ln73 = br void %for.inc" [FFT32_check.cpp:73]   --->   Operation 245 'br' 'br_ln73' <Predicate = (!icmp_ln73)> <Delay = 0.00>
ST_1 : Operation 246 [1/1] (0.00ns)   --->   "%data_real_load = load i16 %data_real"   --->   Operation 246 'load' 'data_real_load' <Predicate = (icmp_ln73)> <Delay = 0.00>
ST_1 : Operation 247 [1/1] (0.00ns)   --->   "%data_real_1_load = load i16 %data_real_1"   --->   Operation 247 'load' 'data_real_1_load' <Predicate = (icmp_ln73)> <Delay = 0.00>
ST_1 : Operation 248 [1/1] (0.00ns)   --->   "%data_real_2_load = load i16 %data_real_2"   --->   Operation 248 'load' 'data_real_2_load' <Predicate = (icmp_ln73)> <Delay = 0.00>
ST_1 : Operation 249 [1/1] (0.00ns)   --->   "%data_real_3_load = load i16 %data_real_3"   --->   Operation 249 'load' 'data_real_3_load' <Predicate = (icmp_ln73)> <Delay = 0.00>
ST_1 : Operation 250 [1/1] (0.00ns)   --->   "%data_real_4_load = load i16 %data_real_4"   --->   Operation 250 'load' 'data_real_4_load' <Predicate = (icmp_ln73)> <Delay = 0.00>
ST_1 : Operation 251 [1/1] (0.00ns)   --->   "%data_real_5_load = load i16 %data_real_5"   --->   Operation 251 'load' 'data_real_5_load' <Predicate = (icmp_ln73)> <Delay = 0.00>
ST_1 : Operation 252 [1/1] (0.00ns)   --->   "%data_real_6_load = load i16 %data_real_6"   --->   Operation 252 'load' 'data_real_6_load' <Predicate = (icmp_ln73)> <Delay = 0.00>
ST_1 : Operation 253 [1/1] (0.00ns)   --->   "%data_real_7_load = load i16 %data_real_7"   --->   Operation 253 'load' 'data_real_7_load' <Predicate = (icmp_ln73)> <Delay = 0.00>
ST_1 : Operation 254 [1/1] (0.00ns)   --->   "%data_real_8_load = load i16 %data_real_8"   --->   Operation 254 'load' 'data_real_8_load' <Predicate = (icmp_ln73)> <Delay = 0.00>
ST_1 : Operation 255 [1/1] (0.00ns)   --->   "%data_real_9_load = load i16 %data_real_9"   --->   Operation 255 'load' 'data_real_9_load' <Predicate = (icmp_ln73)> <Delay = 0.00>
ST_1 : Operation 256 [1/1] (0.00ns)   --->   "%data_real_10_load = load i16 %data_real_10"   --->   Operation 256 'load' 'data_real_10_load' <Predicate = (icmp_ln73)> <Delay = 0.00>
ST_1 : Operation 257 [1/1] (0.00ns)   --->   "%data_real_11_load = load i16 %data_real_11"   --->   Operation 257 'load' 'data_real_11_load' <Predicate = (icmp_ln73)> <Delay = 0.00>
ST_1 : Operation 258 [1/1] (0.00ns)   --->   "%data_real_12_load = load i16 %data_real_12"   --->   Operation 258 'load' 'data_real_12_load' <Predicate = (icmp_ln73)> <Delay = 0.00>
ST_1 : Operation 259 [1/1] (0.00ns)   --->   "%data_real_13_load = load i16 %data_real_13"   --->   Operation 259 'load' 'data_real_13_load' <Predicate = (icmp_ln73)> <Delay = 0.00>
ST_1 : Operation 260 [1/1] (0.00ns)   --->   "%data_real_14_load = load i16 %data_real_14"   --->   Operation 260 'load' 'data_real_14_load' <Predicate = (icmp_ln73)> <Delay = 0.00>
ST_1 : Operation 261 [1/1] (0.00ns)   --->   "%data_real_15_load = load i16 %data_real_15"   --->   Operation 261 'load' 'data_real_15_load' <Predicate = (icmp_ln73)> <Delay = 0.00>
ST_1 : Operation 262 [1/1] (0.00ns)   --->   "%data_real_16_load = load i16 %data_real_16"   --->   Operation 262 'load' 'data_real_16_load' <Predicate = (icmp_ln73)> <Delay = 0.00>
ST_1 : Operation 263 [1/1] (0.00ns)   --->   "%data_real_17_load = load i16 %data_real_17"   --->   Operation 263 'load' 'data_real_17_load' <Predicate = (icmp_ln73)> <Delay = 0.00>
ST_1 : Operation 264 [1/1] (0.00ns)   --->   "%data_real_18_load = load i16 %data_real_18"   --->   Operation 264 'load' 'data_real_18_load' <Predicate = (icmp_ln73)> <Delay = 0.00>
ST_1 : Operation 265 [1/1] (0.00ns)   --->   "%data_real_19_load = load i16 %data_real_19"   --->   Operation 265 'load' 'data_real_19_load' <Predicate = (icmp_ln73)> <Delay = 0.00>
ST_1 : Operation 266 [1/1] (0.00ns)   --->   "%data_real_20_load = load i16 %data_real_20"   --->   Operation 266 'load' 'data_real_20_load' <Predicate = (icmp_ln73)> <Delay = 0.00>
ST_1 : Operation 267 [1/1] (0.00ns)   --->   "%data_real_21_load = load i16 %data_real_21"   --->   Operation 267 'load' 'data_real_21_load' <Predicate = (icmp_ln73)> <Delay = 0.00>
ST_1 : Operation 268 [1/1] (0.00ns)   --->   "%data_real_22_load = load i16 %data_real_22"   --->   Operation 268 'load' 'data_real_22_load' <Predicate = (icmp_ln73)> <Delay = 0.00>
ST_1 : Operation 269 [1/1] (0.00ns)   --->   "%data_real_23_load = load i16 %data_real_23"   --->   Operation 269 'load' 'data_real_23_load' <Predicate = (icmp_ln73)> <Delay = 0.00>
ST_1 : Operation 270 [1/1] (0.00ns)   --->   "%data_real_24_load = load i16 %data_real_24"   --->   Operation 270 'load' 'data_real_24_load' <Predicate = (icmp_ln73)> <Delay = 0.00>
ST_1 : Operation 271 [1/1] (0.00ns)   --->   "%data_real_25_load = load i16 %data_real_25"   --->   Operation 271 'load' 'data_real_25_load' <Predicate = (icmp_ln73)> <Delay = 0.00>
ST_1 : Operation 272 [1/1] (0.00ns)   --->   "%data_real_26_load = load i16 %data_real_26"   --->   Operation 272 'load' 'data_real_26_load' <Predicate = (icmp_ln73)> <Delay = 0.00>
ST_1 : Operation 273 [1/1] (0.00ns)   --->   "%data_real_27_load = load i16 %data_real_27"   --->   Operation 273 'load' 'data_real_27_load' <Predicate = (icmp_ln73)> <Delay = 0.00>
ST_1 : Operation 274 [1/1] (0.00ns)   --->   "%data_real_28_load = load i16 %data_real_28"   --->   Operation 274 'load' 'data_real_28_load' <Predicate = (icmp_ln73)> <Delay = 0.00>
ST_1 : Operation 275 [1/1] (0.00ns)   --->   "%data_real_29_load = load i16 %data_real_29"   --->   Operation 275 'load' 'data_real_29_load' <Predicate = (icmp_ln73)> <Delay = 0.00>
ST_1 : Operation 276 [1/1] (0.00ns)   --->   "%data_real_30_load = load i16 %data_real_30"   --->   Operation 276 'load' 'data_real_30_load' <Predicate = (icmp_ln73)> <Delay = 0.00>
ST_1 : Operation 277 [1/1] (0.00ns)   --->   "%data_real_31_load = load i16 %data_real_31"   --->   Operation 277 'load' 'data_real_31_load' <Predicate = (icmp_ln73)> <Delay = 0.00>
ST_1 : Operation 278 [1/1] (0.00ns)   --->   "%data_imag_load = load i16 %data_imag"   --->   Operation 278 'load' 'data_imag_load' <Predicate = (icmp_ln73)> <Delay = 0.00>
ST_1 : Operation 279 [1/1] (0.00ns)   --->   "%data_imag_1_load = load i16 %data_imag_1"   --->   Operation 279 'load' 'data_imag_1_load' <Predicate = (icmp_ln73)> <Delay = 0.00>
ST_1 : Operation 280 [1/1] (0.00ns)   --->   "%data_imag_2_load = load i16 %data_imag_2"   --->   Operation 280 'load' 'data_imag_2_load' <Predicate = (icmp_ln73)> <Delay = 0.00>
ST_1 : Operation 281 [1/1] (0.00ns)   --->   "%data_imag_3_load = load i16 %data_imag_3"   --->   Operation 281 'load' 'data_imag_3_load' <Predicate = (icmp_ln73)> <Delay = 0.00>
ST_1 : Operation 282 [1/1] (0.00ns)   --->   "%data_imag_4_load = load i16 %data_imag_4"   --->   Operation 282 'load' 'data_imag_4_load' <Predicate = (icmp_ln73)> <Delay = 0.00>
ST_1 : Operation 283 [1/1] (0.00ns)   --->   "%data_imag_5_load = load i16 %data_imag_5"   --->   Operation 283 'load' 'data_imag_5_load' <Predicate = (icmp_ln73)> <Delay = 0.00>
ST_1 : Operation 284 [1/1] (0.00ns)   --->   "%data_imag_6_load = load i16 %data_imag_6"   --->   Operation 284 'load' 'data_imag_6_load' <Predicate = (icmp_ln73)> <Delay = 0.00>
ST_1 : Operation 285 [1/1] (0.00ns)   --->   "%data_imag_7_load = load i16 %data_imag_7"   --->   Operation 285 'load' 'data_imag_7_load' <Predicate = (icmp_ln73)> <Delay = 0.00>
ST_1 : Operation 286 [1/1] (0.00ns)   --->   "%data_imag_8_load = load i16 %data_imag_8"   --->   Operation 286 'load' 'data_imag_8_load' <Predicate = (icmp_ln73)> <Delay = 0.00>
ST_1 : Operation 287 [1/1] (0.00ns)   --->   "%data_imag_9_load = load i16 %data_imag_9"   --->   Operation 287 'load' 'data_imag_9_load' <Predicate = (icmp_ln73)> <Delay = 0.00>
ST_1 : Operation 288 [1/1] (0.00ns)   --->   "%data_imag_10_load = load i16 %data_imag_10"   --->   Operation 288 'load' 'data_imag_10_load' <Predicate = (icmp_ln73)> <Delay = 0.00>
ST_1 : Operation 289 [1/1] (0.00ns)   --->   "%data_imag_11_load = load i16 %data_imag_11"   --->   Operation 289 'load' 'data_imag_11_load' <Predicate = (icmp_ln73)> <Delay = 0.00>
ST_1 : Operation 290 [1/1] (0.00ns)   --->   "%data_imag_12_load = load i16 %data_imag_12"   --->   Operation 290 'load' 'data_imag_12_load' <Predicate = (icmp_ln73)> <Delay = 0.00>
ST_1 : Operation 291 [1/1] (0.00ns)   --->   "%data_imag_13_load = load i16 %data_imag_13"   --->   Operation 291 'load' 'data_imag_13_load' <Predicate = (icmp_ln73)> <Delay = 0.00>
ST_1 : Operation 292 [1/1] (0.00ns)   --->   "%data_imag_14_load = load i16 %data_imag_14"   --->   Operation 292 'load' 'data_imag_14_load' <Predicate = (icmp_ln73)> <Delay = 0.00>
ST_1 : Operation 293 [1/1] (0.00ns)   --->   "%data_imag_15_load = load i16 %data_imag_15"   --->   Operation 293 'load' 'data_imag_15_load' <Predicate = (icmp_ln73)> <Delay = 0.00>
ST_1 : Operation 294 [1/1] (0.00ns)   --->   "%data_imag_16_load = load i16 %data_imag_16"   --->   Operation 294 'load' 'data_imag_16_load' <Predicate = (icmp_ln73)> <Delay = 0.00>
ST_1 : Operation 295 [1/1] (0.00ns)   --->   "%data_imag_17_load = load i16 %data_imag_17"   --->   Operation 295 'load' 'data_imag_17_load' <Predicate = (icmp_ln73)> <Delay = 0.00>
ST_1 : Operation 296 [1/1] (0.00ns)   --->   "%data_imag_18_load = load i16 %data_imag_18"   --->   Operation 296 'load' 'data_imag_18_load' <Predicate = (icmp_ln73)> <Delay = 0.00>
ST_1 : Operation 297 [1/1] (0.00ns)   --->   "%data_imag_19_load = load i16 %data_imag_19"   --->   Operation 297 'load' 'data_imag_19_load' <Predicate = (icmp_ln73)> <Delay = 0.00>
ST_1 : Operation 298 [1/1] (0.00ns)   --->   "%data_imag_20_load = load i16 %data_imag_20"   --->   Operation 298 'load' 'data_imag_20_load' <Predicate = (icmp_ln73)> <Delay = 0.00>
ST_1 : Operation 299 [1/1] (0.00ns)   --->   "%data_imag_21_load = load i16 %data_imag_21"   --->   Operation 299 'load' 'data_imag_21_load' <Predicate = (icmp_ln73)> <Delay = 0.00>
ST_1 : Operation 300 [1/1] (0.00ns)   --->   "%data_imag_22_load = load i16 %data_imag_22"   --->   Operation 300 'load' 'data_imag_22_load' <Predicate = (icmp_ln73)> <Delay = 0.00>
ST_1 : Operation 301 [1/1] (0.00ns)   --->   "%data_imag_23_load = load i16 %data_imag_23"   --->   Operation 301 'load' 'data_imag_23_load' <Predicate = (icmp_ln73)> <Delay = 0.00>
ST_1 : Operation 302 [1/1] (0.00ns)   --->   "%data_imag_24_load = load i16 %data_imag_24"   --->   Operation 302 'load' 'data_imag_24_load' <Predicate = (icmp_ln73)> <Delay = 0.00>
ST_1 : Operation 303 [1/1] (0.00ns)   --->   "%data_imag_25_load = load i16 %data_imag_25"   --->   Operation 303 'load' 'data_imag_25_load' <Predicate = (icmp_ln73)> <Delay = 0.00>
ST_1 : Operation 304 [1/1] (0.00ns)   --->   "%data_imag_26_load = load i16 %data_imag_26"   --->   Operation 304 'load' 'data_imag_26_load' <Predicate = (icmp_ln73)> <Delay = 0.00>
ST_1 : Operation 305 [1/1] (0.00ns)   --->   "%data_imag_27_load = load i16 %data_imag_27"   --->   Operation 305 'load' 'data_imag_27_load' <Predicate = (icmp_ln73)> <Delay = 0.00>
ST_1 : Operation 306 [1/1] (0.00ns)   --->   "%data_imag_28_load = load i16 %data_imag_28"   --->   Operation 306 'load' 'data_imag_28_load' <Predicate = (icmp_ln73)> <Delay = 0.00>
ST_1 : Operation 307 [1/1] (0.00ns)   --->   "%data_imag_29_load = load i16 %data_imag_29"   --->   Operation 307 'load' 'data_imag_29_load' <Predicate = (icmp_ln73)> <Delay = 0.00>
ST_1 : Operation 308 [1/1] (0.00ns)   --->   "%data_imag_30_load = load i16 %data_imag_30"   --->   Operation 308 'load' 'data_imag_30_load' <Predicate = (icmp_ln73)> <Delay = 0.00>
ST_1 : Operation 309 [1/1] (0.00ns)   --->   "%data_imag_31_load = load i16 %data_imag_31"   --->   Operation 309 'load' 'data_imag_31_load' <Predicate = (icmp_ln73)> <Delay = 0.00>
ST_1 : Operation 310 [1/1] (0.00ns)   --->   "%write_ln0 = write void @_ssdm_op_Write.ap_auto.i16P0A, i16 %data_imag_31_out, i16 %data_imag_31_load"   --->   Operation 310 'write' 'write_ln0' <Predicate = (icmp_ln73)> <Delay = 0.00>
ST_1 : Operation 311 [1/1] (0.00ns)   --->   "%write_ln0 = write void @_ssdm_op_Write.ap_auto.i16P0A, i16 %data_imag_30_out, i16 %data_imag_30_load"   --->   Operation 311 'write' 'write_ln0' <Predicate = (icmp_ln73)> <Delay = 0.00>
ST_1 : Operation 312 [1/1] (0.00ns)   --->   "%write_ln0 = write void @_ssdm_op_Write.ap_auto.i16P0A, i16 %data_imag_29_out, i16 %data_imag_29_load"   --->   Operation 312 'write' 'write_ln0' <Predicate = (icmp_ln73)> <Delay = 0.00>
ST_1 : Operation 313 [1/1] (0.00ns)   --->   "%write_ln0 = write void @_ssdm_op_Write.ap_auto.i16P0A, i16 %data_imag_28_out, i16 %data_imag_28_load"   --->   Operation 313 'write' 'write_ln0' <Predicate = (icmp_ln73)> <Delay = 0.00>
ST_1 : Operation 314 [1/1] (0.00ns)   --->   "%write_ln0 = write void @_ssdm_op_Write.ap_auto.i16P0A, i16 %data_imag_27_out, i16 %data_imag_27_load"   --->   Operation 314 'write' 'write_ln0' <Predicate = (icmp_ln73)> <Delay = 0.00>
ST_1 : Operation 315 [1/1] (0.00ns)   --->   "%write_ln0 = write void @_ssdm_op_Write.ap_auto.i16P0A, i16 %data_imag_26_out, i16 %data_imag_26_load"   --->   Operation 315 'write' 'write_ln0' <Predicate = (icmp_ln73)> <Delay = 0.00>
ST_1 : Operation 316 [1/1] (0.00ns)   --->   "%write_ln0 = write void @_ssdm_op_Write.ap_auto.i16P0A, i16 %data_imag_25_out, i16 %data_imag_25_load"   --->   Operation 316 'write' 'write_ln0' <Predicate = (icmp_ln73)> <Delay = 0.00>
ST_1 : Operation 317 [1/1] (0.00ns)   --->   "%write_ln0 = write void @_ssdm_op_Write.ap_auto.i16P0A, i16 %data_imag_24_out, i16 %data_imag_24_load"   --->   Operation 317 'write' 'write_ln0' <Predicate = (icmp_ln73)> <Delay = 0.00>
ST_1 : Operation 318 [1/1] (0.00ns)   --->   "%write_ln0 = write void @_ssdm_op_Write.ap_auto.i16P0A, i16 %data_imag_23_out, i16 %data_imag_23_load"   --->   Operation 318 'write' 'write_ln0' <Predicate = (icmp_ln73)> <Delay = 0.00>
ST_1 : Operation 319 [1/1] (0.00ns)   --->   "%write_ln0 = write void @_ssdm_op_Write.ap_auto.i16P0A, i16 %data_imag_22_out, i16 %data_imag_22_load"   --->   Operation 319 'write' 'write_ln0' <Predicate = (icmp_ln73)> <Delay = 0.00>
ST_1 : Operation 320 [1/1] (0.00ns)   --->   "%write_ln0 = write void @_ssdm_op_Write.ap_auto.i16P0A, i16 %data_imag_21_out, i16 %data_imag_21_load"   --->   Operation 320 'write' 'write_ln0' <Predicate = (icmp_ln73)> <Delay = 0.00>
ST_1 : Operation 321 [1/1] (0.00ns)   --->   "%write_ln0 = write void @_ssdm_op_Write.ap_auto.i16P0A, i16 %data_imag_20_out, i16 %data_imag_20_load"   --->   Operation 321 'write' 'write_ln0' <Predicate = (icmp_ln73)> <Delay = 0.00>
ST_1 : Operation 322 [1/1] (0.00ns)   --->   "%write_ln0 = write void @_ssdm_op_Write.ap_auto.i16P0A, i16 %data_imag_19_out, i16 %data_imag_19_load"   --->   Operation 322 'write' 'write_ln0' <Predicate = (icmp_ln73)> <Delay = 0.00>
ST_1 : Operation 323 [1/1] (0.00ns)   --->   "%write_ln0 = write void @_ssdm_op_Write.ap_auto.i16P0A, i16 %data_imag_18_out, i16 %data_imag_18_load"   --->   Operation 323 'write' 'write_ln0' <Predicate = (icmp_ln73)> <Delay = 0.00>
ST_1 : Operation 324 [1/1] (0.00ns)   --->   "%write_ln0 = write void @_ssdm_op_Write.ap_auto.i16P0A, i16 %data_imag_17_out, i16 %data_imag_17_load"   --->   Operation 324 'write' 'write_ln0' <Predicate = (icmp_ln73)> <Delay = 0.00>
ST_1 : Operation 325 [1/1] (0.00ns)   --->   "%write_ln0 = write void @_ssdm_op_Write.ap_auto.i16P0A, i16 %data_imag_16_out, i16 %data_imag_16_load"   --->   Operation 325 'write' 'write_ln0' <Predicate = (icmp_ln73)> <Delay = 0.00>
ST_1 : Operation 326 [1/1] (0.00ns)   --->   "%write_ln0 = write void @_ssdm_op_Write.ap_auto.i16P0A, i16 %data_imag_15_out, i16 %data_imag_15_load"   --->   Operation 326 'write' 'write_ln0' <Predicate = (icmp_ln73)> <Delay = 0.00>
ST_1 : Operation 327 [1/1] (0.00ns)   --->   "%write_ln0 = write void @_ssdm_op_Write.ap_auto.i16P0A, i16 %data_imag_14_out, i16 %data_imag_14_load"   --->   Operation 327 'write' 'write_ln0' <Predicate = (icmp_ln73)> <Delay = 0.00>
ST_1 : Operation 328 [1/1] (0.00ns)   --->   "%write_ln0 = write void @_ssdm_op_Write.ap_auto.i16P0A, i16 %data_imag_13_out, i16 %data_imag_13_load"   --->   Operation 328 'write' 'write_ln0' <Predicate = (icmp_ln73)> <Delay = 0.00>
ST_1 : Operation 329 [1/1] (0.00ns)   --->   "%write_ln0 = write void @_ssdm_op_Write.ap_auto.i16P0A, i16 %data_imag_12_out, i16 %data_imag_12_load"   --->   Operation 329 'write' 'write_ln0' <Predicate = (icmp_ln73)> <Delay = 0.00>
ST_1 : Operation 330 [1/1] (0.00ns)   --->   "%write_ln0 = write void @_ssdm_op_Write.ap_auto.i16P0A, i16 %data_imag_11_out, i16 %data_imag_11_load"   --->   Operation 330 'write' 'write_ln0' <Predicate = (icmp_ln73)> <Delay = 0.00>
ST_1 : Operation 331 [1/1] (0.00ns)   --->   "%write_ln0 = write void @_ssdm_op_Write.ap_auto.i16P0A, i16 %data_imag_10_out, i16 %data_imag_10_load"   --->   Operation 331 'write' 'write_ln0' <Predicate = (icmp_ln73)> <Delay = 0.00>
ST_1 : Operation 332 [1/1] (0.00ns)   --->   "%write_ln0 = write void @_ssdm_op_Write.ap_auto.i16P0A, i16 %data_imag_9_out, i16 %data_imag_9_load"   --->   Operation 332 'write' 'write_ln0' <Predicate = (icmp_ln73)> <Delay = 0.00>
ST_1 : Operation 333 [1/1] (0.00ns)   --->   "%write_ln0 = write void @_ssdm_op_Write.ap_auto.i16P0A, i16 %data_imag_8_out, i16 %data_imag_8_load"   --->   Operation 333 'write' 'write_ln0' <Predicate = (icmp_ln73)> <Delay = 0.00>
ST_1 : Operation 334 [1/1] (0.00ns)   --->   "%write_ln0 = write void @_ssdm_op_Write.ap_auto.i16P0A, i16 %data_imag_7_out, i16 %data_imag_7_load"   --->   Operation 334 'write' 'write_ln0' <Predicate = (icmp_ln73)> <Delay = 0.00>
ST_1 : Operation 335 [1/1] (0.00ns)   --->   "%write_ln0 = write void @_ssdm_op_Write.ap_auto.i16P0A, i16 %data_imag_6_out, i16 %data_imag_6_load"   --->   Operation 335 'write' 'write_ln0' <Predicate = (icmp_ln73)> <Delay = 0.00>
ST_1 : Operation 336 [1/1] (0.00ns)   --->   "%write_ln0 = write void @_ssdm_op_Write.ap_auto.i16P0A, i16 %data_imag_5_out, i16 %data_imag_5_load"   --->   Operation 336 'write' 'write_ln0' <Predicate = (icmp_ln73)> <Delay = 0.00>
ST_1 : Operation 337 [1/1] (0.00ns)   --->   "%write_ln0 = write void @_ssdm_op_Write.ap_auto.i16P0A, i16 %data_imag_4_out, i16 %data_imag_4_load"   --->   Operation 337 'write' 'write_ln0' <Predicate = (icmp_ln73)> <Delay = 0.00>
ST_1 : Operation 338 [1/1] (0.00ns)   --->   "%write_ln0 = write void @_ssdm_op_Write.ap_auto.i16P0A, i16 %data_imag_3_out, i16 %data_imag_3_load"   --->   Operation 338 'write' 'write_ln0' <Predicate = (icmp_ln73)> <Delay = 0.00>
ST_1 : Operation 339 [1/1] (0.00ns)   --->   "%write_ln0 = write void @_ssdm_op_Write.ap_auto.i16P0A, i16 %data_imag_2_out, i16 %data_imag_2_load"   --->   Operation 339 'write' 'write_ln0' <Predicate = (icmp_ln73)> <Delay = 0.00>
ST_1 : Operation 340 [1/1] (0.00ns)   --->   "%write_ln0 = write void @_ssdm_op_Write.ap_auto.i16P0A, i16 %data_imag_1_out, i16 %data_imag_1_load"   --->   Operation 340 'write' 'write_ln0' <Predicate = (icmp_ln73)> <Delay = 0.00>
ST_1 : Operation 341 [1/1] (0.00ns)   --->   "%write_ln0 = write void @_ssdm_op_Write.ap_auto.i16P0A, i16 %data_imag_out, i16 %data_imag_load"   --->   Operation 341 'write' 'write_ln0' <Predicate = (icmp_ln73)> <Delay = 0.00>
ST_1 : Operation 342 [1/1] (0.00ns)   --->   "%write_ln0 = write void @_ssdm_op_Write.ap_auto.i16P0A, i16 %data_real_31_out, i16 %data_real_31_load"   --->   Operation 342 'write' 'write_ln0' <Predicate = (icmp_ln73)> <Delay = 0.00>
ST_1 : Operation 343 [1/1] (0.00ns)   --->   "%write_ln0 = write void @_ssdm_op_Write.ap_auto.i16P0A, i16 %data_real_30_out, i16 %data_real_30_load"   --->   Operation 343 'write' 'write_ln0' <Predicate = (icmp_ln73)> <Delay = 0.00>
ST_1 : Operation 344 [1/1] (0.00ns)   --->   "%write_ln0 = write void @_ssdm_op_Write.ap_auto.i16P0A, i16 %data_real_29_out, i16 %data_real_29_load"   --->   Operation 344 'write' 'write_ln0' <Predicate = (icmp_ln73)> <Delay = 0.00>
ST_1 : Operation 345 [1/1] (0.00ns)   --->   "%write_ln0 = write void @_ssdm_op_Write.ap_auto.i16P0A, i16 %data_real_28_out, i16 %data_real_28_load"   --->   Operation 345 'write' 'write_ln0' <Predicate = (icmp_ln73)> <Delay = 0.00>
ST_1 : Operation 346 [1/1] (0.00ns)   --->   "%write_ln0 = write void @_ssdm_op_Write.ap_auto.i16P0A, i16 %data_real_27_out, i16 %data_real_27_load"   --->   Operation 346 'write' 'write_ln0' <Predicate = (icmp_ln73)> <Delay = 0.00>
ST_1 : Operation 347 [1/1] (0.00ns)   --->   "%write_ln0 = write void @_ssdm_op_Write.ap_auto.i16P0A, i16 %data_real_26_out, i16 %data_real_26_load"   --->   Operation 347 'write' 'write_ln0' <Predicate = (icmp_ln73)> <Delay = 0.00>
ST_1 : Operation 348 [1/1] (0.00ns)   --->   "%write_ln0 = write void @_ssdm_op_Write.ap_auto.i16P0A, i16 %data_real_25_out, i16 %data_real_25_load"   --->   Operation 348 'write' 'write_ln0' <Predicate = (icmp_ln73)> <Delay = 0.00>
ST_1 : Operation 349 [1/1] (0.00ns)   --->   "%write_ln0 = write void @_ssdm_op_Write.ap_auto.i16P0A, i16 %data_real_24_out, i16 %data_real_24_load"   --->   Operation 349 'write' 'write_ln0' <Predicate = (icmp_ln73)> <Delay = 0.00>
ST_1 : Operation 350 [1/1] (0.00ns)   --->   "%write_ln0 = write void @_ssdm_op_Write.ap_auto.i16P0A, i16 %data_real_23_out, i16 %data_real_23_load"   --->   Operation 350 'write' 'write_ln0' <Predicate = (icmp_ln73)> <Delay = 0.00>
ST_1 : Operation 351 [1/1] (0.00ns)   --->   "%write_ln0 = write void @_ssdm_op_Write.ap_auto.i16P0A, i16 %data_real_22_out, i16 %data_real_22_load"   --->   Operation 351 'write' 'write_ln0' <Predicate = (icmp_ln73)> <Delay = 0.00>
ST_1 : Operation 352 [1/1] (0.00ns)   --->   "%write_ln0 = write void @_ssdm_op_Write.ap_auto.i16P0A, i16 %data_real_21_out, i16 %data_real_21_load"   --->   Operation 352 'write' 'write_ln0' <Predicate = (icmp_ln73)> <Delay = 0.00>
ST_1 : Operation 353 [1/1] (0.00ns)   --->   "%write_ln0 = write void @_ssdm_op_Write.ap_auto.i16P0A, i16 %data_real_20_out, i16 %data_real_20_load"   --->   Operation 353 'write' 'write_ln0' <Predicate = (icmp_ln73)> <Delay = 0.00>
ST_1 : Operation 354 [1/1] (0.00ns)   --->   "%write_ln0 = write void @_ssdm_op_Write.ap_auto.i16P0A, i16 %data_real_19_out, i16 %data_real_19_load"   --->   Operation 354 'write' 'write_ln0' <Predicate = (icmp_ln73)> <Delay = 0.00>
ST_1 : Operation 355 [1/1] (0.00ns)   --->   "%write_ln0 = write void @_ssdm_op_Write.ap_auto.i16P0A, i16 %data_real_18_out, i16 %data_real_18_load"   --->   Operation 355 'write' 'write_ln0' <Predicate = (icmp_ln73)> <Delay = 0.00>
ST_1 : Operation 356 [1/1] (0.00ns)   --->   "%write_ln0 = write void @_ssdm_op_Write.ap_auto.i16P0A, i16 %data_real_17_out, i16 %data_real_17_load"   --->   Operation 356 'write' 'write_ln0' <Predicate = (icmp_ln73)> <Delay = 0.00>
ST_1 : Operation 357 [1/1] (0.00ns)   --->   "%write_ln0 = write void @_ssdm_op_Write.ap_auto.i16P0A, i16 %data_real_16_out, i16 %data_real_16_load"   --->   Operation 357 'write' 'write_ln0' <Predicate = (icmp_ln73)> <Delay = 0.00>
ST_1 : Operation 358 [1/1] (0.00ns)   --->   "%write_ln0 = write void @_ssdm_op_Write.ap_auto.i16P0A, i16 %data_real_15_out, i16 %data_real_15_load"   --->   Operation 358 'write' 'write_ln0' <Predicate = (icmp_ln73)> <Delay = 0.00>
ST_1 : Operation 359 [1/1] (0.00ns)   --->   "%write_ln0 = write void @_ssdm_op_Write.ap_auto.i16P0A, i16 %data_real_14_out, i16 %data_real_14_load"   --->   Operation 359 'write' 'write_ln0' <Predicate = (icmp_ln73)> <Delay = 0.00>
ST_1 : Operation 360 [1/1] (0.00ns)   --->   "%write_ln0 = write void @_ssdm_op_Write.ap_auto.i16P0A, i16 %data_real_13_out, i16 %data_real_13_load"   --->   Operation 360 'write' 'write_ln0' <Predicate = (icmp_ln73)> <Delay = 0.00>
ST_1 : Operation 361 [1/1] (0.00ns)   --->   "%write_ln0 = write void @_ssdm_op_Write.ap_auto.i16P0A, i16 %data_real_12_out, i16 %data_real_12_load"   --->   Operation 361 'write' 'write_ln0' <Predicate = (icmp_ln73)> <Delay = 0.00>
ST_1 : Operation 362 [1/1] (0.00ns)   --->   "%write_ln0 = write void @_ssdm_op_Write.ap_auto.i16P0A, i16 %data_real_11_out, i16 %data_real_11_load"   --->   Operation 362 'write' 'write_ln0' <Predicate = (icmp_ln73)> <Delay = 0.00>
ST_1 : Operation 363 [1/1] (0.00ns)   --->   "%write_ln0 = write void @_ssdm_op_Write.ap_auto.i16P0A, i16 %data_real_10_out, i16 %data_real_10_load"   --->   Operation 363 'write' 'write_ln0' <Predicate = (icmp_ln73)> <Delay = 0.00>
ST_1 : Operation 364 [1/1] (0.00ns)   --->   "%write_ln0 = write void @_ssdm_op_Write.ap_auto.i16P0A, i16 %data_real_9_out, i16 %data_real_9_load"   --->   Operation 364 'write' 'write_ln0' <Predicate = (icmp_ln73)> <Delay = 0.00>
ST_1 : Operation 365 [1/1] (0.00ns)   --->   "%write_ln0 = write void @_ssdm_op_Write.ap_auto.i16P0A, i16 %data_real_8_out, i16 %data_real_8_load"   --->   Operation 365 'write' 'write_ln0' <Predicate = (icmp_ln73)> <Delay = 0.00>
ST_1 : Operation 366 [1/1] (0.00ns)   --->   "%write_ln0 = write void @_ssdm_op_Write.ap_auto.i16P0A, i16 %data_real_7_out, i16 %data_real_7_load"   --->   Operation 366 'write' 'write_ln0' <Predicate = (icmp_ln73)> <Delay = 0.00>
ST_1 : Operation 367 [1/1] (0.00ns)   --->   "%write_ln0 = write void @_ssdm_op_Write.ap_auto.i16P0A, i16 %data_real_6_out, i16 %data_real_6_load"   --->   Operation 367 'write' 'write_ln0' <Predicate = (icmp_ln73)> <Delay = 0.00>
ST_1 : Operation 368 [1/1] (0.00ns)   --->   "%write_ln0 = write void @_ssdm_op_Write.ap_auto.i16P0A, i16 %data_real_5_out, i16 %data_real_5_load"   --->   Operation 368 'write' 'write_ln0' <Predicate = (icmp_ln73)> <Delay = 0.00>
ST_1 : Operation 369 [1/1] (0.00ns)   --->   "%write_ln0 = write void @_ssdm_op_Write.ap_auto.i16P0A, i16 %data_real_4_out, i16 %data_real_4_load"   --->   Operation 369 'write' 'write_ln0' <Predicate = (icmp_ln73)> <Delay = 0.00>
ST_1 : Operation 370 [1/1] (0.00ns)   --->   "%write_ln0 = write void @_ssdm_op_Write.ap_auto.i16P0A, i16 %data_real_3_out, i16 %data_real_3_load"   --->   Operation 370 'write' 'write_ln0' <Predicate = (icmp_ln73)> <Delay = 0.00>
ST_1 : Operation 371 [1/1] (0.00ns)   --->   "%write_ln0 = write void @_ssdm_op_Write.ap_auto.i16P0A, i16 %data_real_2_out, i16 %data_real_2_load"   --->   Operation 371 'write' 'write_ln0' <Predicate = (icmp_ln73)> <Delay = 0.00>
ST_1 : Operation 372 [1/1] (0.00ns)   --->   "%write_ln0 = write void @_ssdm_op_Write.ap_auto.i16P0A, i16 %data_real_1_out, i16 %data_real_1_load"   --->   Operation 372 'write' 'write_ln0' <Predicate = (icmp_ln73)> <Delay = 0.00>
ST_1 : Operation 373 [1/1] (0.00ns)   --->   "%write_ln0 = write void @_ssdm_op_Write.ap_auto.i16P0A, i16 %data_real_out, i16 %data_real_load"   --->   Operation 373 'write' 'write_ln0' <Predicate = (icmp_ln73)> <Delay = 0.00>
ST_1 : Operation 374 [1/1] (0.00ns)   --->   "%ret_ln0 = ret"   --->   Operation 374 'ret' 'ret_ln0' <Predicate = (icmp_ln73)> <Delay = 0.00>


============================================================
+ Verbose Summary: Timing violations
============================================================
Target clock period: 10.000ns, clock uncertainty: 2.700ns.

 <State 1>: 3.413ns
The critical path consists of the following:
	'alloca' operation ('i') [66]  (0.000 ns)
	'load' operation ('i', FFT32_check.cpp:73) on local variable 'i' [199]  (0.000 ns)
	'add' operation ('add_ln73', FFT32_check.cpp:73) [201]  (1.825 ns)
	'store' operation ('store_ln73', FFT32_check.cpp:73) of variable 'add_ln73', FFT32_check.cpp:73 on local variable 'i' [341]  (1.588 ns)


============================================================
+ Verbose Summary: Binding
============================================================
N/A
* FSMD analyzer results:
  - Output states:
 - Input state : 
  - Chain level:
	State 1


============================================================
+ Verbose Summary: Datapath Resource usage 
============================================================
N/A
