

================================================================
== Vitis HLS Report for 'generic_sincos_16_4_s'
================================================================
* Date:           Wed Jun 25 08:09:11 2025

* Version:        2023.1 (Build 3854077 on May  4 2023)
* Project:        FFT_sol_2
* Solution:       solution1 (Vivado IP Flow Target)
* Product family: zynq
* Target device:  xc7z030-sbv485-1


================================================================
== Performance Estimates
================================================================
+ Timing: 
    * Summary: 
    +--------+----------+----------+------------+
    |  Clock |  Target  | Estimated| Uncertainty|
    +--------+----------+----------+------------+
    |ap_clk  |  10.00 ns|  6.935 ns|     2.70 ns|
    +--------+----------+----------+------------+

+ Latency: 
    * Summary: 
    +---------+---------+----------+----------+-----+-----+---------+
    |  Latency (cycles) |  Latency (absolute) |  Interval | Pipeline|
    |   min   |   max   |    min   |    max   | min | max |   Type  |
    +---------+---------+----------+----------+-----+-----+---------+
    |       29|       29|  0.290 us|  0.290 us|   29|   29|       no|
    +---------+---------+----------+----------+-----+-----+---------+

    + Detail: 
        * Instance: 
        +--------------------------------------------------------+----------------------------------------------+---------+---------+----------+----------+-----+-----+---------+
        |                                                        |                                              |  Latency (cycles) |  Latency (absolute) |  Interval | Pipeline|
        |                        Instance                        |                    Module                    |   min   |   max   |    min   |    max   | min | max |   Type  |
        +--------------------------------------------------------+----------------------------------------------+---------+---------+----------+----------+-----+-----+---------+
        |grp_generic_sincos_16_4_Pipeline_VITIS_LOOP_87_1_fu_73  |generic_sincos_16_4_Pipeline_VITIS_LOOP_87_1  |       22|       22|  0.220 us|  0.220 us|   22|   22|       no|
        +--------------------------------------------------------+----------------------------------------------+---------+---------+----------+----------+-----+-----+---------+

        * Loop: 
        N/A

============================================================
+ Verbose Summary: Synthesis Manager
============================================================
InlineROM: 1
ExposeGlobal: 0
============================================================
+ Verbose Summary: CDFG Model
============================================================
IsTopModel: 0
ResetActiveHigh: 1
IsCombinational: 0
IsDatapathOnly: 0
HasWiredReturn: 1
HasMFsm: 0
HasVarLatency: 1
IsPipeline: 0
IsRtlPipelined: 0
IsInstanceOverlapped: 0
IsDontTouch: 0
HasImplIP: 0
IsGatedGlobalClock: 0


============================================================
+ Verbose Summary: Schedule
============================================================
* Number of FSM states : 8
* Pipeline : 0
* Dataflow Pipeline: 0

* FSM state transitions: 
1 --> 2 
2 --> 3 
3 --> 4 
4 --> 5 
5 --> 6 
6 --> 7 
7 --> 8 
8 --> 

* FSM state operations: 

State 1 <SV = 0> <Delay = 1.81>
ST_1 : Operation 9 [1/1] (0.00ns)   --->   "%in_val_read = read i14 @_ssdm_op_Read.ap_auto.i14, i14 %in_val"   --->   Operation 9 'read' 'in_val_read' <Predicate = true> <Delay = 0.00>
ST_1 : Operation 10 [1/1] (0.00ns)   --->   "%p_loc2 = alloca i64 1"   --->   Operation 10 'alloca' 'p_loc2' <Predicate = true> <Delay = 0.00>
ST_1 : Operation 11 [1/1] (0.00ns)   --->   "%p_loc = alloca i64 1"   --->   Operation 11 'alloca' 'p_loc' <Predicate = true> <Delay = 0.00>
ST_1 : Operation 12 [1/1] (1.81ns)   --->   "%inabs = sub i14 0, i14 %in_val_read" [D:/Vivado/Vitis_HLS/2023.1/common/technology/autopilot/etc/hls_cordic_apfixed.h:237]   --->   Operation 12 'sub' 'inabs' <Predicate = true> <Delay = 1.81> <CoreInst = "Adder">   --->   Core 1 'Adder' <Latency = 0> <II = 1> <Delay = 1.81> <FuncUnit> <Opcode : 'add' 'sub'> <InPorts = 2> <OutPorts = 1>
ST_1 : Operation 13 [1/1] (0.00ns)   --->   "%trunc_ln68 = trunc i14 %inabs" [D:/Vivado/Vitis_HLS/2023.1/common/technology/autopilot/etc/hls_cordic_apfixed.h:68->D:/Vivado/Vitis_HLS/2023.1/common/technology/autopilot/etc/hls_cordic_apfixed.h:243]   --->   Operation 13 'trunc' 'trunc_ln68' <Predicate = true> <Delay = 0.00>

State 2 <SV = 1> <Delay = 6.32>
ST_2 : Operation 14 [1/1] (0.00ns)   --->   "%zext_ln64 = zext i14 %inabs" [D:/Vivado/Vitis_HLS/2023.1/common/technology/autopilot/etc/hls_cordic_apfixed.h:64->D:/Vivado/Vitis_HLS/2023.1/common/technology/autopilot/etc/hls_cordic_apfixed.h:243]   --->   Operation 14 'zext' 'zext_ln64' <Predicate = true> <Delay = 0.00>
ST_2 : Operation 15 [1/1] (6.32ns)   --->   "%mul_ln64 = mul i35 %zext_ln64, i35 1335088" [D:/Vivado/Vitis_HLS/2023.1/common/technology/autopilot/etc/hls_cordic_apfixed.h:64->D:/Vivado/Vitis_HLS/2023.1/common/technology/autopilot/etc/hls_cordic_apfixed.h:243]   --->   Operation 15 'mul' 'mul_ln64' <Predicate = true> <Delay = 6.32> <CoreInst = "Multiplier">   --->   Core 3 'Multiplier' <Latency = 0> <II = 1> <Delay = 6.32> <FuncUnit> <Opcode : 'mul'> <InPorts = 2> <OutPorts = 1>
ST_2 : Operation 16 [1/1] (0.00ns)   --->   "%k = partselect i2 @_ssdm_op_PartSelect.i2.i35.i32.i32, i35 %mul_ln64, i32 33, i32 34" [D:/Vivado/Vitis_HLS/2023.1/common/technology/autopilot/etc/hls_cordic_apfixed.h:65->D:/Vivado/Vitis_HLS/2023.1/common/technology/autopilot/etc/hls_cordic_apfixed.h:243]   --->   Operation 16 'partselect' 'k' <Predicate = true> <Delay = 0.00>

State 3 <SV = 2> <Delay = 1.56>
ST_3 : Operation 17 [1/1] (0.00ns)   --->   "%zext_ln68 = zext i2 %k" [D:/Vivado/Vitis_HLS/2023.1/common/technology/autopilot/etc/hls_cordic_apfixed.h:68->D:/Vivado/Vitis_HLS/2023.1/common/technology/autopilot/etc/hls_cordic_apfixed.h:243]   --->   Operation 17 'zext' 'zext_ln68' <Predicate = true> <Delay = 0.00>
ST_3 : Operation 18 [3/3] (1.05ns) (grouped into DSP with root node add_ln68)   --->   "%mul_ln68 = mul i18 %zext_ln68, i18 56257" [D:/Vivado/Vitis_HLS/2023.1/common/technology/autopilot/etc/hls_cordic_apfixed.h:68->D:/Vivado/Vitis_HLS/2023.1/common/technology/autopilot/etc/hls_cordic_apfixed.h:243]   --->   Operation 18 'mul' 'mul_ln68' <Predicate = true> <Delay = 1.05> <CoreInst = "DSP48">   --->   Core 119 'DSP48' <Latency = 3> <II = 1> <Delay = 2.15> <IPBlock> <Opcode : '<invalid operator> ' 'mul' 'add' 'sub' 'select'> <InPorts = 0> <OutPorts = 1> <Sync> <CReg>
ST_3 : Operation 19 [1/1] (1.56ns)   --->   "%icmp_ln251 = icmp_eq  i2 %k, i2 1" [D:/Vivado/Vitis_HLS/2023.1/common/technology/autopilot/etc/hls_cordic_apfixed.h:251]   --->   Operation 19 'icmp' 'icmp_ln251' <Predicate = true> <Delay = 1.56> <CoreInst = "Cmp">   --->   Core 9 'Cmp' <Latency = 0> <II = 1> <Delay = 1.56> <FuncUnit> <Opcode : 'icmp'> <InPorts = 2> <OutPorts = 1>

State 4 <SV = 3> <Delay = 1.05>
ST_4 : Operation 20 [2/3] (1.05ns) (grouped into DSP with root node add_ln68)   --->   "%mul_ln68 = mul i18 %zext_ln68, i18 56257" [D:/Vivado/Vitis_HLS/2023.1/common/technology/autopilot/etc/hls_cordic_apfixed.h:68->D:/Vivado/Vitis_HLS/2023.1/common/technology/autopilot/etc/hls_cordic_apfixed.h:243]   --->   Operation 20 'mul' 'mul_ln68' <Predicate = true> <Delay = 1.05> <CoreInst = "DSP48">   --->   Core 119 'DSP48' <Latency = 3> <II = 1> <Delay = 2.15> <IPBlock> <Opcode : '<invalid operator> ' 'mul' 'add' 'sub' 'select'> <InPorts = 0> <OutPorts = 1> <Sync> <CReg>

State 5 <SV = 4> <Delay = 2.10>
ST_5 : Operation 21 [1/1] (0.00ns)   --->   "%shl_ln = bitconcatenate i18 @_ssdm_op_BitConcatenate.i18.i13.i5, i13 %trunc_ln68, i5 0" [D:/Vivado/Vitis_HLS/2023.1/common/technology/autopilot/etc/hls_cordic_apfixed.h:68->D:/Vivado/Vitis_HLS/2023.1/common/technology/autopilot/etc/hls_cordic_apfixed.h:243]   --->   Operation 21 'bitconcatenate' 'shl_ln' <Predicate = true> <Delay = 0.00>
ST_5 : Operation 22 [1/3] (0.00ns) (grouped into DSP with root node add_ln68)   --->   "%mul_ln68 = mul i18 %zext_ln68, i18 56257" [D:/Vivado/Vitis_HLS/2023.1/common/technology/autopilot/etc/hls_cordic_apfixed.h:68->D:/Vivado/Vitis_HLS/2023.1/common/technology/autopilot/etc/hls_cordic_apfixed.h:243]   --->   Operation 22 'mul' 'mul_ln68' <Predicate = true> <Delay = 0.00> <CoreInst = "DSP48">   --->   Core 119 'DSP48' <Latency = 3> <II = 1> <Delay = 2.15> <IPBlock> <Opcode : '<invalid operator> ' 'mul' 'add' 'sub' 'select'> <InPorts = 0> <OutPorts = 1> <Sync> <CReg>
ST_5 : Operation 23 [2/2] (2.10ns) (root node of the DSP)   --->   "%add_ln68 = add i18 %shl_ln, i18 %mul_ln68" [D:/Vivado/Vitis_HLS/2023.1/common/technology/autopilot/etc/hls_cordic_apfixed.h:68->D:/Vivado/Vitis_HLS/2023.1/common/technology/autopilot/etc/hls_cordic_apfixed.h:243]   --->   Operation 23 'add' 'add_ln68' <Predicate = true> <Delay = 2.10> <CoreInst = "DSP48">   --->   Core 119 'DSP48' <Latency = 3> <II = 1> <Delay = 2.15> <IPBlock> <Opcode : '<invalid operator> ' 'mul' 'add' 'sub' 'select'> <InPorts = 0> <OutPorts = 1> <Sync> <CReg>

State 6 <SV = 5> <Delay = 6.60>
ST_6 : Operation 24 [1/2] (2.10ns) (root node of the DSP)   --->   "%add_ln68 = add i18 %shl_ln, i18 %mul_ln68" [D:/Vivado/Vitis_HLS/2023.1/common/technology/autopilot/etc/hls_cordic_apfixed.h:68->D:/Vivado/Vitis_HLS/2023.1/common/technology/autopilot/etc/hls_cordic_apfixed.h:243]   --->   Operation 24 'add' 'add_ln68' <Predicate = true> <Delay = 2.10> <CoreInst = "DSP48">   --->   Core 119 'DSP48' <Latency = 3> <II = 1> <Delay = 2.15> <IPBlock> <Opcode : '<invalid operator> ' 'mul' 'add' 'sub' 'select'> <InPorts = 0> <OutPorts = 1> <Sync> <CReg>
ST_6 : Operation 25 [1/1] (0.00ns)   --->   "%r = partselect i17 @_ssdm_op_PartSelect.i17.i18.i32.i32, i18 %add_ln68, i32 1, i32 17" [D:/Vivado/Vitis_HLS/2023.1/common/technology/autopilot/etc/hls_cordic_apfixed.h:68->D:/Vivado/Vitis_HLS/2023.1/common/technology/autopilot/etc/hls_cordic_apfixed.h:243]   --->   Operation 25 'partselect' 'r' <Predicate = (icmp_ln251)> <Delay = 0.00>
ST_6 : Operation 26 [1/1] (0.00ns)   --->   "%zext_ln68_1 = zext i17 %r" [D:/Vivado/Vitis_HLS/2023.1/common/technology/autopilot/etc/hls_cordic_apfixed.h:68->D:/Vivado/Vitis_HLS/2023.1/common/technology/autopilot/etc/hls_cordic_apfixed.h:243]   --->   Operation 26 'zext' 'zext_ln68_1' <Predicate = (icmp_ln251)> <Delay = 0.00>
ST_6 : Operation 27 [1/1] (2.13ns)   --->   "%sub_ln254 = sub i18 102943, i18 %zext_ln68_1" [D:/Vivado/Vitis_HLS/2023.1/common/technology/autopilot/etc/hls_cordic_apfixed.h:254]   --->   Operation 27 'sub' 'sub_ln254' <Predicate = (icmp_ln251)> <Delay = 2.13> <CoreInst = "Adder">   --->   Core 1 'Adder' <Latency = 0> <II = 1> <Delay = 2.13> <FuncUnit> <Opcode : 'add' 'sub'> <InPorts = 2> <OutPorts = 1>
ST_6 : Operation 28 [1/1] (0.00ns)   --->   "%tmp_1 = partselect i16 @_ssdm_op_PartSelect.i16.i18.i32.i32, i18 %add_ln68, i32 2, i32 17" [D:/Vivado/Vitis_HLS/2023.1/common/technology/autopilot/etc/hls_cordic_apfixed.h:254]   --->   Operation 28 'partselect' 'tmp_1' <Predicate = (!icmp_ln251)> <Delay = 0.00>
ST_6 : Operation 29 [1/1] (0.00ns)   --->   "%zext_ln254 = zext i16 %tmp_1" [D:/Vivado/Vitis_HLS/2023.1/common/technology/autopilot/etc/hls_cordic_apfixed.h:254]   --->   Operation 29 'zext' 'zext_ln254' <Predicate = (!icmp_ln251)> <Delay = 0.00>
ST_6 : Operation 30 [1/1] (0.00ns)   --->   "%tmp_2 = partselect i17 @_ssdm_op_PartSelect.i17.i18.i32.i32, i18 %sub_ln254, i32 1, i32 17" [D:/Vivado/Vitis_HLS/2023.1/common/technology/autopilot/etc/hls_cordic_apfixed.h:254]   --->   Operation 30 'partselect' 'tmp_2' <Predicate = (icmp_ln251)> <Delay = 0.00>
ST_6 : Operation 31 [1/1] (0.78ns)   --->   "%z = select i1 %icmp_ln251, i17 %tmp_2, i17 %zext_ln254" [D:/Vivado/Vitis_HLS/2023.1/common/technology/autopilot/etc/hls_cordic_apfixed.h:251]   --->   Operation 31 'select' 'z' <Predicate = true> <Delay = 0.78> <CoreInst = "Sel">   --->   Core 73 'Sel' <Latency = 0> <II = 1> <Delay = 0.78> <FuncUnit> <Opcode : 'select'> <InPorts = 3> <OutPorts = 1>
ST_6 : Operation 32 [2/2] (1.58ns)   --->   "%call_ln251 = call void @generic_sincos<16, 4>_Pipeline_VITIS_LOOP_87_1, i17 %z, i17 %p_loc, i17 %p_loc2, i126 %cordic_apfixed_circ_table_arctan_128" [D:/Vivado/Vitis_HLS/2023.1/common/technology/autopilot/etc/hls_cordic_apfixed.h:251]   --->   Operation 32 'call' 'call_ln251' <Predicate = true> <Delay = 1.58> <CoreType = "Generic">   --->   Core 0 '' <Latency = 0> <II = 1> <Delay = 1.00> <Generic> <Opcode : >

State 7 <SV = 6> <Delay = 0.00>
ST_7 : Operation 33 [1/2] (0.00ns)   --->   "%call_ln251 = call void @generic_sincos<16, 4>_Pipeline_VITIS_LOOP_87_1, i17 %z, i17 %p_loc, i17 %p_loc2, i126 %cordic_apfixed_circ_table_arctan_128" [D:/Vivado/Vitis_HLS/2023.1/common/technology/autopilot/etc/hls_cordic_apfixed.h:251]   --->   Operation 33 'call' 'call_ln251' <Predicate = true> <Delay = 0.00> <CoreType = "Generic">   --->   Core 0 '' <Latency = 0> <II = 1> <Delay = 1.00> <Generic> <Opcode : >

State 8 <SV = 7> <Delay = 3.69>
ST_8 : Operation 34 [1/1] (0.00ns)   --->   "%p_loc_load = load i17 %p_loc"   --->   Operation 34 'load' 'p_loc_load' <Predicate = true> <Delay = 0.00>
ST_8 : Operation 35 [1/1] (0.00ns)   --->   "%p_loc2_load = load i17 %p_loc2"   --->   Operation 35 'load' 'p_loc2_load' <Predicate = true> <Delay = 0.00>
ST_8 : Operation 36 [1/1] (1.58ns)   --->   "%br_ln274 = br i1 %icmp_ln251, void %if.end36, void %if.then19" [D:/Vivado/Vitis_HLS/2023.1/common/technology/autopilot/etc/hls_cordic_apfixed.h:274]   --->   Operation 36 'br' 'br_ln274' <Predicate = true> <Delay = 1.58>
ST_8 : Operation 37 [1/1] (2.10ns)   --->   "%sub_ln280 = sub i17 0, i17 %p_loc2_load" [D:/Vivado/Vitis_HLS/2023.1/common/technology/autopilot/etc/hls_cordic_apfixed.h:280]   --->   Operation 37 'sub' 'sub_ln280' <Predicate = (icmp_ln251)> <Delay = 2.10> <CoreInst = "Adder">   --->   Core 1 'Adder' <Latency = 0> <II = 1> <Delay = 2.10> <FuncUnit> <Opcode : 'add' 'sub'> <InPorts = 2> <OutPorts = 1>
ST_8 : Operation 38 [1/1] (1.58ns)   --->   "%br_ln281 = br void %if.end36" [D:/Vivado/Vitis_HLS/2023.1/common/technology/autopilot/etc/hls_cordic_apfixed.h:281]   --->   Operation 38 'br' 'br_ln281' <Predicate = (icmp_ln251)> <Delay = 1.58>
ST_8 : Operation 39 [1/1] (0.00ns)   --->   "%outcos_0_in_in = phi i17 %sub_ln280, void %if.then19, i17 %p_loc2_load, void %entry_ifconv" [D:/Vivado/Vitis_HLS/2023.1/common/technology/autopilot/etc/hls_cordic_apfixed.h:280]   --->   Operation 39 'phi' 'outcos_0_in_in' <Predicate = true> <Delay = 0.00>
ST_8 : Operation 40 [1/1] (0.00ns)   --->   "%trunc_ln = partselect i14 @_ssdm_op_PartSelect.i14.i17.i32.i32, i17 %outcos_0_in_in, i32 3, i32 16" [D:/Vivado/Vitis_HLS/2023.1/common/technology/autopilot/etc/hls_cordic_apfixed.h:276]   --->   Operation 40 'partselect' 'trunc_ln' <Predicate = true> <Delay = 0.00>
ST_8 : Operation 41 [1/1] (0.00ns)   --->   "%trunc_ln1 = partselect i14 @_ssdm_op_PartSelect.i14.i17.i32.i32, i17 %p_loc_load, i32 3, i32 16" [D:/Vivado/Vitis_HLS/2023.1/common/technology/autopilot/etc/hls_cordic_apfixed.h:275]   --->   Operation 41 'partselect' 'trunc_ln1' <Predicate = true> <Delay = 0.00>
ST_8 : Operation 42 [1/1] (1.81ns)   --->   "%sub_ln292 = sub i14 0, i14 %trunc_ln1" [D:/Vivado/Vitis_HLS/2023.1/common/technology/autopilot/etc/hls_cordic_apfixed.h:292]   --->   Operation 42 'sub' 'sub_ln292' <Predicate = true> <Delay = 1.81> <CoreInst = "Adder">   --->   Core 1 'Adder' <Latency = 0> <II = 1> <Delay = 1.81> <FuncUnit> <Opcode : 'add' 'sub'> <InPorts = 2> <OutPorts = 1>
ST_8 : Operation 43 [1/1] (0.00ns)   --->   "%mrv = insertvalue i28 <undef>, i14 %sub_ln292" [D:/Vivado/Vitis_HLS/2023.1/common/technology/autopilot/etc/hls_cordic_apfixed.h:293]   --->   Operation 43 'insertvalue' 'mrv' <Predicate = true> <Delay = 0.00>
ST_8 : Operation 44 [1/1] (0.00ns)   --->   "%mrv_1 = insertvalue i28 %mrv, i14 %trunc_ln" [D:/Vivado/Vitis_HLS/2023.1/common/technology/autopilot/etc/hls_cordic_apfixed.h:293]   --->   Operation 44 'insertvalue' 'mrv_1' <Predicate = true> <Delay = 0.00>
ST_8 : Operation 45 [1/1] (0.00ns)   --->   "%ret_ln293 = ret i28 %mrv_1" [D:/Vivado/Vitis_HLS/2023.1/common/technology/autopilot/etc/hls_cordic_apfixed.h:293]   --->   Operation 45 'ret' 'ret_ln293' <Predicate = true> <Delay = 0.00>


============================================================
+ Verbose Summary: Binding
============================================================
STG Binding: 
---------------- STG Properties BEGIN ----------------
- Is combinational: 0
- Is one-state seq: 0
- Is datapath-only: 0
- Is pipelined: 0
- Is top level: 0
Port [ Return ] is wired: 1; IO mode=ap_ctrl_hs:ce=0
Port [ in_val]:  wired=1; compound=0; hidden=0; nouse=0; global=0; static=0; extern=0; dir=0; type=0; pingpong=0; private_global=0; IO mode=ap_none:ce=0
Port [ cordic_apfixed_circ_table_arctan_128]:  wired=0; compound=1; hidden=1; nouse=1; global=1; static=1; extern=0; dir=0; type=1; pingpong=0; private_global=0; MemPort=[1]; IO mode=ap_memory:ce=0
---------------- STG Properties END ------------------

---------------- Datapath Model BEGIN ----------------

<LifeTime>
<method=bitvector/>
in_val_read    (read          ) [ 000000000]
p_loc2         (alloca        ) [ 001111111]
p_loc          (alloca        ) [ 001111111]
inabs          (sub           ) [ 001000000]
trunc_ln68     (trunc         ) [ 001111000]
zext_ln64      (zext          ) [ 000000000]
mul_ln64       (mul           ) [ 000000000]
k              (partselect    ) [ 000100000]
zext_ln68      (zext          ) [ 000011000]
icmp_ln251     (icmp          ) [ 000011111]
shl_ln         (bitconcatenate) [ 000000100]
mul_ln68       (mul           ) [ 000000100]
add_ln68       (add           ) [ 000000000]
r              (partselect    ) [ 000000000]
zext_ln68_1    (zext          ) [ 000000000]
sub_ln254      (sub           ) [ 000000000]
tmp_1          (partselect    ) [ 000000000]
zext_ln254     (zext          ) [ 000000000]
tmp_2          (partselect    ) [ 000000000]
z              (select        ) [ 000000010]
call_ln251     (call          ) [ 000000000]
p_loc_load     (load          ) [ 000000000]
p_loc2_load    (load          ) [ 000000000]
br_ln274       (br            ) [ 000000000]
sub_ln280      (sub           ) [ 000000000]
br_ln281       (br            ) [ 000000000]
outcos_0_in_in (phi           ) [ 000000000]
trunc_ln       (partselect    ) [ 000000000]
trunc_ln1      (partselect    ) [ 000000000]
sub_ln292      (sub           ) [ 000000000]
mrv            (insertvalue   ) [ 000000000]
mrv_1          (insertvalue   ) [ 000000000]
ret_ln293      (ret           ) [ 000000000]
</LifeTime>

<model>

<comp_list>
<comp id="0" class="1000" name="in_val">
<pin_list>
<pin id="1" dir="1" index="0" bw="1" slack="0"/>
</pin_list>
<bind>
<StgValue><ssdm name="in_val"/></StgValue>
</bind>
</comp>

<comp id="2" class="1000" name="cordic_apfixed_circ_table_arctan_128">
<pin_list>
<pin id="3" dir="1" index="0" bw="1" slack="0"/>
</pin_list>
<bind>
<StgValue><ssdm name="cordic_apfixed_circ_table_arctan_128"/><MemPortTyVec>1 </MemPortTyVec>
</StgValue>
</bind>
</comp>

<comp id="4" class="1001" name="const_4">
<pin_list>
<pin id="5" dir="1" index="0" bw="1" slack="0"/>
</pin_list>
<bind>
<StgValue><ssdm name="_ssdm_op_Read.ap_auto.i14"/></StgValue>
</bind>
</comp>

<comp id="6" class="1001" name="const_6">
<pin_list>
<pin id="7" dir="1" index="0" bw="1" slack="0"/>
</pin_list>
<bind>
<StgValue><ssdm name=""/></StgValue>
</bind>
</comp>

<comp id="8" class="1001" name="const_8">
<pin_list>
<pin id="9" dir="1" index="0" bw="1" slack="0"/>
</pin_list>
<bind>
<StgValue><ssdm name=""/></StgValue>
</bind>
</comp>

<comp id="10" class="1001" name="const_10">
<pin_list>
<pin id="11" dir="1" index="0" bw="1" slack="0"/>
</pin_list>
<bind>
<StgValue><ssdm name=""/></StgValue>
</bind>
</comp>

<comp id="12" class="1001" name="const_12">
<pin_list>
<pin id="13" dir="1" index="0" bw="1" slack="0"/>
</pin_list>
<bind>
<StgValue><ssdm name="_ssdm_op_PartSelect.i2.i35.i32.i32"/></StgValue>
</bind>
</comp>

<comp id="14" class="1001" name="const_14">
<pin_list>
<pin id="15" dir="1" index="0" bw="1" slack="0"/>
</pin_list>
<bind>
<StgValue><ssdm name=""/></StgValue>
</bind>
</comp>

<comp id="16" class="1001" name="const_16">
<pin_list>
<pin id="17" dir="1" index="0" bw="1" slack="0"/>
</pin_list>
<bind>
<StgValue><ssdm name=""/></StgValue>
</bind>
</comp>

<comp id="18" class="1001" name="const_18">
<pin_list>
<pin id="19" dir="1" index="0" bw="1" slack="0"/>
</pin_list>
<bind>
<StgValue><ssdm name=""/></StgValue>
</bind>
</comp>

<comp id="20" class="1001" name="const_20">
<pin_list>
<pin id="21" dir="1" index="0" bw="1" slack="0"/>
</pin_list>
<bind>
<StgValue><ssdm name=""/></StgValue>
</bind>
</comp>

<comp id="22" class="1001" name="const_22">
<pin_list>
<pin id="23" dir="1" index="0" bw="1" slack="0"/>
</pin_list>
<bind>
<StgValue><ssdm name="_ssdm_op_BitConcatenate.i18.i13.i5"/></StgValue>
</bind>
</comp>

<comp id="24" class="1001" name="const_24">
<pin_list>
<pin id="25" dir="1" index="0" bw="1" slack="0"/>
</pin_list>
<bind>
<StgValue><ssdm name=""/></StgValue>
</bind>
</comp>

<comp id="26" class="1001" name="const_26">
<pin_list>
<pin id="27" dir="1" index="0" bw="1" slack="0"/>
</pin_list>
<bind>
<StgValue><ssdm name="_ssdm_op_PartSelect.i17.i18.i32.i32"/></StgValue>
</bind>
</comp>

<comp id="28" class="1001" name="const_28">
<pin_list>
<pin id="29" dir="1" index="0" bw="1" slack="0"/>
</pin_list>
<bind>
<StgValue><ssdm name=""/></StgValue>
</bind>
</comp>

<comp id="30" class="1001" name="const_30">
<pin_list>
<pin id="31" dir="1" index="0" bw="1" slack="0"/>
</pin_list>
<bind>
<StgValue><ssdm name=""/></StgValue>
</bind>
</comp>

<comp id="32" class="1001" name="const_32">
<pin_list>
<pin id="33" dir="1" index="0" bw="1" slack="0"/>
</pin_list>
<bind>
<StgValue><ssdm name=""/></StgValue>
</bind>
</comp>

<comp id="34" class="1001" name="const_34">
<pin_list>
<pin id="35" dir="1" index="0" bw="1" slack="0"/>
</pin_list>
<bind>
<StgValue><ssdm name="_ssdm_op_PartSelect.i16.i18.i32.i32"/></StgValue>
</bind>
</comp>

<comp id="36" class="1001" name="const_36">
<pin_list>
<pin id="37" dir="1" index="0" bw="1" slack="0"/>
</pin_list>
<bind>
<StgValue><ssdm name=""/></StgValue>
</bind>
</comp>

<comp id="38" class="1001" name="const_38">
<pin_list>
<pin id="39" dir="1" index="0" bw="1" slack="0"/>
</pin_list>
<bind>
<StgValue><ssdm name="generic_sincos<16, 4>_Pipeline_VITIS_LOOP_87_1"/></StgValue>
</bind>
</comp>

<comp id="40" class="1001" name="const_40">
<pin_list>
<pin id="41" dir="1" index="0" bw="1" slack="0"/>
</pin_list>
<bind>
<StgValue><ssdm name=""/></StgValue>
</bind>
</comp>

<comp id="42" class="1001" name="const_42">
<pin_list>
<pin id="43" dir="1" index="0" bw="1" slack="0"/>
</pin_list>
<bind>
<StgValue><ssdm name="_ssdm_op_PartSelect.i14.i17.i32.i32"/></StgValue>
</bind>
</comp>

<comp id="44" class="1001" name="const_44">
<pin_list>
<pin id="45" dir="1" index="0" bw="1" slack="0"/>
</pin_list>
<bind>
<StgValue><ssdm name=""/></StgValue>
</bind>
</comp>

<comp id="46" class="1001" name="const_46">
<pin_list>
<pin id="47" dir="1" index="0" bw="1" slack="0"/>
</pin_list>
<bind>
<StgValue><ssdm name=""/></StgValue>
</bind>
</comp>

<comp id="48" class="1001" name="const_48">
<pin_list>
<pin id="49" dir="1" index="0" bw="1" slack="0"/>
</pin_list>
<bind>
<StgValue><ssdm name=""/></StgValue>
</bind>
</comp>

<comp id="50" class="1004" name="p_loc2_fu_50">
<pin_list>
<pin id="51" dir="0" index="0" bw="1" slack="0"/>
<pin id="52" dir="1" index="1" bw="17" slack="5"/>
</pin_list>
<bind>
<opcode="alloca(26) " fcode="alloca"/>
<opset="p_loc2/1 "/>
</bind>
</comp>

<comp id="54" class="1004" name="p_loc_fu_54">
<pin_list>
<pin id="55" dir="0" index="0" bw="1" slack="0"/>
<pin id="56" dir="1" index="1" bw="17" slack="5"/>
</pin_list>
<bind>
<opcode="alloca(26) " fcode="alloca"/>
<opset="p_loc/1 "/>
</bind>
</comp>

<comp id="58" class="1004" name="in_val_read_read_fu_58">
<pin_list>
<pin id="59" dir="0" index="0" bw="14" slack="0"/>
<pin id="60" dir="0" index="1" bw="14" slack="0"/>
<pin id="61" dir="1" index="2" bw="14" slack="0"/>
</pin_list>
<bind>
<opcode="read(1150) " fcode="read"/>
<opset="in_val_read/1 "/>
</bind>
</comp>

<comp id="64" class="1005" name="outcos_0_in_in_reg_64">
<pin_list>
<pin id="65" dir="0" index="0" bw="17" slack="2147483647"/>
<pin id="66" dir="1" index="1" bw="17" slack="2147483647"/>
</pin_list>
<bind>
<opset="outcos_0_in_in (phireg) "/>
</bind>
</comp>

<comp id="67" class="1004" name="outcos_0_in_in_phi_fu_67">
<pin_list>
<pin id="68" dir="0" index="0" bw="17" slack="0"/>
<pin id="69" dir="0" index="1" bw="0" slack="2147483647"/>
<pin id="70" dir="0" index="2" bw="17" slack="0"/>
<pin id="71" dir="0" index="3" bw="0" slack="2147483647"/>
<pin id="72" dir="1" index="4" bw="17" slack="0"/>
</pin_list>
<bind>
<opcode="phi(47) " fcode="phi"/>
<opset="outcos_0_in_in/8 "/>
</bind>
</comp>

<comp id="73" class="1004" name="grp_generic_sincos_16_4_Pipeline_VITIS_LOOP_87_1_fu_73">
<pin_list>
<pin id="74" dir="0" index="0" bw="0" slack="0"/>
<pin id="75" dir="0" index="1" bw="17" slack="0"/>
<pin id="76" dir="0" index="2" bw="17" slack="5"/>
<pin id="77" dir="0" index="3" bw="17" slack="5"/>
<pin id="78" dir="0" index="4" bw="126" slack="0"/>
<pin id="79" dir="1" index="5" bw="0" slack="2147483647"/>
</pin_list>
<bind>
<opcode="call(48) " fcode="call"/>
<opset="call_ln251/6 "/>
</bind>
</comp>

<comp id="82" class="1004" name="inabs_fu_82">
<pin_list>
<pin id="83" dir="0" index="0" bw="1" slack="0"/>
<pin id="84" dir="0" index="1" bw="14" slack="0"/>
<pin id="85" dir="1" index="2" bw="14" slack="0"/>
</pin_list>
<bind>
<opcode="sub(10) " fcode="sub"/>
<opset="inabs/1 "/>
</bind>
</comp>

<comp id="88" class="1004" name="trunc_ln68_fu_88">
<pin_list>
<pin id="89" dir="0" index="0" bw="14" slack="0"/>
<pin id="90" dir="1" index="1" bw="13" slack="4"/>
</pin_list>
<bind>
<opcode="trunc(33) " fcode="trunc"/>
<opset="trunc_ln68/1 "/>
</bind>
</comp>

<comp id="92" class="1004" name="zext_ln64_fu_92">
<pin_list>
<pin id="93" dir="0" index="0" bw="14" slack="1"/>
<pin id="94" dir="1" index="1" bw="35" slack="0"/>
</pin_list>
<bind>
<opcode="zext(34) " fcode="zext"/>
<opset="zext_ln64/2 "/>
</bind>
</comp>

<comp id="95" class="1004" name="mul_ln64_fu_95">
<pin_list>
<pin id="96" dir="0" index="0" bw="14" slack="0"/>
<pin id="97" dir="0" index="1" bw="22" slack="0"/>
<pin id="98" dir="1" index="2" bw="35" slack="0"/>
</pin_list>
<bind>
<opcode="mul(12) " fcode="mul"/>
<opset="mul_ln64/2 "/>
</bind>
</comp>

<comp id="101" class="1004" name="k_fu_101">
<pin_list>
<pin id="102" dir="0" index="0" bw="2" slack="0"/>
<pin id="103" dir="0" index="1" bw="35" slack="0"/>
<pin id="104" dir="0" index="2" bw="7" slack="0"/>
<pin id="105" dir="0" index="3" bw="7" slack="0"/>
<pin id="106" dir="1" index="4" bw="2" slack="1"/>
</pin_list>
<bind>
<opcode="partselect(1002) " fcode="partselect"/>
<opset="k/2 "/>
</bind>
</comp>

<comp id="111" class="1004" name="zext_ln68_fu_111">
<pin_list>
<pin id="112" dir="0" index="0" bw="2" slack="1"/>
<pin id="113" dir="1" index="1" bw="18" slack="0"/>
</pin_list>
<bind>
<opcode="zext(34) " fcode="zext"/>
<opset="zext_ln68/3 "/>
</bind>
</comp>

<comp id="114" class="1004" name="icmp_ln251_fu_114">
<pin_list>
<pin id="115" dir="0" index="0" bw="2" slack="1"/>
<pin id="116" dir="0" index="1" bw="1" slack="0"/>
<pin id="117" dir="1" index="2" bw="1" slack="3"/>
</pin_list>
<bind>
<opcode="icmp(45) " fcode="icmp"/>
<opset="icmp_ln251/3 "/>
</bind>
</comp>

<comp id="119" class="1004" name="shl_ln_fu_119">
<pin_list>
<pin id="120" dir="0" index="0" bw="18" slack="0"/>
<pin id="121" dir="0" index="1" bw="13" slack="4"/>
<pin id="122" dir="0" index="2" bw="1" slack="0"/>
<pin id="123" dir="1" index="3" bw="18" slack="0"/>
</pin_list>
<bind>
<opcode="bitconcatenate(1004) " fcode="bitconcatenate"/>
<opset="shl_ln/5 "/>
</bind>
</comp>

<comp id="126" class="1004" name="r_fu_126">
<pin_list>
<pin id="127" dir="0" index="0" bw="17" slack="0"/>
<pin id="128" dir="0" index="1" bw="18" slack="0"/>
<pin id="129" dir="0" index="2" bw="1" slack="0"/>
<pin id="130" dir="0" index="3" bw="6" slack="0"/>
<pin id="131" dir="1" index="4" bw="17" slack="0"/>
</pin_list>
<bind>
<opcode="partselect(1002) " fcode="partselect"/>
<opset="r/6 "/>
</bind>
</comp>

<comp id="135" class="1004" name="zext_ln68_1_fu_135">
<pin_list>
<pin id="136" dir="0" index="0" bw="17" slack="0"/>
<pin id="137" dir="1" index="1" bw="18" slack="0"/>
</pin_list>
<bind>
<opcode="zext(34) " fcode="zext"/>
<opset="zext_ln68_1/6 "/>
</bind>
</comp>

<comp id="139" class="1004" name="sub_ln254_fu_139">
<pin_list>
<pin id="140" dir="0" index="0" bw="18" slack="0"/>
<pin id="141" dir="0" index="1" bw="17" slack="0"/>
<pin id="142" dir="1" index="2" bw="18" slack="0"/>
</pin_list>
<bind>
<opcode="sub(10) " fcode="sub"/>
<opset="sub_ln254/6 "/>
</bind>
</comp>

<comp id="145" class="1004" name="tmp_1_fu_145">
<pin_list>
<pin id="146" dir="0" index="0" bw="16" slack="0"/>
<pin id="147" dir="0" index="1" bw="18" slack="0"/>
<pin id="148" dir="0" index="2" bw="3" slack="0"/>
<pin id="149" dir="0" index="3" bw="6" slack="0"/>
<pin id="150" dir="1" index="4" bw="16" slack="0"/>
</pin_list>
<bind>
<opcode="partselect(1002) " fcode="partselect"/>
<opset="tmp_1/6 "/>
</bind>
</comp>

<comp id="154" class="1004" name="zext_ln254_fu_154">
<pin_list>
<pin id="155" dir="0" index="0" bw="16" slack="0"/>
<pin id="156" dir="1" index="1" bw="17" slack="0"/>
</pin_list>
<bind>
<opcode="zext(34) " fcode="zext"/>
<opset="zext_ln254/6 "/>
</bind>
</comp>

<comp id="158" class="1004" name="tmp_2_fu_158">
<pin_list>
<pin id="159" dir="0" index="0" bw="17" slack="0"/>
<pin id="160" dir="0" index="1" bw="18" slack="0"/>
<pin id="161" dir="0" index="2" bw="1" slack="0"/>
<pin id="162" dir="0" index="3" bw="6" slack="0"/>
<pin id="163" dir="1" index="4" bw="17" slack="0"/>
</pin_list>
<bind>
<opcode="partselect(1002) " fcode="partselect"/>
<opset="tmp_2/6 "/>
</bind>
</comp>

<comp id="168" class="1004" name="z_fu_168">
<pin_list>
<pin id="169" dir="0" index="0" bw="1" slack="3"/>
<pin id="170" dir="0" index="1" bw="17" slack="0"/>
<pin id="171" dir="0" index="2" bw="16" slack="0"/>
<pin id="172" dir="1" index="3" bw="17" slack="0"/>
</pin_list>
<bind>
<opcode="select(49) " fcode="select"/>
<opset="z/6 "/>
</bind>
</comp>

<comp id="176" class="1004" name="p_loc_load_load_fu_176">
<pin_list>
<pin id="177" dir="0" index="0" bw="17" slack="7"/>
<pin id="178" dir="1" index="1" bw="17" slack="0"/>
</pin_list>
<bind>
<opcode="load(27) " fcode="load"/>
<opset="p_loc_load/8 "/>
</bind>
</comp>

<comp id="179" class="1004" name="p_loc2_load_load_fu_179">
<pin_list>
<pin id="180" dir="0" index="0" bw="17" slack="7"/>
<pin id="181" dir="1" index="1" bw="17" slack="0"/>
</pin_list>
<bind>
<opcode="load(27) " fcode="load"/>
<opset="p_loc2_load/8 "/>
</bind>
</comp>

<comp id="183" class="1004" name="sub_ln280_fu_183">
<pin_list>
<pin id="184" dir="0" index="0" bw="1" slack="0"/>
<pin id="185" dir="0" index="1" bw="17" slack="0"/>
<pin id="186" dir="1" index="2" bw="17" slack="0"/>
</pin_list>
<bind>
<opcode="sub(10) " fcode="sub"/>
<opset="sub_ln280/8 "/>
</bind>
</comp>

<comp id="190" class="1004" name="trunc_ln_fu_190">
<pin_list>
<pin id="191" dir="0" index="0" bw="14" slack="0"/>
<pin id="192" dir="0" index="1" bw="17" slack="0"/>
<pin id="193" dir="0" index="2" bw="3" slack="0"/>
<pin id="194" dir="0" index="3" bw="6" slack="0"/>
<pin id="195" dir="1" index="4" bw="14" slack="0"/>
</pin_list>
<bind>
<opcode="partselect(1002) " fcode="partselect"/>
<opset="trunc_ln/8 "/>
</bind>
</comp>

<comp id="200" class="1004" name="trunc_ln1_fu_200">
<pin_list>
<pin id="201" dir="0" index="0" bw="14" slack="0"/>
<pin id="202" dir="0" index="1" bw="17" slack="0"/>
<pin id="203" dir="0" index="2" bw="3" slack="0"/>
<pin id="204" dir="0" index="3" bw="6" slack="0"/>
<pin id="205" dir="1" index="4" bw="14" slack="0"/>
</pin_list>
<bind>
<opcode="partselect(1002) " fcode="partselect"/>
<opset="trunc_ln1/8 "/>
</bind>
</comp>

<comp id="210" class="1004" name="sub_ln292_fu_210">
<pin_list>
<pin id="211" dir="0" index="0" bw="1" slack="0"/>
<pin id="212" dir="0" index="1" bw="14" slack="0"/>
<pin id="213" dir="1" index="2" bw="14" slack="0"/>
</pin_list>
<bind>
<opcode="sub(10) " fcode="sub"/>
<opset="sub_ln292/8 "/>
</bind>
</comp>

<comp id="216" class="1004" name="mrv_fu_216">
<pin_list>
<pin id="217" dir="0" index="0" bw="28" slack="0"/>
<pin id="218" dir="0" index="1" bw="14" slack="0"/>
<pin id="219" dir="1" index="2" bw="28" slack="0"/>
</pin_list>
<bind>
<opcode="insertvalue(57) " fcode="insertvalue"/>
<opset="mrv/8 "/>
</bind>
</comp>

<comp id="222" class="1004" name="mrv_1_fu_222">
<pin_list>
<pin id="223" dir="0" index="0" bw="28" slack="0"/>
<pin id="224" dir="0" index="1" bw="14" slack="0"/>
<pin id="225" dir="1" index="2" bw="28" slack="2147483647"/>
</pin_list>
<bind>
<opcode="insertvalue(57) " fcode="insertvalue"/>
<opset="mrv_1/8 "/>
</bind>
</comp>

<comp id="228" class="1007" name="grp_fu_228">
<pin_list>
<pin id="229" dir="0" index="0" bw="2" slack="0"/>
<pin id="230" dir="0" index="1" bw="16" slack="0"/>
<pin id="231" dir="0" index="2" bw="18" slack="0"/>
<pin id="232" dir="1" index="3" bw="18" slack="0"/>
</pin_list>
<bind>
<opcode="muladd(1172) " fcode="muladd"/>
<opset="mul_ln68/3 add_ln68/5 "/>
</bind>
</comp>

<comp id="238" class="1005" name="p_loc2_reg_238">
<pin_list>
<pin id="239" dir="0" index="0" bw="17" slack="5"/>
<pin id="240" dir="1" index="1" bw="17" slack="5"/>
</pin_list>
<bind>
<opset="p_loc2 "/>
</bind>
</comp>

<comp id="244" class="1005" name="p_loc_reg_244">
<pin_list>
<pin id="245" dir="0" index="0" bw="17" slack="5"/>
<pin id="246" dir="1" index="1" bw="17" slack="5"/>
</pin_list>
<bind>
<opset="p_loc "/>
</bind>
</comp>

<comp id="250" class="1005" name="inabs_reg_250">
<pin_list>
<pin id="251" dir="0" index="0" bw="14" slack="1"/>
<pin id="252" dir="1" index="1" bw="14" slack="1"/>
</pin_list>
<bind>
<opset="inabs "/>
</bind>
</comp>

<comp id="255" class="1005" name="trunc_ln68_reg_255">
<pin_list>
<pin id="256" dir="0" index="0" bw="13" slack="4"/>
<pin id="257" dir="1" index="1" bw="13" slack="4"/>
</pin_list>
<bind>
<opset="trunc_ln68 "/>
</bind>
</comp>

<comp id="260" class="1005" name="k_reg_260">
<pin_list>
<pin id="261" dir="0" index="0" bw="2" slack="1"/>
<pin id="262" dir="1" index="1" bw="2" slack="1"/>
</pin_list>
<bind>
<opset="k "/>
</bind>
</comp>

<comp id="266" class="1005" name="zext_ln68_reg_266">
<pin_list>
<pin id="267" dir="0" index="0" bw="18" slack="1"/>
<pin id="268" dir="1" index="1" bw="18" slack="1"/>
</pin_list>
<bind>
<opset="zext_ln68 "/>
</bind>
</comp>

<comp id="271" class="1005" name="icmp_ln251_reg_271">
<pin_list>
<pin id="272" dir="0" index="0" bw="1" slack="3"/>
<pin id="273" dir="1" index="1" bw="1" slack="3"/>
</pin_list>
<bind>
<opset="icmp_ln251 "/>
</bind>
</comp>

<comp id="276" class="1005" name="shl_ln_reg_276">
<pin_list>
<pin id="277" dir="0" index="0" bw="18" slack="1"/>
<pin id="278" dir="1" index="1" bw="18" slack="1"/>
</pin_list>
<bind>
<opset="shl_ln "/>
</bind>
</comp>

<comp id="281" class="1005" name="z_reg_281">
<pin_list>
<pin id="282" dir="0" index="0" bw="17" slack="1"/>
<pin id="283" dir="1" index="1" bw="17" slack="1"/>
</pin_list>
<bind>
<opset="z "/>
</bind>
</comp>

</comp_list>

<net_list>
<net id="53"><net_src comp="6" pin="0"/><net_sink comp="50" pin=0"/></net>

<net id="57"><net_src comp="6" pin="0"/><net_sink comp="54" pin=0"/></net>

<net id="62"><net_src comp="4" pin="0"/><net_sink comp="58" pin=0"/></net>

<net id="63"><net_src comp="0" pin="0"/><net_sink comp="58" pin=1"/></net>

<net id="80"><net_src comp="38" pin="0"/><net_sink comp="73" pin=0"/></net>

<net id="81"><net_src comp="2" pin="0"/><net_sink comp="73" pin=4"/></net>

<net id="86"><net_src comp="8" pin="0"/><net_sink comp="82" pin=0"/></net>

<net id="87"><net_src comp="58" pin="2"/><net_sink comp="82" pin=1"/></net>

<net id="91"><net_src comp="82" pin="2"/><net_sink comp="88" pin=0"/></net>

<net id="99"><net_src comp="92" pin="1"/><net_sink comp="95" pin=0"/></net>

<net id="100"><net_src comp="10" pin="0"/><net_sink comp="95" pin=1"/></net>

<net id="107"><net_src comp="12" pin="0"/><net_sink comp="101" pin=0"/></net>

<net id="108"><net_src comp="95" pin="2"/><net_sink comp="101" pin=1"/></net>

<net id="109"><net_src comp="14" pin="0"/><net_sink comp="101" pin=2"/></net>

<net id="110"><net_src comp="16" pin="0"/><net_sink comp="101" pin=3"/></net>

<net id="118"><net_src comp="20" pin="0"/><net_sink comp="114" pin=1"/></net>

<net id="124"><net_src comp="22" pin="0"/><net_sink comp="119" pin=0"/></net>

<net id="125"><net_src comp="24" pin="0"/><net_sink comp="119" pin=2"/></net>

<net id="132"><net_src comp="26" pin="0"/><net_sink comp="126" pin=0"/></net>

<net id="133"><net_src comp="28" pin="0"/><net_sink comp="126" pin=2"/></net>

<net id="134"><net_src comp="30" pin="0"/><net_sink comp="126" pin=3"/></net>

<net id="138"><net_src comp="126" pin="4"/><net_sink comp="135" pin=0"/></net>

<net id="143"><net_src comp="32" pin="0"/><net_sink comp="139" pin=0"/></net>

<net id="144"><net_src comp="135" pin="1"/><net_sink comp="139" pin=1"/></net>

<net id="151"><net_src comp="34" pin="0"/><net_sink comp="145" pin=0"/></net>

<net id="152"><net_src comp="36" pin="0"/><net_sink comp="145" pin=2"/></net>

<net id="153"><net_src comp="30" pin="0"/><net_sink comp="145" pin=3"/></net>

<net id="157"><net_src comp="145" pin="4"/><net_sink comp="154" pin=0"/></net>

<net id="164"><net_src comp="26" pin="0"/><net_sink comp="158" pin=0"/></net>

<net id="165"><net_src comp="139" pin="2"/><net_sink comp="158" pin=1"/></net>

<net id="166"><net_src comp="28" pin="0"/><net_sink comp="158" pin=2"/></net>

<net id="167"><net_src comp="30" pin="0"/><net_sink comp="158" pin=3"/></net>

<net id="173"><net_src comp="158" pin="4"/><net_sink comp="168" pin=1"/></net>

<net id="174"><net_src comp="154" pin="1"/><net_sink comp="168" pin=2"/></net>

<net id="175"><net_src comp="168" pin="3"/><net_sink comp="73" pin=1"/></net>

<net id="182"><net_src comp="179" pin="1"/><net_sink comp="67" pin=2"/></net>

<net id="187"><net_src comp="40" pin="0"/><net_sink comp="183" pin=0"/></net>

<net id="188"><net_src comp="179" pin="1"/><net_sink comp="183" pin=1"/></net>

<net id="189"><net_src comp="183" pin="2"/><net_sink comp="67" pin=0"/></net>

<net id="196"><net_src comp="42" pin="0"/><net_sink comp="190" pin=0"/></net>

<net id="197"><net_src comp="67" pin="4"/><net_sink comp="190" pin=1"/></net>

<net id="198"><net_src comp="44" pin="0"/><net_sink comp="190" pin=2"/></net>

<net id="199"><net_src comp="46" pin="0"/><net_sink comp="190" pin=3"/></net>

<net id="206"><net_src comp="42" pin="0"/><net_sink comp="200" pin=0"/></net>

<net id="207"><net_src comp="176" pin="1"/><net_sink comp="200" pin=1"/></net>

<net id="208"><net_src comp="44" pin="0"/><net_sink comp="200" pin=2"/></net>

<net id="209"><net_src comp="46" pin="0"/><net_sink comp="200" pin=3"/></net>

<net id="214"><net_src comp="8" pin="0"/><net_sink comp="210" pin=0"/></net>

<net id="215"><net_src comp="200" pin="4"/><net_sink comp="210" pin=1"/></net>

<net id="220"><net_src comp="48" pin="0"/><net_sink comp="216" pin=0"/></net>

<net id="221"><net_src comp="210" pin="2"/><net_sink comp="216" pin=1"/></net>

<net id="226"><net_src comp="216" pin="2"/><net_sink comp="222" pin=0"/></net>

<net id="227"><net_src comp="190" pin="4"/><net_sink comp="222" pin=1"/></net>

<net id="233"><net_src comp="111" pin="1"/><net_sink comp="228" pin=0"/></net>

<net id="234"><net_src comp="18" pin="0"/><net_sink comp="228" pin=1"/></net>

<net id="235"><net_src comp="119" pin="3"/><net_sink comp="228" pin=2"/></net>

<net id="236"><net_src comp="228" pin="3"/><net_sink comp="126" pin=1"/></net>

<net id="237"><net_src comp="228" pin="3"/><net_sink comp="145" pin=1"/></net>

<net id="241"><net_src comp="50" pin="1"/><net_sink comp="238" pin=0"/></net>

<net id="242"><net_src comp="238" pin="1"/><net_sink comp="73" pin=3"/></net>

<net id="243"><net_src comp="238" pin="1"/><net_sink comp="179" pin=0"/></net>

<net id="247"><net_src comp="54" pin="1"/><net_sink comp="244" pin=0"/></net>

<net id="248"><net_src comp="244" pin="1"/><net_sink comp="73" pin=2"/></net>

<net id="249"><net_src comp="244" pin="1"/><net_sink comp="176" pin=0"/></net>

<net id="253"><net_src comp="82" pin="2"/><net_sink comp="250" pin=0"/></net>

<net id="254"><net_src comp="250" pin="1"/><net_sink comp="92" pin=0"/></net>

<net id="258"><net_src comp="88" pin="1"/><net_sink comp="255" pin=0"/></net>

<net id="259"><net_src comp="255" pin="1"/><net_sink comp="119" pin=1"/></net>

<net id="263"><net_src comp="101" pin="4"/><net_sink comp="260" pin=0"/></net>

<net id="264"><net_src comp="260" pin="1"/><net_sink comp="111" pin=0"/></net>

<net id="265"><net_src comp="260" pin="1"/><net_sink comp="114" pin=0"/></net>

<net id="269"><net_src comp="111" pin="1"/><net_sink comp="266" pin=0"/></net>

<net id="270"><net_src comp="266" pin="1"/><net_sink comp="228" pin=0"/></net>

<net id="274"><net_src comp="114" pin="2"/><net_sink comp="271" pin=0"/></net>

<net id="275"><net_src comp="271" pin="1"/><net_sink comp="168" pin=0"/></net>

<net id="279"><net_src comp="119" pin="3"/><net_sink comp="276" pin=0"/></net>

<net id="280"><net_src comp="276" pin="1"/><net_sink comp="228" pin=0"/></net>

<net id="284"><net_src comp="168" pin="3"/><net_sink comp="281" pin=0"/></net>

<net id="285"><net_src comp="281" pin="1"/><net_sink comp="73" pin=1"/></net>

</net_list>

</model> 
---------------- Datapath Model END ------------------

* FSMD analyzer results:
  - Output states:
 - Input state : 
	Port: generic_sincos<16, 4> : in_val | {1 }
	Port: generic_sincos<16, 4> : cordic_apfixed_circ_table_arctan_128 | {6 7 }
  - Chain level:
	State 1
		trunc_ln68 : 1
	State 2
		mul_ln64 : 1
		k : 2
	State 3
		mul_ln68 : 1
	State 4
	State 5
		add_ln68 : 1
	State 6
		r : 1
		zext_ln68_1 : 2
		sub_ln254 : 3
		tmp_1 : 1
		zext_ln254 : 2
		tmp_2 : 4
		z : 5
		call_ln251 : 6
	State 7
	State 8
		sub_ln280 : 1
		outcos_0_in_in : 2
		trunc_ln : 3
		trunc_ln1 : 1
		sub_ln292 : 2
		mrv : 3
		mrv_1 : 4
		ret_ln293 : 5


============================================================
+ Verbose Summary: Datapath Resource usage 
============================================================

* Functional unit list:
|----------|--------------------------------------------------------|---------|---------|---------|---------|
| Operation|                     Functional Unit                    |   DSP   |  Delay  |    FF   |   LUT   |
|----------|--------------------------------------------------------|---------|---------|---------|---------|
|   call   | grp_generic_sincos_16_4_Pipeline_VITIS_LOOP_87_1_fu_73 |    0    |  1.588  |   123   |   325   |
|----------|--------------------------------------------------------|---------|---------|---------|---------|
|          |                       inabs_fu_82                      |    0    |    0    |    0    |    17   |
|    sub   |                    sub_ln254_fu_139                    |    0    |    0    |    0    |    25   |
|          |                    sub_ln280_fu_183                    |    0    |    0    |    0    |    24   |
|          |                    sub_ln292_fu_210                    |    0    |    0    |    0    |    17   |
|----------|--------------------------------------------------------|---------|---------|---------|---------|
|    mul   |                     mul_ln64_fu_95                     |    1    |    0    |    0    |    24   |
|----------|--------------------------------------------------------|---------|---------|---------|---------|
|  select  |                        z_fu_168                        |    0    |    0    |    0    |    17   |
|----------|--------------------------------------------------------|---------|---------|---------|---------|
|   icmp   |                    icmp_ln251_fu_114                   |    0    |    0    |    0    |    10   |
|----------|--------------------------------------------------------|---------|---------|---------|---------|
|  muladd  |                       grp_fu_228                       |    1    |    0    |    0    |    0    |
|----------|--------------------------------------------------------|---------|---------|---------|---------|
|   read   |                 in_val_read_read_fu_58                 |    0    |    0    |    0    |    0    |
|----------|--------------------------------------------------------|---------|---------|---------|---------|
|   trunc  |                    trunc_ln68_fu_88                    |    0    |    0    |    0    |    0    |
|----------|--------------------------------------------------------|---------|---------|---------|---------|
|          |                     zext_ln64_fu_92                    |    0    |    0    |    0    |    0    |
|   zext   |                    zext_ln68_fu_111                    |    0    |    0    |    0    |    0    |
|          |                   zext_ln68_1_fu_135                   |    0    |    0    |    0    |    0    |
|          |                    zext_ln254_fu_154                   |    0    |    0    |    0    |    0    |
|----------|--------------------------------------------------------|---------|---------|---------|---------|
|          |                        k_fu_101                        |    0    |    0    |    0    |    0    |
|          |                        r_fu_126                        |    0    |    0    |    0    |    0    |
|partselect|                      tmp_1_fu_145                      |    0    |    0    |    0    |    0    |
|          |                      tmp_2_fu_158                      |    0    |    0    |    0    |    0    |
|          |                     trunc_ln_fu_190                    |    0    |    0    |    0    |    0    |
|          |                    trunc_ln1_fu_200                    |    0    |    0    |    0    |    0    |
|----------|--------------------------------------------------------|---------|---------|---------|---------|
|bitconcatenate|                      shl_ln_fu_119                     |    0    |    0    |    0    |    0    |
|----------|--------------------------------------------------------|---------|---------|---------|---------|
|insertvalue|                       mrv_fu_216                       |    0    |    0    |    0    |    0    |
|          |                      mrv_1_fu_222                      |    0    |    0    |    0    |    0    |
|----------|--------------------------------------------------------|---------|---------|---------|---------|
|   Total  |                                                        |    2    |  1.588  |   123   |   459   |
|----------|--------------------------------------------------------|---------|---------|---------|---------|

Memories:
N/A

* Register list:
+---------------------+--------+
|                     |   FF   |
+---------------------+--------+
|  icmp_ln251_reg_271 |    1   |
|    inabs_reg_250    |   14   |
|      k_reg_260      |    2   |
|outcos_0_in_in_reg_64|   17   |
|    p_loc2_reg_238   |   17   |
|    p_loc_reg_244    |   17   |
|    shl_ln_reg_276   |   18   |
|  trunc_ln68_reg_255 |   13   |
|      z_reg_281      |   17   |
|  zext_ln68_reg_266  |   18   |
+---------------------+--------+
|        Total        |   134  |
+---------------------+--------+

* Multiplexer (MUX) list: 
|--------------------------------------------------------|------|------|------|--------||---------||---------|
|                          Comp                          |  Pin | Size |  BW  | S x BW ||  Delay  ||   LUT   |
|--------------------------------------------------------|------|------|------|--------||---------||---------|
| grp_generic_sincos_16_4_Pipeline_VITIS_LOOP_87_1_fu_73 |  p1  |   2  |  17  |   34   ||    9    |
|                       grp_fu_228                       |  p0  |   3  |   2  |    6   ||    14   |
|--------------------------------------------------------|------|------|------|--------||---------||---------|
|                          Total                         |      |      |      |   40   ||  3.2953 ||    23   |
|--------------------------------------------------------|------|------|------|--------||---------||---------|



* Summary:
+-----------+--------+--------+--------+--------+
|           |   DSP  |  Delay |   FF   |   LUT  |
+-----------+--------+--------+--------+--------+
|  Function |    2   |    1   |   123  |   459  |
|   Memory  |    -   |    -   |    -   |    -   |
|Multiplexer|    -   |    3   |    -   |   23   |
|  Register |    -   |    -   |   134  |    -   |
+-----------+--------+--------+--------+--------+
|   Total   |    2   |    4   |   257  |   482  |
+-----------+--------+--------+--------+--------+
