

================================================================
== Vitis HLS Report for 'cmul'
================================================================
* Date:           Wed Jun 25 09:29:21 2025

* Version:        2023.1 (Build 3854077 on May  4 2023)
* Project:        FFT_sol_2
* Solution:       opt4_just_pipe_all (Vivado IP Flow Target)
* Product family: zynq
* Target device:  xc7z030-sbv485-1


================================================================
== Performance Estimates
================================================================
+ Timing: 
    * Summary: 
    +--------+----------+----------+------------+
    |  Clock |  Target  | Estimated| Uncertainty|
    +--------+----------+----------+------------+
    |ap_clk  |  10.00 ns|  5.580 ns|     2.70 ns|
    +--------+----------+----------+------------+

+ Latency: 
    * Summary: 
    +---------+---------+-----------+-----------+-----+-----+---------+
    |  Latency (cycles) |   Latency (absolute)  |  Interval | Pipeline|
    |   min   |   max   |    min    |    max    | min | max |   Type  |
    +---------+---------+-----------+-----------+-----+-----+---------+
    |        3|        3|  30.000 ns|  30.000 ns|    1|    1|      yes|
    +---------+---------+-----------+-----------+-----+-----+---------+

    + Detail: 
        * Instance: 
        N/A

        * Loop: 
        N/A

============================================================
+ Verbose Summary: Synthesis Manager
============================================================
InlineROM: 1
ExposeGlobal: 0
============================================================
+ Verbose Summary: CDFG Model
============================================================
IsTopModel: 0
ResetActiveHigh: 1
IsCombinational: 0
IsDatapathOnly: 0
HasWiredReturn: 1
HasMFsm: 2
HasVarLatency: 0
IsPipeline: 1
IsRtlPipelined: 1
IsInstanceOverlapped: 0
IsDontTouch: 0
HasImplIP: 0
IsGatedGlobalClock: 0

+ Individual pipeline summary: 
  * Pipeline-0: initiation interval (II) = 1, depth = 4


============================================================
+ Verbose Summary: Schedule
============================================================
* Number of FSM states : 4
* Pipeline : 1
  Pipeline-0 : II = 1, D = 4, States = { 1 2 3 4 }
* Dataflow Pipeline: 0

* FSM state transitions: 
1 --> 2 
2 --> 3 
3 --> 4 
4 --> 

* FSM state operations: 

State 1 <SV = 0> <Delay = 5.58>
ST_1 : Operation 5 [1/1] (0.00ns)   --->   "%w_imag_val_read = read i14 @_ssdm_op_Read.ap_auto.i14, i14 %w_imag_val"   --->   Operation 5 'read' 'w_imag_val_read' <Predicate = true> <Delay = 0.00>
ST_1 : Operation 6 [1/1] (0.00ns)   --->   "%w_real_val_read = read i14 @_ssdm_op_Read.ap_auto.i14, i14 %w_real_val"   --->   Operation 6 'read' 'w_real_val_read' <Predicate = true> <Delay = 0.00>
ST_1 : Operation 7 [1/1] (0.00ns)   --->   "%x_imag_val_read = read i16 @_ssdm_op_Read.ap_auto.i16, i16 %x_imag_val"   --->   Operation 7 'read' 'x_imag_val_read' <Predicate = true> <Delay = 0.00>
ST_1 : Operation 8 [1/1] (0.00ns)   --->   "%x_real_val_read = read i16 @_ssdm_op_Read.ap_auto.i16, i16 %x_real_val"   --->   Operation 8 'read' 'x_real_val_read' <Predicate = true> <Delay = 0.00>
ST_1 : Operation 9 [1/1] (0.00ns)   --->   "%sext_ln10 = sext i14 %w_real_val_read" [FFT32_check.cpp:10]   --->   Operation 9 'sext' 'sext_ln10' <Predicate = true> <Delay = 0.00>
ST_1 : Operation 10 [1/1] (0.00ns)   --->   "%sext_ln10_4 = sext i16 %x_real_val_read" [FFT32_check.cpp:10]   --->   Operation 10 'sext' 'sext_ln10_4' <Predicate = true> <Delay = 0.00>
ST_1 : Operation 11 [1/1] (0.00ns)   --->   "%sext_ln10_5 = sext i14 %w_imag_val_read" [FFT32_check.cpp:10]   --->   Operation 11 'sext' 'sext_ln10_5' <Predicate = true> <Delay = 0.00>
ST_1 : Operation 12 [1/1] (0.00ns)   --->   "%sext_ln10_6 = sext i16 %x_imag_val_read" [FFT32_check.cpp:10]   --->   Operation 12 'sext' 'sext_ln10_6' <Predicate = true> <Delay = 0.00>
ST_1 : Operation 13 [1/1] (5.58ns)   --->   "%mul_ln10 = mul i28 %sext_ln10, i28 %sext_ln10_4" [FFT32_check.cpp:10]   --->   Operation 13 'mul' 'mul_ln10' <Predicate = true> <Delay = 5.58> <CoreInst = "Multiplier">   --->   Core 3 'Multiplier' <Latency = 0> <II = 1> <Delay = 5.58> <FuncUnit> <Opcode : 'mul'> <InPorts = 2> <OutPorts = 1>
ST_1 : Operation 14 [3/3] (1.05ns) (grouped into DSP with root node sub_ln10)   --->   "%mul_ln10_2 = mul i28 %sext_ln10_5, i28 %sext_ln10_6" [FFT32_check.cpp:10]   --->   Operation 14 'mul' 'mul_ln10_2' <Predicate = true> <Delay = 1.05> <CoreInst = "DSP48">   --->   Core 119 'DSP48' <Latency = 3> <II = 1> <Delay = 2.15> <IPBlock> <Opcode : '<invalid operator> ' 'mul' 'add' 'sub' 'select'> <InPorts = 0> <OutPorts = 1> <Sync> <CReg>
ST_1 : Operation 15 [1/1] (5.58ns)   --->   "%mul_ln11 = mul i28 %sext_ln10_5, i28 %sext_ln10_4" [FFT32_check.cpp:11]   --->   Operation 15 'mul' 'mul_ln11' <Predicate = true> <Delay = 5.58> <CoreInst = "Multiplier">   --->   Core 3 'Multiplier' <Latency = 0> <II = 1> <Delay = 5.58> <FuncUnit> <Opcode : 'mul'> <InPorts = 2> <OutPorts = 1>
ST_1 : Operation 16 [3/3] (1.05ns) (grouped into DSP with root node add_ln11)   --->   "%mul_ln11_2 = mul i28 %sext_ln10, i28 %sext_ln10_6" [FFT32_check.cpp:11]   --->   Operation 16 'mul' 'mul_ln11_2' <Predicate = true> <Delay = 1.05> <CoreInst = "DSP48">   --->   Core 119 'DSP48' <Latency = 3> <II = 1> <Delay = 2.15> <IPBlock> <Opcode : '<invalid operator> ' 'mul' 'add' 'sub' 'select'> <InPorts = 0> <OutPorts = 1> <Sync> <CReg>

State 2 <SV = 1> <Delay = 1.05>
ST_2 : Operation 17 [2/3] (1.05ns) (grouped into DSP with root node sub_ln10)   --->   "%mul_ln10_2 = mul i28 %sext_ln10_5, i28 %sext_ln10_6" [FFT32_check.cpp:10]   --->   Operation 17 'mul' 'mul_ln10_2' <Predicate = true> <Delay = 1.05> <CoreInst = "DSP48">   --->   Core 119 'DSP48' <Latency = 3> <II = 1> <Delay = 2.15> <IPBlock> <Opcode : '<invalid operator> ' 'mul' 'add' 'sub' 'select'> <InPorts = 0> <OutPorts = 1> <Sync> <CReg>
ST_2 : Operation 18 [2/3] (1.05ns) (grouped into DSP with root node add_ln11)   --->   "%mul_ln11_2 = mul i28 %sext_ln10, i28 %sext_ln10_6" [FFT32_check.cpp:11]   --->   Operation 18 'mul' 'mul_ln11_2' <Predicate = true> <Delay = 1.05> <CoreInst = "DSP48">   --->   Core 119 'DSP48' <Latency = 3> <II = 1> <Delay = 2.15> <IPBlock> <Opcode : '<invalid operator> ' 'mul' 'add' 'sub' 'select'> <InPorts = 0> <OutPorts = 1> <Sync> <CReg>

State 3 <SV = 2> <Delay = 2.10>
ST_3 : Operation 19 [1/3] (0.00ns) (grouped into DSP with root node sub_ln10)   --->   "%mul_ln10_2 = mul i28 %sext_ln10_5, i28 %sext_ln10_6" [FFT32_check.cpp:10]   --->   Operation 19 'mul' 'mul_ln10_2' <Predicate = true> <Delay = 0.00> <CoreInst = "DSP48">   --->   Core 119 'DSP48' <Latency = 3> <II = 1> <Delay = 2.15> <IPBlock> <Opcode : '<invalid operator> ' 'mul' 'add' 'sub' 'select'> <InPorts = 0> <OutPorts = 1> <Sync> <CReg>
ST_3 : Operation 20 [2/2] (2.10ns) (root node of the DSP)   --->   "%sub_ln10 = sub i28 %mul_ln10, i28 %mul_ln10_2" [FFT32_check.cpp:10]   --->   Operation 20 'sub' 'sub_ln10' <Predicate = true> <Delay = 2.10> <CoreInst = "DSP48">   --->   Core 119 'DSP48' <Latency = 3> <II = 1> <Delay = 2.15> <IPBlock> <Opcode : '<invalid operator> ' 'mul' 'add' 'sub' 'select'> <InPorts = 0> <OutPorts = 1> <Sync> <CReg>
ST_3 : Operation 21 [1/3] (0.00ns) (grouped into DSP with root node add_ln11)   --->   "%mul_ln11_2 = mul i28 %sext_ln10, i28 %sext_ln10_6" [FFT32_check.cpp:11]   --->   Operation 21 'mul' 'mul_ln11_2' <Predicate = true> <Delay = 0.00> <CoreInst = "DSP48">   --->   Core 119 'DSP48' <Latency = 3> <II = 1> <Delay = 2.15> <IPBlock> <Opcode : '<invalid operator> ' 'mul' 'add' 'sub' 'select'> <InPorts = 0> <OutPorts = 1> <Sync> <CReg>
ST_3 : Operation 22 [2/2] (2.10ns) (root node of the DSP)   --->   "%add_ln11 = add i28 %mul_ln11, i28 %mul_ln11_2" [FFT32_check.cpp:11]   --->   Operation 22 'add' 'add_ln11' <Predicate = true> <Delay = 2.10> <CoreInst = "DSP48">   --->   Core 119 'DSP48' <Latency = 3> <II = 1> <Delay = 2.15> <IPBlock> <Opcode : '<invalid operator> ' 'mul' 'add' 'sub' 'select'> <InPorts = 0> <OutPorts = 1> <Sync> <CReg>

State 4 <SV = 3> <Delay = 2.10>
ST_4 : Operation 23 [1/2] (2.10ns) (root node of the DSP)   --->   "%sub_ln10 = sub i28 %mul_ln10, i28 %mul_ln10_2" [FFT32_check.cpp:10]   --->   Operation 23 'sub' 'sub_ln10' <Predicate = true> <Delay = 2.10> <CoreInst = "DSP48">   --->   Core 119 'DSP48' <Latency = 3> <II = 1> <Delay = 2.15> <IPBlock> <Opcode : '<invalid operator> ' 'mul' 'add' 'sub' 'select'> <InPorts = 0> <OutPorts = 1> <Sync> <CReg>
ST_4 : Operation 24 [1/1] (0.00ns)   --->   "%trunc_ln = partselect i16 @_ssdm_op_PartSelect.i16.i28.i32.i32, i28 %sub_ln10, i32 12, i32 27" [FFT32_check.cpp:10]   --->   Operation 24 'partselect' 'trunc_ln' <Predicate = true> <Delay = 0.00>
ST_4 : Operation 25 [1/2] (2.10ns) (root node of the DSP)   --->   "%add_ln11 = add i28 %mul_ln11, i28 %mul_ln11_2" [FFT32_check.cpp:11]   --->   Operation 25 'add' 'add_ln11' <Predicate = true> <Delay = 2.10> <CoreInst = "DSP48">   --->   Core 119 'DSP48' <Latency = 3> <II = 1> <Delay = 2.15> <IPBlock> <Opcode : '<invalid operator> ' 'mul' 'add' 'sub' 'select'> <InPorts = 0> <OutPorts = 1> <Sync> <CReg>
ST_4 : Operation 26 [1/1] (0.00ns)   --->   "%trunc_ln5 = partselect i16 @_ssdm_op_PartSelect.i16.i28.i32.i32, i28 %add_ln11, i32 12, i32 27" [FFT32_check.cpp:11]   --->   Operation 26 'partselect' 'trunc_ln5' <Predicate = true> <Delay = 0.00>
ST_4 : Operation 27 [1/1] (0.00ns)   --->   "%mrv = insertvalue i32 <undef>, i16 %trunc_ln" [FFT32_check.cpp:12]   --->   Operation 27 'insertvalue' 'mrv' <Predicate = true> <Delay = 0.00>
ST_4 : Operation 28 [1/1] (0.00ns)   --->   "%mrv_1 = insertvalue i32 %mrv, i16 %trunc_ln5" [FFT32_check.cpp:12]   --->   Operation 28 'insertvalue' 'mrv_1' <Predicate = true> <Delay = 0.00>
ST_4 : Operation 29 [1/1] (0.00ns)   --->   "%ret_ln12 = ret i32 %mrv_1" [FFT32_check.cpp:12]   --->   Operation 29 'ret' 'ret_ln12' <Predicate = true> <Delay = 0.00>


============================================================
+ Verbose Summary: Timing violations
============================================================
Target clock period: 10.000ns, clock uncertainty: 2.700ns.

 <State 1>: 5.580ns
The critical path consists of the following:
	wire read operation ('w_real_val_read') on port 'w_real_val' [6]  (0.000 ns)
	'mul' operation ('mul_ln10', FFT32_check.cpp:10) [13]  (5.580 ns)

 <State 2>: 1.050ns
The critical path consists of the following:
	'mul' operation of DSP[15] ('mul_ln10_2', FFT32_check.cpp:10) [14]  (1.050 ns)

 <State 3>: 2.100ns
The critical path consists of the following:
	'mul' operation of DSP[15] ('mul_ln10_2', FFT32_check.cpp:10) [14]  (0.000 ns)
	'sub' operation of DSP[15] ('sub_ln10', FFT32_check.cpp:10) [15]  (2.100 ns)

 <State 4>: 2.100ns
The critical path consists of the following:
	'sub' operation of DSP[15] ('sub_ln10', FFT32_check.cpp:10) [15]  (2.100 ns)


============================================================
+ Verbose Summary: Binding
============================================================
N/A
* FSMD analyzer results:
  - Output states:
 - Input state : 
  - Chain level:
	State 1
	State 2
	State 3
	State 4


============================================================
+ Verbose Summary: Datapath Resource usage 
============================================================
N/A
