D:\Vivado\FFT_sol\FFT_sol_2\opt4_just_pipe_all\.autopilot\db\FFT32_check.pp.0.cpp:4706:7: warning: Added loop label VITIS_LOOP_1213_1:   [xilinx-label-all-loops]
      for (i = 0; i < __N - 1; ++i) {
      ^~~
      VITIS_LOOP_1213_1: 
D:\Vivado\FFT_sol\FFT_sol_2\opt4_just_pipe_all\.autopilot\db\FFT32_check.pp.0.cpp:4706:7: note: FIX-IT applied suggested code changes
D:\Vivado\FFT_sol\FFT_sol_2\opt4_just_pipe_all\.autopilot\db\FFT32_check.pp.0.cpp:5680:5: warning: Added loop label VITIS_LOOP_676_1:   [xilinx-label-all-loops]
    for (unsigned i = low; i != high; ++i) {
    ^~~
    VITIS_LOOP_676_1: 
D:\Vivado\FFT_sol\FFT_sol_2\opt4_just_pipe_all\.autopilot\db\FFT32_check.pp.0.cpp:5680:5: note: FIX-IT applied suggested code changes
D:\Vivado\FFT_sol\FFT_sol_2\opt4_just_pipe_all\.autopilot\db\FFT32_check.pp.0.cpp:5694:5: warning: Added loop label VITIS_LOOP_690_1:   [xilinx-label-all-loops]
    for (unsigned i = low; i != high; ++i) {
    ^~~
    VITIS_LOOP_690_1: 
D:\Vivado\FFT_sol\FFT_sol_2\opt4_just_pipe_all\.autopilot\db\FFT32_check.pp.0.cpp:5694:5: note: FIX-IT applied suggested code changes
D:\Vivado\FFT_sol\FFT_sol_2\opt4_just_pipe_all\.autopilot\db\FFT32_check.pp.0.cpp:5708:5: warning: Added loop label VITIS_LOOP_704_1:   [xilinx-label-all-loops]
    for (unsigned i = low; i != high; ++i) {
    ^~~
    VITIS_LOOP_704_1: 
D:\Vivado\FFT_sol\FFT_sol_2\opt4_just_pipe_all\.autopilot\db\FFT32_check.pp.0.cpp:5708:5: note: FIX-IT applied suggested code changes
D:\Vivado\FFT_sol\FFT_sol_2\opt4_just_pipe_all\.autopilot\db\FFT32_check.pp.0.cpp:7307:7: warning: Added loop label VITIS_LOOP_1247_1:   [xilinx-label-all-loops]
      for (i = 0; i < __N - 1; ++i) {
      ^~~
      VITIS_LOOP_1247_1: 
D:\Vivado\FFT_sol\FFT_sol_2\opt4_just_pipe_all\.autopilot\db\FFT32_check.pp.0.cpp:7307:7: note: FIX-IT applied suggested code changes
D:\Vivado\FFT_sol\FFT_sol_2\opt4_just_pipe_all\.autopilot\db\FFT32_check.pp.0.cpp:36875:72: error: Invalid Directive: for current device, ROM_1P + LUTRAM is invalid combination for BIND_STORAGE's option 'type + impl' [clang-diagnostic-error]
#pragma HLS BIND_STORAGE variable=fourth_order_double::sin_cos_K0 type=ROM_1P impl=LUTRAM
                                                                       ^
D:\Vivado\FFT_sol\FFT_sol_2\opt4_just_pipe_all\.autopilot\db\FFT32_check.pp.0.cpp:36876:72: error: Invalid Directive: for current device, ROM_1P + LUTRAM is invalid combination for BIND_STORAGE's option 'type + impl' [clang-diagnostic-error]
#pragma HLS BIND_STORAGE variable=fourth_order_double::sin_cos_K1 type=ROM_1P impl=LUTRAM
                                                                       ^
D:\Vivado\FFT_sol\FFT_sol_2\opt4_just_pipe_all\.autopilot\db\FFT32_check.pp.0.cpp:36877:72: error: Invalid Directive: for current device, ROM_1P + LUTRAM is invalid combination for BIND_STORAGE's option 'type + impl' [clang-diagnostic-error]
#pragma HLS BIND_STORAGE variable=fourth_order_double::sin_cos_K2 type=ROM_1P impl=LUTRAM
                                                                       ^
D:\Vivado\FFT_sol\FFT_sol_2\opt4_just_pipe_all\.autopilot\db\FFT32_check.pp.0.cpp:36878:72: error: Invalid Directive: for current device, ROM_1P + LUTRAM is invalid combination for BIND_STORAGE's option 'type + impl' [clang-diagnostic-error]
#pragma HLS BIND_STORAGE variable=fourth_order_double::sin_cos_K3 type=ROM_1P impl=LUTRAM
                                                                       ^
D:\Vivado\FFT_sol\FFT_sol_2\opt4_just_pipe_all\.autopilot\db\FFT32_check.pp.0.cpp:36879:72: error: Invalid Directive: for current device, ROM_1P + LUTRAM is invalid combination for BIND_STORAGE's option 'type + impl' [clang-diagnostic-error]
#pragma HLS BIND_STORAGE variable=fourth_order_double::sin_cos_K4 type=ROM_1P impl=LUTRAM
                                                                       ^
D:\Vivado\FFT_sol\FFT_sol_2\opt4_just_pipe_all\.autopilot\db\FFT32_check.pp.0.cpp:36909:68: error: Invalid Directive: for current device, ROM_1P + LUTRAM is invalid combination for BIND_STORAGE's option 'type + impl' [clang-diagnostic-error]
#pragma HLS BIND_STORAGE variable=fourth_order_double::cos_K0 type=ROM_1P impl=LUTRAM
                                                                   ^
D:\Vivado\FFT_sol\FFT_sol_2\opt4_just_pipe_all\.autopilot\db\FFT32_check.pp.0.cpp:36910:68: error: Invalid Directive: for current device, ROM_1P + LUTRAM is invalid combination for BIND_STORAGE's option 'type + impl' [clang-diagnostic-error]
#pragma HLS BIND_STORAGE variable=fourth_order_double::cos_K1 type=ROM_1P impl=LUTRAM
                                                                   ^
D:\Vivado\FFT_sol\FFT_sol_2\opt4_just_pipe_all\.autopilot\db\FFT32_check.pp.0.cpp:36911:68: error: Invalid Directive: for current device, ROM_1P + LUTRAM is invalid combination for BIND_STORAGE's option 'type + impl' [clang-diagnostic-error]
#pragma HLS BIND_STORAGE variable=fourth_order_double::cos_K2 type=ROM_1P impl=LUTRAM
                                                                   ^
D:\Vivado\FFT_sol\FFT_sol_2\opt4_just_pipe_all\.autopilot\db\FFT32_check.pp.0.cpp:36912:68: error: Invalid Directive: for current device, ROM_1P + LUTRAM is invalid combination for BIND_STORAGE's option 'type + impl' [clang-diagnostic-error]
#pragma HLS BIND_STORAGE variable=fourth_order_double::cos_K3 type=ROM_1P impl=LUTRAM
                                                                   ^
D:\Vivado\FFT_sol\FFT_sol_2\opt4_just_pipe_all\.autopilot\db\FFT32_check.pp.0.cpp:36913:68: error: Invalid Directive: for current device, ROM_1P + LUTRAM is invalid combination for BIND_STORAGE's option 'type + impl' [clang-diagnostic-error]
#pragma HLS BIND_STORAGE variable=fourth_order_double::cos_K4 type=ROM_1P impl=LUTRAM
                                                                   ^
D:\Vivado\FFT_sol\FFT_sol_2\opt4_just_pipe_all\.autopilot\db\FFT32_check.pp.0.cpp:36914:68: error: Invalid Directive: for current device, ROM_1P + LUTRAM is invalid combination for BIND_STORAGE's option 'type + impl' [clang-diagnostic-error]
#pragma HLS BIND_STORAGE variable=fourth_order_double::sin_K0 type=ROM_1P impl=LUTRAM
                                                                   ^
D:\Vivado\FFT_sol\FFT_sol_2\opt4_just_pipe_all\.autopilot\db\FFT32_check.pp.0.cpp:36915:68: error: Invalid Directive: for current device, ROM_1P + LUTRAM is invalid combination for BIND_STORAGE's option 'type + impl' [clang-diagnostic-error]
#pragma HLS BIND_STORAGE variable=fourth_order_double::sin_K1 type=ROM_1P impl=LUTRAM
                                                                   ^
D:\Vivado\FFT_sol\FFT_sol_2\opt4_just_pipe_all\.autopilot\db\FFT32_check.pp.0.cpp:36916:68: error: Invalid Directive: for current device, ROM_1P + LUTRAM is invalid combination for BIND_STORAGE's option 'type + impl' [clang-diagnostic-error]
#pragma HLS BIND_STORAGE variable=fourth_order_double::sin_K2 type=ROM_1P impl=LUTRAM
                                                                   ^
D:\Vivado\FFT_sol\FFT_sol_2\opt4_just_pipe_all\.autopilot\db\FFT32_check.pp.0.cpp:36917:68: error: Invalid Directive: for current device, ROM_1P + LUTRAM is invalid combination for BIND_STORAGE's option 'type + impl' [clang-diagnostic-error]
#pragma HLS BIND_STORAGE variable=fourth_order_double::sin_K3 type=ROM_1P impl=LUTRAM
                                                                   ^
D:\Vivado\FFT_sol\FFT_sol_2\opt4_just_pipe_all\.autopilot\db\FFT32_check.pp.0.cpp:36918:68: error: Invalid Directive: for current device, ROM_1P + LUTRAM is invalid combination for BIND_STORAGE's option 'type + impl' [clang-diagnostic-error]
#pragma HLS BIND_STORAGE variable=fourth_order_double::sin_K4 type=ROM_1P impl=LUTRAM
                                                                   ^
D:\Vivado\FFT_sol\FFT_sol_2\opt4_just_pipe_all\.autopilot\db\FFT32_check.pp.0.cpp:36968:71: error: Invalid Directive: for current device, ROM_1P + LUTRAM is invalid combination for BIND_STORAGE's option 'type + impl' [clang-diagnostic-error]
#pragma HLS BIND_STORAGE variable=second_order_float::sin_cos_K0 type=ROM_1P impl=LUTRAM
                                                                      ^
D:\Vivado\FFT_sol\FFT_sol_2\opt4_just_pipe_all\.autopilot\db\FFT32_check.pp.0.cpp:36969:71: error: Invalid Directive: for current device, ROM_1P + LUTRAM is invalid combination for BIND_STORAGE's option 'type + impl' [clang-diagnostic-error]
#pragma HLS BIND_STORAGE variable=second_order_float::sin_cos_K1 type=ROM_1P impl=LUTRAM
                                                                      ^
D:\Vivado\FFT_sol\FFT_sol_2\opt4_just_pipe_all\.autopilot\db\FFT32_check.pp.0.cpp:36970:71: error: Invalid Directive: for current device, ROM_1P + LUTRAM is invalid combination for BIND_STORAGE's option 'type + impl' [clang-diagnostic-error]
#pragma HLS BIND_STORAGE variable=second_order_float::sin_cos_K2 type=ROM_1P impl=LUTRAM
                                                                      ^
D:\Vivado\FFT_sol\FFT_sol_2\opt4_just_pipe_all\.autopilot\db\FFT32_check.pp.0.cpp:36997:67: error: Invalid Directive: for current device, ROM_1P + LUTRAM is invalid combination for BIND_STORAGE's option 'type + impl' [clang-diagnostic-error]
#pragma HLS BIND_STORAGE variable=second_order_float::cos_K0 type=ROM_1P impl=LUTRAM
                                                                  ^
D:\Vivado\FFT_sol\FFT_sol_2\opt4_just_pipe_all\.autopilot\db\FFT32_check.pp.0.cpp:36998:67: error: Invalid Directive: for current device, ROM_1P + LUTRAM is invalid combination for BIND_STORAGE's option 'type + impl' [clang-diagnostic-error]
#pragma HLS BIND_STORAGE variable=second_order_float::cos_K1 type=ROM_1P impl=LUTRAM
                                                                  ^
D:\Vivado\FFT_sol\FFT_sol_2\opt4_just_pipe_all\.autopilot\db\FFT32_check.pp.0.cpp:36999:67: error: Invalid Directive: for current device, ROM_1P + LUTRAM is invalid combination for BIND_STORAGE's option 'type + impl' [clang-diagnostic-error]
#pragma HLS BIND_STORAGE variable=second_order_float::cos_K2 type=ROM_1P impl=LUTRAM
                                                                  ^
D:\Vivado\FFT_sol\FFT_sol_2\opt4_just_pipe_all\.autopilot\db\FFT32_check.pp.0.cpp:37000:67: error: Invalid Directive: for current device, ROM_1P + LUTRAM is invalid combination for BIND_STORAGE's option 'type + impl' [clang-diagnostic-error]
#pragma HLS BIND_STORAGE variable=second_order_float::sin_K0 type=ROM_1P impl=LUTRAM
                                                                  ^
D:\Vivado\FFT_sol\FFT_sol_2\opt4_just_pipe_all\.autopilot\db\FFT32_check.pp.0.cpp:37001:67: error: Invalid Directive: for current device, ROM_1P + LUTRAM is invalid combination for BIND_STORAGE's option 'type + impl' [clang-diagnostic-error]
#pragma HLS BIND_STORAGE variable=second_order_float::sin_K1 type=ROM_1P impl=LUTRAM
                                                                  ^
D:\Vivado\FFT_sol\FFT_sol_2\opt4_just_pipe_all\.autopilot\db\FFT32_check.pp.0.cpp:37002:67: error: Invalid Directive: for current device, ROM_1P + LUTRAM is invalid combination for BIND_STORAGE's option 'type + impl' [clang-diagnostic-error]
#pragma HLS BIND_STORAGE variable=second_order_float::sin_K2 type=ROM_1P impl=LUTRAM
                                                                  ^
D:\Vivado\FFT_sol\FFT_sol_2\opt4_just_pipe_all\.autopilot\db\FFT32_check.pp.0.cpp:37038:73: error: Invalid Directive: for current device, ROM_1P + LUTRAM is invalid combination for BIND_STORAGE's option 'type + impl' [clang-diagnostic-error]
#pragma HLS BIND_STORAGE variable=first_order_fixed_16::sin_cos_K0 type=ROM_1P impl=LUTRAM
                                                                        ^
D:\Vivado\FFT_sol\FFT_sol_2\opt4_just_pipe_all\.autopilot\db\FFT32_check.pp.0.cpp:37039:73: error: Invalid Directive: for current device, ROM_1P + LUTRAM is invalid combination for BIND_STORAGE's option 'type + impl' [clang-diagnostic-error]
#pragma HLS BIND_STORAGE variable=first_order_fixed_16::sin_cos_K1 type=ROM_1P impl=LUTRAM
                                                                        ^
D:\Vivado\FFT_sol\FFT_sol_2\opt4_just_pipe_all\.autopilot\db\FFT32_check.pp.0.cpp:37313:5: warning: Added loop label VITIS_LOOP_87_1:   [xilinx-label-all-loops]
    for (int n=0; n<Nmax; n++){
    ^~~
    VITIS_LOOP_87_1: 
D:\Vivado\FFT_sol\FFT_sol_2\opt4_just_pipe_all\.autopilot\db\FFT32_check.pp.0.cpp:37313:5: note: FIX-IT applied suggested code changes
D:\Vivado\FFT_sol\FFT_sol_2\opt4_just_pipe_all\.autopilot\db\FFT32_check.pp.0.cpp:37359:5: warning: Added loop label VITIS_LOOP_143_1:   [xilinx-label-all-loops]
    for (int n=0; n<Nmax; n++){
    ^~~
    VITIS_LOOP_143_1: 
D:\Vivado\FFT_sol\FFT_sol_2\opt4_just_pipe_all\.autopilot\db\FFT32_check.pp.0.cpp:37359:5: note: FIX-IT applied suggested code changes
D:\Vivado\FFT_sol\FFT_sol_2\opt4_just_pipe_all\.autopilot\db\FFT32_check.pp.0.cpp:37522:9: warning: Added loop label VITIS_LOOP_315_1:   [xilinx-label-all-loops]
        for(int i=0;i<W-1;i++){
        ^~~
        VITIS_LOOP_315_1: 
D:\Vivado\FFT_sol\FFT_sol_2\opt4_just_pipe_all\.autopilot\db\FFT32_check.pp.0.cpp:37522:9: note: FIX-IT applied suggested code changes
D:\Vivado\FFT_sol\FFT_sol_2\opt4_just_pipe_all\.autopilot\db\FFT32_check.pp.0.cpp:37674:9: warning: Added loop label VITIS_LOOP_475_1:   [xilinx-label-all-loops]
        for(int i=0;i<W-1;i++){
        ^~~
        VITIS_LOOP_475_1: 
D:\Vivado\FFT_sol\FFT_sol_2\opt4_just_pipe_all\.autopilot\db\FFT32_check.pp.0.cpp:37674:9: note: FIX-IT applied suggested code changes
D:\Vivado\FFT_sol\FFT_sol_2\opt4_just_pipe_all\.autopilot\db\FFT32_check.pp.0.cpp:37854:5: warning: Added loop label VITIS_LOOP_655_1:   [xilinx-label-all-loops]
    for(int i=0;i<W+1;i++){
    ^~~
    VITIS_LOOP_655_1: 
D:\Vivado\FFT_sol\FFT_sol_2\opt4_just_pipe_all\.autopilot\db\FFT32_check.pp.0.cpp:37854:5: note: FIX-IT applied suggested code changes
D:\Vivado\FFT_sol\FFT_sol_2\opt4_just_pipe_all\.autopilot\db\FFT32_check.pp.0.cpp:37858:5: warning: Added loop label VITIS_LOOP_659_2:   [xilinx-label-all-loops]
    for(int i=0;i<W+1;i++){
    ^~~
    VITIS_LOOP_659_2: 
D:\Vivado\FFT_sol\FFT_sol_2\opt4_just_pipe_all\.autopilot\db\FFT32_check.pp.0.cpp:37858:5: note: FIX-IT applied suggested code changes
D:\Vivado\FFT_sol\FFT_sol_2\opt4_just_pipe_all\.autopilot\db\FFT32_check.pp.0.cpp:37968:5: warning: Added loop label VITIS_LOOP_769_1:   [xilinx-label-all-loops]
    for (int n=0; n<Nmax; n++){
    ^~~
    VITIS_LOOP_769_1: 
D:\Vivado\FFT_sol\FFT_sol_2\opt4_just_pipe_all\.autopilot\db\FFT32_check.pp.0.cpp:37968:5: note: FIX-IT applied suggested code changes
D:\Vivado\FFT_sol\FFT_sol_2\opt4_just_pipe_all\.autopilot\db\FFT32_check.pp.0.cpp:38058:7: warning: Added loop label VITIS_LOOP_866_1:   [xilinx-label-all-loops]
      for(int i=0;i<W-1;i++){
      ^~~
      VITIS_LOOP_866_1: 
D:\Vivado\FFT_sol\FFT_sol_2\opt4_just_pipe_all\.autopilot\db\FFT32_check.pp.0.cpp:38058:7: note: FIX-IT applied suggested code changes
D:\Vivado\FFT_sol\FFT_sol_2\opt4_just_pipe_all\.autopilot\db\FFT32_check.pp.0.cpp:38077:7: warning: Added loop label VITIS_LOOP_885_2:   [xilinx-label-all-loops]
      for(int i=0;i<W-1;i++){
      ^~~
      VITIS_LOOP_885_2: 
D:\Vivado\FFT_sol\FFT_sol_2\opt4_just_pipe_all\.autopilot\db\FFT32_check.pp.0.cpp:38077:7: note: FIX-IT applied suggested code changes
D:\Vivado\FFT_sol\FFT_sol_2\opt4_just_pipe_all\.autopilot\db\FFT32_check.pp.0.cpp:38367:5: warning: Added loop label VITIS_LOOP_1199_1:   [xilinx-label-all-loops]
    for(int i=0; i<Nmax; i++) {
    ^~~
    VITIS_LOOP_1199_1: 
D:\Vivado\FFT_sol\FFT_sol_2\opt4_just_pipe_all\.autopilot\db\FFT32_check.pp.0.cpp:38367:5: note: FIX-IT applied suggested code changes
D:\Vivado\FFT_sol\FFT_sol_2\opt4_just_pipe_all\.autopilot\db\FFT32_check.pp.0.cpp:38450:5: warning: Added loop label VITIS_LOOP_1282_1:   [xilinx-label-all-loops]
    for(int i=0; i<Nmax; i++) {
    ^~~
    VITIS_LOOP_1282_1: 
D:\Vivado\FFT_sol\FFT_sol_2\opt4_just_pipe_all\.autopilot\db\FFT32_check.pp.0.cpp:38450:5: note: FIX-IT applied suggested code changes
D:\Vivado\FFT_sol\FFT_sol_2\opt4_just_pipe_all\.autopilot\db\FFT32_check.pp.0.cpp:38856:13: warning: Added loop label VITIS_LOOP_94_1:   [xilinx-label-all-loops]
            for (int j = 3; j >= I_+1; j--) {
            ^~~
            VITIS_LOOP_94_1: 
D:\Vivado\FFT_sol\FFT_sol_2\opt4_just_pipe_all\.autopilot\db\FFT32_check.pp.0.cpp:38856:13: note: FIX-IT applied suggested code changes
D:\Vivado\FFT_sol\FFT_sol_2\opt4_just_pipe_all\.autopilot\db\FFT32_check.pp.0.cpp:38862:17: warning: Added loop label VITIS_LOOP_100_2:   [xilinx-label-all-loops]
                for (int j = 3; j >= I_+1; j--){
                ^~~
                VITIS_LOOP_100_2: 
D:\Vivado\FFT_sol\FFT_sol_2\opt4_just_pipe_all\.autopilot\db\FFT32_check.pp.0.cpp:38862:17: note: FIX-IT applied suggested code changes
D:\Vivado\FFT_sol\FFT_sol_2\opt4_just_pipe_all\.autopilot\db\FFT32_check.pp.0.cpp:38866:17: warning: Added loop label VITIS_LOOP_104_3:   [xilinx-label-all-loops]
                for (int j = I_; j >= 0; j--){
                ^~~
                VITIS_LOOP_104_3: 
D:\Vivado\FFT_sol\FFT_sol_2\opt4_just_pipe_all\.autopilot\db\FFT32_check.pp.0.cpp:38866:17: note: FIX-IT applied suggested code changes
D:\Vivado\FFT_sol\FFT_sol_2\opt4_just_pipe_all\.autopilot\db\FFT32_check.pp.0.cpp:38914:13: warning: Added loop label VITIS_LOOP_171_4:   [xilinx-label-all-loops]
            for (int j = 9; j >= I_+4; j--) {
            ^~~
            VITIS_LOOP_171_4: 
D:\Vivado\FFT_sol\FFT_sol_2\opt4_just_pipe_all\.autopilot\db\FFT32_check.pp.0.cpp:38914:13: note: FIX-IT applied suggested code changes
D:\Vivado\FFT_sol\FFT_sol_2\opt4_just_pipe_all\.autopilot\db\FFT32_check.pp.0.cpp:38920:17: warning: Added loop label VITIS_LOOP_177_5:   [xilinx-label-all-loops]
                for (int j = 9; j >= I_+4; j--){
                ^~~
                VITIS_LOOP_177_5: 
D:\Vivado\FFT_sol\FFT_sol_2\opt4_just_pipe_all\.autopilot\db\FFT32_check.pp.0.cpp:38920:17: note: FIX-IT applied suggested code changes
D:\Vivado\FFT_sol\FFT_sol_2\opt4_just_pipe_all\.autopilot\db\FFT32_check.pp.0.cpp:38924:17: warning: Added loop label VITIS_LOOP_181_6:   [xilinx-label-all-loops]
                for (int j = I_+3; j >= 0; j--){
                ^~~
                VITIS_LOOP_181_6: 
D:\Vivado\FFT_sol\FFT_sol_2\opt4_just_pipe_all\.autopilot\db\FFT32_check.pp.0.cpp:38924:17: note: FIX-IT applied suggested code changes
D:\Vivado\FFT_sol\FFT_sol_2\opt4_just_pipe_all\.autopilot\db\FFT32_check.pp.0.cpp:38939:9: warning: Added loop label VITIS_LOOP_196_7:   [xilinx-label-all-loops]
        for (int j = 14; j < 22; j++){
        ^~~
        VITIS_LOOP_196_7: 
D:\Vivado\FFT_sol\FFT_sol_2\opt4_just_pipe_all\.autopilot\db\FFT32_check.pp.0.cpp:38939:9: note: FIX-IT applied suggested code changes
D:\Vivado\FFT_sol\FFT_sol_2\opt4_just_pipe_all\.autopilot\db\FFT32_check.pp.0.cpp:38947:17: warning: Added loop label VITIS_LOOP_204_8:   [xilinx-label-all-loops]
                for (int j = 0; j < 22; j++){
                ^~~
                VITIS_LOOP_204_8: 
D:\Vivado\FFT_sol\FFT_sol_2\opt4_just_pipe_all\.autopilot\db\FFT32_check.pp.0.cpp:38947:17: note: FIX-IT applied suggested code changes
D:\Vivado\FFT_sol\FFT_sol_2\opt4_just_pipe_all\.autopilot\db\FFT32_check.pp.0.cpp:39012:13: warning: Added loop label VITIS_LOOP_269_9:   [xilinx-label-all-loops]
            for (int j = 21; j >= I_+10; j--) {
            ^~~
            VITIS_LOOP_269_9: 
D:\Vivado\FFT_sol\FFT_sol_2\opt4_just_pipe_all\.autopilot\db\FFT32_check.pp.0.cpp:39012:13: note: FIX-IT applied suggested code changes
D:\Vivado\FFT_sol\FFT_sol_2\opt4_just_pipe_all\.autopilot\db\FFT32_check.pp.0.cpp:39018:17: warning: Added loop label VITIS_LOOP_275_10:   [xilinx-label-all-loops]
                for (int j = 21; j >= I_+10; j--) {
                ^~~
                VITIS_LOOP_275_10: 
D:\Vivado\FFT_sol\FFT_sol_2\opt4_just_pipe_all\.autopilot\db\FFT32_check.pp.0.cpp:39018:17: note: FIX-IT applied suggested code changes
D:\Vivado\FFT_sol\FFT_sol_2\opt4_just_pipe_all\.autopilot\db\FFT32_check.pp.0.cpp:39022:17: warning: Added loop label VITIS_LOOP_279_11:   [xilinx-label-all-loops]
                for (int j = I_+9; j >= 0; j--) {
                ^~~
                VITIS_LOOP_279_11: 
D:\Vivado\FFT_sol\FFT_sol_2\opt4_just_pipe_all\.autopilot\db\FFT32_check.pp.0.cpp:39022:17: note: FIX-IT applied suggested code changes
D:\Vivado\FFT_sol\FFT_sol_2\opt4_just_pipe_all\.autopilot\db\FFT32_check.pp.0.cpp:39037:9: warning: Added loop label VITIS_LOOP_294_12:   [xilinx-label-all-loops]
        for (int j = 27; j < 46; j++){
        ^~~
        VITIS_LOOP_294_12: 
D:\Vivado\FFT_sol\FFT_sol_2\opt4_just_pipe_all\.autopilot\db\FFT32_check.pp.0.cpp:39037:9: note: FIX-IT applied suggested code changes
D:\Vivado\FFT_sol\FFT_sol_2\opt4_just_pipe_all\.autopilot\db\FFT32_check.pp.0.cpp:39045:17: warning: Added loop label VITIS_LOOP_302_13:   [xilinx-label-all-loops]
                for (int j = 0; j < 46; j++) {
                ^~~
                VITIS_LOOP_302_13: 
D:\Vivado\FFT_sol\FFT_sol_2\opt4_just_pipe_all\.autopilot\db\FFT32_check.pp.0.cpp:39045:17: note: FIX-IT applied suggested code changes
D:\Vivado\FFT_sol\FFT_sol_2\opt4_just_pipe_all\.autopilot\db\FFT32_check.pp.0.cpp:39274:13: warning: Added loop label VITIS_LOOP_531_14:   [xilinx-label-all-loops]
            for (int j = 45; j >= I_+22; j--) {
            ^~~
            VITIS_LOOP_531_14: 
D:\Vivado\FFT_sol\FFT_sol_2\opt4_just_pipe_all\.autopilot\db\FFT32_check.pp.0.cpp:39274:13: note: FIX-IT applied suggested code changes
D:\Vivado\FFT_sol\FFT_sol_2\opt4_just_pipe_all\.autopilot\db\FFT32_check.pp.0.cpp:39280:17: warning: Added loop label VITIS_LOOP_537_15:   [xilinx-label-all-loops]
                for (int j = 45; j >= I_+22; j--){
                ^~~
                VITIS_LOOP_537_15: 
D:\Vivado\FFT_sol\FFT_sol_2\opt4_just_pipe_all\.autopilot\db\FFT32_check.pp.0.cpp:39280:17: note: FIX-IT applied suggested code changes
D:\Vivado\FFT_sol\FFT_sol_2\opt4_just_pipe_all\.autopilot\db\FFT32_check.pp.0.cpp:39284:17: warning: Added loop label VITIS_LOOP_541_16:   [xilinx-label-all-loops]
                for (int j = I_+21; j >= 0; j--) {
                ^~~
                VITIS_LOOP_541_16: 
D:\Vivado\FFT_sol\FFT_sol_2\opt4_just_pipe_all\.autopilot\db\FFT32_check.pp.0.cpp:39284:17: note: FIX-IT applied suggested code changes
D:\Vivado\FFT_sol\FFT_sol_2\opt4_just_pipe_all\.autopilot\db\FFT32_check.pp.0.cpp:39294:9: warning: Added loop label VITIS_LOOP_551_17:   [xilinx-label-all-loops]
        for (int j = 32-F_; j < 32+I_; j++){
        ^~~
        VITIS_LOOP_551_17: 
D:\Vivado\FFT_sol\FFT_sol_2\opt4_just_pipe_all\.autopilot\db\FFT32_check.pp.0.cpp:39294:9: note: FIX-IT applied suggested code changes
D:\Vivado\FFT_sol\FFT_sol_2\opt4_just_pipe_all\.autopilot\db\FFT32_check.pp.0.cpp:39298:9: warning: Added loop label VITIS_LOOP_555_18:   [xilinx-label-all-loops]
        for (int j = 32+I_; j <= 64; j++){
        ^~~
        VITIS_LOOP_555_18: 
D:\Vivado\FFT_sol\FFT_sol_2\opt4_just_pipe_all\.autopilot\db\FFT32_check.pp.0.cpp:39298:9: note: FIX-IT applied suggested code changes
D:\Vivado\FFT_sol\FFT_sol_2\opt4_just_pipe_all\.autopilot\db\FFT32_check.pp.0.cpp:39308:9: warning: Added loop label VITIS_LOOP_565_19:   [xilinx-label-all-loops]
        for (int j = 37; j < 64; j++) {
        ^~~
        VITIS_LOOP_565_19: 
D:\Vivado\FFT_sol\FFT_sol_2\opt4_just_pipe_all\.autopilot\db\FFT32_check.pp.0.cpp:39308:9: note: FIX-IT applied suggested code changes
D:\Vivado\FFT_sol\FFT_sol_2\opt4_just_pipe_all\.autopilot\db\FFT32_check.pp.0.cpp:39316:17: warning: Added loop label VITIS_LOOP_573_20:   [xilinx-label-all-loops]
                for (int j = 0; j < 64; j++){
                ^~~
                VITIS_LOOP_573_20: 
D:\Vivado\FFT_sol\FFT_sol_2\opt4_just_pipe_all\.autopilot\db\FFT32_check.pp.0.cpp:39316:17: note: FIX-IT applied suggested code changes
D:\Vivado\FFT_sol\FFT_sol_2\opt4_just_pipe_all\.autopilot\db\FFT32_check.pp.0.cpp:39677:13: warning: Added loop label VITIS_LOOP_934_21:   [xilinx-label-all-loops]
            for (int j = 63; j >= I_+31; j--) {
            ^~~
            VITIS_LOOP_934_21: 
D:\Vivado\FFT_sol\FFT_sol_2\opt4_just_pipe_all\.autopilot\db\FFT32_check.pp.0.cpp:39677:13: note: FIX-IT applied suggested code changes
D:\Vivado\FFT_sol\FFT_sol_2\opt4_just_pipe_all\.autopilot\db\FFT32_check.pp.0.cpp:39683:17: warning: Added loop label VITIS_LOOP_940_22:   [xilinx-label-all-loops]
                for (int j = 63; j >= I_+31; j--) {
                ^~~
                VITIS_LOOP_940_22: 
D:\Vivado\FFT_sol\FFT_sol_2\opt4_just_pipe_all\.autopilot\db\FFT32_check.pp.0.cpp:39683:17: note: FIX-IT applied suggested code changes
D:\Vivado\FFT_sol\FFT_sol_2\opt4_just_pipe_all\.autopilot\db\FFT32_check.pp.0.cpp:39687:17: warning: Added loop label VITIS_LOOP_944_23:   [xilinx-label-all-loops]
                for (int j = I_+30; j >= 0; j--) {
                ^~~
                VITIS_LOOP_944_23: 
D:\Vivado\FFT_sol\FFT_sol_2\opt4_just_pipe_all\.autopilot\db\FFT32_check.pp.0.cpp:39687:17: note: FIX-IT applied suggested code changes
D:\Vivado\FFT_sol\FFT_sol_2\opt4_just_pipe_all\.autopilot\db\FFT32_check.pp.0.cpp:39803:13: warning: Added loop label VITIS_LOOP_1060_1:   [xilinx-label-all-loops]
            for (int j = 4; j >= I_+1; j--) {
            ^~~
            VITIS_LOOP_1060_1: 
D:\Vivado\FFT_sol\FFT_sol_2\opt4_just_pipe_all\.autopilot\db\FFT32_check.pp.0.cpp:39803:13: note: FIX-IT applied suggested code changes
D:\Vivado\FFT_sol\FFT_sol_2\opt4_just_pipe_all\.autopilot\db\FFT32_check.pp.0.cpp:39809:17: warning: Added loop label VITIS_LOOP_1066_2:   [xilinx-label-all-loops]
                for (int j = 4; j >= I_+1; j--) {
                ^~~
                VITIS_LOOP_1066_2: 
D:\Vivado\FFT_sol\FFT_sol_2\opt4_just_pipe_all\.autopilot\db\FFT32_check.pp.0.cpp:39809:17: note: FIX-IT applied suggested code changes
D:\Vivado\FFT_sol\FFT_sol_2\opt4_just_pipe_all\.autopilot\db\FFT32_check.pp.0.cpp:39813:17: warning: Added loop label VITIS_LOOP_1070_3:   [xilinx-label-all-loops]
                for (int j = I_; j >= 0; j--) {
                ^~~
                VITIS_LOOP_1070_3: 
D:\Vivado\FFT_sol\FFT_sol_2\opt4_just_pipe_all\.autopilot\db\FFT32_check.pp.0.cpp:39813:17: note: FIX-IT applied suggested code changes
D:\Vivado\FFT_sol\FFT_sol_2\opt4_just_pipe_all\.autopilot\db\FFT32_check.pp.0.cpp:39900:13: warning: Added loop label VITIS_LOOP_1157_4:   [xilinx-label-all-loops]
            for (int j = 10; j >= I_+4; j--) {
            ^~~
            VITIS_LOOP_1157_4: 
D:\Vivado\FFT_sol\FFT_sol_2\opt4_just_pipe_all\.autopilot\db\FFT32_check.pp.0.cpp:39900:13: note: FIX-IT applied suggested code changes
D:\Vivado\FFT_sol\FFT_sol_2\opt4_just_pipe_all\.autopilot\db\FFT32_check.pp.0.cpp:39906:17: warning: Added loop label VITIS_LOOP_1163_5:   [xilinx-label-all-loops]
                for (int j = 10; j >= I_+4; j--) {
                ^~~
                VITIS_LOOP_1163_5: 
D:\Vivado\FFT_sol\FFT_sol_2\opt4_just_pipe_all\.autopilot\db\FFT32_check.pp.0.cpp:39906:17: note: FIX-IT applied suggested code changes
D:\Vivado\FFT_sol\FFT_sol_2\opt4_just_pipe_all\.autopilot\db\FFT32_check.pp.0.cpp:39910:17: warning: Added loop label VITIS_LOOP_1167_6:   [xilinx-label-all-loops]
                for (int j = I_+3; j >= 0; j--) {
                ^~~
                VITIS_LOOP_1167_6: 
D:\Vivado\FFT_sol\FFT_sol_2\opt4_just_pipe_all\.autopilot\db\FFT32_check.pp.0.cpp:39910:17: note: FIX-IT applied suggested code changes
D:\Vivado\FFT_sol\FFT_sol_2\opt4_just_pipe_all\.autopilot\db\FFT32_check.pp.0.cpp:39929:9: warning: Added loop label VITIS_LOOP_1186_7:   [xilinx-label-all-loops]
        for (int j = wf+3; j < w-1; j++) {
        ^~~
        VITIS_LOOP_1186_7: 
D:\Vivado\FFT_sol\FFT_sol_2\opt4_just_pipe_all\.autopilot\db\FFT32_check.pp.0.cpp:39929:9: note: FIX-IT applied suggested code changes
D:\Vivado\FFT_sol\FFT_sol_2\opt4_just_pipe_all\.autopilot\db\FFT32_check.pp.0.cpp:39936:17: warning: Added loop label VITIS_LOOP_1193_8:   [xilinx-label-all-loops]
                for (int j = 0; j < 22; j++) {
                ^~~
                VITIS_LOOP_1193_8: 
D:\Vivado\FFT_sol\FFT_sol_2\opt4_just_pipe_all\.autopilot\db\FFT32_check.pp.0.cpp:39936:17: note: FIX-IT applied suggested code changes
D:\Vivado\FFT_sol\FFT_sol_2\opt4_just_pipe_all\.autopilot\db\FFT32_check.pp.0.cpp:40052:13: warning: Added loop label VITIS_LOOP_1309_9:   [xilinx-label-all-loops]
            for (int j = 22; j >= I_+10; j--) {
            ^~~
            VITIS_LOOP_1309_9: 
D:\Vivado\FFT_sol\FFT_sol_2\opt4_just_pipe_all\.autopilot\db\FFT32_check.pp.0.cpp:40052:13: note: FIX-IT applied suggested code changes
D:\Vivado\FFT_sol\FFT_sol_2\opt4_just_pipe_all\.autopilot\db\FFT32_check.pp.0.cpp:40058:17: warning: Added loop label VITIS_LOOP_1315_10:   [xilinx-label-all-loops]
                for (int j = 22; j >= I_+10; j--){
                ^~~
                VITIS_LOOP_1315_10: 
D:\Vivado\FFT_sol\FFT_sol_2\opt4_just_pipe_all\.autopilot\db\FFT32_check.pp.0.cpp:40058:17: note: FIX-IT applied suggested code changes
D:\Vivado\FFT_sol\FFT_sol_2\opt4_just_pipe_all\.autopilot\db\FFT32_check.pp.0.cpp:40062:17: warning: Added loop label VITIS_LOOP_1319_11:   [xilinx-label-all-loops]
                for (int j = I_+9; j >= 0; j--) {
                ^~~
                VITIS_LOOP_1319_11: 
D:\Vivado\FFT_sol\FFT_sol_2\opt4_just_pipe_all\.autopilot\db\FFT32_check.pp.0.cpp:40062:17: note: FIX-IT applied suggested code changes
D:\Vivado\FFT_sol\FFT_sol_2\opt4_just_pipe_all\.autopilot\db\FFT32_check.pp.0.cpp:40082:9: warning: Added loop label VITIS_LOOP_1339_12:   [xilinx-label-all-loops]
        for (int j = wf+4; j < w-1; j++){
        ^~~
        VITIS_LOOP_1339_12: 
D:\Vivado\FFT_sol\FFT_sol_2\opt4_just_pipe_all\.autopilot\db\FFT32_check.pp.0.cpp:40082:9: note: FIX-IT applied suggested code changes
D:\Vivado\FFT_sol\FFT_sol_2\opt4_just_pipe_all\.autopilot\db\FFT32_check.pp.0.cpp:40089:17: warning: Added loop label VITIS_LOOP_1346_13:   [xilinx-label-all-loops]
                for (int j = 0; j < 46; j++) {
                ^~~
                VITIS_LOOP_1346_13: 
D:\Vivado\FFT_sol\FFT_sol_2\opt4_just_pipe_all\.autopilot\db\FFT32_check.pp.0.cpp:40089:17: note: FIX-IT applied suggested code changes
D:\Vivado\FFT_sol\FFT_sol_2\opt4_just_pipe_all\.autopilot\db\FFT32_check.pp.0.cpp:40351:13: warning: Added loop label VITIS_LOOP_1608_14:   [xilinx-label-all-loops]
            for (int j = 46; j >= I_+22; j--) {
            ^~~
            VITIS_LOOP_1608_14: 
D:\Vivado\FFT_sol\FFT_sol_2\opt4_just_pipe_all\.autopilot\db\FFT32_check.pp.0.cpp:40351:13: note: FIX-IT applied suggested code changes
D:\Vivado\FFT_sol\FFT_sol_2\opt4_just_pipe_all\.autopilot\db\FFT32_check.pp.0.cpp:40357:17: warning: Added loop label VITIS_LOOP_1614_15:   [xilinx-label-all-loops]
                for (int j = 46; j >= I_+22; j--) {
                ^~~
                VITIS_LOOP_1614_15: 
D:\Vivado\FFT_sol\FFT_sol_2\opt4_just_pipe_all\.autopilot\db\FFT32_check.pp.0.cpp:40357:17: note: FIX-IT applied suggested code changes
D:\Vivado\FFT_sol\FFT_sol_2\opt4_just_pipe_all\.autopilot\db\FFT32_check.pp.0.cpp:40361:17: warning: Added loop label VITIS_LOOP_1618_16:   [xilinx-label-all-loops]
                for (int j = I_+21; j >= 0; j--) {
                ^~~
                VITIS_LOOP_1618_16: 
D:\Vivado\FFT_sol\FFT_sol_2\opt4_just_pipe_all\.autopilot\db\FFT32_check.pp.0.cpp:40361:17: note: FIX-IT applied suggested code changes
D:\Vivado\FFT_sol\FFT_sol_2\opt4_just_pipe_all\.autopilot\db\FFT32_check.pp.0.cpp:40385:9: warning: Added loop label VITIS_LOOP_1642_17:   [xilinx-label-all-loops]
        for (int j = wf+5; j < w-1; j++){
        ^~~
        VITIS_LOOP_1642_17: 
D:\Vivado\FFT_sol\FFT_sol_2\opt4_just_pipe_all\.autopilot\db\FFT32_check.pp.0.cpp:40385:9: note: FIX-IT applied suggested code changes
D:\Vivado\FFT_sol\FFT_sol_2\opt4_just_pipe_all\.autopilot\db\FFT32_check.pp.0.cpp:40392:17: warning: Added loop label VITIS_LOOP_1649_18:   [xilinx-label-all-loops]
                for (int j = 0; j < 64; j++) {
                ^~~
                VITIS_LOOP_1649_18: 
D:\Vivado\FFT_sol\FFT_sol_2\opt4_just_pipe_all\.autopilot\db\FFT32_check.pp.0.cpp:40392:17: note: FIX-IT applied suggested code changes
D:\Vivado\FFT_sol\FFT_sol_2\opt4_just_pipe_all\.autopilot\db\FFT32_check.pp.0.cpp:40822:13: warning: Added loop label VITIS_LOOP_2079_19:   [xilinx-label-all-loops]
            for (int j = 64; j >= I_+31; j--) {
            ^~~
            VITIS_LOOP_2079_19: 
D:\Vivado\FFT_sol\FFT_sol_2\opt4_just_pipe_all\.autopilot\db\FFT32_check.pp.0.cpp:40822:13: note: FIX-IT applied suggested code changes
D:\Vivado\FFT_sol\FFT_sol_2\opt4_just_pipe_all\.autopilot\db\FFT32_check.pp.0.cpp:40828:17: warning: Added loop label VITIS_LOOP_2085_20:   [xilinx-label-all-loops]
                for (int j = 64; j >= I_+31; j--) {
                ^~~
                VITIS_LOOP_2085_20: 
D:\Vivado\FFT_sol\FFT_sol_2\opt4_just_pipe_all\.autopilot\db\FFT32_check.pp.0.cpp:40828:17: note: FIX-IT applied suggested code changes
D:\Vivado\FFT_sol\FFT_sol_2\opt4_just_pipe_all\.autopilot\db\FFT32_check.pp.0.cpp:40832:17: warning: Added loop label VITIS_LOOP_2089_21:   [xilinx-label-all-loops]
                for (int j = I_+30; j >= 0; j--) {
                ^~~
                VITIS_LOOP_2089_21: 
D:\Vivado\FFT_sol\FFT_sol_2\opt4_just_pipe_all\.autopilot\db\FFT32_check.pp.0.cpp:40832:17: note: FIX-IT applied suggested code changes
D:\Vivado\FFT_sol\FFT_sol_2\opt4_just_pipe_all\.autopilot\db\FFT32_check.pp.0.cpp:40962:13: warning: Added loop label VITIS_LOOP_2219_1:   [xilinx-label-all-loops]
            for(int j=3; j>=I+1; j--) {
            ^~~
            VITIS_LOOP_2219_1: 
D:\Vivado\FFT_sol\FFT_sol_2\opt4_just_pipe_all\.autopilot\db\FFT32_check.pp.0.cpp:40962:13: note: FIX-IT applied suggested code changes
D:\Vivado\FFT_sol\FFT_sol_2\opt4_just_pipe_all\.autopilot\db\FFT32_check.pp.0.cpp:40969:17: warning: Added loop label VITIS_LOOP_2226_2:   [xilinx-label-all-loops]
                for(int j=3; j>=I+1; j--) {
                ^~~
                VITIS_LOOP_2226_2: 
D:\Vivado\FFT_sol\FFT_sol_2\opt4_just_pipe_all\.autopilot\db\FFT32_check.pp.0.cpp:40969:17: note: FIX-IT applied suggested code changes
D:\Vivado\FFT_sol\FFT_sol_2\opt4_just_pipe_all\.autopilot\db\FFT32_check.pp.0.cpp:40973:17: warning: Added loop label VITIS_LOOP_2230_3:   [xilinx-label-all-loops]
                for(int j=I; j>=0; j--) {
                ^~~
                VITIS_LOOP_2230_3: 
D:\Vivado\FFT_sol\FFT_sol_2\opt4_just_pipe_all\.autopilot\db\FFT32_check.pp.0.cpp:40973:17: note: FIX-IT applied suggested code changes
D:\Vivado\FFT_sol\FFT_sol_2\opt4_just_pipe_all\.autopilot\db\FFT32_check.pp.0.cpp:41020:13: warning: Added loop label VITIS_LOOP_2277_4:   [xilinx-label-all-loops]
            for(int j=7; j>=3+I; j--) {
            ^~~
            VITIS_LOOP_2277_4: 
D:\Vivado\FFT_sol\FFT_sol_2\opt4_just_pipe_all\.autopilot\db\FFT32_check.pp.0.cpp:41020:13: note: FIX-IT applied suggested code changes
D:\Vivado\FFT_sol\FFT_sol_2\opt4_just_pipe_all\.autopilot\db\FFT32_check.pp.0.cpp:41027:17: warning: Added loop label VITIS_LOOP_2284_5:   [xilinx-label-all-loops]
                for(int j=7; j>=3+I; j--) {
                ^~~
                VITIS_LOOP_2284_5: 
D:\Vivado\FFT_sol\FFT_sol_2\opt4_just_pipe_all\.autopilot\db\FFT32_check.pp.0.cpp:41027:17: note: FIX-IT applied suggested code changes
D:\Vivado\FFT_sol\FFT_sol_2\opt4_just_pipe_all\.autopilot\db\FFT32_check.pp.0.cpp:41031:17: warning: Added loop label VITIS_LOOP_2288_6:   [xilinx-label-all-loops]
                for(int j=I+2; j>=0; j--) {
                ^~~
                VITIS_LOOP_2288_6: 
D:\Vivado\FFT_sol\FFT_sol_2\opt4_just_pipe_all\.autopilot\db\FFT32_check.pp.0.cpp:41031:17: note: FIX-IT applied suggested code changes
D:\Vivado\FFT_sol\FFT_sol_2\opt4_just_pipe_all\.autopilot\db\FFT32_check.pp.0.cpp:41049:9: warning: Added loop label VITIS_LOOP_2306_7:   [xilinx-label-all-loops]
        for(int j=11; j<16; j++) {
        ^~~
        VITIS_LOOP_2306_7: 
D:\Vivado\FFT_sol\FFT_sol_2\opt4_just_pipe_all\.autopilot\db\FFT32_check.pp.0.cpp:41049:9: note: FIX-IT applied suggested code changes
D:\Vivado\FFT_sol\FFT_sol_2\opt4_just_pipe_all\.autopilot\db\FFT32_check.pp.0.cpp:41104:13: warning: Added loop label VITIS_LOOP_2361_8:   [xilinx-label-all-loops]
            for(int j=15; j>=7+I; j--) {
            ^~~
            VITIS_LOOP_2361_8: 
D:\Vivado\FFT_sol\FFT_sol_2\opt4_just_pipe_all\.autopilot\db\FFT32_check.pp.0.cpp:41104:13: note: FIX-IT applied suggested code changes
D:\Vivado\FFT_sol\FFT_sol_2\opt4_just_pipe_all\.autopilot\db\FFT32_check.pp.0.cpp:41111:17: warning: Added loop label VITIS_LOOP_2368_9:   [xilinx-label-all-loops]
                for(int j=15; j>=7+I; j--) {
                ^~~
                VITIS_LOOP_2368_9: 
D:\Vivado\FFT_sol\FFT_sol_2\opt4_just_pipe_all\.autopilot\db\FFT32_check.pp.0.cpp:41111:17: note: FIX-IT applied suggested code changes
D:\Vivado\FFT_sol\FFT_sol_2\opt4_just_pipe_all\.autopilot\db\FFT32_check.pp.0.cpp:41115:17: warning: Added loop label VITIS_LOOP_2372_10:   [xilinx-label-all-loops]
                for(int j=6+I; j>=0; j--) {
                ^~~
                VITIS_LOOP_2372_10: 
D:\Vivado\FFT_sol\FFT_sol_2\opt4_just_pipe_all\.autopilot\db\FFT32_check.pp.0.cpp:41115:17: note: FIX-IT applied suggested code changes
D:\Vivado\FFT_sol\FFT_sol_2\opt4_just_pipe_all\.autopilot\db\FFT32_check.pp.0.cpp:41133:9: warning: Added loop label VITIS_LOOP_2390_11:   [xilinx-label-all-loops]
        for(int j=20; j<32; j++) {
        ^~~
        VITIS_LOOP_2390_11: 
D:\Vivado\FFT_sol\FFT_sol_2\opt4_just_pipe_all\.autopilot\db\FFT32_check.pp.0.cpp:41133:9: note: FIX-IT applied suggested code changes
D:\Vivado\FFT_sol\FFT_sol_2\opt4_just_pipe_all\.autopilot\db\FFT32_check.pp.0.cpp:41222:13: warning: Added loop label VITIS_LOOP_2479_12:   [xilinx-label-all-loops]
            for(int j=31; j>=I+15; j--) {
            ^~~
            VITIS_LOOP_2479_12: 
D:\Vivado\FFT_sol\FFT_sol_2\opt4_just_pipe_all\.autopilot\db\FFT32_check.pp.0.cpp:41222:13: note: FIX-IT applied suggested code changes
D:\Vivado\FFT_sol\FFT_sol_2\opt4_just_pipe_all\.autopilot\db\FFT32_check.pp.0.cpp:41229:17: warning: Added loop label VITIS_LOOP_2486_13:   [xilinx-label-all-loops]
                for(int j=31; j>=I+15; j--) {
                ^~~
                VITIS_LOOP_2486_13: 
D:\Vivado\FFT_sol\FFT_sol_2\opt4_just_pipe_all\.autopilot\db\FFT32_check.pp.0.cpp:41229:17: note: FIX-IT applied suggested code changes
D:\Vivado\FFT_sol\FFT_sol_2\opt4_just_pipe_all\.autopilot\db\FFT32_check.pp.0.cpp:41233:17: warning: Added loop label VITIS_LOOP_2490_14:   [xilinx-label-all-loops]
                for(int j=I+14; j>=0; j--) {
                ^~~
                VITIS_LOOP_2490_14: 
D:\Vivado\FFT_sol\FFT_sol_2\opt4_just_pipe_all\.autopilot\db\FFT32_check.pp.0.cpp:41233:17: note: FIX-IT applied suggested code changes
D:\Vivado\FFT_sol\FFT_sol_2\opt4_just_pipe_all\.autopilot\db\FFT32_check.pp.0.cpp:41243:9: warning: Added loop label VITIS_LOOP_2500_15:   [xilinx-label-all-loops]
        for(int j=32-F; j<32+I; j++) {
        ^~~
        VITIS_LOOP_2500_15: 
D:\Vivado\FFT_sol\FFT_sol_2\opt4_just_pipe_all\.autopilot\db\FFT32_check.pp.0.cpp:41243:9: note: FIX-IT applied suggested code changes
D:\Vivado\FFT_sol\FFT_sol_2\opt4_just_pipe_all\.autopilot\db\FFT32_check.pp.0.cpp:41247:9: warning: Added loop label VITIS_LOOP_2504_16:   [xilinx-label-all-loops]
        for(int j=32+I; j<=64; j++) {
        ^~~
        VITIS_LOOP_2504_16: 
D:\Vivado\FFT_sol\FFT_sol_2\opt4_just_pipe_all\.autopilot\db\FFT32_check.pp.0.cpp:41247:9: note: FIX-IT applied suggested code changes
D:\Vivado\FFT_sol\FFT_sol_2\opt4_just_pipe_all\.autopilot\db\FFT32_check.pp.0.cpp:41258:9: warning: Added loop label VITIS_LOOP_2515_17:   [xilinx-label-all-loops]
        for(int j=37; j<64; j++) {
        ^~~
        VITIS_LOOP_2515_17: 
D:\Vivado\FFT_sol\FFT_sol_2\opt4_just_pipe_all\.autopilot\db\FFT32_check.pp.0.cpp:41258:9: note: FIX-IT applied suggested code changes
D:\Vivado\FFT_sol\FFT_sol_2\opt4_just_pipe_all\.autopilot\db\FFT32_check.pp.0.cpp:41266:17: warning: Added loop label VITIS_LOOP_2523_18:   [xilinx-label-all-loops]
                for(int j=0; j<64; j++) {
                ^~~
                VITIS_LOOP_2523_18: 
D:\Vivado\FFT_sol\FFT_sol_2\opt4_just_pipe_all\.autopilot\db\FFT32_check.pp.0.cpp:41266:17: note: FIX-IT applied suggested code changes
D:\Vivado\FFT_sol\FFT_sol_2\opt4_just_pipe_all\.autopilot\db\FFT32_check.pp.0.cpp:41591:13: warning: Added loop label VITIS_LOOP_2848_19:   [xilinx-label-all-loops]
            for(int j=63; j>=I+31; j--) {
            ^~~
            VITIS_LOOP_2848_19: 
D:\Vivado\FFT_sol\FFT_sol_2\opt4_just_pipe_all\.autopilot\db\FFT32_check.pp.0.cpp:41591:13: note: FIX-IT applied suggested code changes
D:\Vivado\FFT_sol\FFT_sol_2\opt4_just_pipe_all\.autopilot\db\FFT32_check.pp.0.cpp:41598:17: warning: Added loop label VITIS_LOOP_2855_20:   [xilinx-label-all-loops]
                for(int j=63; j>=I+31; j--) {
                ^~~
                VITIS_LOOP_2855_20: 
D:\Vivado\FFT_sol\FFT_sol_2\opt4_just_pipe_all\.autopilot\db\FFT32_check.pp.0.cpp:41598:17: note: FIX-IT applied suggested code changes
D:\Vivado\FFT_sol\FFT_sol_2\opt4_just_pipe_all\.autopilot\db\FFT32_check.pp.0.cpp:41602:17: warning: Added loop label VITIS_LOOP_2859_21:   [xilinx-label-all-loops]
                for(int j=I+30; j>=0; j--) {
                ^~~
                VITIS_LOOP_2859_21: 
D:\Vivado\FFT_sol\FFT_sol_2\opt4_just_pipe_all\.autopilot\db\FFT32_check.pp.0.cpp:41602:17: note: FIX-IT applied suggested code changes
D:\Vivado\FFT_sol\FFT_sol_2\opt4_just_pipe_all\.autopilot\db\FFT32_check.pp.0.cpp:41690:4: warning: Added loop label VITIS_LOOP_2947_1:   [xilinx-label-all-loops]
   for(int j = 5; j>=I_+2; j--) {
   ^~~
   VITIS_LOOP_2947_1: 
D:\Vivado\FFT_sol\FFT_sol_2\opt4_just_pipe_all\.autopilot\db\FFT32_check.pp.0.cpp:41690:4: note: FIX-IT applied suggested code changes
D:\Vivado\FFT_sol\FFT_sol_2\opt4_just_pipe_all\.autopilot\db\FFT32_check.pp.0.cpp:41697:5: warning: Added loop label VITIS_LOOP_2954_2:   [xilinx-label-all-loops]
    for(int j = 5; j>=I_+2; j--) {
    ^~~
    VITIS_LOOP_2954_2: 
D:\Vivado\FFT_sol\FFT_sol_2\opt4_just_pipe_all\.autopilot\db\FFT32_check.pp.0.cpp:41697:5: note: FIX-IT applied suggested code changes
D:\Vivado\FFT_sol\FFT_sol_2\opt4_just_pipe_all\.autopilot\db\FFT32_check.pp.0.cpp:41701:5: warning: Added loop label VITIS_LOOP_2958_3:   [xilinx-label-all-loops]
    for(int j = I_+1; j>=0; j--) {
    ^~~
    VITIS_LOOP_2958_3: 
D:\Vivado\FFT_sol\FFT_sol_2\opt4_just_pipe_all\.autopilot\db\FFT32_check.pp.0.cpp:41701:5: note: FIX-IT applied suggested code changes
D:\Vivado\FFT_sol\FFT_sol_2\opt4_just_pipe_all\.autopilot\db\FFT32_check.pp.0.cpp:41716:3: warning: Added loop label VITIS_LOOP_2973_4:   [xilinx-label-all-loops]
  for(int j = 11; j >=7; j--) {
  ^~~
  VITIS_LOOP_2973_4: 
D:\Vivado\FFT_sol\FFT_sol_2\opt4_just_pipe_all\.autopilot\db\FFT32_check.pp.0.cpp:41716:3: note: FIX-IT applied suggested code changes
D:\Vivado\FFT_sol\FFT_sol_2\opt4_just_pipe_all\.autopilot\db\FFT32_check.pp.0.cpp:41748:4: warning: Added loop label VITIS_LOOP_3005_5:   [xilinx-label-all-loops]
   for(int j = 11; j >= I_+5; j--) {
   ^~~
   VITIS_LOOP_3005_5: 
D:\Vivado\FFT_sol\FFT_sol_2\opt4_just_pipe_all\.autopilot\db\FFT32_check.pp.0.cpp:41748:4: note: FIX-IT applied suggested code changes
D:\Vivado\FFT_sol\FFT_sol_2\opt4_just_pipe_all\.autopilot\db\FFT32_check.pp.0.cpp:41755:5: warning: Added loop label VITIS_LOOP_3012_6:   [xilinx-label-all-loops]
    for(int j = 11; j>= I_+5; j--) {
    ^~~
    VITIS_LOOP_3012_6: 
D:\Vivado\FFT_sol\FFT_sol_2\opt4_just_pipe_all\.autopilot\db\FFT32_check.pp.0.cpp:41755:5: note: FIX-IT applied suggested code changes
D:\Vivado\FFT_sol\FFT_sol_2\opt4_just_pipe_all\.autopilot\db\FFT32_check.pp.0.cpp:41759:5: warning: Added loop label VITIS_LOOP_3016_7:   [xilinx-label-all-loops]
    for(int j = I_+4; j>=0; j--) {
    ^~~
    VITIS_LOOP_3016_7: 
D:\Vivado\FFT_sol\FFT_sol_2\opt4_just_pipe_all\.autopilot\db\FFT32_check.pp.0.cpp:41759:5: note: FIX-IT applied suggested code changes
D:\Vivado\FFT_sol\FFT_sol_2\opt4_just_pipe_all\.autopilot\db\FFT32_check.pp.0.cpp:41774:3: warning: Added loop label VITIS_LOOP_3031_8:   [xilinx-label-all-loops]
  for(int j = 25; j>=15; j--) {
  ^~~
  VITIS_LOOP_3031_8: 
D:\Vivado\FFT_sol\FFT_sol_2\opt4_just_pipe_all\.autopilot\db\FFT32_check.pp.0.cpp:41774:3: note: FIX-IT applied suggested code changes
D:\Vivado\FFT_sol\FFT_sol_2\opt4_just_pipe_all\.autopilot\db\FFT32_check.pp.0.cpp:41824:4: warning: Added loop label VITIS_LOOP_3081_9:   [xilinx-label-all-loops]
   for(int j = 25; j>= I_+12; j--) {
   ^~~
   VITIS_LOOP_3081_9: 
D:\Vivado\FFT_sol\FFT_sol_2\opt4_just_pipe_all\.autopilot\db\FFT32_check.pp.0.cpp:41824:4: note: FIX-IT applied suggested code changes
D:\Vivado\FFT_sol\FFT_sol_2\opt4_just_pipe_all\.autopilot\db\FFT32_check.pp.0.cpp:41831:5: warning: Added loop label VITIS_LOOP_3088_10:   [xilinx-label-all-loops]
    for(int j = 25; j>=I_+12; j--) {
    ^~~
    VITIS_LOOP_3088_10: 
D:\Vivado\FFT_sol\FFT_sol_2\opt4_just_pipe_all\.autopilot\db\FFT32_check.pp.0.cpp:41831:5: note: FIX-IT applied suggested code changes
D:\Vivado\FFT_sol\FFT_sol_2\opt4_just_pipe_all\.autopilot\db\FFT32_check.pp.0.cpp:41835:5: warning: Added loop label VITIS_LOOP_3092_11:   [xilinx-label-all-loops]
    for(int j = I_+11; j>=0; j--) {
    ^~~
    VITIS_LOOP_3092_11: 
D:\Vivado\FFT_sol\FFT_sol_2\opt4_just_pipe_all\.autopilot\db\FFT32_check.pp.0.cpp:41835:5: note: FIX-IT applied suggested code changes
D:\Vivado\FFT_sol\FFT_sol_2\opt4_just_pipe_all\.autopilot\db\FFT32_check.pp.0.cpp:41850:3: warning: Added loop label VITIS_LOOP_3107_12:   [xilinx-label-all-loops]
  for(int j = 51; j >= 29; j--) {
  ^~~
  VITIS_LOOP_3107_12: 
D:\Vivado\FFT_sol\FFT_sol_2\opt4_just_pipe_all\.autopilot\db\FFT32_check.pp.0.cpp:41850:3: note: FIX-IT applied suggested code changes
D:\Vivado\FFT_sol\FFT_sol_2\opt4_just_pipe_all\.autopilot\db\FFT32_check.pp.0.cpp:41987:4: warning: Added loop label VITIS_LOOP_3244_13:   [xilinx-label-all-loops]
   for(int j = 51; j >= 25 + I_; j--) {
   ^~~
   VITIS_LOOP_3244_13: 
D:\Vivado\FFT_sol\FFT_sol_2\opt4_just_pipe_all\.autopilot\db\FFT32_check.pp.0.cpp:41987:4: note: FIX-IT applied suggested code changes
D:\Vivado\FFT_sol\FFT_sol_2\opt4_just_pipe_all\.autopilot\db\FFT32_check.pp.0.cpp:41994:5: warning: Added loop label VITIS_LOOP_3251_14:   [xilinx-label-all-loops]
    for(int j = 51; j>=25 + I_; j--) {
    ^~~
    VITIS_LOOP_3251_14: 
D:\Vivado\FFT_sol\FFT_sol_2\opt4_just_pipe_all\.autopilot\db\FFT32_check.pp.0.cpp:41994:5: note: FIX-IT applied suggested code changes
D:\Vivado\FFT_sol\FFT_sol_2\opt4_just_pipe_all\.autopilot\db\FFT32_check.pp.0.cpp:41998:5: warning: Added loop label VITIS_LOOP_3255_15:   [xilinx-label-all-loops]
    for(int j = 24 + I_; j >= 0; j--) {
    ^~~
    VITIS_LOOP_3255_15: 
D:\Vivado\FFT_sol\FFT_sol_2\opt4_just_pipe_all\.autopilot\db\FFT32_check.pp.0.cpp:41998:5: note: FIX-IT applied suggested code changes
D:\Vivado\FFT_sol\FFT_sol_2\opt4_just_pipe_all\.autopilot\db\FFT32_check.pp.0.cpp:42013:3: warning: Added loop label VITIS_LOOP_3270_16:   [xilinx-label-all-loops]
  for(int j = 63; j >= 36; j--) {
  ^~~
  VITIS_LOOP_3270_16: 
D:\Vivado\FFT_sol\FFT_sol_2\opt4_just_pipe_all\.autopilot\db\FFT32_check.pp.0.cpp:42013:3: note: FIX-IT applied suggested code changes
D:\Vivado\FFT_sol\FFT_sol_2\opt4_just_pipe_all\.autopilot\db\FFT32_check.pp.0.cpp:42173:4: warning: Added loop label VITIS_LOOP_3430_17:   [xilinx-label-all-loops]
   for(int j = 63; j >= 31 + I_; j--) {
   ^~~
   VITIS_LOOP_3430_17: 
D:\Vivado\FFT_sol\FFT_sol_2\opt4_just_pipe_all\.autopilot\db\FFT32_check.pp.0.cpp:42173:4: note: FIX-IT applied suggested code changes
D:\Vivado\FFT_sol\FFT_sol_2\opt4_just_pipe_all\.autopilot\db\FFT32_check.pp.0.cpp:42180:5: warning: Added loop label VITIS_LOOP_3437_18:   [xilinx-label-all-loops]
    for(int j = 63; j >= 31 + I_; j--) {
    ^~~
    VITIS_LOOP_3437_18: 
D:\Vivado\FFT_sol\FFT_sol_2\opt4_just_pipe_all\.autopilot\db\FFT32_check.pp.0.cpp:42180:5: note: FIX-IT applied suggested code changes
D:\Vivado\FFT_sol\FFT_sol_2\opt4_just_pipe_all\.autopilot\db\FFT32_check.pp.0.cpp:42184:5: warning: Added loop label VITIS_LOOP_3441_19:   [xilinx-label-all-loops]
    for(int j = 30 + I_; j >= 0; j--) {
    ^~~
    VITIS_LOOP_3441_19: 
D:\Vivado\FFT_sol\FFT_sol_2\opt4_just_pipe_all\.autopilot\db\FFT32_check.pp.0.cpp:42184:5: note: FIX-IT applied suggested code changes
D:\Vivado\FFT_sol\FFT_sol_2\opt4_just_pipe_all\.autopilot\db\FFT32_check.pp.0.cpp:42899:13: warning: Added loop label VITIS_LOOP_729_1:   [xilinx-label-all-loops]
            for (b_exp = I_-1; b_exp >= -F_; b_exp--) {
            ^~~
            VITIS_LOOP_729_1: 
D:\Vivado\FFT_sol\FFT_sol_2\opt4_just_pipe_all\.autopilot\db\FFT32_check.pp.0.cpp:42899:13: note: FIX-IT applied suggested code changes
D:\Vivado\FFT_sol\FFT_sol_2\opt4_just_pipe_all\.autopilot\db\FFT32_check.pp.0.cpp:43117:13: warning: Added loop label VITIS_LOOP_947_1:   [xilinx-label-all-loops]
            for (b_exp = I_-1; b_exp >= -F_; b_exp--) {
            ^~~
            VITIS_LOOP_947_1: 
D:\Vivado\FFT_sol\FFT_sol_2\opt4_just_pipe_all\.autopilot\db\FFT32_check.pp.0.cpp:43117:13: note: FIX-IT applied suggested code changes
D:\Vivado\FFT_sol\FFT_sol_2\opt4_just_pipe_all\.autopilot\db\FFT32_check.pp.0.cpp:43534:13: warning: Added loop label VITIS_LOOP_1371_1:   [xilinx-label-all-loops]
            for (b_exp = I_-1; b_exp >= -F_; b_exp--) {
            ^~~
            VITIS_LOOP_1371_1: 
D:\Vivado\FFT_sol\FFT_sol_2\opt4_just_pipe_all\.autopilot\db\FFT32_check.pp.0.cpp:43534:13: note: FIX-IT applied suggested code changes
D:\Vivado\FFT_sol\FFT_sol_2\opt4_just_pipe_all\.autopilot\db\FFT32_check.pp.0.cpp:43848:9: warning: Added loop label VITIS_LOOP_266_1:   [xilinx-label-all-loops]
        for ( int pos = msbr-1; pos >= 0; pos-- ) {
        ^~~
        VITIS_LOOP_266_1: 
D:\Vivado\FFT_sol\FFT_sol_2\opt4_just_pipe_all\.autopilot\db\FFT32_check.pp.0.cpp:43848:9: note: FIX-IT applied suggested code changes
D:\Vivado\FFT_sol\FFT_sol_2\opt4_just_pipe_all\.autopilot\db\FFT32_check.pp.0.cpp:43876:9: warning: Added loop label VITIS_LOOP_294_2:   [xilinx-label-all-loops]
        for ( int pos = -1; pos >= -F_-1; pos-- ) {
        ^~~
        VITIS_LOOP_294_2: 
D:\Vivado\FFT_sol\FFT_sol_2\opt4_just_pipe_all\.autopilot\db\FFT32_check.pp.0.cpp:43876:9: note: FIX-IT applied suggested code changes
D:\Vivado\FFT_sol\FFT_sol_2\opt4_just_pipe_all\.autopilot\db\FFT32_check.pp.0.cpp:44571:13: warning: Added loop label VITIS_LOOP_74_1:   [xilinx-label-all-loops]
            for (int j = 0; j < W_-1; j++){
            ^~~
            VITIS_LOOP_74_1: 
D:\Vivado\FFT_sol\FFT_sol_2\opt4_just_pipe_all\.autopilot\db\FFT32_check.pp.0.cpp:44571:13: note: FIX-IT applied suggested code changes
D:\Vivado\FFT_sol\FFT_sol_2\opt4_just_pipe_all\.autopilot\db\FFT32_check.pp.0.cpp:44624:5: warning: Added loop label VITIS_LOOP_135_2:   [xilinx-label-all-loops]
    for (int j = F_l+F_+I_m-1; j < F_l+W_+5; j++){
    ^~~
    VITIS_LOOP_135_2: 
D:\Vivado\FFT_sol\FFT_sol_2\opt4_just_pipe_all\.autopilot\db\FFT32_check.pp.0.cpp:44624:5: note: FIX-IT applied suggested code changes
D:\Vivado\FFT_sol\FFT_sol_2\opt4_just_pipe_all\.autopilot\db\FFT32_check.pp.0.cpp:44638:13: warning: Added loop label VITIS_LOOP_149_3:   [xilinx-label-all-loops]
            for (int j = WO_m-1; j >= W_-1; j--) {
            ^~~
            VITIS_LOOP_149_3: 
D:\Vivado\FFT_sol\FFT_sol_2\opt4_just_pipe_all\.autopilot\db\FFT32_check.pp.0.cpp:44638:13: note: FIX-IT applied suggested code changes
D:\Vivado\FFT_sol\FFT_sol_2\opt4_just_pipe_all\.autopilot\db\FFT32_check.pp.0.cpp:44668:13: warning: Added loop label VITIS_LOOP_179_4:   [xilinx-label-all-loops]
            for (int j = W_-2; j >= 0; j--){
            ^~~
            VITIS_LOOP_179_4: 
D:\Vivado\FFT_sol\FFT_sol_2\opt4_just_pipe_all\.autopilot\db\FFT32_check.pp.0.cpp:44668:13: note: FIX-IT applied suggested code changes
D:\Vivado\FFT_sol\FFT_sol_2\opt4_just_pipe_all\.autopilot\db\FFT32_check.pp.0.cpp:44753:12: warning: Added loop label VITIS_LOOP_307_1:   [xilinx-label-all-loops]
           for(int i = wf_log+we_log-2; i > WI_e - 2; --i) {
           ^~~
           VITIS_LOOP_307_1: 
D:\Vivado\FFT_sol\FFT_sol_2\opt4_just_pipe_all\.autopilot\db\FFT32_check.pp.0.cpp:44753:12: note: FIX-IT applied suggested code changes
D:\Vivado\FFT_sol\FFT_sol_2\opt4_just_pipe_all\.autopilot\db\FFT32_check.pp.0.cpp:44773:16: warning: Added loop label VITIS_LOOP_327_2:   [xilinx-label-all-loops]
               for (int j = WO_e-1; j >= W_-1; j--) {
               ^~~
               VITIS_LOOP_327_2: 
D:\Vivado\FFT_sol\FFT_sol_2\opt4_just_pipe_all\.autopilot\db\FFT32_check.pp.0.cpp:44773:16: note: FIX-IT applied suggested code changes
D:\Vivado\FFT_sol\FFT_sol_2\opt4_just_pipe_all\.autopilot\db\FFT32_check.pp.0.cpp:44787:20: warning: Added loop label VITIS_LOOP_341_3:   [xilinx-label-all-loops]
                   for(int i = 0; i < W_-1; ++i) {
                   ^~~
                   VITIS_LOOP_341_3: 
D:\Vivado\FFT_sol\FFT_sol_2\opt4_just_pipe_all\.autopilot\db\FFT32_check.pp.0.cpp:44787:20: note: FIX-IT applied suggested code changes
D:\Vivado\FFT_sol\FFT_sol_2\opt4_just_pipe_all\.autopilot\db\FFT32_check.pp.0.cpp:44880:12: warning: Added loop label VITIS_LOOP_459_1:   [xilinx-label-all-loops]
           for (int j =WO_d-1; j >= W_-1; j--) {
           ^~~
           VITIS_LOOP_459_1: 
D:\Vivado\FFT_sol\FFT_sol_2\opt4_just_pipe_all\.autopilot\db\FFT32_check.pp.0.cpp:44880:12: note: FIX-IT applied suggested code changes
D:\Vivado\FFT_sol\FFT_sol_2\opt4_just_pipe_all\.autopilot\db\FFT32_check.pp.0.cpp:44894:15: warning: Added loop label VITIS_LOOP_473_2:   [xilinx-label-all-loops]
              for(int i = 0; i < W_-1; ++i) {
              ^~~
              VITIS_LOOP_473_2: 
D:\Vivado\FFT_sol\FFT_sol_2\opt4_just_pipe_all\.autopilot\db\FFT32_check.pp.0.cpp:44894:15: note: FIX-IT applied suggested code changes
D:\Vivado\FFT_sol\FFT_sol_2\opt4_just_pipe_all\.autopilot\db\FFT32_check.pp.0.cpp:45007:13: warning: Added loop label VITIS_LOOP_59_1:   [xilinx-label-all-loops]
            for (int i = 0; i < W_-1; i++){
            ^~~
            VITIS_LOOP_59_1: 
D:\Vivado\FFT_sol\FFT_sol_2\opt4_just_pipe_all\.autopilot\db\FFT32_check.pp.0.cpp:45007:13: note: FIX-IT applied suggested code changes
D:\Vivado\FFT_sol\FFT_sol_2\opt4_just_pipe_all\.autopilot\db\FFT32_check.pp.0.cpp:45131:13: warning: Added loop label VITIS_LOOP_209_1:   [xilinx-label-all-loops]
            for (int i = 0; i < W_-1; i++){
            ^~~
            VITIS_LOOP_209_1: 
D:\Vivado\FFT_sol\FFT_sol_2\opt4_just_pipe_all\.autopilot\db\FFT32_check.pp.0.cpp:45131:13: note: FIX-IT applied suggested code changes
D:\Vivado\FFT_sol\FFT_sol_2\opt4_just_pipe_all\.autopilot\db\FFT32_check.pp.0.cpp:45186:13: warning: Added loop label VITIS_LOOP_274_1:   [xilinx-label-all-loops]
            for (int i = 0; i < W_-1; i++){
            ^~~
            VITIS_LOOP_274_1: 
D:\Vivado\FFT_sol\FFT_sol_2\opt4_just_pipe_all\.autopilot\db\FFT32_check.pp.0.cpp:45186:13: note: FIX-IT applied suggested code changes
D:\Vivado\FFT_sol\FFT_sol_2\opt4_just_pipe_all\.autopilot\db\FFT32_check.pp.0.cpp:45691:2: warning: Added loop label VITIS_LOOP_42_1:   [xilinx-label-all-loops]
 for (int i=0; i<W_;i++)
 ^~~
 VITIS_LOOP_42_1: 
D:\Vivado\FFT_sol\FFT_sol_2\opt4_just_pipe_all\.autopilot\db\FFT32_check.pp.0.cpp:45691:2: note: FIX-IT applied suggested code changes
D:\Vivado\FFT_sol\FFT_sol_2\opt4_just_pipe_all\.autopilot\db\FFT32_check.pp.0.cpp:45702:2: warning: Added loop label VITIS_LOOP_53_1:   [xilinx-label-all-loops]
 for (int i=0; i<W_;i++)
 ^~~
 VITIS_LOOP_53_1: 
D:\Vivado\FFT_sol\FFT_sol_2\opt4_just_pipe_all\.autopilot\db\FFT32_check.pp.0.cpp:45702:2: note: FIX-IT applied suggested code changes
D:\Vivado\FFT_sol\FFT_sol_2\opt4_just_pipe_all\.autopilot\db\FFT32_check.pp.0.cpp:45713:2: warning: Added loop label VITIS_LOOP_64_1:   [xilinx-label-all-loops]
 for (int i=0; i<I_;i++)
 ^~~
 VITIS_LOOP_64_1: 
D:\Vivado\FFT_sol\FFT_sol_2\opt4_just_pipe_all\.autopilot\db\FFT32_check.pp.0.cpp:45713:2: note: FIX-IT applied suggested code changes
D:\Vivado\FFT_sol\FFT_sol_2\opt4_just_pipe_all\.autopilot\db\FFT32_check.pp.0.cpp:45724:2: warning: Added loop label VITIS_LOOP_75_1:   [xilinx-label-all-loops]
 for (int i=0; i<I_;i++)
 ^~~
 VITIS_LOOP_75_1: 
D:\Vivado\FFT_sol\FFT_sol_2\opt4_just_pipe_all\.autopilot\db\FFT32_check.pp.0.cpp:45724:2: note: FIX-IT applied suggested code changes
D:\Vivado\FFT_sol\FFT_sol_2\opt4_just_pipe_all\.autopilot\db\FFT32_check.pp.0.cpp:45735:2: warning: Added loop label VITIS_LOOP_86_1:   [xilinx-label-all-loops]
 for (int i=0; i<W_;i++)
 ^~~
 VITIS_LOOP_86_1: 
D:\Vivado\FFT_sol\FFT_sol_2\opt4_just_pipe_all\.autopilot\db\FFT32_check.pp.0.cpp:45735:2: note: FIX-IT applied suggested code changes
D:\Vivado\FFT_sol\FFT_sol_2\opt4_just_pipe_all\.autopilot\db\FFT32_check.pp.0.cpp:45746:2: warning: Added loop label VITIS_LOOP_97_1:   [xilinx-label-all-loops]
 for (int i=0; i<W_;i++)
 ^~~
 VITIS_LOOP_97_1: 
D:\Vivado\FFT_sol\FFT_sol_2\opt4_just_pipe_all\.autopilot\db\FFT32_check.pp.0.cpp:45746:2: note: FIX-IT applied suggested code changes
D:\Vivado\FFT_sol\FFT_sol_2\opt4_just_pipe_all\.autopilot\db\FFT32_check.pp.0.cpp:45757:2: warning: Added loop label VITIS_LOOP_108_1:   [xilinx-label-all-loops]
 for (int i=0; i<I_;i++)
 ^~~
 VITIS_LOOP_108_1: 
D:\Vivado\FFT_sol\FFT_sol_2\opt4_just_pipe_all\.autopilot\db\FFT32_check.pp.0.cpp:45757:2: note: FIX-IT applied suggested code changes
D:\Vivado\FFT_sol\FFT_sol_2\opt4_just_pipe_all\.autopilot\db\FFT32_check.pp.0.cpp:45768:2: warning: Added loop label VITIS_LOOP_119_1:   [xilinx-label-all-loops]
 for (int i=0; i<I_;i++)
 ^~~
 VITIS_LOOP_119_1: 
D:\Vivado\FFT_sol\FFT_sol_2\opt4_just_pipe_all\.autopilot\db\FFT32_check.pp.0.cpp:45768:2: note: FIX-IT applied suggested code changes
D:\Vivado\FFT_sol\FFT_sol_2\opt4_just_pipe_all\.autopilot\db\FFT32_check.pp.0.cpp:48069:12: warning: Added loop label VITIS_LOOP_23_1:   [xilinx-label-all-loops]
           for(int i = 0; i < W_-1; ++i) {
           ^~~
           VITIS_LOOP_23_1: 
D:\Vivado\FFT_sol\FFT_sol_2\opt4_just_pipe_all\.autopilot\db\FFT32_check.pp.0.cpp:48069:12: note: FIX-IT applied suggested code changes
D:\Vivado\FFT_sol\FFT_sol_2\opt4_just_pipe_all\.autopilot\db\FFT32_check.pp.0.cpp:48133:7: warning: Added loop label VITIS_LOOP_66_1:   [xilinx-label-all-loops]
      for(int pos = msbr - 1 ; pos >= -F-1; pos--) {
      ^~~
      VITIS_LOOP_66_1: 
D:\Vivado\FFT_sol\FFT_sol_2\opt4_just_pipe_all\.autopilot\db\FFT32_check.pp.0.cpp:48133:7: note: FIX-IT applied suggested code changes
D:\Vivado\FFT_sol\FFT_sol_2\opt4_just_pipe_all\.autopilot\db\FFT32_check.pp.0.cpp:48250:9: warning: Added loop label VITIS_LOOP_75_1:   [xilinx-label-all-loops]
        for(int pos = msbr - 1; pos >= 0; pos--) {
        ^~~
        VITIS_LOOP_75_1: 
D:\Vivado\FFT_sol\FFT_sol_2\opt4_just_pipe_all\.autopilot\db\FFT32_check.pp.0.cpp:48250:9: note: FIX-IT applied suggested code changes
D:\Vivado\FFT_sol\FFT_sol_2\opt4_just_pipe_all\.autopilot\db\FFT32_check.pp.0.cpp:48275:5: warning: Added loop label VITIS_LOOP_107_2:   [xilinx-label-all-loops]
    for(int pos = -1; pos >= -F-1; pos--) {
    ^~~
    VITIS_LOOP_107_2: 
D:\Vivado\FFT_sol\FFT_sol_2\opt4_just_pipe_all\.autopilot\db\FFT32_check.pp.0.cpp:48275:5: note: FIX-IT applied suggested code changes
D:\Vivado\FFT_sol\FFT_sol_2\opt4_just_pipe_all\.autopilot\db\FFT32_check.pp.0.cpp:48345:8: warning: Added loop label VITIS_LOOP_195_3:   [xilinx-label-all-loops]
       for(int i = 0; i < W - 1; ++i) {
       ^~~
       VITIS_LOOP_195_3: 
D:\Vivado\FFT_sol\FFT_sol_2\opt4_just_pipe_all\.autopilot\db\FFT32_check.pp.0.cpp:48345:8: note: FIX-IT applied suggested code changes
D:\Vivado\FFT_sol\FFT_sol_2\opt4_just_pipe_all\.autopilot\db\FFT32_check.pp.0.cpp:50618:5: warning: Added loop label VITIS_LOOP_55_1:   [xilinx-label-all-loops]
    for (int i = 0; i < bits; i++) {
    ^~~
    VITIS_LOOP_55_1: 
D:\Vivado\FFT_sol\FFT_sol_2\opt4_just_pipe_all\.autopilot\db\FFT32_check.pp.0.cpp:50618:5: note: FIX-IT applied suggested code changes
