

================================================================
== Vitis HLS Report for 'sin_16_4_s'
================================================================
* Date:           Wed Jun 25 09:29:21 2025

* Version:        2023.1 (Build 3854077 on May  4 2023)
* Project:        FFT_sol_2
* Solution:       opt4_just_pipe_all (Vivado IP Flow Target)
* Product family: zynq
* Target device:  xc7z030-sbv485-1


================================================================
== Performance Estimates
================================================================
+ Timing: 
    * Summary: 
    +--------+----------+----------+------------+
    |  Clock |  Target  | Estimated| Uncertainty|
    +--------+----------+----------+------------+
    |ap_clk  |  10.00 ns|  7.101 ns|     2.70 ns|
    +--------+----------+----------+------------+

+ Latency: 
    * Summary: 
    +---------+---------+----------+----------+-----+-----+---------+
    |  Latency (cycles) |  Latency (absolute) |  Interval | Pipeline|
    |   min   |   max   |    min   |    max   | min | max |   Type  |
    +---------+---------+----------+----------+-----+-----+---------+
    |       20|       20|  0.200 us|  0.200 us|    2|    2|      yes|
    +---------+---------+----------+----------+-----+-----+---------+

    + Detail: 
        * Instance: 
        N/A

        * Loop: 
        N/A

============================================================
+ Verbose Summary: Synthesis Manager
============================================================
InlineROM: 1
ExposeGlobal: 0
============================================================
+ Verbose Summary: CDFG Model
============================================================
IsTopModel: 0
ResetActiveHigh: 1
IsCombinational: 0
IsDatapathOnly: 0
HasWiredReturn: 1
HasMFsm: 2
HasVarLatency: 0
IsPipeline: 1
IsRtlPipelined: 1
IsInstanceOverlapped: 0
IsDontTouch: 0
HasImplIP: 0
IsGatedGlobalClock: 0

+ Individual pipeline summary: 
  * Pipeline-0: initiation interval (II) = 2, depth = 21


============================================================
+ Verbose Summary: Schedule
============================================================
* Number of FSM states : 21
* Pipeline : 1
  Pipeline-0 : II = 2, D = 21, States = { 1 2 3 4 5 6 7 8 9 10 11 12 13 14 15 16 17 18 19 20 21 }
* Dataflow Pipeline: 0

* FSM state transitions: 
1 --> 2 
2 --> 3 
3 --> 4 
4 --> 5 
5 --> 6 
6 --> 7 
7 --> 8 
8 --> 9 
9 --> 10 
10 --> 11 
11 --> 12 
12 --> 13 
13 --> 14 
14 --> 15 
15 --> 16 
16 --> 17 
17 --> 18 
18 --> 19 
19 --> 20 
20 --> 21 
21 --> 

* FSM state operations: 

State 1 <SV = 0> <Delay = 1.81>
ST_1 : Operation 22 [1/1] (0.00ns)   --->   "%x_val_read = read i14 @_ssdm_op_Read.ap_auto.i14, i14 %x_val"   --->   Operation 22 'read' 'x_val_read' <Predicate = true> <Delay = 0.00>
ST_1 : Operation 23 [1/1] (1.81ns)   --->   "%x = sub i14 0, i14 %x_val_read" [D:/Vivado/Vitis_HLS/2023.1/common/technology/autopilot/etc/hls_cordic_apfixed.h:237->D:/Vivado/Vitis_HLS/2023.1/common/technology/autopilot\hls_math.h:1937]   --->   Operation 23 'sub' 'x' <Predicate = true> <Delay = 1.81> <CoreInst = "Adder">   --->   Core 1 'Adder' <Latency = 0> <II = 1> <Delay = 1.81> <FuncUnit> <Opcode : 'add' 'sub'> <InPorts = 2> <OutPorts = 1>
ST_1 : Operation 24 [1/1] (0.00ns)   --->   "%trunc_ln68 = trunc i14 %x" [D:/Vivado/Vitis_HLS/2023.1/common/technology/autopilot/etc/hls_cordic_apfixed.h:68->D:/Vivado/Vitis_HLS/2023.1/common/technology/autopilot/etc/hls_cordic_apfixed.h:243->D:/Vivado/Vitis_HLS/2023.1/common/technology/autopilot\hls_math.h:1937]   --->   Operation 24 'trunc' 'trunc_ln68' <Predicate = true> <Delay = 0.00>

State 2 <SV = 1> <Delay = 6.32>
ST_2 : Operation 25 [1/1] (0.00ns)   --->   "%zext_ln64 = zext i14 %x" [D:/Vivado/Vitis_HLS/2023.1/common/technology/autopilot/etc/hls_cordic_apfixed.h:64->D:/Vivado/Vitis_HLS/2023.1/common/technology/autopilot/etc/hls_cordic_apfixed.h:243->D:/Vivado/Vitis_HLS/2023.1/common/technology/autopilot\hls_math.h:1937]   --->   Operation 25 'zext' 'zext_ln64' <Predicate = true> <Delay = 0.00>
ST_2 : Operation 26 [1/1] (6.32ns)   --->   "%mul_ln64 = mul i35 %zext_ln64, i35 1335088" [D:/Vivado/Vitis_HLS/2023.1/common/technology/autopilot/etc/hls_cordic_apfixed.h:64->D:/Vivado/Vitis_HLS/2023.1/common/technology/autopilot/etc/hls_cordic_apfixed.h:243->D:/Vivado/Vitis_HLS/2023.1/common/technology/autopilot\hls_math.h:1937]   --->   Operation 26 'mul' 'mul_ln64' <Predicate = true> <Delay = 6.32> <CoreInst = "Multiplier">   --->   Core 3 'Multiplier' <Latency = 0> <II = 1> <Delay = 6.32> <FuncUnit> <Opcode : 'mul'> <InPorts = 2> <OutPorts = 1>
ST_2 : Operation 27 [1/1] (0.00ns)   --->   "%k = partselect i2 @_ssdm_op_PartSelect.i2.i35.i32.i32, i35 %mul_ln64, i32 33, i32 34" [D:/Vivado/Vitis_HLS/2023.1/common/technology/autopilot/etc/hls_cordic_apfixed.h:65->D:/Vivado/Vitis_HLS/2023.1/common/technology/autopilot/etc/hls_cordic_apfixed.h:243->D:/Vivado/Vitis_HLS/2023.1/common/technology/autopilot\hls_math.h:1937]   --->   Operation 27 'partselect' 'k' <Predicate = true> <Delay = 0.00>

State 3 <SV = 2> <Delay = 1.56>
ST_3 : Operation 28 [1/1] (0.00ns)   --->   "%zext_ln68 = zext i2 %k" [D:/Vivado/Vitis_HLS/2023.1/common/technology/autopilot/etc/hls_cordic_apfixed.h:68->D:/Vivado/Vitis_HLS/2023.1/common/technology/autopilot/etc/hls_cordic_apfixed.h:243->D:/Vivado/Vitis_HLS/2023.1/common/technology/autopilot\hls_math.h:1937]   --->   Operation 28 'zext' 'zext_ln68' <Predicate = true> <Delay = 0.00>
ST_3 : Operation 29 [3/3] (1.05ns) (grouped into DSP with root node add_ln68)   --->   "%mul_ln68 = mul i18 %zext_ln68, i18 56257" [D:/Vivado/Vitis_HLS/2023.1/common/technology/autopilot/etc/hls_cordic_apfixed.h:68->D:/Vivado/Vitis_HLS/2023.1/common/technology/autopilot/etc/hls_cordic_apfixed.h:243->D:/Vivado/Vitis_HLS/2023.1/common/technology/autopilot\hls_math.h:1937]   --->   Operation 29 'mul' 'mul_ln68' <Predicate = true> <Delay = 1.05> <CoreInst = "DSP48">   --->   Core 119 'DSP48' <Latency = 3> <II = 1> <Delay = 2.15> <IPBlock> <Opcode : '<invalid operator> ' 'mul' 'add' 'sub' 'select'> <InPorts = 0> <OutPorts = 1> <Sync> <CReg>
ST_3 : Operation 30 [1/1] (1.56ns)   --->   "%icmp_ln251 = icmp_eq  i2 %k, i2 1" [D:/Vivado/Vitis_HLS/2023.1/common/technology/autopilot/etc/hls_cordic_apfixed.h:251->D:/Vivado/Vitis_HLS/2023.1/common/technology/autopilot\hls_math.h:1937]   --->   Operation 30 'icmp' 'icmp_ln251' <Predicate = true> <Delay = 1.56> <CoreInst = "Cmp">   --->   Core 9 'Cmp' <Latency = 0> <II = 1> <Delay = 1.56> <FuncUnit> <Opcode : 'icmp'> <InPorts = 2> <OutPorts = 1>

State 4 <SV = 3> <Delay = 1.05>
ST_4 : Operation 31 [2/3] (1.05ns) (grouped into DSP with root node add_ln68)   --->   "%mul_ln68 = mul i18 %zext_ln68, i18 56257" [D:/Vivado/Vitis_HLS/2023.1/common/technology/autopilot/etc/hls_cordic_apfixed.h:68->D:/Vivado/Vitis_HLS/2023.1/common/technology/autopilot/etc/hls_cordic_apfixed.h:243->D:/Vivado/Vitis_HLS/2023.1/common/technology/autopilot\hls_math.h:1937]   --->   Operation 31 'mul' 'mul_ln68' <Predicate = true> <Delay = 1.05> <CoreInst = "DSP48">   --->   Core 119 'DSP48' <Latency = 3> <II = 1> <Delay = 2.15> <IPBlock> <Opcode : '<invalid operator> ' 'mul' 'add' 'sub' 'select'> <InPorts = 0> <OutPorts = 1> <Sync> <CReg>

State 5 <SV = 4> <Delay = 2.10>
ST_5 : Operation 32 [1/1] (0.00ns)   --->   "%shl_ln = bitconcatenate i18 @_ssdm_op_BitConcatenate.i18.i13.i5, i13 %trunc_ln68, i5 0" [D:/Vivado/Vitis_HLS/2023.1/common/technology/autopilot/etc/hls_cordic_apfixed.h:68->D:/Vivado/Vitis_HLS/2023.1/common/technology/autopilot/etc/hls_cordic_apfixed.h:243->D:/Vivado/Vitis_HLS/2023.1/common/technology/autopilot\hls_math.h:1937]   --->   Operation 32 'bitconcatenate' 'shl_ln' <Predicate = true> <Delay = 0.00>
ST_5 : Operation 33 [1/3] (0.00ns) (grouped into DSP with root node add_ln68)   --->   "%mul_ln68 = mul i18 %zext_ln68, i18 56257" [D:/Vivado/Vitis_HLS/2023.1/common/technology/autopilot/etc/hls_cordic_apfixed.h:68->D:/Vivado/Vitis_HLS/2023.1/common/technology/autopilot/etc/hls_cordic_apfixed.h:243->D:/Vivado/Vitis_HLS/2023.1/common/technology/autopilot\hls_math.h:1937]   --->   Operation 33 'mul' 'mul_ln68' <Predicate = true> <Delay = 0.00> <CoreInst = "DSP48">   --->   Core 119 'DSP48' <Latency = 3> <II = 1> <Delay = 2.15> <IPBlock> <Opcode : '<invalid operator> ' 'mul' 'add' 'sub' 'select'> <InPorts = 0> <OutPorts = 1> <Sync> <CReg>
ST_5 : Operation 34 [2/2] (2.10ns) (root node of the DSP)   --->   "%add_ln68 = add i18 %shl_ln, i18 %mul_ln68" [D:/Vivado/Vitis_HLS/2023.1/common/technology/autopilot/etc/hls_cordic_apfixed.h:68->D:/Vivado/Vitis_HLS/2023.1/common/technology/autopilot/etc/hls_cordic_apfixed.h:243->D:/Vivado/Vitis_HLS/2023.1/common/technology/autopilot\hls_math.h:1937]   --->   Operation 34 'add' 'add_ln68' <Predicate = true> <Delay = 2.10> <CoreInst = "DSP48">   --->   Core 119 'DSP48' <Latency = 3> <II = 1> <Delay = 2.15> <IPBlock> <Opcode : '<invalid operator> ' 'mul' 'add' 'sub' 'select'> <InPorts = 0> <OutPorts = 1> <Sync> <CReg>

State 6 <SV = 5> <Delay = 5.01>
ST_6 : Operation 35 [1/2] (2.10ns) (root node of the DSP)   --->   "%add_ln68 = add i18 %shl_ln, i18 %mul_ln68" [D:/Vivado/Vitis_HLS/2023.1/common/technology/autopilot/etc/hls_cordic_apfixed.h:68->D:/Vivado/Vitis_HLS/2023.1/common/technology/autopilot/etc/hls_cordic_apfixed.h:243->D:/Vivado/Vitis_HLS/2023.1/common/technology/autopilot\hls_math.h:1937]   --->   Operation 35 'add' 'add_ln68' <Predicate = true> <Delay = 2.10> <CoreInst = "DSP48">   --->   Core 119 'DSP48' <Latency = 3> <II = 1> <Delay = 2.15> <IPBlock> <Opcode : '<invalid operator> ' 'mul' 'add' 'sub' 'select'> <InPorts = 0> <OutPorts = 1> <Sync> <CReg>
ST_6 : Operation 36 [1/1] (0.00ns)   --->   "%r = partselect i17 @_ssdm_op_PartSelect.i17.i18.i32.i32, i18 %add_ln68, i32 1, i32 17" [D:/Vivado/Vitis_HLS/2023.1/common/technology/autopilot/etc/hls_cordic_apfixed.h:68->D:/Vivado/Vitis_HLS/2023.1/common/technology/autopilot/etc/hls_cordic_apfixed.h:243->D:/Vivado/Vitis_HLS/2023.1/common/technology/autopilot\hls_math.h:1937]   --->   Operation 36 'partselect' 'r' <Predicate = (icmp_ln251)> <Delay = 0.00>
ST_6 : Operation 37 [1/1] (0.00ns)   --->   "%zext_ln68_1 = zext i17 %r" [D:/Vivado/Vitis_HLS/2023.1/common/technology/autopilot/etc/hls_cordic_apfixed.h:68->D:/Vivado/Vitis_HLS/2023.1/common/technology/autopilot/etc/hls_cordic_apfixed.h:243->D:/Vivado/Vitis_HLS/2023.1/common/technology/autopilot\hls_math.h:1937]   --->   Operation 37 'zext' 'zext_ln68_1' <Predicate = (icmp_ln251)> <Delay = 0.00>
ST_6 : Operation 38 [1/1] (2.13ns)   --->   "%sub_ln254 = sub i18 102943, i18 %zext_ln68_1" [D:/Vivado/Vitis_HLS/2023.1/common/technology/autopilot/etc/hls_cordic_apfixed.h:254->D:/Vivado/Vitis_HLS/2023.1/common/technology/autopilot\hls_math.h:1937]   --->   Operation 38 'sub' 'sub_ln254' <Predicate = (icmp_ln251)> <Delay = 2.13> <CoreInst = "Adder">   --->   Core 1 'Adder' <Latency = 0> <II = 1> <Delay = 2.13> <FuncUnit> <Opcode : 'add' 'sub'> <InPorts = 2> <OutPorts = 1>
ST_6 : Operation 39 [1/1] (0.00ns)   --->   "%tmp_1 = partselect i16 @_ssdm_op_PartSelect.i16.i18.i32.i32, i18 %add_ln68, i32 2, i32 17" [D:/Vivado/Vitis_HLS/2023.1/common/technology/autopilot/etc/hls_cordic_apfixed.h:257->D:/Vivado/Vitis_HLS/2023.1/common/technology/autopilot\hls_math.h:1937]   --->   Operation 39 'partselect' 'tmp_1' <Predicate = (!icmp_ln251)> <Delay = 0.00>
ST_6 : Operation 40 [1/1] (0.00ns)   --->   "%zext_ln257 = zext i16 %tmp_1" [D:/Vivado/Vitis_HLS/2023.1/common/technology/autopilot/etc/hls_cordic_apfixed.h:257->D:/Vivado/Vitis_HLS/2023.1/common/technology/autopilot\hls_math.h:1937]   --->   Operation 40 'zext' 'zext_ln257' <Predicate = (!icmp_ln251)> <Delay = 0.00>
ST_6 : Operation 41 [1/1] (0.00ns)   --->   "%tmp_2 = partselect i17 @_ssdm_op_PartSelect.i17.i18.i32.i32, i18 %sub_ln254, i32 1, i32 17" [D:/Vivado/Vitis_HLS/2023.1/common/technology/autopilot/etc/hls_cordic_apfixed.h:257->D:/Vivado/Vitis_HLS/2023.1/common/technology/autopilot\hls_math.h:1937]   --->   Operation 41 'partselect' 'tmp_2' <Predicate = (icmp_ln251)> <Delay = 0.00>
ST_6 : Operation 42 [1/1] (0.78ns)   --->   "%z = select i1 %icmp_ln251, i17 %tmp_2, i17 %zext_ln257" [D:/Vivado/Vitis_HLS/2023.1/common/technology/autopilot/etc/hls_cordic_apfixed.h:251->D:/Vivado/Vitis_HLS/2023.1/common/technology/autopilot\hls_math.h:1937]   --->   Operation 42 'select' 'z' <Predicate = true> <Delay = 0.78> <CoreInst = "Sel">   --->   Core 73 'Sel' <Latency = 0> <II = 1> <Delay = 0.78> <FuncUnit> <Opcode : 'select'> <InPorts = 3> <OutPorts = 1>

State 7 <SV = 6> <Delay = 6.87>
ST_7 : Operation 43 [14/14] (6.87ns)   --->   "%call_ret = call i36 @cordic_circ_apfixed<18, 3, 0>, i17 %z" [D:/Vivado/Vitis_HLS/2023.1/common/technology/autopilot/etc/hls_cordic_apfixed.h:266->D:/Vivado/Vitis_HLS/2023.1/common/technology/autopilot\hls_math.h:1937]   --->   Operation 43 'call' 'call_ret' <Predicate = true> <Delay = 6.87> <CoreType = "Generic">   --->   Core 0 '' <Latency = 0> <II = 1> <Delay = 1.00> <Generic> <Opcode : >

State 8 <SV = 7> <Delay = 7.10>
ST_8 : Operation 44 [13/14] (7.10ns)   --->   "%call_ret = call i36 @cordic_circ_apfixed<18, 3, 0>, i17 %z" [D:/Vivado/Vitis_HLS/2023.1/common/technology/autopilot/etc/hls_cordic_apfixed.h:266->D:/Vivado/Vitis_HLS/2023.1/common/technology/autopilot\hls_math.h:1937]   --->   Operation 44 'call' 'call_ret' <Predicate = true> <Delay = 7.10> <CoreType = "Generic">   --->   Core 0 '' <Latency = 0> <II = 1> <Delay = 1.00> <Generic> <Opcode : >

State 9 <SV = 8> <Delay = 7.10>
ST_9 : Operation 45 [12/14] (7.10ns)   --->   "%call_ret = call i36 @cordic_circ_apfixed<18, 3, 0>, i17 %z" [D:/Vivado/Vitis_HLS/2023.1/common/technology/autopilot/etc/hls_cordic_apfixed.h:266->D:/Vivado/Vitis_HLS/2023.1/common/technology/autopilot\hls_math.h:1937]   --->   Operation 45 'call' 'call_ret' <Predicate = true> <Delay = 7.10> <CoreType = "Generic">   --->   Core 0 '' <Latency = 0> <II = 1> <Delay = 1.00> <Generic> <Opcode : >

State 10 <SV = 9> <Delay = 7.10>
ST_10 : Operation 46 [11/14] (7.10ns)   --->   "%call_ret = call i36 @cordic_circ_apfixed<18, 3, 0>, i17 %z" [D:/Vivado/Vitis_HLS/2023.1/common/technology/autopilot/etc/hls_cordic_apfixed.h:266->D:/Vivado/Vitis_HLS/2023.1/common/technology/autopilot\hls_math.h:1937]   --->   Operation 46 'call' 'call_ret' <Predicate = true> <Delay = 7.10> <CoreType = "Generic">   --->   Core 0 '' <Latency = 0> <II = 1> <Delay = 1.00> <Generic> <Opcode : >

State 11 <SV = 10> <Delay = 7.10>
ST_11 : Operation 47 [10/14] (7.10ns)   --->   "%call_ret = call i36 @cordic_circ_apfixed<18, 3, 0>, i17 %z" [D:/Vivado/Vitis_HLS/2023.1/common/technology/autopilot/etc/hls_cordic_apfixed.h:266->D:/Vivado/Vitis_HLS/2023.1/common/technology/autopilot\hls_math.h:1937]   --->   Operation 47 'call' 'call_ret' <Predicate = true> <Delay = 7.10> <CoreType = "Generic">   --->   Core 0 '' <Latency = 0> <II = 1> <Delay = 1.00> <Generic> <Opcode : >

State 12 <SV = 11> <Delay = 7.10>
ST_12 : Operation 48 [9/14] (7.10ns)   --->   "%call_ret = call i36 @cordic_circ_apfixed<18, 3, 0>, i17 %z" [D:/Vivado/Vitis_HLS/2023.1/common/technology/autopilot/etc/hls_cordic_apfixed.h:266->D:/Vivado/Vitis_HLS/2023.1/common/technology/autopilot\hls_math.h:1937]   --->   Operation 48 'call' 'call_ret' <Predicate = true> <Delay = 7.10> <CoreType = "Generic">   --->   Core 0 '' <Latency = 0> <II = 1> <Delay = 1.00> <Generic> <Opcode : >

State 13 <SV = 12> <Delay = 7.10>
ST_13 : Operation 49 [8/14] (7.10ns)   --->   "%call_ret = call i36 @cordic_circ_apfixed<18, 3, 0>, i17 %z" [D:/Vivado/Vitis_HLS/2023.1/common/technology/autopilot/etc/hls_cordic_apfixed.h:266->D:/Vivado/Vitis_HLS/2023.1/common/technology/autopilot\hls_math.h:1937]   --->   Operation 49 'call' 'call_ret' <Predicate = true> <Delay = 7.10> <CoreType = "Generic">   --->   Core 0 '' <Latency = 0> <II = 1> <Delay = 1.00> <Generic> <Opcode : >

State 14 <SV = 13> <Delay = 7.10>
ST_14 : Operation 50 [7/14] (7.10ns)   --->   "%call_ret = call i36 @cordic_circ_apfixed<18, 3, 0>, i17 %z" [D:/Vivado/Vitis_HLS/2023.1/common/technology/autopilot/etc/hls_cordic_apfixed.h:266->D:/Vivado/Vitis_HLS/2023.1/common/technology/autopilot\hls_math.h:1937]   --->   Operation 50 'call' 'call_ret' <Predicate = true> <Delay = 7.10> <CoreType = "Generic">   --->   Core 0 '' <Latency = 0> <II = 1> <Delay = 1.00> <Generic> <Opcode : >

State 15 <SV = 14> <Delay = 7.10>
ST_15 : Operation 51 [6/14] (7.10ns)   --->   "%call_ret = call i36 @cordic_circ_apfixed<18, 3, 0>, i17 %z" [D:/Vivado/Vitis_HLS/2023.1/common/technology/autopilot/etc/hls_cordic_apfixed.h:266->D:/Vivado/Vitis_HLS/2023.1/common/technology/autopilot\hls_math.h:1937]   --->   Operation 51 'call' 'call_ret' <Predicate = true> <Delay = 7.10> <CoreType = "Generic">   --->   Core 0 '' <Latency = 0> <II = 1> <Delay = 1.00> <Generic> <Opcode : >

State 16 <SV = 15> <Delay = 7.10>
ST_16 : Operation 52 [5/14] (7.10ns)   --->   "%call_ret = call i36 @cordic_circ_apfixed<18, 3, 0>, i17 %z" [D:/Vivado/Vitis_HLS/2023.1/common/technology/autopilot/etc/hls_cordic_apfixed.h:266->D:/Vivado/Vitis_HLS/2023.1/common/technology/autopilot\hls_math.h:1937]   --->   Operation 52 'call' 'call_ret' <Predicate = true> <Delay = 7.10> <CoreType = "Generic">   --->   Core 0 '' <Latency = 0> <II = 1> <Delay = 1.00> <Generic> <Opcode : >

State 17 <SV = 16> <Delay = 7.10>
ST_17 : Operation 53 [4/14] (7.10ns)   --->   "%call_ret = call i36 @cordic_circ_apfixed<18, 3, 0>, i17 %z" [D:/Vivado/Vitis_HLS/2023.1/common/technology/autopilot/etc/hls_cordic_apfixed.h:266->D:/Vivado/Vitis_HLS/2023.1/common/technology/autopilot\hls_math.h:1937]   --->   Operation 53 'call' 'call_ret' <Predicate = true> <Delay = 7.10> <CoreType = "Generic">   --->   Core 0 '' <Latency = 0> <II = 1> <Delay = 1.00> <Generic> <Opcode : >

State 18 <SV = 17> <Delay = 7.10>
ST_18 : Operation 54 [3/14] (7.10ns)   --->   "%call_ret = call i36 @cordic_circ_apfixed<18, 3, 0>, i17 %z" [D:/Vivado/Vitis_HLS/2023.1/common/technology/autopilot/etc/hls_cordic_apfixed.h:266->D:/Vivado/Vitis_HLS/2023.1/common/technology/autopilot\hls_math.h:1937]   --->   Operation 54 'call' 'call_ret' <Predicate = true> <Delay = 7.10> <CoreType = "Generic">   --->   Core 0 '' <Latency = 0> <II = 1> <Delay = 1.00> <Generic> <Opcode : >

State 19 <SV = 18> <Delay = 7.10>
ST_19 : Operation 55 [2/14] (7.10ns)   --->   "%call_ret = call i36 @cordic_circ_apfixed<18, 3, 0>, i17 %z" [D:/Vivado/Vitis_HLS/2023.1/common/technology/autopilot/etc/hls_cordic_apfixed.h:266->D:/Vivado/Vitis_HLS/2023.1/common/technology/autopilot\hls_math.h:1937]   --->   Operation 55 'call' 'call_ret' <Predicate = true> <Delay = 7.10> <CoreType = "Generic">   --->   Core 0 '' <Latency = 0> <II = 1> <Delay = 1.00> <Generic> <Opcode : >

State 20 <SV = 19> <Delay = 7.10>
ST_20 : Operation 56 [1/14] (7.10ns)   --->   "%call_ret = call i36 @cordic_circ_apfixed<18, 3, 0>, i17 %z" [D:/Vivado/Vitis_HLS/2023.1/common/technology/autopilot/etc/hls_cordic_apfixed.h:266->D:/Vivado/Vitis_HLS/2023.1/common/technology/autopilot\hls_math.h:1937]   --->   Operation 56 'call' 'call_ret' <Predicate = true> <Delay = 7.10> <CoreType = "Generic">   --->   Core 0 '' <Latency = 0> <II = 1> <Delay = 1.00> <Generic> <Opcode : >

State 21 <SV = 20> <Delay = 1.81>
ST_21 : Operation 57 [1/1] (0.00ns) (grouped into LUT with out node sub_ln292)   --->   "%y = extractvalue i36 %call_ret" [D:/Vivado/Vitis_HLS/2023.1/common/technology/autopilot/etc/hls_cordic_apfixed.h:266->D:/Vivado/Vitis_HLS/2023.1/common/technology/autopilot\hls_math.h:1937]   --->   Operation 57 'extractvalue' 'y' <Predicate = true> <Delay = 0.00>
ST_21 : Operation 58 [1/1] (0.00ns) (grouped into LUT with out node sub_ln292)   --->   "%trunc_ln = partselect i14 @_ssdm_op_PartSelect.i14.i18.i32.i32, i18 %y, i32 3, i32 16" [D:/Vivado/Vitis_HLS/2023.1/common/technology/autopilot/etc/hls_cordic_apfixed.h:279->D:/Vivado/Vitis_HLS/2023.1/common/technology/autopilot\hls_math.h:1937]   --->   Operation 58 'partselect' 'trunc_ln' <Predicate = true> <Delay = 0.00>
ST_21 : Operation 59 [1/1] (1.81ns) (out node of the LUT)   --->   "%sub_ln292 = sub i14 0, i14 %trunc_ln" [D:/Vivado/Vitis_HLS/2023.1/common/technology/autopilot/etc/hls_cordic_apfixed.h:292->D:/Vivado/Vitis_HLS/2023.1/common/technology/autopilot\hls_math.h:1937]   --->   Operation 59 'sub' 'sub_ln292' <Predicate = true> <Delay = 1.81> <CoreInst = "Adder">   --->   Core 1 'Adder' <Latency = 0> <II = 1> <Delay = 1.81> <FuncUnit> <Opcode : 'add' 'sub'> <InPorts = 2> <OutPorts = 1>
ST_21 : Operation 60 [1/1] (0.00ns)   --->   "%ret_ln1939 = ret i14 %sub_ln292" [D:/Vivado/Vitis_HLS/2023.1/common/technology/autopilot\hls_math.h:1939]   --->   Operation 60 'ret' 'ret_ln1939' <Predicate = true> <Delay = 0.00>


============================================================
+ Verbose Summary: Timing violations
============================================================
Target clock period: 10.000ns, clock uncertainty: 2.700ns.

 <State 1>: 1.812ns
The critical path consists of the following:
	wire read operation ('x_val_read') on port 'x_val' [2]  (0.000 ns)
	'sub' operation ('x', D:/Vivado/Vitis_HLS/2023.1/common/technology/autopilot/etc/hls_cordic_apfixed.h:237->D:/Vivado/Vitis_HLS/2023.1/common/technology/autopilot\hls_math.h:1937) [3]  (1.812 ns)

 <State 2>: 6.320ns
The critical path consists of the following:
	'mul' operation ('mul_ln64', D:/Vivado/Vitis_HLS/2023.1/common/technology/autopilot/etc/hls_cordic_apfixed.h:64->D:/Vivado/Vitis_HLS/2023.1/common/technology/autopilot/etc/hls_cordic_apfixed.h:243->D:/Vivado/Vitis_HLS/2023.1/common/technology/autopilot\hls_math.h:1937) [5]  (6.320 ns)

 <State 3>: 1.565ns
The critical path consists of the following:
	'icmp' operation ('icmp_ln251', D:/Vivado/Vitis_HLS/2023.1/common/technology/autopilot/etc/hls_cordic_apfixed.h:251->D:/Vivado/Vitis_HLS/2023.1/common/technology/autopilot\hls_math.h:1937) [15]  (1.565 ns)

 <State 4>: 1.050ns
The critical path consists of the following:
	'mul' operation of DSP[11] ('mul_ln68', D:/Vivado/Vitis_HLS/2023.1/common/technology/autopilot/etc/hls_cordic_apfixed.h:68->D:/Vivado/Vitis_HLS/2023.1/common/technology/autopilot/etc/hls_cordic_apfixed.h:243->D:/Vivado/Vitis_HLS/2023.1/common/technology/autopilot\hls_math.h:1937) [10]  (1.050 ns)

 <State 5>: 2.100ns
The critical path consists of the following:
	'add' operation of DSP[11] ('add_ln68', D:/Vivado/Vitis_HLS/2023.1/common/technology/autopilot/etc/hls_cordic_apfixed.h:68->D:/Vivado/Vitis_HLS/2023.1/common/technology/autopilot/etc/hls_cordic_apfixed.h:243->D:/Vivado/Vitis_HLS/2023.1/common/technology/autopilot\hls_math.h:1937) [11]  (2.100 ns)

 <State 6>: 5.017ns
The critical path consists of the following:
	'add' operation of DSP[11] ('add_ln68', D:/Vivado/Vitis_HLS/2023.1/common/technology/autopilot/etc/hls_cordic_apfixed.h:68->D:/Vivado/Vitis_HLS/2023.1/common/technology/autopilot/etc/hls_cordic_apfixed.h:243->D:/Vivado/Vitis_HLS/2023.1/common/technology/autopilot\hls_math.h:1937) [11]  (2.100 ns)
	'sub' operation ('sub_ln254', D:/Vivado/Vitis_HLS/2023.1/common/technology/autopilot/etc/hls_cordic_apfixed.h:254->D:/Vivado/Vitis_HLS/2023.1/common/technology/autopilot\hls_math.h:1937) [14]  (2.136 ns)
	'select' operation ('z', D:/Vivado/Vitis_HLS/2023.1/common/technology/autopilot/etc/hls_cordic_apfixed.h:251->D:/Vivado/Vitis_HLS/2023.1/common/technology/autopilot\hls_math.h:1937) [19]  (0.781 ns)

 <State 7>: 6.873ns
The critical path consists of the following:
	'call' operation ('call_ret', D:/Vivado/Vitis_HLS/2023.1/common/technology/autopilot/etc/hls_cordic_apfixed.h:266->D:/Vivado/Vitis_HLS/2023.1/common/technology/autopilot\hls_math.h:1937) to 'cordic_circ_apfixed<18, 3, 0>' [20]  (6.873 ns)

 <State 8>: 7.101ns
The critical path consists of the following:
	'call' operation ('call_ret', D:/Vivado/Vitis_HLS/2023.1/common/technology/autopilot/etc/hls_cordic_apfixed.h:266->D:/Vivado/Vitis_HLS/2023.1/common/technology/autopilot\hls_math.h:1937) to 'cordic_circ_apfixed<18, 3, 0>' [20]  (7.101 ns)

 <State 9>: 7.101ns
The critical path consists of the following:
	'call' operation ('call_ret', D:/Vivado/Vitis_HLS/2023.1/common/technology/autopilot/etc/hls_cordic_apfixed.h:266->D:/Vivado/Vitis_HLS/2023.1/common/technology/autopilot\hls_math.h:1937) to 'cordic_circ_apfixed<18, 3, 0>' [20]  (7.101 ns)

 <State 10>: 7.101ns
The critical path consists of the following:
	'call' operation ('call_ret', D:/Vivado/Vitis_HLS/2023.1/common/technology/autopilot/etc/hls_cordic_apfixed.h:266->D:/Vivado/Vitis_HLS/2023.1/common/technology/autopilot\hls_math.h:1937) to 'cordic_circ_apfixed<18, 3, 0>' [20]  (7.101 ns)

 <State 11>: 7.101ns
The critical path consists of the following:
	'call' operation ('call_ret', D:/Vivado/Vitis_HLS/2023.1/common/technology/autopilot/etc/hls_cordic_apfixed.h:266->D:/Vivado/Vitis_HLS/2023.1/common/technology/autopilot\hls_math.h:1937) to 'cordic_circ_apfixed<18, 3, 0>' [20]  (7.101 ns)

 <State 12>: 7.101ns
The critical path consists of the following:
	'call' operation ('call_ret', D:/Vivado/Vitis_HLS/2023.1/common/technology/autopilot/etc/hls_cordic_apfixed.h:266->D:/Vivado/Vitis_HLS/2023.1/common/technology/autopilot\hls_math.h:1937) to 'cordic_circ_apfixed<18, 3, 0>' [20]  (7.101 ns)

 <State 13>: 7.101ns
The critical path consists of the following:
	'call' operation ('call_ret', D:/Vivado/Vitis_HLS/2023.1/common/technology/autopilot/etc/hls_cordic_apfixed.h:266->D:/Vivado/Vitis_HLS/2023.1/common/technology/autopilot\hls_math.h:1937) to 'cordic_circ_apfixed<18, 3, 0>' [20]  (7.101 ns)

 <State 14>: 7.101ns
The critical path consists of the following:
	'call' operation ('call_ret', D:/Vivado/Vitis_HLS/2023.1/common/technology/autopilot/etc/hls_cordic_apfixed.h:266->D:/Vivado/Vitis_HLS/2023.1/common/technology/autopilot\hls_math.h:1937) to 'cordic_circ_apfixed<18, 3, 0>' [20]  (7.101 ns)

 <State 15>: 7.101ns
The critical path consists of the following:
	'call' operation ('call_ret', D:/Vivado/Vitis_HLS/2023.1/common/technology/autopilot/etc/hls_cordic_apfixed.h:266->D:/Vivado/Vitis_HLS/2023.1/common/technology/autopilot\hls_math.h:1937) to 'cordic_circ_apfixed<18, 3, 0>' [20]  (7.101 ns)

 <State 16>: 7.101ns
The critical path consists of the following:
	'call' operation ('call_ret', D:/Vivado/Vitis_HLS/2023.1/common/technology/autopilot/etc/hls_cordic_apfixed.h:266->D:/Vivado/Vitis_HLS/2023.1/common/technology/autopilot\hls_math.h:1937) to 'cordic_circ_apfixed<18, 3, 0>' [20]  (7.101 ns)

 <State 17>: 7.101ns
The critical path consists of the following:
	'call' operation ('call_ret', D:/Vivado/Vitis_HLS/2023.1/common/technology/autopilot/etc/hls_cordic_apfixed.h:266->D:/Vivado/Vitis_HLS/2023.1/common/technology/autopilot\hls_math.h:1937) to 'cordic_circ_apfixed<18, 3, 0>' [20]  (7.101 ns)

 <State 18>: 7.101ns
The critical path consists of the following:
	'call' operation ('call_ret', D:/Vivado/Vitis_HLS/2023.1/common/technology/autopilot/etc/hls_cordic_apfixed.h:266->D:/Vivado/Vitis_HLS/2023.1/common/technology/autopilot\hls_math.h:1937) to 'cordic_circ_apfixed<18, 3, 0>' [20]  (7.101 ns)

 <State 19>: 7.101ns
The critical path consists of the following:
	'call' operation ('call_ret', D:/Vivado/Vitis_HLS/2023.1/common/technology/autopilot/etc/hls_cordic_apfixed.h:266->D:/Vivado/Vitis_HLS/2023.1/common/technology/autopilot\hls_math.h:1937) to 'cordic_circ_apfixed<18, 3, 0>' [20]  (7.101 ns)

 <State 20>: 7.101ns
The critical path consists of the following:
	'call' operation ('call_ret', D:/Vivado/Vitis_HLS/2023.1/common/technology/autopilot/etc/hls_cordic_apfixed.h:266->D:/Vivado/Vitis_HLS/2023.1/common/technology/autopilot\hls_math.h:1937) to 'cordic_circ_apfixed<18, 3, 0>' [20]  (7.101 ns)

 <State 21>: 1.812ns
The critical path consists of the following:
	'sub' operation ('sub_ln292', D:/Vivado/Vitis_HLS/2023.1/common/technology/autopilot/etc/hls_cordic_apfixed.h:292->D:/Vivado/Vitis_HLS/2023.1/common/technology/autopilot\hls_math.h:1937) [23]  (1.812 ns)


============================================================
+ Verbose Summary: Binding
============================================================
N/A
* FSMD analyzer results:
  - Output states:
 - Input state : 
  - Chain level:
	State 1
	State 2
	State 3
	State 4
	State 5
	State 6
	State 7
	State 8
	State 9
	State 10
	State 11
	State 12
	State 13
	State 14
	State 15
	State 16
	State 17
	State 18
	State 19
	State 20
	State 21


============================================================
+ Verbose Summary: Datapath Resource usage 
============================================================
N/A
