INFO: [SIM 2] *************** CSIM start ***************
INFO: [SIM 4] CSIM will launch GCC as the compiler.
   Compiling ../../../../fft32_tb.cpp in debug mode
   Compiling ../../../../FFT32_sol.cpp in debug mode
   Generating csim.exe
Mismatch at index 0: Expected (1, 0), Got (4, 0.000732422) Error: (3, 0.000732422)
Mismatch at index 1: Expected (1, 0), Got (0, -0.000244141) Error: (1, 0.000244141)
Mismatch at index 2: Expected (1, 0), Got (0, -0.000244141) Error: (1, 0.000244141)
Mismatch at index 3: Expected (1, 0), Got (0, -0.000244141) Error: (1, 0.000244141)
Mismatch at index 4: Expected (1, 0), Got (0, 0) Error: (1, 0)
Mismatch at index 5: Expected (1, 0), Got (0, 0) Error: (1, 0)
Mismatch at index 6: Expected (1, 0), Got (0, 0) Error: (1, 0)
Mismatch at index 7: Expected (1, 0), Got (0, 0) Error: (1, 0)
Mismatch at index 8: Expected (1, 0), Got (0, 0) Error: (1, 0)
Mismatch at index 9: Expected (1, 0), Got (0, 0) Error: (1, 0)
Mismatch at index 10: Expected (1, 0), Got (0, 0) Error: (1, 0)
Mismatch at index 11: Expected (1, 0), Got (0, 0) Error: (1, 0)
Mismatch at index 12: Expected (1, 0), Got (0, 0) Error: (1, 0)
Mismatch at index 13: Expected (1, 0), Got (0, 0) Error: (1, 0)
Mismatch at index 14: Expected (1, 0), Got (0, 0) Error: (1, 0)
Mismatch at index 15: Expected (1, 0), Got (0, 0) Error: (1, 0)
Mismatch at index 16: Expected (1, 0), Got (4, 0.000732422) Error: (3, 0.000732422)
Mismatch at index 17: Expected (1, 0), Got (0, -0.000244141) Error: (1, 0.000244141)
Mismatch at index 18: Expected (1, 0), Got (0, -0.000244141) Error: (1, 0.000244141)
Mismatch at index 19: Expected (1, 0), Got (0, -0.000244141) Error: (1, 0.000244141)
Mismatch at index 20: Expected (1, 0), Got (0, 0) Error: (1, 0)
Mismatch at index 21: Expected (1, 0), Got (0, 0) Error: (1, 0)
Mismatch at index 22: Expected (1, 0), Got (0, 0) Error: (1, 0)
Mismatch at index 23: Expected (1, 0), Got (0, 0) Error: (1, 0)
Mismatch at index 24: Expected (1, 0), Got (0, 0) Error: (1, 0)
Mismatch at index 25: Expected (1, 0), Got (0, 0) Error: (1, 0)
Mismatch at index 26: Expected (1, 0), Got (0, 0) Error: (1, 0)
Mismatch at index 27: Expected (1, 0), Got (0, 0) Error: (1, 0)
Mismatch at index 28: Expected (1, 0), Got (0, 0) Error: (1, 0)
Mismatch at index 29: Expected (1, 0), Got (0, 0) Error: (1, 0)
Mismatch at index 30: Expected (1, 0), Got (0, 0) Error: (1, 0)
Mismatch at index 31: Expected (1, 0), Got (0, 0) Error: (1, 0)
Test Failed - Errors exceed tolerance
INFO [HLS SIM]: The maximum depth reached by any hls::stream() instance in the design is 32
ERR: [SIM 100] 'csim_design' failed: nonzero return value.
INFO: [SIM 3] *************** CSIM finish ***************
