

================================================================
== Vitis HLS Report for 'fft32'
================================================================
* Date:           Wed Jun 25 08:56:59 2025

* Version:        2023.1 (Build 3854077 on May  4 2023)
* Project:        FFT_sol_2
* Solution:       opt3_overall_pipeline (Vivado IP Flow Target)
* Product family: zynq
* Target device:  xc7z030-sbv485-1


================================================================
== Performance Estimates
================================================================
+ Timing: 
    * Summary: 
    +--------+----------+----------+------------+
    |  Clock |  Target  | Estimated| Uncertainty|
    +--------+----------+----------+------------+
    |ap_clk  |  10.00 ns|  7.101 ns|     2.70 ns|
    +--------+----------+----------+------------+

+ Latency: 
    * Summary: 
    +---------+---------+----------+----------+-----+-----+---------+
    |  Latency (cycles) |  Latency (absolute) |  Interval | Pipeline|
    |   min   |   max   |    min   |    max   | min | max |   Type  |
    +---------+---------+----------+----------+-----+-----+---------+
    |       72|       72|  0.720 us|  0.720 us|   32|   32|      yes|
    +---------+---------+----------+----------+-----+-----+---------+

    + Detail: 
        * Instance: 
        +-----------------------+------------+---------+---------+----------+----------+-----+-----+---------+
        |                       |            |  Latency (cycles) |  Latency (absolute) |  Interval | Pipeline|
        |        Instance       |   Module   |   min   |   max   |    min   |    max   | min | max |   Type  |
        +-----------------------+------------+---------+---------+----------+----------+-----+-----+---------+
        |grp_cos_16_4_s_fu_101  |cos_16_4_s  |       20|       20|  0.200 us|  0.200 us|    2|    2|      yes|
        |grp_sin_16_4_s_fu_122  |sin_16_4_s  |       20|       20|  0.200 us|  0.200 us|    2|    2|      yes|
        +-----------------------+------------+---------+---------+----------+----------+-----+-----+---------+

        * Loop: 
        N/A



================================================================
== Utilization Estimates
================================================================
* Summary: 
+-----------------+---------+-----+--------+-------+-----+
|       Name      | BRAM_18K| DSP |   FF   |  LUT  | URAM|
+-----------------+---------+-----+--------+-------+-----+
|DSP              |        -|   80|       -|      -|    -|
|Expression       |        -|    -|       0|   7374|    -|
|FIFO             |        -|    -|       -|      -|    -|
|Instance         |        -|   84|    2110|   6749|    -|
|Memory           |        -|    -|       -|      -|    -|
|Multiplexer      |        -|    -|       -|    483|    -|
|Register         |        -|    -|    8872|      -|    -|
+-----------------+---------+-----+--------+-------+-----+
|Total            |        0|  164|   10982|  14606|    0|
+-----------------+---------+-----+--------+-------+-----+
|Available        |      530|  400|  157200|  78600|    0|
+-----------------+---------+-----+--------+-------+-----+
|Utilization (%)  |        0|   41|       6|     18|    0|
+-----------------+---------+-----+--------+-------+-----+

+ Detail: 
    * Instance: 
    +------------------------+--------------------+---------+----+------+------+-----+
    |        Instance        |       Module       | BRAM_18K| DSP|  FF  |  LUT | URAM|
    +------------------------+--------------------+---------+----+------+------+-----+
    |grp_cos_16_4_s_fu_101   |cos_16_4_s          |        0|   2|  1086|  3161|    0|
    |mul_16s_14s_28_1_1_U10  |mul_16s_14s_28_1_1  |        0|   1|     0|     6|    0|
    |mul_16s_14s_28_1_1_U11  |mul_16s_14s_28_1_1  |        0|   1|     0|     6|    0|
    |mul_16s_14s_28_1_1_U12  |mul_16s_14s_28_1_1  |        0|   1|     0|     6|    0|
    |mul_16s_14s_28_1_1_U13  |mul_16s_14s_28_1_1  |        0|   1|     0|     6|    0|
    |mul_16s_14s_28_1_1_U14  |mul_16s_14s_28_1_1  |        0|   1|     0|     6|    0|
    |mul_16s_14s_28_1_1_U15  |mul_16s_14s_28_1_1  |        0|   1|     0|     6|    0|
    |mul_16s_14s_28_1_1_U16  |mul_16s_14s_28_1_1  |        0|   1|     0|     6|    0|
    |mul_16s_14s_28_1_1_U17  |mul_16s_14s_28_1_1  |        0|   1|     0|     6|    0|
    |mul_16s_14s_28_1_1_U18  |mul_16s_14s_28_1_1  |        0|   1|     0|     6|    0|
    |mul_16s_14s_28_1_1_U19  |mul_16s_14s_28_1_1  |        0|   1|     0|     6|    0|
    |mul_16s_14s_28_1_1_U20  |mul_16s_14s_28_1_1  |        0|   1|     0|     6|    0|
    |mul_16s_14s_28_1_1_U21  |mul_16s_14s_28_1_1  |        0|   1|     0|     6|    0|
    |mul_16s_14s_28_1_1_U22  |mul_16s_14s_28_1_1  |        0|   1|     0|     6|    0|
    |mul_16s_14s_28_1_1_U23  |mul_16s_14s_28_1_1  |        0|   1|     0|     6|    0|
    |mul_16s_14s_28_1_1_U24  |mul_16s_14s_28_1_1  |        0|   1|     0|     6|    0|
    |mul_16s_14s_28_1_1_U25  |mul_16s_14s_28_1_1  |        0|   1|     0|     6|    0|
    |mul_16s_14s_28_1_1_U26  |mul_16s_14s_28_1_1  |        0|   1|     0|     6|    0|
    |mul_16s_14s_28_1_1_U27  |mul_16s_14s_28_1_1  |        0|   1|     0|     6|    0|
    |mul_16s_14s_28_1_1_U28  |mul_16s_14s_28_1_1  |        0|   1|     0|     6|    0|
    |mul_16s_14s_28_1_1_U29  |mul_16s_14s_28_1_1  |        0|   1|     0|     6|    0|
    |mul_16s_14s_28_1_1_U30  |mul_16s_14s_28_1_1  |        0|   1|     0|     6|    0|
    |mul_16s_14s_28_1_1_U31  |mul_16s_14s_28_1_1  |        0|   1|     0|     6|    0|
    |mul_16s_14s_28_1_1_U32  |mul_16s_14s_28_1_1  |        0|   1|     0|     6|    0|
    |mul_16s_14s_28_1_1_U33  |mul_16s_14s_28_1_1  |        0|   1|     0|     6|    0|
    |mul_16s_14s_28_1_1_U34  |mul_16s_14s_28_1_1  |        0|   1|     0|     6|    0|
    |mul_16s_14s_28_1_1_U35  |mul_16s_14s_28_1_1  |        0|   1|     0|     6|    0|
    |mul_16s_14s_28_1_1_U36  |mul_16s_14s_28_1_1  |        0|   1|     0|     6|    0|
    |mul_16s_14s_28_1_1_U37  |mul_16s_14s_28_1_1  |        0|   1|     0|     6|    0|
    |mul_16s_14s_28_1_1_U38  |mul_16s_14s_28_1_1  |        0|   1|     0|     6|    0|
    |mul_16s_14s_28_1_1_U39  |mul_16s_14s_28_1_1  |        0|   1|     0|     6|    0|
    |mul_16s_14s_28_1_1_U40  |mul_16s_14s_28_1_1  |        0|   1|     0|     6|    0|
    |mul_16s_14s_28_1_1_U41  |mul_16s_14s_28_1_1  |        0|   1|     0|     6|    0|
    |mul_16s_14s_28_1_1_U42  |mul_16s_14s_28_1_1  |        0|   1|     0|     6|    0|
    |mul_16s_14s_28_1_1_U43  |mul_16s_14s_28_1_1  |        0|   1|     0|     6|    0|
    |mul_16s_14s_28_1_1_U44  |mul_16s_14s_28_1_1  |        0|   1|     0|     6|    0|
    |mul_16s_14s_28_1_1_U45  |mul_16s_14s_28_1_1  |        0|   1|     0|     6|    0|
    |mul_16s_14s_28_1_1_U46  |mul_16s_14s_28_1_1  |        0|   1|     0|     6|    0|
    |mul_16s_14s_28_1_1_U47  |mul_16s_14s_28_1_1  |        0|   1|     0|     6|    0|
    |mul_16s_14s_28_1_1_U48  |mul_16s_14s_28_1_1  |        0|   1|     0|     6|    0|
    |mul_16s_14s_28_1_1_U49  |mul_16s_14s_28_1_1  |        0|   1|     0|     6|    0|
    |mul_16s_14s_28_1_1_U50  |mul_16s_14s_28_1_1  |        0|   1|     0|     6|    0|
    |mul_16s_14s_28_1_1_U51  |mul_16s_14s_28_1_1  |        0|   1|     0|     6|    0|
    |mul_16s_14s_28_1_1_U52  |mul_16s_14s_28_1_1  |        0|   1|     0|     6|    0|
    |mul_16s_14s_28_1_1_U53  |mul_16s_14s_28_1_1  |        0|   1|     0|     6|    0|
    |mul_16s_14s_28_1_1_U54  |mul_16s_14s_28_1_1  |        0|   1|     0|     6|    0|
    |mul_16s_14s_28_1_1_U55  |mul_16s_14s_28_1_1  |        0|   1|     0|     6|    0|
    |mul_16s_14s_28_1_1_U56  |mul_16s_14s_28_1_1  |        0|   1|     0|     6|    0|
    |mul_16s_14s_28_1_1_U57  |mul_16s_14s_28_1_1  |        0|   1|     0|     6|    0|
    |mul_16s_14s_28_1_1_U58  |mul_16s_14s_28_1_1  |        0|   1|     0|     6|    0|
    |mul_16s_14s_28_1_1_U59  |mul_16s_14s_28_1_1  |        0|   1|     0|     6|    0|
    |mul_16s_14s_28_1_1_U60  |mul_16s_14s_28_1_1  |        0|   1|     0|     6|    0|
    |mul_16s_14s_28_1_1_U61  |mul_16s_14s_28_1_1  |        0|   1|     0|     6|    0|
    |mul_16s_14s_28_1_1_U62  |mul_16s_14s_28_1_1  |        0|   1|     0|     6|    0|
    |mul_16s_14s_28_1_1_U63  |mul_16s_14s_28_1_1  |        0|   1|     0|     6|    0|
    |mul_16s_14s_28_1_1_U64  |mul_16s_14s_28_1_1  |        0|   1|     0|     6|    0|
    |mul_16s_14s_28_1_1_U65  |mul_16s_14s_28_1_1  |        0|   1|     0|     6|    0|
    |mul_16s_14s_28_1_1_U66  |mul_16s_14s_28_1_1  |        0|   1|     0|     6|    0|
    |mul_16s_14s_28_1_1_U67  |mul_16s_14s_28_1_1  |        0|   1|     0|     6|    0|
    |mul_16s_14s_28_1_1_U68  |mul_16s_14s_28_1_1  |        0|   1|     0|     6|    0|
    |mul_16s_14s_28_1_1_U69  |mul_16s_14s_28_1_1  |        0|   1|     0|     6|    0|
    |mul_16s_14s_28_1_1_U70  |mul_16s_14s_28_1_1  |        0|   1|     0|     6|    0|
    |mul_16s_14s_28_1_1_U71  |mul_16s_14s_28_1_1  |        0|   1|     0|     6|    0|
    |mul_16s_14s_28_1_1_U72  |mul_16s_14s_28_1_1  |        0|   1|     0|     6|    0|
    |mul_16s_14s_28_1_1_U73  |mul_16s_14s_28_1_1  |        0|   1|     0|     6|    0|
    |mul_16s_14s_28_1_1_U74  |mul_16s_14s_28_1_1  |        0|   1|     0|     6|    0|
    |mul_16s_14s_28_1_1_U75  |mul_16s_14s_28_1_1  |        0|   1|     0|     6|    0|
    |mul_16s_14s_28_1_1_U76  |mul_16s_14s_28_1_1  |        0|   1|     0|     6|    0|
    |mul_16s_14s_28_1_1_U77  |mul_16s_14s_28_1_1  |        0|   1|     0|     6|    0|
    |mul_16s_14s_28_1_1_U78  |mul_16s_14s_28_1_1  |        0|   1|     0|     6|    0|
    |mul_16s_14s_28_1_1_U79  |mul_16s_14s_28_1_1  |        0|   1|     0|     6|    0|
    |mul_16s_14s_28_1_1_U80  |mul_16s_14s_28_1_1  |        0|   1|     0|     6|    0|
    |mul_16s_14s_28_1_1_U81  |mul_16s_14s_28_1_1  |        0|   1|     0|     6|    0|
    |mul_16s_14s_28_1_1_U82  |mul_16s_14s_28_1_1  |        0|   1|     0|     6|    0|
    |mul_16s_14s_28_1_1_U83  |mul_16s_14s_28_1_1  |        0|   1|     0|     6|    0|
    |mul_16s_14s_28_1_1_U84  |mul_16s_14s_28_1_1  |        0|   1|     0|     6|    0|
    |mul_16s_14s_28_1_1_U85  |mul_16s_14s_28_1_1  |        0|   1|     0|     6|    0|
    |mul_16s_14s_28_1_1_U86  |mul_16s_14s_28_1_1  |        0|   1|     0|     6|    0|
    |mul_16s_14s_28_1_1_U87  |mul_16s_14s_28_1_1  |        0|   1|     0|     6|    0|
    |mul_16s_14s_28_1_1_U88  |mul_16s_14s_28_1_1  |        0|   1|     0|     6|    0|
    |mul_16s_14s_28_1_1_U89  |mul_16s_14s_28_1_1  |        0|   1|     0|     6|    0|
    |grp_sin_16_4_s_fu_122   |sin_16_4_s          |        0|   2|  1024|  3108|    0|
    +------------------------+--------------------+---------+----+------+------+-----+
    |Total                   |                    |        0|  84|  2110|  6749|    0|
    +------------------------+--------------------+---------+----+------+------+-----+

    * DSP: 
    +------------------------------------+-------------------------------+--------------+
    |              Instance              |             Module            |  Expression  |
    +------------------------------------+-------------------------------+--------------+
    |mac_muladd_16s_14s_28s_28_4_1_U90   |mac_muladd_16s_14s_28s_28_4_1  |  i0 + i1 * i2|
    |mac_muladd_16s_14s_28s_28_4_1_U91   |mac_muladd_16s_14s_28s_28_4_1  |  i0 + i1 * i2|
    |mac_muladd_16s_14s_28s_28_4_1_U92   |mac_muladd_16s_14s_28s_28_4_1  |  i0 + i1 * i2|
    |mac_muladd_16s_14s_28s_28_4_1_U97   |mac_muladd_16s_14s_28s_28_4_1  |  i0 + i1 * i2|
    |mac_muladd_16s_14s_28s_28_4_1_U99   |mac_muladd_16s_14s_28s_28_4_1  |  i0 + i1 * i2|
    |mac_muladd_16s_14s_28s_28_4_1_U101  |mac_muladd_16s_14s_28s_28_4_1  |  i0 + i1 * i2|
    |mac_muladd_16s_14s_28s_28_4_1_U102  |mac_muladd_16s_14s_28s_28_4_1  |  i0 + i1 * i2|
    |mac_muladd_16s_14s_28s_28_4_1_U104  |mac_muladd_16s_14s_28s_28_4_1  |  i0 + i1 * i2|
    |mac_muladd_16s_14s_28s_28_4_1_U105  |mac_muladd_16s_14s_28s_28_4_1  |  i0 + i1 * i2|
    |mac_muladd_16s_14s_28s_28_4_1_U106  |mac_muladd_16s_14s_28s_28_4_1  |  i0 + i1 * i2|
    |mac_muladd_16s_14s_28s_28_4_1_U110  |mac_muladd_16s_14s_28s_28_4_1  |  i0 + i1 * i2|
    |mac_muladd_16s_14s_28s_28_4_1_U113  |mac_muladd_16s_14s_28s_28_4_1  |  i0 + i1 * i2|
    |mac_muladd_16s_14s_28s_28_4_1_U115  |mac_muladd_16s_14s_28s_28_4_1  |  i0 + i1 * i2|
    |mac_muladd_16s_14s_28s_28_4_1_U117  |mac_muladd_16s_14s_28s_28_4_1  |  i0 + i1 * i2|
    |mac_muladd_16s_14s_28s_28_4_1_U119  |mac_muladd_16s_14s_28s_28_4_1  |  i0 + i1 * i2|
    |mac_muladd_16s_14s_28s_28_4_1_U120  |mac_muladd_16s_14s_28s_28_4_1  |  i0 + i1 * i2|
    |mac_muladd_16s_14s_28s_28_4_1_U122  |mac_muladd_16s_14s_28s_28_4_1  |  i0 + i1 * i2|
    |mac_muladd_16s_14s_28s_28_4_1_U123  |mac_muladd_16s_14s_28s_28_4_1  |  i0 + i1 * i2|
    |mac_muladd_16s_14s_28s_28_4_1_U124  |mac_muladd_16s_14s_28s_28_4_1  |  i0 + i1 * i2|
    |mac_muladd_16s_14s_28s_28_4_1_U128  |mac_muladd_16s_14s_28s_28_4_1  |  i0 + i1 * i2|
    |mac_muladd_16s_14s_28s_28_4_1_U131  |mac_muladd_16s_14s_28s_28_4_1  |  i0 + i1 * i2|
    |mac_muladd_16s_14s_28s_28_4_1_U134  |mac_muladd_16s_14s_28s_28_4_1  |  i0 + i1 * i2|
    |mac_muladd_16s_14s_28s_28_4_1_U135  |mac_muladd_16s_14s_28s_28_4_1  |  i0 + i1 * i2|
    |mac_muladd_16s_14s_28s_28_4_1_U137  |mac_muladd_16s_14s_28s_28_4_1  |  i0 + i1 * i2|
    |mac_muladd_16s_14s_28s_28_4_1_U139  |mac_muladd_16s_14s_28s_28_4_1  |  i0 + i1 * i2|
    |mac_muladd_16s_14s_28s_28_4_1_U141  |mac_muladd_16s_14s_28s_28_4_1  |  i0 + i1 * i2|
    |mac_muladd_16s_14s_28s_28_4_1_U143  |mac_muladd_16s_14s_28s_28_4_1  |  i0 + i1 * i2|
    |mac_muladd_16s_14s_28s_28_4_1_U144  |mac_muladd_16s_14s_28s_28_4_1  |  i0 + i1 * i2|
    |mac_muladd_16s_14s_28s_28_4_1_U145  |mac_muladd_16s_14s_28s_28_4_1  |  i0 + i1 * i2|
    |mac_muladd_16s_14s_28s_28_4_1_U146  |mac_muladd_16s_14s_28s_28_4_1  |  i0 + i1 * i2|
    |mac_muladd_16s_14s_28s_28_4_1_U149  |mac_muladd_16s_14s_28s_28_4_1  |  i0 + i1 * i2|
    |mac_muladd_16s_14s_28s_28_4_1_U154  |mac_muladd_16s_14s_28s_28_4_1  |  i0 + i1 * i2|
    |mac_muladd_16s_14s_28s_28_4_1_U155  |mac_muladd_16s_14s_28s_28_4_1  |  i0 + i1 * i2|
    |mac_muladd_16s_14s_28s_28_4_1_U157  |mac_muladd_16s_14s_28s_28_4_1  |  i0 + i1 * i2|
    |mac_muladd_16s_14s_28s_28_4_1_U159  |mac_muladd_16s_14s_28s_28_4_1  |  i0 + i1 * i2|
    |mac_muladd_16s_14s_28s_28_4_1_U161  |mac_muladd_16s_14s_28s_28_4_1  |  i0 + i1 * i2|
    |mac_muladd_16s_14s_28s_28_4_1_U163  |mac_muladd_16s_14s_28s_28_4_1  |  i0 + i1 * i2|
    |mac_muladd_16s_14s_28s_28_4_1_U165  |mac_muladd_16s_14s_28s_28_4_1  |  i0 + i1 * i2|
    |mac_muladd_16s_14s_28s_28_4_1_U167  |mac_muladd_16s_14s_28s_28_4_1  |  i0 + i1 * i2|
    |mac_muladd_16s_14s_28s_28_4_1_U169  |mac_muladd_16s_14s_28s_28_4_1  |  i0 + i1 * i2|
    |mac_mulsub_16s_14s_28s_28_4_1_U93   |mac_mulsub_16s_14s_28s_28_4_1  |  i0 - i1 * i2|
    |mac_mulsub_16s_14s_28s_28_4_1_U94   |mac_mulsub_16s_14s_28s_28_4_1  |  i0 - i1 * i2|
    |mac_mulsub_16s_14s_28s_28_4_1_U95   |mac_mulsub_16s_14s_28s_28_4_1  |  i0 - i1 * i2|
    |mac_mulsub_16s_14s_28s_28_4_1_U96   |mac_mulsub_16s_14s_28s_28_4_1  |  i0 - i1 * i2|
    |mac_mulsub_16s_14s_28s_28_4_1_U98   |mac_mulsub_16s_14s_28s_28_4_1  |  i0 - i1 * i2|
    |mac_mulsub_16s_14s_28s_28_4_1_U100  |mac_mulsub_16s_14s_28s_28_4_1  |  i0 - i1 * i2|
    |mac_mulsub_16s_14s_28s_28_4_1_U103  |mac_mulsub_16s_14s_28s_28_4_1  |  i0 - i1 * i2|
    |mac_mulsub_16s_14s_28s_28_4_1_U107  |mac_mulsub_16s_14s_28s_28_4_1  |  i0 - i1 * i2|
    |mac_mulsub_16s_14s_28s_28_4_1_U108  |mac_mulsub_16s_14s_28s_28_4_1  |  i0 - i1 * i2|
    |mac_mulsub_16s_14s_28s_28_4_1_U109  |mac_mulsub_16s_14s_28s_28_4_1  |  i0 - i1 * i2|
    |mac_mulsub_16s_14s_28s_28_4_1_U111  |mac_mulsub_16s_14s_28s_28_4_1  |  i0 - i1 * i2|
    |mac_mulsub_16s_14s_28s_28_4_1_U112  |mac_mulsub_16s_14s_28s_28_4_1  |  i0 - i1 * i2|
    |mac_mulsub_16s_14s_28s_28_4_1_U114  |mac_mulsub_16s_14s_28s_28_4_1  |  i0 - i1 * i2|
    |mac_mulsub_16s_14s_28s_28_4_1_U116  |mac_mulsub_16s_14s_28s_28_4_1  |  i0 - i1 * i2|
    |mac_mulsub_16s_14s_28s_28_4_1_U118  |mac_mulsub_16s_14s_28s_28_4_1  |  i0 - i1 * i2|
    |mac_mulsub_16s_14s_28s_28_4_1_U121  |mac_mulsub_16s_14s_28s_28_4_1  |  i0 - i1 * i2|
    |mac_mulsub_16s_14s_28s_28_4_1_U125  |mac_mulsub_16s_14s_28s_28_4_1  |  i0 - i1 * i2|
    |mac_mulsub_16s_14s_28s_28_4_1_U126  |mac_mulsub_16s_14s_28s_28_4_1  |  i0 - i1 * i2|
    |mac_mulsub_16s_14s_28s_28_4_1_U127  |mac_mulsub_16s_14s_28s_28_4_1  |  i0 - i1 * i2|
    |mac_mulsub_16s_14s_28s_28_4_1_U129  |mac_mulsub_16s_14s_28s_28_4_1  |  i0 - i1 * i2|
    |mac_mulsub_16s_14s_28s_28_4_1_U130  |mac_mulsub_16s_14s_28s_28_4_1  |  i0 - i1 * i2|
    |mac_mulsub_16s_14s_28s_28_4_1_U132  |mac_mulsub_16s_14s_28s_28_4_1  |  i0 - i1 * i2|
    |mac_mulsub_16s_14s_28s_28_4_1_U133  |mac_mulsub_16s_14s_28s_28_4_1  |  i0 - i1 * i2|
    |mac_mulsub_16s_14s_28s_28_4_1_U136  |mac_mulsub_16s_14s_28s_28_4_1  |  i0 - i1 * i2|
    |mac_mulsub_16s_14s_28s_28_4_1_U138  |mac_mulsub_16s_14s_28s_28_4_1  |  i0 - i1 * i2|
    |mac_mulsub_16s_14s_28s_28_4_1_U140  |mac_mulsub_16s_14s_28s_28_4_1  |  i0 - i1 * i2|
    |mac_mulsub_16s_14s_28s_28_4_1_U142  |mac_mulsub_16s_14s_28s_28_4_1  |  i0 - i1 * i2|
    |mac_mulsub_16s_14s_28s_28_4_1_U147  |mac_mulsub_16s_14s_28s_28_4_1  |  i0 - i1 * i2|
    |mac_mulsub_16s_14s_28s_28_4_1_U148  |mac_mulsub_16s_14s_28s_28_4_1  |  i0 - i1 * i2|
    |mac_mulsub_16s_14s_28s_28_4_1_U150  |mac_mulsub_16s_14s_28s_28_4_1  |  i0 - i1 * i2|
    |mac_mulsub_16s_14s_28s_28_4_1_U151  |mac_mulsub_16s_14s_28s_28_4_1  |  i0 - i1 * i2|
    |mac_mulsub_16s_14s_28s_28_4_1_U152  |mac_mulsub_16s_14s_28s_28_4_1  |  i0 - i1 * i2|
    |mac_mulsub_16s_14s_28s_28_4_1_U153  |mac_mulsub_16s_14s_28s_28_4_1  |  i0 - i1 * i2|
    |mac_mulsub_16s_14s_28s_28_4_1_U156  |mac_mulsub_16s_14s_28s_28_4_1  |  i0 - i1 * i2|
    |mac_mulsub_16s_14s_28s_28_4_1_U158  |mac_mulsub_16s_14s_28s_28_4_1  |  i0 - i1 * i2|
    |mac_mulsub_16s_14s_28s_28_4_1_U160  |mac_mulsub_16s_14s_28s_28_4_1  |  i0 - i1 * i2|
    |mac_mulsub_16s_14s_28s_28_4_1_U162  |mac_mulsub_16s_14s_28s_28_4_1  |  i0 - i1 * i2|
    |mac_mulsub_16s_14s_28s_28_4_1_U164  |mac_mulsub_16s_14s_28s_28_4_1  |  i0 - i1 * i2|
    |mac_mulsub_16s_14s_28s_28_4_1_U166  |mac_mulsub_16s_14s_28s_28_4_1  |  i0 - i1 * i2|
    |mac_mulsub_16s_14s_28s_28_4_1_U168  |mac_mulsub_16s_14s_28s_28_4_1  |  i0 - i1 * i2|
    +------------------------------------+-------------------------------+--------------+

    * Memory: 
    N/A

    * FIFO: 
    N/A

    * Expression: 
    +-----------------------------------+----------+----+---+----+------------+------------+
    |           Variable Name           | Operation| DSP| FF| LUT| Bitwidth P0| Bitwidth P1|
    +-----------------------------------+----------+----+---+----+------------+------------+
    |a_imag_10_fu_1391_p2               |         +|   0|  0|  23|          16|          16|
    |a_imag_12_fu_1997_p2               |         +|   0|  0|  23|          16|          16|
    |a_imag_14_fu_2997_p2               |         +|   0|  0|  23|          16|          16|
    |a_imag_15_fu_1731_p2               |         +|   0|  0|  23|          16|          16|
    |a_imag_16_fu_1048_p2               |         +|   0|  0|  23|          16|          16|
    |a_imag_17_fu_2292_p2               |         +|   0|  0|  23|          16|          16|
    |a_imag_18_fu_1681_p2               |         +|   0|  0|  23|          16|          16|
    |a_imag_19_fu_2833_p2               |         +|   0|  0|  23|          16|          16|
    |a_imag_20_fu_2657_p2               |         +|   0|  0|  23|          16|          16|
    |a_imag_21_fu_3311_p2               |         +|   0|  0|  23|          16|          16|
    |a_imag_22_fu_347_p2                |         +|   0|  0|  23|          16|          16|
    |a_imag_23_fu_815_p2                |         +|   0|  0|  23|          16|          16|
    |a_imag_24_fu_1314_p2               |         +|   0|  0|  23|          16|          16|
    |a_imag_25_fu_2127_p2               |         +|   0|  0|  23|          16|          16|
    |a_imag_8_fu_781_p2                 |         +|   0|  0|  23|          16|          16|
    |a_imag_fu_502_p2                   |         +|   0|  0|  23|          16|          16|
    |a_real_10_fu_1385_p2               |         +|   0|  0|  23|          16|          16|
    |a_real_12_fu_1991_p2               |         +|   0|  0|  23|          16|          16|
    |a_real_14_fu_2991_p2               |         +|   0|  0|  23|          16|          16|
    |a_real_15_fu_1725_p2               |         +|   0|  0|  23|          16|          16|
    |a_real_16_fu_1042_p2               |         +|   0|  0|  23|          16|          16|
    |a_real_17_fu_2286_p2               |         +|   0|  0|  23|          16|          16|
    |a_real_18_fu_1677_p2               |         +|   0|  0|  23|          16|          16|
    |a_real_19_fu_2829_p2               |         +|   0|  0|  23|          16|          16|
    |a_real_20_fu_2653_p2               |         +|   0|  0|  23|          16|          16|
    |a_real_21_fu_3305_p2               |         +|   0|  0|  23|          16|          16|
    |a_real_22_fu_341_p2                |         +|   0|  0|  23|          16|          16|
    |a_real_23_fu_811_p2                |         +|   0|  0|  23|          16|          16|
    |a_real_24_fu_1310_p2               |         +|   0|  0|  23|          16|          16|
    |a_real_25_fu_2121_p2               |         +|   0|  0|  23|          16|          16|
    |a_real_8_fu_775_p2                 |         +|   0|  0|  23|          16|          16|
    |a_real_fu_496_p2                   |         +|   0|  0|  23|          16|          16|
    |add_ln35_12_fu_858_p2              |         +|   0|  0|  23|          16|          16|
    |add_ln35_13_fu_1501_p2             |         +|   0|  0|  23|          16|          16|
    |add_ln35_14_fu_2328_p2             |         +|   0|  0|  23|          16|          16|
    |add_ln35_15_fu_3003_p2             |         +|   0|  0|  23|          16|          16|
    |add_ln35_1_fu_1054_p2              |         +|   0|  0|  23|          16|          16|
    |add_ln35_2_fu_1602_p2              |         +|   0|  0|  23|          16|          16|
    |add_ln35_3_fu_2548_p2              |         +|   0|  0|  23|          16|          16|
    |add_ln35_4_fu_353_p2               |         +|   0|  0|  23|          16|          16|
    |add_ln35_5_fu_669_p2               |         +|   0|  0|  23|          16|          16|
    |add_ln35_6_fu_1227_p2              |         +|   0|  0|  23|          16|          16|
    |add_ln35_7_fu_2133_p2              |         +|   0|  0|  23|          16|          16|
    |add_ln35_fu_508_p2                 |         +|   0|  0|  23|          16|          16|
    |add_ln37_12_fu_870_p2              |         +|   0|  0|  23|          16|          16|
    |add_ln37_13_fu_1513_p2             |         +|   0|  0|  23|          16|          16|
    |add_ln37_14_fu_2340_p2             |         +|   0|  0|  23|          16|          16|
    |add_ln37_15_fu_3033_p2             |         +|   0|  0|  23|          16|          16|
    |add_ln37_1_fu_1084_p2              |         +|   0|  0|  23|          16|          16|
    |add_ln37_2_fu_1620_p2              |         +|   0|  0|  23|          16|          16|
    |add_ln37_3_fu_2566_p2              |         +|   0|  0|  23|          16|          16|
    |add_ln37_4_fu_383_p2               |         +|   0|  0|  23|          16|          16|
    |add_ln37_5_fu_687_p2               |         +|   0|  0|  23|          16|          16|
    |add_ln37_6_fu_1245_p2              |         +|   0|  0|  23|          16|          16|
    |add_ln37_7_fu_2163_p2              |         +|   0|  0|  23|          16|          16|
    |add_ln37_fu_538_p2                 |         +|   0|  0|  23|          16|          16|
    |add_ln45_10_fu_3119_p2             |         +|   0|  0|  23|          16|          16|
    |add_ln45_11_fu_3212_p2             |         +|   0|  0|  23|          16|          16|
    |add_ln45_12_fu_3347_p2             |         +|   0|  0|  23|          16|          16|
    |add_ln45_13_fu_3431_p2             |         +|   0|  0|  23|          16|          16|
    |add_ln45_14_fu_3471_p2             |         +|   0|  0|  23|          16|          16|
    |add_ln45_15_fu_3532_p2             |         +|   0|  0|  23|          16|          16|
    |add_ln45_1_fu_1879_p2              |         +|   0|  0|  23|          16|          16|
    |add_ln45_2_fu_2015_p2              |         +|   0|  0|  23|          16|          16|
    |add_ln45_3_fu_2208_p2              |         +|   0|  0|  23|          16|          16|
    |add_ln45_4_fu_2368_p2              |         +|   0|  0|  23|          16|          16|
    |add_ln45_5_fu_2434_p2              |         +|   0|  0|  23|          16|          16|
    |add_ln45_6_fu_2611_p2              |         +|   0|  0|  23|          16|          16|
    |add_ln45_7_fu_2754_p2              |         +|   0|  0|  23|          16|          16|
    |add_ln45_8_fu_2884_p2              |         +|   0|  0|  23|          16|          16|
    |add_ln45_9_fu_2788_p2              |         +|   0|  0|  23|          16|          16|
    |add_ln45_fu_1779_p2                |         +|   0|  0|  23|          16|          16|
    |add_ln46_10_fu_3123_p2             |         +|   0|  0|  23|          16|          16|
    |add_ln46_11_fu_3217_p2             |         +|   0|  0|  23|          16|          16|
    |add_ln46_12_fu_3353_p2             |         +|   0|  0|  23|          16|          16|
    |add_ln46_13_fu_3436_p2             |         +|   0|  0|  23|          16|          16|
    |add_ln46_14_fu_3494_p2             |         +|   0|  0|  23|          16|          16|
    |add_ln46_15_fu_3536_p2             |         +|   0|  0|  23|          16|          16|
    |add_ln46_1_fu_1884_p2              |         +|   0|  0|  23|          16|          16|
    |add_ln46_2_fu_2019_p2              |         +|   0|  0|  23|          16|          16|
    |add_ln46_3_fu_2212_p2              |         +|   0|  0|  23|          16|          16|
    |add_ln46_4_fu_2373_p2              |         +|   0|  0|  23|          16|          16|
    |add_ln46_5_fu_2439_p2              |         +|   0|  0|  23|          16|          16|
    |add_ln46_6_fu_2615_p2              |         +|   0|  0|  23|          16|          16|
    |add_ln46_7_fu_2758_p2              |         +|   0|  0|  23|          16|          16|
    |add_ln46_8_fu_2889_p2              |         +|   0|  0|  23|          16|          16|
    |add_ln46_9_fu_2794_p2              |         +|   0|  0|  23|          16|          16|
    |add_ln46_fu_1784_p2                |         +|   0|  0|  23|          16|          16|
    |ai0_10_fu_2673_p2                  |         +|   0|  0|  23|          16|          16|
    |ai0_11_fu_3277_p2                  |         +|   0|  0|  23|          16|          16|
    |ai0_12_fu_742_p2                   |         +|   0|  0|  23|          16|          16|
    |ai0_13_fu_1357_p2                  |         +|   0|  0|  23|          16|          16|
    |ai0_14_fu_1963_p2                  |         +|   0|  0|  23|          16|          16|
    |ai0_15_fu_2963_p2                  |         +|   0|  0|  23|          16|          16|
    |ai0_1_fu_1012_p2                   |         +|   0|  0|  23|          16|          16|
    |ai0_2_fu_1572_p2                   |         +|   0|  0|  23|          16|          16|
    |ai0_3_fu_2518_p2                   |         +|   0|  0|  23|          16|          16|
    |ai0_4_fu_305_p2                    |         +|   0|  0|  23|          16|          16|
    |ai0_5_fu_635_p2                    |         +|   0|  0|  23|          16|          16|
    |ai0_6_fu_1197_p2                   |         +|   0|  0|  23|          16|          16|
    |ai0_7_fu_2091_p2                   |         +|   0|  0|  23|          16|          16|
    |ai0_8_fu_1697_p2                   |         +|   0|  0|  23|          16|          16|
    |ai0_9_fu_2258_p2                   |         +|   0|  0|  23|          16|          16|
    |ai0_fu_464_p2                      |         +|   0|  0|  23|          16|          16|
    |ai_19_fu_1846_p2                   |         +|   0|  0|  23|          16|          16|
    |ai_23_fu_2426_p2                   |         +|   0|  0|  23|          16|          16|
    |ai_27_fu_2719_p2                   |         +|   0|  0|  23|          16|          16|
    |ai_31_fu_3418_p2                   |         +|   0|  0|  23|          16|          16|
    |ar0_10_fu_2669_p2                  |         +|   0|  0|  23|          16|          16|
    |ar0_11_fu_3273_p2                  |         +|   0|  0|  23|          16|          16|
    |ar0_12_fu_737_p2                   |         +|   0|  0|  23|          16|          16|
    |ar0_13_fu_1353_p2                  |         +|   0|  0|  23|          16|          16|
    |ar0_14_fu_1959_p2                  |         +|   0|  0|  23|          16|          16|
    |ar0_15_fu_2959_p2                  |         +|   0|  0|  23|          16|          16|
    |ar0_1_fu_1008_p2                   |         +|   0|  0|  23|          16|          16|
    |ar0_2_fu_1568_p2                   |         +|   0|  0|  23|          16|          16|
    |ar0_3_fu_2514_p2                   |         +|   0|  0|  23|          16|          16|
    |ar0_4_fu_301_p2                    |         +|   0|  0|  23|          16|          16|
    |ar0_5_fu_631_p2                    |         +|   0|  0|  23|          16|          16|
    |ar0_6_fu_1193_p2                   |         +|   0|  0|  23|          16|          16|
    |ar0_7_fu_2087_p2                   |         +|   0|  0|  23|          16|          16|
    |ar0_8_fu_1693_p2                   |         +|   0|  0|  23|          16|          16|
    |ar0_9_fu_2254_p2                   |         +|   0|  0|  23|          16|          16|
    |ar0_fu_460_p2                      |         +|   0|  0|  23|          16|          16|
    |ar_17_fu_1834_p2                   |         +|   0|  0|  23|          16|          16|
    |ar_21_fu_2414_p2                   |         +|   0|  0|  23|          16|          16|
    |ar_25_fu_2701_p2                   |         +|   0|  0|  23|          16|          16|
    |ar_29_fu_3406_p2                   |         +|   0|  0|  23|          16|          16|
    |ci0_10_fu_2689_p2                  |         +|   0|  0|  23|          16|          16|
    |ci0_11_fu_3293_p2                  |         +|   0|  0|  23|          16|          16|
    |ci0_12_fu_761_p2                   |         +|   0|  0|  23|          16|          16|
    |ci0_13_fu_1373_p2                  |         +|   0|  0|  23|          16|          16|
    |ci0_14_fu_1979_p2                  |         +|   0|  0|  23|          16|          16|
    |ci0_15_fu_2979_p2                  |         +|   0|  0|  23|          16|          16|
    |ci0_1_fu_1028_p2                   |         +|   0|  0|  23|          16|          16|
    |ci0_2_fu_1588_p2                   |         +|   0|  0|  23|          16|          16|
    |ci0_3_fu_2534_p2                   |         +|   0|  0|  23|          16|          16|
    |ci0_4_fu_324_p2                    |         +|   0|  0|  23|          16|          16|
    |ci0_5_fu_652_p2                    |         +|   0|  0|  23|          16|          16|
    |ci0_6_fu_1213_p2                   |         +|   0|  0|  23|          16|          16|
    |ci0_7_fu_2107_p2                   |         +|   0|  0|  23|          16|          16|
    |ci0_8_fu_1713_p2                   |         +|   0|  0|  23|          16|          16|
    |ci0_9_fu_2274_p2                   |         +|   0|  0|  23|          16|          16|
    |ci0_fu_482_p2                      |         +|   0|  0|  23|          16|          16|
    |cr0_10_fu_2685_p2                  |         +|   0|  0|  23|          16|          16|
    |cr0_11_fu_3289_p2                  |         +|   0|  0|  23|          16|          16|
    |cr0_12_fu_755_p2                   |         +|   0|  0|  23|          16|          16|
    |cr0_13_fu_1369_p2                  |         +|   0|  0|  23|          16|          16|
    |cr0_14_fu_1975_p2                  |         +|   0|  0|  23|          16|          16|
    |cr0_15_fu_2975_p2                  |         +|   0|  0|  23|          16|          16|
    |cr0_1_fu_1024_p2                   |         +|   0|  0|  23|          16|          16|
    |cr0_2_fu_1584_p2                   |         +|   0|  0|  23|          16|          16|
    |cr0_3_fu_2530_p2                   |         +|   0|  0|  23|          16|          16|
    |cr0_4_fu_319_p2                    |         +|   0|  0|  23|          16|          16|
    |cr0_5_fu_647_p2                    |         +|   0|  0|  23|          16|          16|
    |cr0_6_fu_1209_p2                   |         +|   0|  0|  23|          16|          16|
    |cr0_7_fu_2103_p2                   |         +|   0|  0|  23|          16|          16|
    |cr0_8_fu_1709_p2                   |         +|   0|  0|  23|          16|          16|
    |cr0_9_fu_2270_p2                   |         +|   0|  0|  23|          16|          16|
    |cr0_fu_478_p2                      |         +|   0|  0|  23|          16|          16|
    |ai1_10_fu_2681_p2                  |         -|   0|  0|  23|          16|          16|
    |ai1_11_fu_3285_p2                  |         -|   0|  0|  23|          16|          16|
    |ai1_12_fu_751_p2                   |         -|   0|  0|  23|          16|          16|
    |ai1_13_fu_1365_p2                  |         -|   0|  0|  23|          16|          16|
    |ai1_14_fu_1971_p2                  |         -|   0|  0|  23|          16|          16|
    |ai1_15_fu_2971_p2                  |         -|   0|  0|  23|          16|          16|
    |ai1_1_fu_1020_p2                   |         -|   0|  0|  23|          16|          16|
    |ai1_2_fu_1580_p2                   |         -|   0|  0|  23|          16|          16|
    |ai1_3_fu_2526_p2                   |         -|   0|  0|  23|          16|          16|
    |ai1_4_fu_314_p2                    |         -|   0|  0|  23|          16|          16|
    |ai1_5_fu_643_p2                    |         -|   0|  0|  23|          16|          16|
    |ai1_6_fu_1205_p2                   |         -|   0|  0|  23|          16|          16|
    |ai1_7_fu_2099_p2                   |         -|   0|  0|  23|          16|          16|
    |ai1_8_fu_1705_p2                   |         -|   0|  0|  23|          16|          16|
    |ai1_9_fu_2266_p2                   |         -|   0|  0|  23|          16|          16|
    |ai1_fu_473_p2                      |         -|   0|  0|  23|          16|          16|
    |ai_17_fu_1838_p2                   |         -|   0|  0|  23|          16|          16|
    |ai_18_fu_1743_p2                   |         -|   0|  0|  23|          16|          16|
    |ai_21_fu_2418_p2                   |         -|   0|  0|  23|          16|          16|
    |ai_22_fu_2304_p2                   |         -|   0|  0|  23|          16|          16|
    |ai_25_fu_2707_p2                   |         -|   0|  0|  23|          16|          16|
    |ai_26_fu_2841_p2                   |         -|   0|  0|  23|          16|          16|
    |ai_29_fu_3410_p2                   |         -|   0|  0|  23|          16|          16|
    |ai_30_fu_3323_p2                   |         -|   0|  0|  23|          16|          16|
    |ar1_10_fu_2677_p2                  |         -|   0|  0|  23|          16|          16|
    |ar1_11_fu_3281_p2                  |         -|   0|  0|  23|          16|          16|
    |ar1_12_fu_746_p2                   |         -|   0|  0|  23|          16|          16|
    |ar1_13_fu_1361_p2                  |         -|   0|  0|  23|          16|          16|
    |ar1_14_fu_1967_p2                  |         -|   0|  0|  23|          16|          16|
    |ar1_15_fu_2967_p2                  |         -|   0|  0|  23|          16|          16|
    |ar1_1_fu_1016_p2                   |         -|   0|  0|  23|          16|          16|
    |ar1_2_fu_1576_p2                   |         -|   0|  0|  23|          16|          16|
    |ar1_3_fu_2522_p2                   |         -|   0|  0|  23|          16|          16|
    |ar1_4_fu_310_p2                    |         -|   0|  0|  23|          16|          16|
    |ar1_5_fu_639_p2                    |         -|   0|  0|  23|          16|          16|
    |ar1_6_fu_1201_p2                   |         -|   0|  0|  23|          16|          16|
    |ar1_7_fu_2095_p2                   |         -|   0|  0|  23|          16|          16|
    |ar1_8_fu_1701_p2                   |         -|   0|  0|  23|          16|          16|
    |ar1_9_fu_2262_p2                   |         -|   0|  0|  23|          16|          16|
    |ar1_fu_469_p2                      |         -|   0|  0|  23|          16|          16|
    |ar_18_fu_1737_p2                   |         -|   0|  0|  23|          16|          16|
    |ar_19_fu_1842_p2                   |         -|   0|  0|  23|          16|          16|
    |ar_22_fu_2298_p2                   |         -|   0|  0|  23|          16|          16|
    |ar_23_fu_2422_p2                   |         -|   0|  0|  23|          16|          16|
    |ar_26_fu_2837_p2                   |         -|   0|  0|  23|          16|          16|
    |ar_27_fu_2713_p2                   |         -|   0|  0|  23|          16|          16|
    |ar_30_fu_3317_p2                   |         -|   0|  0|  23|          16|          16|
    |ar_31_fu_3414_p2                   |         -|   0|  0|  23|          16|          16|
    |ci1_10_fu_2697_p2                  |         -|   0|  0|  23|          16|          16|
    |ci1_11_fu_3301_p2                  |         -|   0|  0|  23|          16|          16|
    |ci1_12_fu_771_p2                   |         -|   0|  0|  23|          16|          16|
    |ci1_13_fu_1381_p2                  |         -|   0|  0|  23|          16|          16|
    |ci1_14_fu_1987_p2                  |         -|   0|  0|  23|          16|          16|
    |ci1_15_fu_2987_p2                  |         -|   0|  0|  23|          16|          16|
    |ci1_1_fu_1037_p2                   |         -|   0|  0|  23|          16|          16|
    |ci1_2_fu_1597_p2                   |         -|   0|  0|  23|          16|          16|
    |ci1_3_fu_2543_p2                   |         -|   0|  0|  23|          16|          16|
    |ci1_4_fu_335_p2                    |         -|   0|  0|  23|          16|          16|
    |ci1_5_fu_663_p2                    |         -|   0|  0|  23|          16|          16|
    |ci1_6_fu_1222_p2                   |         -|   0|  0|  23|          16|          16|
    |ci1_7_fu_2116_p2                   |         -|   0|  0|  23|          16|          16|
    |ci1_8_fu_1721_p2                   |         -|   0|  0|  23|          16|          16|
    |ci1_9_fu_2282_p2                   |         -|   0|  0|  23|          16|          16|
    |ci1_fu_491_p2                      |         -|   0|  0|  23|          16|          16|
    |cr1_10_fu_2693_p2                  |         -|   0|  0|  23|          16|          16|
    |cr1_11_fu_3297_p2                  |         -|   0|  0|  23|          16|          16|
    |cr1_12_fu_765_p2                   |         -|   0|  0|  23|          16|          16|
    |cr1_13_fu_1377_p2                  |         -|   0|  0|  23|          16|          16|
    |cr1_14_fu_1983_p2                  |         -|   0|  0|  23|          16|          16|
    |cr1_15_fu_2983_p2                  |         -|   0|  0|  23|          16|          16|
    |cr1_1_fu_1033_p2                   |         -|   0|  0|  23|          16|          16|
    |cr1_2_fu_1593_p2                   |         -|   0|  0|  23|          16|          16|
    |cr1_3_fu_2539_p2                   |         -|   0|  0|  23|          16|          16|
    |cr1_4_fu_330_p2                    |         -|   0|  0|  23|          16|          16|
    |cr1_5_fu_658_p2                    |         -|   0|  0|  23|          16|          16|
    |cr1_6_fu_1218_p2                   |         -|   0|  0|  23|          16|          16|
    |cr1_7_fu_2112_p2                   |         -|   0|  0|  23|          16|          16|
    |cr1_8_fu_1717_p2                   |         -|   0|  0|  23|          16|          16|
    |cr1_9_fu_2278_p2                   |         -|   0|  0|  23|          16|          16|
    |cr1_fu_487_p2                      |         -|   0|  0|  23|          16|          16|
    |sub_ln35_12_fu_862_p2              |         -|   0|  0|  23|          16|          16|
    |sub_ln35_13_fu_1505_p2             |         -|   0|  0|  23|          16|          16|
    |sub_ln35_14_fu_2332_p2             |         -|   0|  0|  23|          16|          16|
    |sub_ln35_15_fu_3009_p2             |         -|   0|  0|  23|          16|          16|
    |sub_ln35_1_fu_1060_p2              |         -|   0|  0|  23|          16|          16|
    |sub_ln35_2_fu_1608_p2              |         -|   0|  0|  23|          16|          16|
    |sub_ln35_3_fu_2554_p2              |         -|   0|  0|  23|          16|          16|
    |sub_ln35_4_fu_359_p2               |         -|   0|  0|  23|          16|          16|
    |sub_ln35_5_fu_675_p2               |         -|   0|  0|  23|          16|          16|
    |sub_ln35_6_fu_1233_p2              |         -|   0|  0|  23|          16|          16|
    |sub_ln35_7_fu_2139_p2              |         -|   0|  0|  23|          16|          16|
    |sub_ln35_fu_514_p2                 |         -|   0|  0|  23|          16|          16|
    |sub_ln36_10_fu_819_p2              |         -|   0|  0|  23|          16|          16|
    |sub_ln36_11_fu_823_p2              |         -|   0|  0|  23|          16|          16|
    |sub_ln36_12_fu_1318_p2             |         -|   0|  0|  23|          16|          16|
    |sub_ln36_13_fu_1322_p2             |         -|   0|  0|  23|          16|          16|
    |sub_ln36_14_fu_2145_p2             |         -|   0|  0|  23|          16|          16|
    |sub_ln36_15_fu_2151_p2             |         -|   0|  0|  23|          16|          16|
    |sub_ln36_1_fu_526_p2               |         -|   0|  0|  23|          16|          16|
    |sub_ln36_24_fu_787_p2              |         -|   0|  0|  23|          16|          16|
    |sub_ln36_25_fu_793_p2              |         -|   0|  0|  23|          16|          16|
    |sub_ln36_26_fu_1397_p2             |         -|   0|  0|  23|          16|          16|
    |sub_ln36_27_fu_1403_p2             |         -|   0|  0|  23|          16|          16|
    |sub_ln36_28_fu_2003_p2             |         -|   0|  0|  23|          16|          16|
    |sub_ln36_29_fu_2009_p2             |         -|   0|  0|  23|          16|          16|
    |sub_ln36_2_fu_1066_p2              |         -|   0|  0|  23|          16|          16|
    |sub_ln36_30_fu_3015_p2             |         -|   0|  0|  23|          16|          16|
    |sub_ln36_31_fu_3021_p2             |         -|   0|  0|  23|          16|          16|
    |sub_ln36_3_fu_1072_p2              |         -|   0|  0|  23|          16|          16|
    |sub_ln36_4_fu_1685_p2              |         -|   0|  0|  23|          16|          16|
    |sub_ln36_5_fu_1689_p2              |         -|   0|  0|  23|          16|          16|
    |sub_ln36_6_fu_2661_p2              |         -|   0|  0|  23|          16|          16|
    |sub_ln36_7_fu_2665_p2              |         -|   0|  0|  23|          16|          16|
    |sub_ln36_8_fu_365_p2               |         -|   0|  0|  23|          16|          16|
    |sub_ln36_9_fu_371_p2               |         -|   0|  0|  23|          16|          16|
    |sub_ln36_fu_520_p2                 |         -|   0|  0|  23|          16|          16|
    |sub_ln37_12_fu_866_p2              |         -|   0|  0|  23|          16|          16|
    |sub_ln37_13_fu_1509_p2             |         -|   0|  0|  23|          16|          16|
    |sub_ln37_14_fu_2336_p2             |         -|   0|  0|  23|          16|          16|
    |sub_ln37_15_fu_3027_p2             |         -|   0|  0|  23|          16|          16|
    |sub_ln37_1_fu_1078_p2              |         -|   0|  0|  23|          16|          16|
    |sub_ln37_2_fu_1614_p2              |         -|   0|  0|  23|          16|          16|
    |sub_ln37_3_fu_2560_p2              |         -|   0|  0|  23|          16|          16|
    |sub_ln37_4_fu_377_p2               |         -|   0|  0|  23|          16|          16|
    |sub_ln37_5_fu_681_p2               |         -|   0|  0|  23|          16|          16|
    |sub_ln37_6_fu_1239_p2              |         -|   0|  0|  23|          16|          16|
    |sub_ln37_7_fu_2157_p2              |         -|   0|  0|  23|          16|          16|
    |sub_ln37_fu_532_p2                 |         -|   0|  0|  23|          16|          16|
    |sub_ln47_10_fu_3127_p2             |         -|   0|  0|  23|          16|          16|
    |sub_ln47_11_fu_3222_p2             |         -|   0|  0|  23|          16|          16|
    |sub_ln47_12_fu_3359_p2             |         -|   0|  0|  23|          16|          16|
    |sub_ln47_13_fu_3442_p2             |         -|   0|  0|  23|          16|          16|
    |sub_ln47_14_fu_3476_p2             |         -|   0|  0|  23|          16|          16|
    |sub_ln47_15_fu_3540_p2             |         -|   0|  0|  23|          16|          16|
    |sub_ln47_1_fu_1889_p2              |         -|   0|  0|  23|          16|          16|
    |sub_ln47_2_fu_2023_p2              |         -|   0|  0|  23|          16|          16|
    |sub_ln47_3_fu_2216_p2              |         -|   0|  0|  23|          16|          16|
    |sub_ln47_4_fu_2378_p2              |         -|   0|  0|  23|          16|          16|
    |sub_ln47_5_fu_2444_p2              |         -|   0|  0|  23|          16|          16|
    |sub_ln47_6_fu_2619_p2              |         -|   0|  0|  23|          16|          16|
    |sub_ln47_7_fu_2762_p2              |         -|   0|  0|  23|          16|          16|
    |sub_ln47_8_fu_2894_p2              |         -|   0|  0|  23|          16|          16|
    |sub_ln47_9_fu_2800_p2              |         -|   0|  0|  23|          16|          16|
    |sub_ln47_fu_1789_p2                |         -|   0|  0|  23|          16|          16|
    |sub_ln48_10_fu_3131_p2             |         -|   0|  0|  23|          16|          16|
    |sub_ln48_11_fu_3227_p2             |         -|   0|  0|  23|          16|          16|
    |sub_ln48_12_fu_3365_p2             |         -|   0|  0|  23|          16|          16|
    |sub_ln48_13_fu_3447_p2             |         -|   0|  0|  23|          16|          16|
    |sub_ln48_14_fu_3498_p2             |         -|   0|  0|  23|          16|          16|
    |sub_ln48_15_fu_3544_p2             |         -|   0|  0|  23|          16|          16|
    |sub_ln48_1_fu_1894_p2              |         -|   0|  0|  23|          16|          16|
    |sub_ln48_2_fu_2027_p2              |         -|   0|  0|  23|          16|          16|
    |sub_ln48_3_fu_2220_p2              |         -|   0|  0|  23|          16|          16|
    |sub_ln48_4_fu_2383_p2              |         -|   0|  0|  23|          16|          16|
    |sub_ln48_5_fu_2449_p2              |         -|   0|  0|  23|          16|          16|
    |sub_ln48_6_fu_2623_p2              |         -|   0|  0|  23|          16|          16|
    |sub_ln48_7_fu_2766_p2              |         -|   0|  0|  23|          16|          16|
    |sub_ln48_8_fu_2899_p2              |         -|   0|  0|  23|          16|          16|
    |sub_ln48_9_fu_2806_p2              |         -|   0|  0|  23|          16|          16|
    |sub_ln48_fu_1794_p2                |         -|   0|  0|  23|          16|          16|
    |ap_block_pp0_stage0_01001          |        or|   0|  0|   2|           1|           1|
    |ap_block_pp0_stage10_01001         |        or|   0|  0|   2|           1|           1|
    |ap_block_pp0_stage8_01001          |        or|   0|  0|   2|           1|           1|
    |ap_block_state73_pp0_stage8_iter2  |        or|   0|  0|   2|           1|           1|
    |grp_cos_16_4_s_fu_101_ap_start     |        or|   0|  0|   2|           1|           1|
    |grp_sin_16_4_s_fu_122_ap_start     |        or|   0|  0|   2|           1|           1|
    |ap_enable_pp0                      |       xor|   0|  0|   2|           1|           2|
    +-----------------------------------+----------+----+---+----+------------+------------+
    |Total                              |          |   0|  0|7374|        5127|        5128|
    +-----------------------------------+----------+----+---+----+------------+------------+

    * Multiplexer: 
    +-------------------------------+-----+-----------+-----+-----------+
    |              Name             | LUT | Input Size| Bits| Total Bits|
    +-------------------------------+-----+-----------+-----+-----------+
    |ap_NS_fsm                      |  147|         33|    1|         33|
    |ap_enable_reg_pp0_iter2        |    9|          2|    1|          2|
    |grp_cos_16_4_s_fu_101_x_val    |   81|         17|   14|        238|
    |grp_sin_16_4_s_fu_122_x_val    |   81|         17|   14|        238|
    |in_stream_TDATA_blk_n          |    9|          2|    1|          2|
    |out_stream_TDATA_blk_n         |    9|          2|    1|          2|
    |out_stream_TDATA_int_regslice  |  147|         33|   48|       1584|
    +-------------------------------+-----+-----------+-----+-----------+
    |Total                          |  483|        106|   80|       2099|
    +-------------------------------+-----+-----------+-----+-----------+

    * Register: 
    +------------------------------------+----+----+-----+-----------+
    |                Name                | FF | LUT| Bits| Const Bits|
    +------------------------------------+----+----+-----+-----------+
    |a_imag_16_reg_5207                  |  16|   0|   16|          0|
    |a_imag_18_reg_5769                  |  16|   0|   16|          0|
    |a_imag_20_reg_6462                  |  16|   0|   16|          0|
    |a_imag_22_reg_4591                  |  16|   0|   16|          0|
    |a_imag_23_reg_5007                  |  16|   0|   16|          0|
    |a_imag_24_reg_5440                  |  16|   0|   16|          0|
    |a_imag_25_reg_6074                  |  16|   0|   16|          0|
    |a_imag_reg_4751                     |  16|   0|   16|          0|
    |a_real_10_reg_5493                  |  16|   0|   16|          0|
    |a_real_12_reg_5993                  |  16|   0|   16|          0|
    |a_real_14_reg_6677                  |  16|   0|   16|          0|
    |a_real_16_reg_5201                  |  16|   0|   16|          0|
    |a_real_18_reg_5763                  |  16|   0|   16|          0|
    |a_real_20_reg_6456                  |  16|   0|   16|          0|
    |a_real_22_reg_4585                  |  16|   0|   16|          0|
    |a_real_23_reg_5001                  |  16|   0|   16|          0|
    |a_real_24_reg_5434                  |  16|   0|   16|          0|
    |a_real_25_reg_6068                  |  16|   0|   16|          0|
    |a_real_8_reg_4968                   |  16|   0|   16|          0|
    |a_real_reg_4745                     |  16|   0|   16|          0|
    |add_ln35_12_reg_5046                |  16|   0|   16|          0|
    |add_ln35_13_reg_5613                |  16|   0|   16|          0|
    |add_ln35_14_reg_6209                |  16|   0|   16|          0|
    |add_ln35_15_reg_6682                |  16|   0|   16|          0|
    |add_ln35_1_reg_5213                 |  16|   0|   16|          0|
    |add_ln35_2_reg_5703                 |  16|   0|   16|          0|
    |add_ln35_3_reg_6377                 |  16|   0|   16|          0|
    |add_ln35_reg_4757                   |  16|   0|   16|          0|
    |add_ln37_12_reg_5056                |  16|   0|   16|          0|
    |add_ln37_13_reg_5623                |  16|   0|   16|          0|
    |add_ln37_14_reg_6219                |  16|   0|   16|          0|
    |add_ln37_15_reg_6702                |  16|   0|   16|          0|
    |add_ln37_1_reg_5228                 |  16|   0|   16|          0|
    |add_ln37_2_reg_5713                 |  16|   0|   16|          0|
    |add_ln37_3_reg_6387                 |  16|   0|   16|          0|
    |add_ln37_4_reg_4607                 |  16|   0|   16|          0|
    |add_ln37_5_reg_4924                 |  16|   0|   16|          0|
    |add_ln37_6_reg_5356                 |  16|   0|   16|          0|
    |add_ln37_7_reg_6090                 |  16|   0|   16|          0|
    |add_ln37_reg_4772                   |  16|   0|   16|          0|
    |add_ln45_14_reg_6983                |  16|   0|   16|          0|
    |add_ln45_9_reg_6547                 |  16|   0|   16|          0|
    |add_ln46_9_reg_6552                 |  16|   0|   16|          0|
    |ai0_10_reg_6479                     |  16|   0|   16|          0|
    |ai0_2_reg_5685                      |  16|   0|   16|          0|
    |ai0_3_reg_6359                      |  16|   0|   16|          0|
    |ai0_5_reg_4896                      |  16|   0|   16|          0|
    |ai0_6_reg_5328                      |  16|   0|   16|          0|
    |ai1_11_reg_6894                     |  16|   0|   16|          0|
    |ai1_12_reg_4950                     |  16|   0|   16|          0|
    |ai1_13_reg_5475                     |  16|   0|   16|          0|
    |ai1_14_reg_5975                     |  16|   0|   16|          0|
    |ai1_8_reg_5786                      |  16|   0|   16|          0|
    |ai1_9_reg_6167                      |  16|   0|   16|          0|
    |ai_18_reg_5810                      |  16|   0|   16|          0|
    |ai_19_reg_5881                      |  16|   0|   16|          0|
    |ai_1_reg_4339                       |  16|   0|   16|          0|
    |ai_1_reg_4339_pp0_iter1_reg         |  16|   0|   16|          0|
    |ai_22_reg_6191                      |  16|   0|   16|          0|
    |ai_23_reg_6287                      |  16|   0|   16|          0|
    |ai_26_reg_6583                      |  16|   0|   16|          0|
    |ai_27_reg_6503                      |  16|   0|   16|          0|
    |ai_2_reg_4351                       |  16|   0|   16|          0|
    |ai_30_reg_6918                      |  16|   0|   16|          0|
    |ai_31_reg_6961                      |  16|   0|   16|          0|
    |ai_3_reg_4363                       |  16|   0|   16|          0|
    |ai_4_reg_4375                       |  16|   0|   16|          0|
    |ai_5_reg_4387                       |  16|   0|   16|          0|
    |ai_5_reg_4387_pp0_iter1_reg         |  16|   0|   16|          0|
    |ai_6_reg_4399                       |  16|   0|   16|          0|
    |ai_6_reg_4399_pp0_iter1_reg         |  16|   0|   16|          0|
    |ai_reg_4321                         |  16|   0|   16|          0|
    |ap_CS_fsm                           |  32|   0|   32|          0|
    |ap_enable_reg_pp0_iter1             |   1|   0|    1|          0|
    |ap_enable_reg_pp0_iter2             |   1|   0|    1|          0|
    |ar0_10_reg_6473                     |  16|   0|   16|          0|
    |ar0_2_reg_5679                      |  16|   0|   16|          0|
    |ar0_3_reg_6353                      |  16|   0|   16|          0|
    |ar0_5_reg_4890                      |  16|   0|   16|          0|
    |ar0_6_reg_5322                      |  16|   0|   16|          0|
    |ar1_11_reg_6888                     |  16|   0|   16|          0|
    |ar1_12_reg_4944                     |  16|   0|   16|          0|
    |ar1_13_reg_5469                     |  16|   0|   16|          0|
    |ar1_14_reg_5969                     |  16|   0|   16|          0|
    |ar1_8_reg_5780                      |  16|   0|   16|          0|
    |ar1_9_reg_6161                      |  16|   0|   16|          0|
    |ar_18_reg_5804                      |  16|   0|   16|          0|
    |ar_19_reg_5875                      |  16|   0|   16|          0|
    |ar_1_reg_4357                       |  16|   0|   16|          0|
    |ar_22_reg_6185                      |  16|   0|   16|          0|
    |ar_23_reg_6281                      |  16|   0|   16|          0|
    |ar_26_reg_6577                      |  16|   0|   16|          0|
    |ar_27_reg_6497                      |  16|   0|   16|          0|
    |ar_2_reg_4333                       |  16|   0|   16|          0|
    |ar_2_reg_4333_pp0_iter1_reg         |  16|   0|   16|          0|
    |ar_30_reg_6912                      |  16|   0|   16|          0|
    |ar_31_reg_6955                      |  16|   0|   16|          0|
    |ar_3_reg_4381                       |  16|   0|   16|          0|
    |ar_3_reg_4381_pp0_iter1_reg         |  16|   0|   16|          0|
    |ar_4_reg_4327                       |  16|   0|   16|          0|
    |ar_5_reg_4369                       |  16|   0|   16|          0|
    |ar_6_reg_4345                       |  16|   0|   16|          0|
    |ar_7_reg_4393                       |  16|   0|   16|          0|
    |ar_7_reg_4393_pp0_iter1_reg         |  16|   0|   16|          0|
    |ar_reg_4315                         |  16|   0|   16|          0|
    |bi_10_reg_6095                      |  16|   0|   16|          0|
    |bi_11_reg_6666                      |  16|   0|   16|          0|
    |bi_12_reg_4872                      |  16|   0|   16|          0|
    |bi_13_reg_5167                      |  16|   0|   16|          0|
    |bi_14_reg_5633                      |  16|   0|   16|          0|
    |bi_15_reg_6398                      |  16|   0|   16|          0|
    |bi_1_reg_4507                       |  16|   0|   16|          0|
    |bi_2_reg_4519                       |  16|   0|   16|          0|
    |bi_3_reg_4531                       |  16|   0|   16|          0|
    |bi_4_reg_4543                       |  16|   0|   16|          0|
    |bi_5_reg_4555                       |  16|   0|   16|          0|
    |bi_6_reg_4567                       |  16|   0|   16|          0|
    |bi_7_reg_4495                       |  16|   0|   16|          0|
    |bi_8_reg_5024                       |  16|   0|   16|          0|
    |bi_9_reg_5457                       |  16|   0|   16|          0|
    |br_10_reg_5953                      |  16|   0|   16|          0|
    |br_11_reg_6660                      |  16|   0|   16|          0|
    |br_13_reg_5304                      |  16|   0|   16|          0|
    |br_14_reg_5832                      |  16|   0|   16|          0|
    |br_15_reg_6531                      |  16|   0|   16|          0|
    |br_1_reg_4525                       |  16|   0|   16|          0|
    |br_2_reg_4501                       |  16|   0|   16|          0|
    |br_3_reg_4549                       |  16|   0|   16|          0|
    |br_4_reg_4489                       |  16|   0|   16|          0|
    |br_5_reg_4537                       |  16|   0|   16|          0|
    |br_6_reg_4513                       |  16|   0|   16|          0|
    |br_7_reg_4561                       |  16|   0|   16|          0|
    |br_8_reg_5018                       |  16|   0|   16|          0|
    |br_9_reg_5451                       |  16|   0|   16|          0|
    |br_reg_4483                         |  16|   0|   16|          0|
    |ci0_10_reg_6491                     |  16|   0|   16|          0|
    |ci0_2_reg_5697                      |  16|   0|   16|          0|
    |ci0_3_reg_6371                      |  16|   0|   16|          0|
    |ci0_5_reg_4908                      |  16|   0|   16|          0|
    |ci0_6_reg_5340                      |  16|   0|   16|          0|
    |ci1_11_reg_6906                     |  16|   0|   16|          0|
    |ci1_12_reg_4962                     |  16|   0|   16|          0|
    |ci1_13_reg_5487                     |  16|   0|   16|          0|
    |ci1_14_reg_5987                     |  16|   0|   16|          0|
    |ci1_8_reg_5798                      |  16|   0|   16|          0|
    |ci1_9_reg_6179                      |  16|   0|   16|          0|
    |ci_10_reg_6107                      |  16|   0|   16|          0|
    |ci_11_reg_6764                      |  16|   0|   16|          0|
    |ci_12_reg_4878                      |  16|   0|   16|          0|
    |ci_13_reg_5245                      |  16|   0|   16|          0|
    |ci_14_reg_5724                      |  16|   0|   16|          0|
    |ci_15_reg_6409                      |  16|   0|   16|          0|
    |ci_1_reg_4423                       |  16|   0|   16|          0|
    |ci_2_reg_4435                       |  16|   0|   16|          0|
    |ci_3_reg_4447                       |  16|   0|   16|          0|
    |ci_5_reg_4465                       |  16|   0|   16|          0|
    |ci_6_reg_4477                       |  16|   0|   16|          0|
    |ci_8_reg_5105                       |  16|   0|   16|          0|
    |ci_9_reg_5556                       |  16|   0|   16|          0|
    |cr0_10_reg_6485                     |  16|   0|   16|          0|
    |cr0_2_reg_5691                      |  16|   0|   16|          0|
    |cr0_3_reg_6365                      |  16|   0|   16|          0|
    |cr0_5_reg_4902                      |  16|   0|   16|          0|
    |cr0_6_reg_5334                      |  16|   0|   16|          0|
    |cr1_11_reg_6900                     |  16|   0|   16|          0|
    |cr1_12_reg_4956                     |  16|   0|   16|          0|
    |cr1_13_reg_5481                     |  16|   0|   16|          0|
    |cr1_14_reg_5981                     |  16|   0|   16|          0|
    |cr1_8_reg_5792                      |  16|   0|   16|          0|
    |cr1_9_reg_6173                      |  16|   0|   16|          0|
    |cr_10_reg_6101                      |  16|   0|   16|          0|
    |cr_11_reg_6758                      |  16|   0|   16|          0|
    |cr_13_reg_5310                      |  16|   0|   16|          0|
    |cr_14_reg_5838                      |  16|   0|   16|          0|
    |cr_15_reg_6609                      |  16|   0|   16|          0|
    |cr_1_reg_4441                       |  16|   0|   16|          0|
    |cr_2_reg_4417                       |  16|   0|   16|          0|
    |cr_3_reg_4459                       |  16|   0|   16|          0|
    |cr_4_reg_4411                       |  16|   0|   16|          0|
    |cr_5_reg_4453                       |  16|   0|   16|          0|
    |cr_6_reg_4429                       |  16|   0|   16|          0|
    |cr_7_reg_4471                       |  16|   0|   16|          0|
    |cr_8_reg_5030                       |  16|   0|   16|          0|
    |cr_9_reg_5463                       |  16|   0|   16|          0|
    |cr_reg_4405                         |  16|   0|   16|          0|
    |di_10_reg_6203                      |  16|   0|   16|          0|
    |di_11_reg_6834                      |  16|   0|   16|          0|
    |di_12_reg_4884                      |  16|   0|   16|          0|
    |di_13_reg_5256                      |  16|   0|   16|          0|
    |di_14_reg_5735                      |  16|   0|   16|          0|
    |di_15_reg_6420                      |  16|   0|   16|          0|
    |di_8_reg_5117                       |  16|   0|   16|          0|
    |di_9_reg_5568                       |  16|   0|   16|          0|
    |di_reg_4579                         |  16|   0|   16|          0|
    |dr_10_reg_6197                      |  16|   0|   16|          0|
    |dr_11_reg_6770                      |  16|   0|   16|          0|
    |dr_13_reg_5404                      |  16|   0|   16|          0|
    |dr_14_reg_5908                      |  16|   0|   16|          0|
    |dr_15_reg_6615                      |  16|   0|   16|          0|
    |dr_1_reg_4840                       |  16|   0|   16|          0|
    |dr_2_reg_4668                       |  16|   0|   16|          0|
    |dr_3_reg_4995                       |  16|   0|   16|          0|
    |dr_6_reg_4739                       |  16|   0|   16|          0|
    |dr_7_reg_5099                       |  16|   0|   16|          0|
    |dr_8_reg_5111                       |  16|   0|   16|          0|
    |dr_9_reg_5562                       |  16|   0|   16|          0|
    |dr_reg_4573                         |  16|   0|   16|          0|
    |grp_cos_16_4_s_fu_101_ap_start_reg  |   1|   0|    1|          0|
    |grp_sin_16_4_s_fu_122_ap_start_reg  |   1|   0|    1|          0|
    |mul_ln10_10_reg_5366                |  28|   0|   28|          0|
    |mul_ln10_12_reg_5821                |  28|   0|   28|          0|
    |mul_ln10_14_reg_5892                |  28|   0|   28|          0|
    |mul_ln10_16_reg_5959                |  28|   0|   28|          0|
    |mul_ln10_18_reg_6509                |  28|   0|   28|          0|
    |mul_ln10_20_reg_6589                |  28|   0|   28|          0|
    |mul_ln10_22_reg_6604                |  28|   0|   28|          0|
    |mul_ln10_24_reg_4825                |  28|   0|   28|          0|
    |mul_ln10_26_reg_4830                |  28|   0|   28|          0|
    |mul_ln10_28_reg_4835                |  28|   0|   28|          0|
    |mul_ln10_2_reg_4861                 |  28|   0|   28|          0|
    |mul_ln10_30_reg_5162                |  28|   0|   28|          0|
    |mul_ln10_32_reg_5173                |  28|   0|   28|          0|
    |mul_ln10_34_reg_5251                |  28|   0|   28|          0|
    |mul_ln10_36_reg_5628                |  28|   0|   28|          0|
    |mul_ln10_38_reg_5639                |  28|   0|   28|          0|
    |mul_ln10_40_reg_5730                |  28|   0|   28|          0|
    |mul_ln10_42_reg_6293                |  28|   0|   28|          0|
    |mul_ln10_44_reg_6404                |  28|   0|   28|          0|
    |mul_ln10_46_reg_6415                |  28|   0|   28|          0|
    |mul_ln10_48_reg_5083                |  28|   0|   28|          0|
    |mul_ln10_4_reg_4934                 |  28|   0|   28|          0|
    |mul_ln10_50_reg_5157                |  28|   0|   28|          0|
    |mul_ln10_52_reg_5268                |  28|   0|   28|          0|
    |mul_ln10_54_reg_5540                |  28|   0|   28|          0|
    |mul_ln10_56_reg_5608                |  28|   0|   28|          0|
    |mul_ln10_58_reg_5747                |  28|   0|   28|          0|
    |mul_ln10_60_reg_5860                |  28|   0|   28|          0|
    |mul_ln10_62_reg_6040                |  28|   0|   28|          0|
    |mul_ln10_64_reg_6146                |  28|   0|   28|          0|
    |mul_ln10_66_reg_6326                |  28|   0|   28|          0|
    |mul_ln10_68_reg_6446                |  28|   0|   28|          0|
    |mul_ln10_6_reg_5278                 |  28|   0|   28|          0|
    |mul_ln10_70_reg_6713                |  28|   0|   28|          0|
    |mul_ln10_72_reg_6786                |  28|   0|   28|          0|
    |mul_ln10_74_reg_6806                |  28|   0|   28|          0|
    |mul_ln10_76_reg_6855                |  28|   0|   28|          0|
    |mul_ln10_78_reg_6940                |  28|   0|   28|          0|
    |mul_ln10_8_reg_5293                 |  28|   0|   28|          0|
    |mul_ln10_reg_4846                   |  28|   0|   28|          0|
    |mul_ln11_10_reg_5371                |  28|   0|   28|          0|
    |mul_ln11_12_reg_5887                |  28|   0|   28|          0|
    |mul_ln11_14_reg_5897                |  28|   0|   28|          0|
    |mul_ln11_16_reg_5964                |  28|   0|   28|          0|
    |mul_ln11_18_reg_6514                |  28|   0|   28|          0|
    |mul_ln11_20_reg_6594                |  28|   0|   28|          0|
    |mul_ln11_23_reg_6672                |  28|   0|   28|          0|
    |mul_ln11_25_reg_4692                |  28|   0|   28|          0|
    |mul_ln11_27_reg_4711                |  28|   0|   28|          0|
    |mul_ln11_29_reg_4734                |  28|   0|   28|          0|
    |mul_ln11_2_reg_4929                 |  28|   0|   28|          0|
    |mul_ln11_31_reg_5066                |  28|   0|   28|          0|
    |mul_ln11_33_reg_5137                |  28|   0|   28|          0|
    |mul_ln11_35_reg_5147                |  28|   0|   28|          0|
    |mul_ln11_37_reg_5513                |  28|   0|   28|          0|
    |mul_ln11_39_reg_5579                |  28|   0|   28|          0|
    |mul_ln11_41_reg_5598                |  28|   0|   28|          0|
    |mul_ln11_43_reg_6229                |  28|   0|   28|          0|
    |mul_ln11_45_reg_6239                |  28|   0|   28|          0|
    |mul_ln11_47_reg_6249                |  28|   0|   28|          0|
    |mul_ln11_48_reg_5088                |  28|   0|   28|          0|
    |mul_ln11_4_reg_4939                 |  28|   0|   28|          0|
    |mul_ln11_50_reg_5190                |  28|   0|   28|          0|
    |mul_ln11_52_reg_5273                |  28|   0|   28|          0|
    |mul_ln11_54_reg_5545                |  28|   0|   28|          0|
    |mul_ln11_56_reg_5656                |  28|   0|   28|          0|
    |mul_ln11_58_reg_5752                |  28|   0|   28|          0|
    |mul_ln11_60_reg_5865                |  28|   0|   28|          0|
    |mul_ln11_62_reg_6141                |  28|   0|   28|          0|
    |mul_ln11_64_reg_6151                |  28|   0|   28|          0|
    |mul_ln11_66_reg_6331                |  28|   0|   28|          0|
    |mul_ln11_68_reg_6567                |  28|   0|   28|          0|
    |mul_ln11_6_reg_5283                 |  28|   0|   28|          0|
    |mul_ln11_70_reg_6718                |  28|   0|   28|          0|
    |mul_ln11_72_reg_6791                |  28|   0|   28|          0|
    |mul_ln11_74_reg_6850                |  28|   0|   28|          0|
    |mul_ln11_76_reg_6860                |  28|   0|   28|          0|
    |mul_ln11_78_reg_6945                |  28|   0|   28|          0|
    |mul_ln11_8_reg_5361                 |  28|   0|   28|          0|
    |mul_ln11_reg_4851                   |  28|   0|   28|          0|
    |reg_153                             |  16|   0|   16|          0|
    |reg_157                             |  16|   0|   16|          0|
    |reg_161                             |  16|   0|   16|          0|
    |reg_165                             |  16|   0|   16|          0|
    |reg_169                             |  16|   0|   16|          0|
    |reg_173                             |  14|   0|   14|          0|
    |reg_177                             |  14|   0|   14|          0|
    |reg_181                             |  14|   0|   14|          0|
    |reg_185                             |  14|   0|   14|          0|
    |reg_189                             |  14|   0|   14|          0|
    |reg_193                             |  14|   0|   14|          0|
    |sext_ln10_100_reg_6796              |  28|   0|   28|          0|
    |sext_ln10_102_reg_6741              |  28|   0|   28|          0|
    |sext_ln10_103_reg_6747              |  28|   0|   28|          0|
    |sext_ln10_105_reg_6811              |  28|   0|   28|          0|
    |sext_ln10_107_reg_6823              |  28|   0|   28|          0|
    |sext_ln10_109_reg_6865              |  28|   0|   28|          0|
    |sext_ln10_10_reg_5288               |  28|   0|   28|          0|
    |sext_ln10_111_reg_6877              |  28|   0|   28|          0|
    |sext_ln10_11_reg_5239               |  28|   0|   28|          0|
    |sext_ln10_14_reg_5816               |  28|   0|   28|          0|
    |sext_ln10_15_reg_5123               |  28|   0|   28|          0|
    |sext_ln10_16_reg_5718               |  28|   0|   28|          0|
    |sext_ln10_17_reg_5036               |  28|   0|   28|          0|
    |sext_ln10_19_reg_4674               |  28|   0|   28|          0|
    |sext_ln10_1_reg_4777                |  28|   0|   28|          0|
    |sext_ln10_21_reg_4612               |  28|   0|   28|          0|
    |sext_ln10_23_reg_5376               |  28|   0|   28|          0|
    |sext_ln10_25_reg_5390               |  28|   0|   28|          0|
    |sext_ln10_31_reg_6525               |  28|   0|   28|          0|
    |sext_ln10_32_reg_4626               |  28|   0|   28|          0|
    |sext_ln10_34_reg_4632               |  28|   0|   28|          0|
    |sext_ln10_35_reg_4697               |  28|   0|   28|          0|
    |sext_ln10_37_reg_4638               |  28|   0|   28|          0|
    |sext_ln10_38_reg_4648               |  28|   0|   28|          0|
    |sext_ln10_39_reg_4716               |  28|   0|   28|          0|
    |sext_ln10_3_reg_4801                |  28|   0|   28|          0|
    |sext_ln10_41_reg_4654               |  28|   0|   28|          0|
    |sext_ln10_42_reg_4983               |  28|   0|   28|          0|
    |sext_ln10_43_reg_5061               |  28|   0|   28|          0|
    |sext_ln10_44_reg_5071               |  28|   0|   28|          0|
    |sext_ln10_46_reg_5077               |  28|   0|   28|          0|
    |sext_ln10_47_reg_5142               |  28|   0|   28|          0|
    |sext_ln10_48_reg_5410               |  28|   0|   28|          0|
    |sext_ln10_49_reg_5508               |  28|   0|   28|          0|
    |sext_ln10_4_reg_4856                |  28|   0|   28|          0|
    |sext_ln10_50_reg_5518               |  28|   0|   28|          0|
    |sext_ln10_52_reg_5524               |  28|   0|   28|          0|
    |sext_ln10_53_reg_5584               |  28|   0|   28|          0|
    |sext_ln10_54_reg_5593               |  28|   0|   28|          0|
    |sext_ln10_55_reg_5530               |  28|   0|   28|          0|
    |sext_ln10_56_reg_6113               |  28|   0|   28|          0|
    |sext_ln10_58_reg_6119               |  28|   0|   28|          0|
    |sext_ln10_59_reg_6234               |  28|   0|   28|          0|
    |sext_ln10_5_reg_4819                |  28|   0|   28|          0|
    |sext_ln10_60_reg_6125               |  28|   0|   28|          0|
    |sext_ln10_61_reg_6244               |  28|   0|   28|          0|
    |sext_ln10_64_reg_5152               |  28|   0|   28|          0|
    |sext_ln10_65_reg_5093               |  28|   0|   28|          0|
    |sext_ln10_70_reg_5603               |  28|   0|   28|          0|
    |sext_ln10_71_reg_5550               |  28|   0|   28|          0|
    |sext_ln10_73_reg_5661               |  28|   0|   28|          0|
    |sext_ln10_75_reg_5673               |  28|   0|   28|          0|
    |sext_ln10_78_reg_6030               |  28|   0|   28|          0|
    |sext_ln10_80_reg_5936               |  28|   0|   28|          0|
    |sext_ln10_81_reg_5942               |  28|   0|   28|          0|
    |sext_ln10_83_reg_6045               |  28|   0|   28|          0|
    |sext_ln10_85_reg_6057               |  28|   0|   28|          0|
    |sext_ln10_88_reg_6436               |  28|   0|   28|          0|
    |sext_ln10_90_reg_6336               |  28|   0|   28|          0|
    |sext_ln10_91_reg_6342               |  28|   0|   28|          0|
    |sext_ln10_93_reg_6637               |  28|   0|   28|          0|
    |sext_ln10_95_reg_6649               |  28|   0|   28|          0|
    |sext_ln10_97_reg_6723               |  28|   0|   28|          0|
    |sext_ln10_99_reg_6735               |  28|   0|   28|          0|
    |sub_ln35_4_reg_4597                 |  16|   0|   16|          0|
    |sub_ln35_5_reg_4914                 |  16|   0|   16|          0|
    |sub_ln35_6_reg_5346                 |  16|   0|   16|          0|
    |sub_ln35_7_reg_6080                 |  16|   0|   16|          0|
    |sub_ln36_11_reg_5013                |  16|   0|   16|          0|
    |sub_ln36_13_reg_5446                |  16|   0|   16|          0|
    |sub_ln36_15_reg_6085                |  16|   0|   16|          0|
    |sub_ln36_24_reg_4973                |  16|   0|   16|          0|
    |sub_ln36_25_reg_4978                |  16|   0|   16|          0|
    |sub_ln36_26_reg_5498                |  16|   0|   16|          0|
    |sub_ln36_27_reg_5503                |  16|   0|   16|          0|
    |sub_ln36_28_reg_5998                |  16|   0|   16|          0|
    |sub_ln36_29_reg_6003                |  16|   0|   16|          0|
    |sub_ln36_2_reg_5218                 |  16|   0|   16|          0|
    |sub_ln36_30_reg_6687                |  16|   0|   16|          0|
    |sub_ln36_31_reg_6692                |  16|   0|   16|          0|
    |sub_ln36_4_reg_5775                 |  16|   0|   16|          0|
    |sub_ln36_6_reg_6468                 |  16|   0|   16|          0|
    |sub_ln36_9_reg_4602                 |  16|   0|   16|          0|
    |sub_ln36_reg_4762                   |  16|   0|   16|          0|
    |sub_ln37_12_reg_5051                |  16|   0|   16|          0|
    |sub_ln37_13_reg_5618                |  16|   0|   16|          0|
    |sub_ln37_14_reg_6214                |  16|   0|   16|          0|
    |sub_ln37_15_reg_6697                |  16|   0|   16|          0|
    |sub_ln37_1_reg_5223                 |  16|   0|   16|          0|
    |sub_ln37_2_reg_5708                 |  16|   0|   16|          0|
    |sub_ln37_3_reg_6382                 |  16|   0|   16|          0|
    |sub_ln37_5_reg_4919                 |  16|   0|   16|          0|
    |sub_ln37_6_reg_5351                 |  16|   0|   16|          0|
    |sub_ln37_reg_4767                   |  16|   0|   16|          0|
    |sub_ln47_10_reg_6776                |  16|   0|   16|          0|
    |sub_ln47_11_reg_6840                |  16|   0|   16|          0|
    |sub_ln47_12_reg_6924                |  16|   0|   16|          0|
    |sub_ln47_13_reg_6967                |  16|   0|   16|          0|
    |sub_ln47_14_reg_6988                |  16|   0|   16|          0|
    |sub_ln47_15_reg_7020                |  16|   0|   16|          0|
    |sub_ln47_1_reg_5914                 |  16|   0|   16|          0|
    |sub_ln47_2_reg_6008                 |  16|   0|   16|          0|
    |sub_ln47_3_reg_6131                 |  16|   0|   16|          0|
    |sub_ln47_4_reg_6254                 |  16|   0|   16|          0|
    |sub_ln47_5_reg_6298                 |  16|   0|   16|          0|
    |sub_ln47_6_reg_6426                 |  16|   0|   16|          0|
    |sub_ln47_7_reg_6537                 |  16|   0|   16|          0|
    |sub_ln47_8_reg_6621                 |  16|   0|   16|          0|
    |sub_ln47_9_reg_6557                 |  16|   0|   16|          0|
    |sub_ln47_reg_5844                   |  16|   0|   16|          0|
    |sub_ln48_10_reg_6781                |  16|   0|   16|          0|
    |sub_ln48_11_reg_6845                |  16|   0|   16|          0|
    |sub_ln48_12_reg_6929                |  16|   0|   16|          0|
    |sub_ln48_13_reg_6972                |  16|   0|   16|          0|
    |sub_ln48_14_reg_6998                |  16|   0|   16|          0|
    |sub_ln48_15_reg_7025                |  16|   0|   16|          0|
    |sub_ln48_1_reg_5919                 |  16|   0|   16|          0|
    |sub_ln48_2_reg_6013                 |  16|   0|   16|          0|
    |sub_ln48_3_reg_6136                 |  16|   0|   16|          0|
    |sub_ln48_4_reg_6259                 |  16|   0|   16|          0|
    |sub_ln48_5_reg_6303                 |  16|   0|   16|          0|
    |sub_ln48_6_reg_6431                 |  16|   0|   16|          0|
    |sub_ln48_7_reg_6542                 |  16|   0|   16|          0|
    |sub_ln48_8_reg_6626                 |  16|   0|   16|          0|
    |sub_ln48_9_reg_6562                 |  16|   0|   16|          0|
    |sub_ln48_reg_5849                   |  16|   0|   16|          0|
    |trunc_ln10_12_reg_6934              |  16|   0|   16|          0|
    |trunc_ln10_14_reg_7003              |  16|   0|   16|          0|
    |trunc_ln10_1_reg_5416               |  16|   0|   16|          0|
    |trunc_ln10_2_reg_5644               |  16|   0|   16|          0|
    |trunc_ln10_3_reg_5741               |  16|   0|   16|          0|
    |trunc_ln10_4_reg_5924               |  16|   0|   16|          0|
    |trunc_ln10_5_reg_6018               |  16|   0|   16|          0|
    |trunc_ln10_6_reg_6264               |  16|   0|   16|          0|
    |trunc_ln10_7_reg_6314               |  16|   0|   16|          0|
    |trunc_ln10_9_reg_6631               |  16|   0|   16|          0|
    |trunc_ln10_s_reg_5262               |  16|   0|   16|          0|
    |trunc_ln11_13_reg_6977              |  16|   0|   16|          0|
    |trunc_ln11_14_reg_7009              |  16|   0|   16|          0|
    |trunc_ln11_1_reg_5422               |  16|   0|   16|          0|
    |trunc_ln11_2_reg_5650               |  16|   0|   16|          0|
    |trunc_ln11_3_reg_5854               |  16|   0|   16|          0|
    |trunc_ln11_4_reg_5930               |  16|   0|   16|          0|
    |trunc_ln11_5_reg_6024               |  16|   0|   16|          0|
    |trunc_ln11_6_reg_6308               |  16|   0|   16|          0|
    |trunc_ln11_7_reg_6320               |  16|   0|   16|          0|
    |trunc_ln11_9_reg_6707               |  16|   0|   16|          0|
    |trunc_ln11_s_reg_5316               |  16|   0|   16|          0|
    |trunc_ln1_reg_5184                  |  16|   0|   16|          0|
    |trunc_ln_reg_5178                   |  16|   0|   16|          0|
    +------------------------------------+----+----+-----+-----------+
    |Total                               |8872|   0| 8872|          0|
    +------------------------------------+----+----+-----+-----------+



================================================================
== Interface
================================================================
* Summary: 
+-------------------+-----+-----+--------------+--------------+--------------+
|     RTL Ports     | Dir | Bits|   Protocol   | Source Object|    C Type    |
+-------------------+-----+-----+--------------+--------------+--------------+
|ap_clk             |   in|    1|  ap_ctrl_none|         fft32|  return value|
|ap_rst_n           |   in|    1|  ap_ctrl_none|         fft32|  return value|
|in_stream_TDATA    |   in|   48|          axis|     in_stream|       pointer|
|in_stream_TVALID   |   in|    1|          axis|     in_stream|       pointer|
|in_stream_TREADY   |  out|    1|          axis|     in_stream|       pointer|
|out_stream_TDATA   |  out|   48|          axis|    out_stream|       pointer|
|out_stream_TVALID  |  out|    1|          axis|    out_stream|       pointer|
|out_stream_TREADY  |   in|    1|          axis|    out_stream|       pointer|
+-------------------+-----+-----+--------------+--------------+--------------+

