==============================================================
Vitis HLS - High-Level Synthesis from C, C++ and OpenCL v2023.1 (64-bit)
Tool Version Limit: 2023.05
Copyright 1986-2022 Xilinx, Inc. All Rights Reserved.
Copyright 2022-2023 Advanced Micro Devices, Inc. All Rights Reserved.

==============================================================
INFO: [SYN 201-201] Setting up clock 'default' with a period of 10ns.
INFO: [HLS 200-1611] Setting target device to 'xc7z030-sbv485-1'
INFO: [HLS 200-1505] Using flow_target 'vivado'
INFO: [HLS 200-1510] Running: set_part xc7z030sbv485-1 
INFO: [HLS 200-1510] Running: create_clock -period 10 -name default 
INFO: [HLS 200-1510] Running: source ./FFT_sol/opt_1/directives.tcl
INFO: [HLS 200-1510] Running: set_directive_top -name fft32 fft32 
INFO: [HLS 200-1510] Running: set_directive_inline cmul 
INFO: [HLS 200-1510] Running: set_directive_inline radix4_bfly 
INFO: [HLS 200-1510] Running: set_directive_inline radix2_bfly 
INFO: [HLS 200-1510] Running: set_directive_inline bit_reverse 
INFO: [HLS 200-1510] Running: set_directive_interface fft32 out_stream 
INFO: [HLS 200-1510] Running: set_directive_interface fft32 in_stream 
INFO: [HLS 200-1510] Running: set_directive_array_partition -type complete -dim 1 fft32 data 
INFO: [HLS 200-1510] Running: set_directive_array_partition -type complete -dim 1 fft32 stage0 
INFO: [HLS 200-1510] Running: set_directive_array_partition -type complete -dim 1 fft32 stage1 
INFO: [HLS 200-1510] Running: set_directive_array_partition -type complete -dim 1 fft32 stage2 
INFO: [HLS 200-1510] Running: set_directive_pipeline -II 4 fft32/input_loop 
INFO: [HLS 200-1510] Running: set_directive_unroll fft32/stage2_loop 
INFO: [HLS 200-1510] Running: set_directive_array_partition -type complete -dim 1 fft32/stage2_loop w 
INFO: [HLS 200-1510] Running: set_directive_unroll fft32/stage3_loop 
INFO: [HLS 200-1510] Running: set_directive_pipeline -II 1 fft32/output_loop 
INFO: [HLS 200-1510] Running: set_directive_interface -mode ap_ctrl_none fft32 
INFO: [HLS 200-1510] Running: csynth_design 
INFO: [HLS 200-111] Finished File checks and directory preparation: CPU user time: 0 seconds. CPU system time: 0 seconds. Elapsed time: 0.133 seconds; current allocated memory: 107.426 MB.
INFO: [HLS 200-10] Analyzing design file 'FFT32_sol.cpp' ... 
ERROR: [HLS 207-5519] The 'mode' option of the 'HLS interface' pragma is either missing or set to incorrect position. Pls guarantee to put it following closely INTERFACE. (D:/Vivado/FFT_sol/FFT_sol/opt_1/directives.tcl:12:9)
ERROR: [HLS 207-5519] The 'mode' option of the 'HLS interface' pragma is either missing or set to incorrect position. Pls guarantee to put it following closely INTERFACE. (D:/Vivado/FFT_sol/FFT_sol/opt_1/directives.tcl:13:9)
WARNING: [HLS 207-5169] shift count is negative (D:/Vivado/Vitis_HLS/2023.1/common/technology/autopilot\etc/ap_fixed_base.h:992:13)
INFO: [HLS 207-4526] in instantiation of member function 'ap_fixed_base<21, 4, false, AP_TRN, AP_WRAP, 0>::to_ap_int_base' requested here (D:/Vivado/Vitis_HLS/2023.1/common/technology/autopilot\etc/ap_int_base.h:353:18)
INFO: [HLS 207-4235] in instantiation of function template specialization 'ap_int_base<4, false>::ap_int_base<21, 4, false, AP_TRN, AP_WRAP, 0>' requested here (D:/Vivado/Vitis_HLS/2023.1/common/technology/autopilot\ap_int.h:237:9)
INFO: [HLS 207-4235] in instantiation of function template specialization 'ap_uint<4>::ap_uint<21, 4, AP_TRN, AP_WRAP, 0>' requested here (D:/Vivado/Vitis_HLS/2023.1/common/technology/autopilot/etc/hls_cordic_apfixed.h:65:23)
INFO: [HLS 207-4235] in instantiation of function template specialization 'cordic_apfixed::circ_range_redux<16, 4, 17>' requested here (D:/Vivado/Vitis_HLS/2023.1/common/technology/autopilot/etc/hls_cordic_apfixed.h:243:5)
INFO: [HLS 207-4235] in instantiation of function template specialization 'cordic_apfixed::generic_sincos<16, 4>' requested here (D:/Vivado/Vitis_HLS/2023.1/common/technology/autopilot\hls_math.h:1956:25)
INFO: [HLS 207-4235] in instantiation of function template specialization 'hls::cos<16, 4>' requested here (FFT32_sol.cpp:121:30)
INFO: [HLS 200-111] Finished Command csynth_design CPU user time: 1 seconds. CPU system time: 0 seconds. Elapsed time: 29.164 seconds; current allocated memory: 5.957 MB.
==============================================================
Vitis HLS - High-Level Synthesis from C, C++ and OpenCL v2023.1 (64-bit)
Tool Version Limit: 2023.05
Copyright 1986-2022 Xilinx, Inc. All Rights Reserved.
Copyright 2022-2023 Advanced Micro Devices, Inc. All Rights Reserved.

==============================================================
INFO: [SYN 201-201] Setting up clock 'default' with a period of 10ns.
INFO: [HLS 200-1611] Setting target device to 'xc7z030-sbv485-1'
INFO: [HLS 200-1505] Using flow_target 'vivado'
INFO: [HLS 200-1510] Running: set_part xc7z030sbv485-1 
INFO: [HLS 200-1510] Running: create_clock -period 10 -name default 
INFO: [HLS 200-1510] Running: source ./FFT_sol/opt_1/directives.tcl
INFO: [HLS 200-1510] Running: set_directive_top -name fft32 fft32 
INFO: [HLS 200-1510] Running: set_directive_inline cmul 
INFO: [HLS 200-1510] Running: set_directive_inline radix4_bfly 
INFO: [HLS 200-1510] Running: set_directive_inline radix2_bfly 
INFO: [HLS 200-1510] Running: set_directive_inline bit_reverse 
INFO: [HLS 200-1510] Running: set_directive_array_partition -type complete -dim 1 fft32 data 
INFO: [HLS 200-1510] Running: set_directive_array_partition -type complete -dim 1 fft32 stage0 
INFO: [HLS 200-1510] Running: set_directive_array_partition -type complete -dim 1 fft32 stage1 
INFO: [HLS 200-1510] Running: set_directive_array_partition -type complete -dim 1 fft32 stage2 
INFO: [HLS 200-1510] Running: set_directive_pipeline -II 4 fft32/input_loop 
INFO: [HLS 200-1510] Running: set_directive_unroll fft32/stage2_loop 
INFO: [HLS 200-1510] Running: set_directive_array_partition -type complete -dim 1 fft32/stage2_loop w 
INFO: [HLS 200-1510] Running: set_directive_unroll fft32/stage3_loop 
INFO: [HLS 200-1510] Running: set_directive_pipeline -II 1 fft32/output_loop 
INFO: [HLS 200-1510] Running: set_directive_interface -mode ap_ctrl_none fft32 
INFO: [HLS 200-1510] Running: set_directive_interface -mode axis -register_mode both -register fft32 in_stream 
INFO: [HLS 200-1510] Running: set_directive_interface -mode axis -register_mode both -register fft32 out_stream 
INFO: [HLS 200-1510] Running: csynth_design 
INFO: [HLS 200-111] Finished File checks and directory preparation: CPU user time: 0 seconds. CPU system time: 0 seconds. Elapsed time: 0.14 seconds; current allocated memory: 107.438 MB.
INFO: [HLS 200-10] Analyzing design file 'FFT32_sol.cpp' ... 
INFO: [HLS 200-111] Finished Source Code Analysis and Preprocessing: CPU user time: 1 seconds. CPU system time: 0 seconds. Elapsed time: 28.759 seconds; current allocated memory: 112.930 MB.
INFO: [HLS 200-777] Using interface defaults for 'Vivado' flow target.
INFO: [HLS 214-131] Inlining function 'cmul(complex_t const&, complex_t const&)' into 'radix2_bfly(complex_t&, complex_t&, complex_t const&)' (FFT32_sol.cpp:43:19)
INFO: [HLS 214-131] Inlining function 'radix2_bfly(complex_t&, complex_t&, complex_t const&)' into 'fft32(hls::stream<axis_data, 0>&, hls::stream<axis_data, 0>&)' (FFT32_sol.cpp:147:9)
INFO: [HLS 214-131] Inlining function 'bit_reverse(unsigned int, int)' into 'fft32(hls::stream<axis_data, 0>&, hls::stream<axis_data, 0>&)' (FFT32_sol.cpp:86:26)
INFO: [HLS 214-131] Inlining function 'radix4_bfly(complex_t&, complex_t&, complex_t&, complex_t&)' into 'fft32(hls::stream<axis_data, 0>&, hls::stream<axis_data, 0>&)' (FFT32_sol.cpp:130:9)
INFO: [HLS 214-131] Inlining function 'cmul(complex_t const&, complex_t const&)' into 'fft32(hls::stream<axis_data, 0>&, hls::stream<axis_data, 0>&)' (FFT32_sol.cpp:129:23)
INFO: [HLS 214-131] Inlining function 'radix4_bfly(complex_t&, complex_t&, complex_t&, complex_t&)' into 'fft32(hls::stream<axis_data, 0>&, hls::stream<axis_data, 0>&)' (FFT32_sol.cpp:96:9)
INFO: [HLS 214-131] Inlining function 'cmul(complex_t const&, complex_t const&)' into 'fft32(hls::stream<axis_data, 0>&, hls::stream<axis_data, 0>&)' (FFT32_sol.cpp:128:23)
INFO: [HLS 214-131] Inlining function 'cmul(complex_t const&, complex_t const&)' into 'fft32(hls::stream<axis_data, 0>&, hls::stream<axis_data, 0>&)' (FFT32_sol.cpp:127:23)
INFO: [HLS 214-186] Unrolling loop 'stage3_loop' (FFT32_sol.cpp:141:5) in function 'fft32' completely with a factor of 16 (FFT32_sol.cpp:64:0)
INFO: [HLS 214-186] Unrolling loop 'stage2_loop' (FFT32_sol.cpp:107:5) in function 'fft32' completely with a factor of 8 (FFT32_sol.cpp:64:0)
WARNING: [HLS 214-366] Duplicating function 'complex_t::complex_t(ap_fixed<16, 4, (ap_q_mode)5, (ap_o_mode)3, 0>, ap_fixed<16, 4, (ap_q_mode)5, (ap_o_mode)3, 0>)' as different function signatures were detected between this call site and other call site(s). This may impact the resources used in the design. (FFT32_sol.cpp:114:19)
WARNING: [HLS 214-366] Duplicating function 'complex_t::complex_t(ap_fixed<16, 4, (ap_q_mode)5, (ap_o_mode)3, 0>, ap_fixed<16, 4, (ap_q_mode)5, (ap_o_mode)3, 0>)' as different function signatures were detected between this call site and other call site(s). This may impact the resources used in the design. (FFT32_sol.cpp:69:15)
WARNING: [HLS 214-366] Duplicating function 'complex_t::complex_t(ap_fixed<16, 4, (ap_q_mode)5, (ap_o_mode)3, 0>, ap_fixed<16, 4, (ap_q_mode)5, (ap_o_mode)3, 0>)' as different function signatures were detected between this call site and other call site(s). This may impact the resources used in the design. (FFT32_sol.cpp:81:15)
WARNING: [HLS 214-366] Duplicating function 'complex_t::complex_t(ap_fixed<16, 4, (ap_q_mode)5, (ap_o_mode)3, 0>, ap_fixed<16, 4, (ap_q_mode)5, (ap_o_mode)3, 0>)' as different function signatures were detected between this call site and other call site(s). This may impact the resources used in the design. (FFT32_sol.cpp:90:15)
WARNING: [HLS 214-366] Duplicating function 'complex_t::complex_t(ap_fixed<16, 4, (ap_q_mode)5, (ap_o_mode)3, 0>, ap_fixed<16, 4, (ap_q_mode)5, (ap_o_mode)3, 0>)' as different function signatures were detected between this call site and other call site(s). This may impact the resources used in the design. (FFT32_sol.cpp:104:15)
INFO: [HLS 214-178] Inlining function 'complex_t::complex_t(ap_fixed<16, 4, (ap_q_mode)5, (ap_o_mode)3, 0>, ap_fixed<16, 4, (ap_q_mode)5, (ap_o_mode)3, 0>)' into 'axis_data::axis_data()' (./FFT32.h:50:0)
INFO: [HLS 214-178] Inlining function 'void cordic_apfixed::circ_range_redux<16, 4, 17>(ap_ufixed<16, 4, (ap_q_mode)5, (ap_o_mode)3, 0>, ap_uint<2>&, ap_ufixed<17, 1, (ap_q_mode)5, (ap_o_mode)3, 0>&)' into 'void cordic_apfixed::generic_sincos<16, 4>(ap_fixed<16, 4, (ap_q_mode)5, (ap_o_mode)3, 0>, ap_fixed<((16) - (4)) + (2), 2, (ap_q_mode)5, (ap_o_mode)3, 0>&, ap_fixed<((16) - (4)) + (2), 2, (ap_q_mode)5, (ap_o_mode)3, 0>&) (.55)' (D:/Vivado/Vitis_HLS/2023.1/common/technology/autopilot/etc/hls_cordic_apfixed.h:228:0)
INFO: [HLS 214-178] Inlining function 'void cordic_apfixed::cordic_circ_apfixed<18, 3, 0>(ap_fixed<18, 3, (ap_q_mode)5, (ap_o_mode)3, 0>&, ap_fixed<18, 3, (ap_q_mode)5, (ap_o_mode)3, 0>&, ap_fixed<18, 3, (ap_q_mode)5, (ap_o_mode)3, 0>&)' into 'void cordic_apfixed::generic_sincos<16, 4>(ap_fixed<16, 4, (ap_q_mode)5, (ap_o_mode)3, 0>, ap_fixed<((16) - (4)) + (2), 2, (ap_q_mode)5, (ap_o_mode)3, 0>&, ap_fixed<((16) - (4)) + (2), 2, (ap_q_mode)5, (ap_o_mode)3, 0>&) (.55)' (D:/Vivado/Vitis_HLS/2023.1/common/technology/autopilot/etc/hls_cordic_apfixed.h:228:0)
INFO: [HLS 214-178] Inlining function 'complex_t::complex_t(ap_fixed<16, 4, (ap_q_mode)5, (ap_o_mode)3, 0>, ap_fixed<16, 4, (ap_q_mode)5, (ap_o_mode)3, 0>) (.106)' into 'fft32(hls::stream<axis_data, 0>&, hls::stream<axis_data, 0>&)' (FFT32_sol.cpp:64:0)
INFO: [HLS 214-178] Inlining function 'axis_data::axis_data()' into 'fft32(hls::stream<axis_data, 0>&, hls::stream<axis_data, 0>&)' (FFT32_sol.cpp:64:0)
INFO: [HLS 214-178] Inlining function 'complex_t::complex_t(ap_fixed<16, 4, (ap_q_mode)5, (ap_o_mode)3, 0>, ap_fixed<16, 4, (ap_q_mode)5, (ap_o_mode)3, 0>)' into 'fft32(hls::stream<axis_data, 0>&, hls::stream<axis_data, 0>&)' (FFT32_sol.cpp:64:0)
INFO: [HLS 214-248] Applying array_partition to 'data.real': Complete partitioning on dimension 1. (FFT32_sol.cpp:69:15)
INFO: [HLS 214-248] Applying array_partition to 'data.imag': Complete partitioning on dimension 1. (FFT32_sol.cpp:69:15)
INFO: [HLS 214-248] Applying array_partition to 'stage0.real': Complete partitioning on dimension 1. (FFT32_sol.cpp:81:15)
INFO: [HLS 214-248] Applying array_partition to 'stage0.imag': Complete partitioning on dimension 1. (FFT32_sol.cpp:81:15)
INFO: [HLS 214-248] Applying array_partition to 'stage1.real': Complete partitioning on dimension 1. (FFT32_sol.cpp:90:15)
INFO: [HLS 214-248] Applying array_partition to 'stage1.imag': Complete partitioning on dimension 1. (FFT32_sol.cpp:90:15)
INFO: [HLS 214-248] Applying array_partition to 'stage2.real': Complete partitioning on dimension 1. (FFT32_sol.cpp:104:15)
INFO: [HLS 214-248] Applying array_partition to 'stage2.imag': Complete partitioning on dimension 1. (FFT32_sol.cpp:104:15)
INFO: [HLS 200-111] Finished Compiling Optimization and Transform: CPU user time: 1 seconds. CPU system time: 0 seconds. Elapsed time: 5.043 seconds; current allocated memory: 113.879 MB.
INFO: [HLS 200-111] Finished Checking Pragmas: CPU user time: 0 seconds. CPU system time: 0 seconds. Elapsed time: 0.002 seconds; current allocated memory: 113.879 MB.
INFO: [HLS 200-10] Starting code transformations ...
INFO: [HLS 200-111] Finished Standard Transforms: CPU user time: 0 seconds. CPU system time: 0 seconds. Elapsed time: 0.186 seconds; current allocated memory: 125.168 MB.
INFO: [HLS 200-10] Checking synthesizability ...
INFO: [XFORM 203-602] Inlining function 'hls::cos<16, 4>' into 'fft32' (FFT32_sol.cpp:121) automatically.
INFO: [XFORM 203-602] Inlining function 'hls::sin<16, 4>' into 'fft32' (FFT32_sol.cpp:122) automatically.
INFO: [HLS 200-111] Finished Checking Synthesizability: CPU user time: 0 seconds. CPU system time: 0 seconds. Elapsed time: 0.171 seconds; current allocated memory: 129.836 MB.
INFO: [XFORM 203-510] Pipelining loop 'bit_rev_assign_loop' (FFT32_sol.cpp:84) in function 'fft32' automatically.
INFO: [XFORM 203-510] Pipelining loop 'stage1_loop' (FFT32_sol.cpp:93) in function 'fft32' automatically.
INFO: [XFORM 203-510] Pipelining loop 'Loop-5' (FFT32_sol.cpp:114) in function 'fft32' automatically.
INFO: [XFORM 203-510] Pipelining loop 'Loop-7' (FFT32_sol.cpp:114) in function 'fft32' automatically.
INFO: [XFORM 203-510] Pipelining loop 'Loop-9' (FFT32_sol.cpp:114) in function 'fft32' automatically.
INFO: [XFORM 203-510] Pipelining loop 'Loop-11' (FFT32_sol.cpp:114) in function 'fft32' automatically.
INFO: [XFORM 203-510] Pipelining loop 'Loop-13' (FFT32_sol.cpp:114) in function 'fft32' automatically.
INFO: [XFORM 203-510] Pipelining loop 'Loop-15' (FFT32_sol.cpp:114) in function 'fft32' automatically.
INFO: [XFORM 203-510] Pipelining loop 'Loop-17' (FFT32_sol.cpp:114) in function 'fft32' automatically.
INFO: [XFORM 203-510] Pipelining loop 'Loop-19' (FFT32_sol.cpp:114) in function 'fft32' automatically.
INFO: [XFORM 203-502] Unrolling all sub-loops inside loop 'bit_rev_assign_loop' (FFT32_sol.cpp:84) in function 'fft32' for pipelining.
INFO: [HLS 200-489] Unrolling loop 'bit_rev_loop' (FFT32_sol.cpp:56) in function 'fft32' completely with a factor of 5.
INFO: [XFORM 203-102] Automatically partitioning small array 'w.real' (FFT32_sol.cpp:114) completely based on array size.
INFO: [XFORM 203-102] Automatically partitioning small array 'w.imag' (FFT32_sol.cpp:114) completely based on array size.
INFO: [XFORM 203-101] Partitioning array 'w.real' (FFT32_sol.cpp:114) in dimension 1 completely.
INFO: [XFORM 203-101] Partitioning array 'w.imag' (FFT32_sol.cpp:114) in dimension 1 completely.
INFO: [XFORM 203-602] Inlining function 'hls::cos<16, 4>' into 'fft32' (FFT32_sol.cpp:121) automatically.
INFO: [XFORM 203-602] Inlining function 'hls::sin<16, 4>' into 'fft32' (FFT32_sol.cpp:122) automatically.
INFO: [XFORM 203-401] Performing if-conversion on hyperblock to (FFT32_sol.cpp:114:19) in function 'fft32'... converting 9 basic blocks.
INFO: [XFORM 203-401] Performing if-conversion on hyperblock from (FFT32_sol.cpp:118:18) to (FFT32_sol.cpp:118:9) in function 'fft32'... converting 13 basic blocks.
INFO: [XFORM 203-401] Performing if-conversion on hyperblock to (FFT32_sol.cpp:114:19) in function 'fft32'... converting 9 basic blocks.
INFO: [XFORM 203-401] Performing if-conversion on hyperblock from (FFT32_sol.cpp:118:18) to (FFT32_sol.cpp:118:9) in function 'fft32'... converting 13 basic blocks.
INFO: [XFORM 203-401] Performing if-conversion on hyperblock to (FFT32_sol.cpp:114:19) in function 'fft32'... converting 9 basic blocks.
INFO: [XFORM 203-401] Performing if-conversion on hyperblock from (FFT32_sol.cpp:118:18) to (FFT32_sol.cpp:118:9) in function 'fft32'... converting 13 basic blocks.
INFO: [XFORM 203-401] Performing if-conversion on hyperblock to (FFT32_sol.cpp:114:19) in function 'fft32'... converting 9 basic blocks.
INFO: [XFORM 203-401] Performing if-conversion on hyperblock from (FFT32_sol.cpp:118:18) to (FFT32_sol.cpp:118:9) in function 'fft32'... converting 13 basic blocks.
INFO: [XFORM 203-401] Performing if-conversion on hyperblock to (FFT32_sol.cpp:114:19) in function 'fft32'... converting 9 basic blocks.
INFO: [XFORM 203-401] Performing if-conversion on hyperblock from (FFT32_sol.cpp:118:18) to (FFT32_sol.cpp:118:9) in function 'fft32'... converting 13 basic blocks.
INFO: [XFORM 203-401] Performing if-conversion on hyperblock to (FFT32_sol.cpp:114:19) in function 'fft32'... converting 9 basic blocks.
INFO: [XFORM 203-401] Performing if-conversion on hyperblock from (FFT32_sol.cpp:118:18) to (FFT32_sol.cpp:118:9) in function 'fft32'... converting 13 basic blocks.
INFO: [XFORM 203-401] Performing if-conversion on hyperblock to (FFT32_sol.cpp:114:19) in function 'fft32'... converting 9 basic blocks.
INFO: [XFORM 203-401] Performing if-conversion on hyperblock from (FFT32_sol.cpp:118:18) to (FFT32_sol.cpp:118:9) in function 'fft32'... converting 13 basic blocks.
INFO: [XFORM 203-401] Performing if-conversion on hyperblock to (FFT32_sol.cpp:114:19) in function 'fft32'... converting 9 basic blocks.
INFO: [XFORM 203-401] Performing if-conversion on hyperblock from (FFT32_sol.cpp:118:18) to (FFT32_sol.cpp:118:9) in function 'fft32'... converting 13 basic blocks.
INFO: [XFORM 203-401] Performing if-conversion on hyperblock from (D:/Vivado/Vitis_HLS/2023.1/common/technology/autopilot/etc/hls_cordic_apfixed.h:88:9) to (D:/Vivado/Vitis_HLS/2023.1/common/technology/autopilot/etc/hls_cordic_apfixed.h:87:22) in function 'cordic_apfixed::generic_sincos<16, 4>'... converting 4 basic blocks.
INFO: [XFORM 203-401] Performing if-conversion on hyperblock from (D:/Vivado/Vitis_HLS/2023.1/common/technology/autopilot/etc/hls_cordic_apfixed.h:230:28) to (D:/Vivado/Vitis_HLS/2023.1/common/technology/autopilot/etc/hls_cordic_apfixed.h:87:22) in function 'cordic_apfixed::generic_sincos<16, 4>'... converting 4 basic blocks.
INFO: [XFORM 203-401] Performing if-conversion on hyperblock from (D:/Vivado/Vitis_HLS/2023.1/common/technology/autopilot/etc/hls_cordic_apfixed.h:245:27) to (D:/Vivado/Vitis_HLS/2023.1/common/technology/autopilot/etc/hls_cordic_apfixed.h:293:3) in function 'cordic_apfixed::generic_sincos<16, 4>'... converting 6 basic blocks.
INFO: [HLS 200-111] Finished Loop, function and other optimizations: CPU user time: 1 seconds. CPU system time: 0 seconds. Elapsed time: 1.22 seconds; current allocated memory: 158.746 MB.
INFO: [HLS 200-111] Finished Architecture Synthesis: CPU user time: 0 seconds. CPU system time: 0 seconds. Elapsed time: 0.717 seconds; current allocated memory: 292.062 MB.
INFO: [HLS 200-10] Starting hardware synthesis ...
INFO: [HLS 200-10] Synthesizing 'fft32' ...
WARNING: [SYN 201-103] Legalizing function name 'generic_sincos<16, 4>_Pipeline_VITIS_LOOP_87_1' to 'generic_sincos_16_4_Pipeline_VITIS_LOOP_87_1'.
WARNING: [SYN 201-103] Legalizing function name 'generic_sincos<16, 4>' to 'generic_sincos_16_4_s'.
INFO: [HLS 200-10] ----------------------------------------------------------------
INFO: [HLS 200-42] -- Implementing module 'fft32_Pipeline_input_loop' 
INFO: [HLS 200-10] ----------------------------------------------------------------
INFO: [SCHED 204-11] Starting scheduling ...
INFO: [SCHED 204-61] Pipelining loop 'input_loop'.
INFO: [HLS 200-1470] Pipelining result : Target II = 4, Final II = 2, Depth = 2, loop 'input_loop'
INFO: [SCHED 204-11] Finished scheduling.
INFO: [HLS 200-111] Finished Scheduling: CPU user time: 1 seconds. CPU system time: 0 seconds. Elapsed time: 0.648 seconds; current allocated memory: 300.172 MB.
INFO: [BIND 205-100] Starting micro-architecture generation ...
INFO: [BIND 205-101] Performing variable lifetime analysis.
INFO: [BIND 205-101] Exploring resource sharing.
INFO: [BIND 205-101] Binding ...
INFO: [BIND 205-100] Finished micro-architecture generation.
INFO: [HLS 200-111] Finished Binding: CPU user time: 0 seconds. CPU system time: 0 seconds. Elapsed time: 0.143 seconds; current allocated memory: 301.266 MB.
INFO: [HLS 200-10] ----------------------------------------------------------------
INFO: [HLS 200-42] -- Implementing module 'fft32_Pipeline_bit_rev_assign_loop' 
INFO: [HLS 200-10] ----------------------------------------------------------------
INFO: [SCHED 204-11] Starting scheduling ...
INFO: [SCHED 204-61] Pipelining loop 'bit_rev_assign_loop'.
INFO: [HLS 200-1470] Pipelining result : Target II = NA, Final II = 1, Depth = 1, loop 'bit_rev_assign_loop'
INFO: [SCHED 204-11] Finished scheduling.
INFO: [HLS 200-111] Finished Scheduling: CPU user time: 0 seconds. CPU system time: 0 seconds. Elapsed time: 0.349 seconds; current allocated memory: 304.973 MB.
INFO: [BIND 205-100] Starting micro-architecture generation ...
INFO: [BIND 205-101] Performing variable lifetime analysis.
INFO: [BIND 205-101] Exploring resource sharing.
INFO: [BIND 205-101] Binding ...
INFO: [BIND 205-100] Finished micro-architecture generation.
INFO: [HLS 200-111] Finished Binding: CPU user time: 0 seconds. CPU system time: 0 seconds. Elapsed time: 0.129 seconds; current allocated memory: 305.098 MB.
INFO: [HLS 200-10] ----------------------------------------------------------------
INFO: [HLS 200-42] -- Implementing module 'fft32_Pipeline_stage1_loop' 
INFO: [HLS 200-10] ----------------------------------------------------------------
INFO: [SCHED 204-11] Starting scheduling ...
INFO: [SCHED 204-61] Pipelining loop 'stage1_loop'.
INFO: [HLS 200-1470] Pipelining result : Target II = NA, Final II = 1, Depth = 3, loop 'stage1_loop'
INFO: [SCHED 204-11] Finished scheduling.
INFO: [HLS 200-111] Finished Scheduling: CPU user time: 1 seconds. CPU system time: 0 seconds. Elapsed time: 0.769 seconds; current allocated memory: 336.465 MB.
INFO: [BIND 205-100] Starting micro-architecture generation ...
INFO: [BIND 205-101] Performing variable lifetime analysis.
INFO: [BIND 205-101] Exploring resource sharing.
INFO: [BIND 205-101] Binding ...
INFO: [BIND 205-100] Finished micro-architecture generation.
INFO: [HLS 200-111] Finished Binding: CPU user time: 0 seconds. CPU system time: 0 seconds. Elapsed time: 0.187 seconds; current allocated memory: 336.465 MB.
INFO: [HLS 200-10] ----------------------------------------------------------------
INFO: [HLS 200-42] -- Implementing module 'fft32_Pipeline_4' 
INFO: [HLS 200-10] ----------------------------------------------------------------
INFO: [SCHED 204-11] Starting scheduling ...
INFO: [SCHED 204-61] Pipelining loop 'Loop 1'.
INFO: [HLS 200-1470] Pipelining result : Target II = NA, Final II = 1, Depth = 1, loop 'Loop 1'
INFO: [SCHED 204-11] Finished scheduling.
INFO: [HLS 200-111] Finished Scheduling: CPU user time: 1 seconds. CPU system time: 0 seconds. Elapsed time: 0.237 seconds; current allocated memory: 336.465 MB.
INFO: [BIND 205-100] Starting micro-architecture generation ...
INFO: [BIND 205-101] Performing variable lifetime analysis.
INFO: [BIND 205-101] Exploring resource sharing.
INFO: [BIND 205-101] Binding ...
INFO: [BIND 205-100] Finished micro-architecture generation.
INFO: [HLS 200-111] Finished Binding: CPU user time: 0 seconds. CPU system time: 0 seconds. Elapsed time: 0.081 seconds; current allocated memory: 336.465 MB.
INFO: [HLS 200-10] ----------------------------------------------------------------
INFO: [HLS 200-42] -- Implementing module 'generic_sincos_16_4_Pipeline_VITIS_LOOP_87_1' 
INFO: [HLS 200-10] ----------------------------------------------------------------
INFO: [SCHED 204-11] Starting scheduling ...
INFO: [SCHED 204-61] Pipelining loop 'VITIS_LOOP_87_1'.
INFO: [HLS 200-1470] Pipelining result : Target II = NA, Final II = 1, Depth = 4, loop 'VITIS_LOOP_87_1'
INFO: [SCHED 204-11] Finished scheduling.
INFO: [HLS 200-111] Finished Scheduling: CPU user time: 0 seconds. CPU system time: 0 seconds. Elapsed time: 0.172 seconds; current allocated memory: 336.465 MB.
INFO: [BIND 205-100] Starting micro-architecture generation ...
INFO: [BIND 205-101] Performing variable lifetime analysis.
INFO: [BIND 205-101] Exploring resource sharing.
INFO: [BIND 205-101] Binding ...
INFO: [BIND 205-100] Finished micro-architecture generation.
INFO: [HLS 200-111] Finished Binding: CPU user time: 0 seconds. CPU system time: 0 seconds. Elapsed time: 0.1 seconds; current allocated memory: 336.465 MB.
INFO: [HLS 200-10] ----------------------------------------------------------------
INFO: [HLS 200-42] -- Implementing module 'generic_sincos_16_4_s' 
INFO: [HLS 200-10] ----------------------------------------------------------------
INFO: [SCHED 204-11] Starting scheduling ...
INFO: [HLS 200-486] Changing DSP latency (root=mul_ln68) to 3 in order to utilize available DSP registers.
INFO: [SCHED 204-11] Finished scheduling.
INFO: [HLS 200-111] Finished Scheduling: CPU user time: 0 seconds. CPU system time: 0 seconds. Elapsed time: 0.218 seconds; current allocated memory: 336.465 MB.
INFO: [BIND 205-100] Starting micro-architecture generation ...
INFO: [BIND 205-101] Performing variable lifetime analysis.
INFO: [BIND 205-101] Exploring resource sharing.
INFO: [BIND 205-101] Binding ...
INFO: [BIND 205-100] Finished micro-architecture generation.
INFO: [HLS 200-111] Finished Binding: CPU user time: 0 seconds. CPU system time: 0 seconds. Elapsed time: 0.15 seconds; current allocated memory: 336.465 MB.
INFO: [HLS 200-10] ----------------------------------------------------------------
INFO: [HLS 200-42] -- Implementing module 'fft32_Pipeline_5' 
INFO: [HLS 200-10] ----------------------------------------------------------------
INFO: [SCHED 204-11] Starting scheduling ...
INFO: [SCHED 204-61] Pipelining loop 'Loop 1'.
INFO: [HLS 200-1470] Pipelining result : Target II = NA, Final II = 1, Depth = 2, loop 'Loop 1'
INFO: [SCHED 204-11] Finished scheduling.
INFO: [HLS 200-111] Finished Scheduling: CPU user time: 0 seconds. CPU system time: 0 seconds. Elapsed time: 0.152 seconds; current allocated memory: 336.465 MB.
INFO: [BIND 205-100] Starting micro-architecture generation ...
INFO: [BIND 205-101] Performing variable lifetime analysis.
INFO: [BIND 205-101] Exploring resource sharing.
INFO: [BIND 205-101] Binding ...
INFO: [BIND 205-100] Finished micro-architecture generation.
INFO: [HLS 200-111] Finished Binding: CPU user time: 0 seconds. CPU system time: 0 seconds. Elapsed time: 0.092 seconds; current allocated memory: 336.465 MB.
INFO: [HLS 200-10] ----------------------------------------------------------------
INFO: [HLS 200-42] -- Implementing module 'fft32_Pipeline_6' 
INFO: [HLS 200-10] ----------------------------------------------------------------
INFO: [SCHED 204-11] Starting scheduling ...
INFO: [SCHED 204-61] Pipelining loop 'Loop 1'.
INFO: [HLS 200-1470] Pipelining result : Target II = NA, Final II = 1, Depth = 2, loop 'Loop 1'
INFO: [SCHED 204-11] Finished scheduling.
INFO: [HLS 200-111] Finished Scheduling: CPU user time: 0 seconds. CPU system time: 0 seconds. Elapsed time: 0.139 seconds; current allocated memory: 336.465 MB.
INFO: [BIND 205-100] Starting micro-architecture generation ...
INFO: [BIND 205-101] Performing variable lifetime analysis.
INFO: [BIND 205-101] Exploring resource sharing.
INFO: [BIND 205-101] Binding ...
INFO: [BIND 205-100] Finished micro-architecture generation.
INFO: [HLS 200-111] Finished Binding: CPU user time: 0 seconds. CPU system time: 0 seconds. Elapsed time: 0.08 seconds; current allocated memory: 336.465 MB.
INFO: [HLS 200-10] ----------------------------------------------------------------
INFO: [HLS 200-42] -- Implementing module 'fft32_Pipeline_7' 
INFO: [HLS 200-10] ----------------------------------------------------------------
INFO: [SCHED 204-11] Starting scheduling ...
INFO: [SCHED 204-61] Pipelining loop 'Loop 1'.
INFO: [HLS 200-1470] Pipelining result : Target II = NA, Final II = 1, Depth = 2, loop 'Loop 1'
INFO: [SCHED 204-11] Finished scheduling.
INFO: [HLS 200-111] Finished Scheduling: CPU user time: 0 seconds. CPU system time: 0 seconds. Elapsed time: 0.133 seconds; current allocated memory: 336.465 MB.
INFO: [BIND 205-100] Starting micro-architecture generation ...
INFO: [BIND 205-101] Performing variable lifetime analysis.
INFO: [BIND 205-101] Exploring resource sharing.
INFO: [BIND 205-101] Binding ...
INFO: [BIND 205-100] Finished micro-architecture generation.
INFO: [HLS 200-111] Finished Binding: CPU user time: 1 seconds. CPU system time: 0 seconds. Elapsed time: 0.085 seconds; current allocated memory: 336.465 MB.
INFO: [HLS 200-10] ----------------------------------------------------------------
INFO: [HLS 200-42] -- Implementing module 'fft32_Pipeline_8' 
INFO: [HLS 200-10] ----------------------------------------------------------------
INFO: [SCHED 204-11] Starting scheduling ...
INFO: [SCHED 204-61] Pipelining loop 'Loop 1'.
INFO: [HLS 200-1470] Pipelining result : Target II = NA, Final II = 1, Depth = 2, loop 'Loop 1'
INFO: [SCHED 204-11] Finished scheduling.
INFO: [HLS 200-111] Finished Scheduling: CPU user time: 0 seconds. CPU system time: 0 seconds. Elapsed time: 0.134 seconds; current allocated memory: 336.465 MB.
INFO: [BIND 205-100] Starting micro-architecture generation ...
INFO: [BIND 205-101] Performing variable lifetime analysis.
INFO: [BIND 205-101] Exploring resource sharing.
INFO: [BIND 205-101] Binding ...
INFO: [BIND 205-100] Finished micro-architecture generation.
INFO: [HLS 200-111] Finished Binding: CPU user time: 0 seconds. CPU system time: 0 seconds. Elapsed time: 0.084 seconds; current allocated memory: 336.465 MB.
INFO: [HLS 200-10] ----------------------------------------------------------------
INFO: [HLS 200-42] -- Implementing module 'fft32_Pipeline_9' 
INFO: [HLS 200-10] ----------------------------------------------------------------
INFO: [SCHED 204-11] Starting scheduling ...
INFO: [SCHED 204-61] Pipelining loop 'Loop 1'.
INFO: [HLS 200-1470] Pipelining result : Target II = NA, Final II = 1, Depth = 2, loop 'Loop 1'
INFO: [SCHED 204-11] Finished scheduling.
INFO: [HLS 200-111] Finished Scheduling: CPU user time: 0 seconds. CPU system time: 0 seconds. Elapsed time: 0.149 seconds; current allocated memory: 336.465 MB.
INFO: [BIND 205-100] Starting micro-architecture generation ...
INFO: [BIND 205-101] Performing variable lifetime analysis.
INFO: [BIND 205-101] Exploring resource sharing.
INFO: [BIND 205-101] Binding ...
INFO: [BIND 205-100] Finished micro-architecture generation.
INFO: [HLS 200-111] Finished Binding: CPU user time: 0 seconds. CPU system time: 0 seconds. Elapsed time: 0.124 seconds; current allocated memory: 336.465 MB.
INFO: [HLS 200-10] ----------------------------------------------------------------
INFO: [HLS 200-42] -- Implementing module 'fft32_Pipeline_10' 
INFO: [HLS 200-10] ----------------------------------------------------------------
INFO: [SCHED 204-11] Starting scheduling ...
INFO: [SCHED 204-61] Pipelining loop 'Loop 1'.
INFO: [HLS 200-1470] Pipelining result : Target II = NA, Final II = 1, Depth = 2, loop 'Loop 1'
INFO: [SCHED 204-11] Finished scheduling.
INFO: [HLS 200-111] Finished Scheduling: CPU user time: 0 seconds. CPU system time: 0 seconds. Elapsed time: 0.149 seconds; current allocated memory: 336.465 MB.
INFO: [BIND 205-100] Starting micro-architecture generation ...
INFO: [BIND 205-101] Performing variable lifetime analysis.
INFO: [BIND 205-101] Exploring resource sharing.
INFO: [BIND 205-101] Binding ...
INFO: [BIND 205-100] Finished micro-architecture generation.
INFO: [HLS 200-111] Finished Binding: CPU user time: 0 seconds. CPU system time: 0 seconds. Elapsed time: 0.085 seconds; current allocated memory: 336.465 MB.
INFO: [HLS 200-10] ----------------------------------------------------------------
INFO: [HLS 200-42] -- Implementing module 'fft32_Pipeline_11' 
INFO: [HLS 200-10] ----------------------------------------------------------------
INFO: [SCHED 204-11] Starting scheduling ...
INFO: [SCHED 204-61] Pipelining loop 'Loop 1'.
INFO: [HLS 200-1470] Pipelining result : Target II = NA, Final II = 1, Depth = 2, loop 'Loop 1'
INFO: [SCHED 204-11] Finished scheduling.
INFO: [HLS 200-111] Finished Scheduling: CPU user time: 0 seconds. CPU system time: 0 seconds. Elapsed time: 0.138 seconds; current allocated memory: 336.465 MB.
INFO: [BIND 205-100] Starting micro-architecture generation ...
INFO: [BIND 205-101] Performing variable lifetime analysis.
INFO: [BIND 205-101] Exploring resource sharing.
INFO: [BIND 205-101] Binding ...
INFO: [BIND 205-100] Finished micro-architecture generation.
INFO: [HLS 200-111] Finished Binding: CPU user time: 0 seconds. CPU system time: 0 seconds. Elapsed time: 0.088 seconds; current allocated memory: 336.465 MB.
INFO: [HLS 200-10] ----------------------------------------------------------------
INFO: [HLS 200-42] -- Implementing module 'fft32_Pipeline_output_loop' 
INFO: [HLS 200-10] ----------------------------------------------------------------
INFO: [SCHED 204-11] Starting scheduling ...
INFO: [SCHED 204-61] Pipelining loop 'output_loop'.
INFO: [HLS 200-1470] Pipelining result : Target II = 1, Final II = 1, Depth = 2, loop 'output_loop'
INFO: [SCHED 204-11] Finished scheduling.
INFO: [HLS 200-111] Finished Scheduling: CPU user time: 0 seconds. CPU system time: 0 seconds. Elapsed time: 0.153 seconds; current allocated memory: 336.465 MB.
INFO: [BIND 205-100] Starting micro-architecture generation ...
INFO: [BIND 205-101] Performing variable lifetime analysis.
INFO: [BIND 205-101] Exploring resource sharing.
INFO: [BIND 205-101] Binding ...
INFO: [BIND 205-100] Finished micro-architecture generation.
INFO: [HLS 200-111] Finished Binding: CPU user time: 0 seconds. CPU system time: 0 seconds. Elapsed time: 0.095 seconds; current allocated memory: 336.465 MB.
INFO: [HLS 200-10] ----------------------------------------------------------------
INFO: [HLS 200-42] -- Implementing module 'fft32' 
INFO: [HLS 200-10] ----------------------------------------------------------------
INFO: [SCHED 204-11] Starting scheduling ...
INFO: [HLS 200-486] Changing DSP latency (root=mul_ln11_5) to 3 in order to utilize available DSP registers.
INFO: [HLS 200-486] Changing DSP latency (root=mul_ln10_5) to 3 in order to utilize available DSP registers.
INFO: [HLS 200-486] Changing DSP latency (root=mul_ln11_3) to 3 in order to utilize available DSP registers.
INFO: [HLS 200-486] Changing DSP latency (root=mul_ln10_3) to 3 in order to utilize available DSP registers.
INFO: [HLS 200-486] Changing DSP latency (root=mul_ln11_1) to 3 in order to utilize available DSP registers.
INFO: [HLS 200-486] Changing DSP latency (root=mul_ln10_1) to 3 in order to utilize available DSP registers.
INFO: [HLS 200-486] Changing DSP latency (root=mul_ln11_11) to 3 in order to utilize available DSP registers.
INFO: [HLS 200-486] Changing DSP latency (root=mul_ln10_11) to 3 in order to utilize available DSP registers.
INFO: [HLS 200-486] Changing DSP latency (root=mul_ln11_9) to 3 in order to utilize available DSP registers.
INFO: [HLS 200-486] Changing DSP latency (root=mul_ln10_9) to 3 in order to utilize available DSP registers.
INFO: [HLS 200-486] Changing DSP latency (root=mul_ln11_7) to 3 in order to utilize available DSP registers.
INFO: [HLS 200-486] Changing DSP latency (root=mul_ln10_7) to 3 in order to utilize available DSP registers.
INFO: [HLS 200-486] Changing DSP latency (root=mul_ln11_17) to 3 in order to utilize available DSP registers.
INFO: [HLS 200-486] Changing DSP latency (root=mul_ln10_17) to 3 in order to utilize available DSP registers.
INFO: [HLS 200-486] Changing DSP latency (root=mul_ln11_15) to 3 in order to utilize available DSP registers.
INFO: [HLS 200-486] Changing DSP latency (root=mul_ln10_15) to 3 in order to utilize available DSP registers.
INFO: [HLS 200-486] Changing DSP latency (root=mul_ln11_13) to 3 in order to utilize available DSP registers.
INFO: [HLS 200-486] Changing DSP latency (root=mul_ln10_13) to 3 in order to utilize available DSP registers.
INFO: [HLS 200-486] Changing DSP latency (root=mul_ln11_23) to 3 in order to utilize available DSP registers.
INFO: [HLS 200-486] Changing DSP latency (root=mul_ln10_23) to 3 in order to utilize available DSP registers.
INFO: [HLS 200-486] Changing DSP latency (root=mul_ln11_21) to 3 in order to utilize available DSP registers.
INFO: [HLS 200-486] Changing DSP latency (root=mul_ln10_21) to 3 in order to utilize available DSP registers.
INFO: [HLS 200-486] Changing DSP latency (root=mul_ln11_19) to 3 in order to utilize available DSP registers.
INFO: [HLS 200-486] Changing DSP latency (root=mul_ln10_19) to 3 in order to utilize available DSP registers.
INFO: [HLS 200-486] Changing DSP latency (root=mul_ln11_29) to 3 in order to utilize available DSP registers.
INFO: [HLS 200-486] Changing DSP latency (root=mul_ln10_29) to 3 in order to utilize available DSP registers.
INFO: [HLS 200-486] Changing DSP latency (root=mul_ln11_27) to 3 in order to utilize available DSP registers.
INFO: [HLS 200-486] Changing DSP latency (root=mul_ln10_27) to 3 in order to utilize available DSP registers.
INFO: [HLS 200-486] Changing DSP latency (root=mul_ln11_25) to 3 in order to utilize available DSP registers.
INFO: [HLS 200-486] Changing DSP latency (root=mul_ln10_25) to 3 in order to utilize available DSP registers.
INFO: [HLS 200-486] Changing DSP latency (root=mul_ln11_35) to 3 in order to utilize available DSP registers.
INFO: [HLS 200-486] Changing DSP latency (root=mul_ln10_35) to 3 in order to utilize available DSP registers.
INFO: [HLS 200-486] Changing DSP latency (root=mul_ln11_33) to 3 in order to utilize available DSP registers.
INFO: [HLS 200-486] Changing DSP latency (root=mul_ln10_33) to 3 in order to utilize available DSP registers.
INFO: [HLS 200-486] Changing DSP latency (root=mul_ln11_31) to 3 in order to utilize available DSP registers.
INFO: [HLS 200-486] Changing DSP latency (root=mul_ln10_31) to 3 in order to utilize available DSP registers.
INFO: [HLS 200-486] Changing DSP latency (root=mul_ln11_41) to 3 in order to utilize available DSP registers.
INFO: [HLS 200-486] Changing DSP latency (root=mul_ln10_41) to 3 in order to utilize available DSP registers.
INFO: [HLS 200-486] Changing DSP latency (root=mul_ln11_39) to 3 in order to utilize available DSP registers.
INFO: [HLS 200-486] Changing DSP latency (root=mul_ln10_39) to 3 in order to utilize available DSP registers.
INFO: [HLS 200-486] Changing DSP latency (root=mul_ln11_37) to 3 in order to utilize available DSP registers.
INFO: [HLS 200-486] Changing DSP latency (root=mul_ln10_37) to 3 in order to utilize available DSP registers.
INFO: [HLS 200-486] Changing DSP latency (root=mul_ln11_79) to 3 in order to utilize available DSP registers.
INFO: [HLS 200-486] Changing DSP latency (root=mul_ln10_79) to 3 in order to utilize available DSP registers.
INFO: [HLS 200-486] Changing DSP latency (root=mul_ln11_77) to 3 in order to utilize available DSP registers.
INFO: [HLS 200-486] Changing DSP latency (root=mul_ln10_77) to 3 in order to utilize available DSP registers.
INFO: [HLS 200-486] Changing DSP latency (root=mul_ln11_75) to 3 in order to utilize available DSP registers.
INFO: [HLS 200-486] Changing DSP latency (root=mul_ln10_75) to 3 in order to utilize available DSP registers.
INFO: [HLS 200-486] Changing DSP latency (root=mul_ln11_73) to 3 in order to utilize available DSP registers.
INFO: [HLS 200-486] Changing DSP latency (root=mul_ln10_73) to 3 in order to utilize available DSP registers.
INFO: [HLS 200-486] Changing DSP latency (root=mul_ln11_71) to 3 in order to utilize available DSP registers.
INFO: [HLS 200-486] Changing DSP latency (root=mul_ln10_71) to 3 in order to utilize available DSP registers.
INFO: [HLS 200-486] Changing DSP latency (root=mul_ln11_69) to 3 in order to utilize available DSP registers.
INFO: [HLS 200-486] Changing DSP latency (root=mul_ln10_69) to 3 in order to utilize available DSP registers.
INFO: [HLS 200-486] Changing DSP latency (root=mul_ln11_67) to 3 in order to utilize available DSP registers.
INFO: [HLS 200-486] Changing DSP latency (root=mul_ln10_67) to 3 in order to utilize available DSP registers.
INFO: [HLS 200-486] Changing DSP latency (root=mul_ln11_65) to 3 in order to utilize available DSP registers.
INFO: [HLS 200-486] Changing DSP latency (root=mul_ln10_65) to 3 in order to utilize available DSP registers.
INFO: [HLS 200-486] Changing DSP latency (root=mul_ln11_63) to 3 in order to utilize available DSP registers.
INFO: [HLS 200-486] Changing DSP latency (root=mul_ln10_63) to 3 in order to utilize available DSP registers.
INFO: [HLS 200-486] Changing DSP latency (root=mul_ln11_61) to 3 in order to utilize available DSP registers.
INFO: [HLS 200-486] Changing DSP latency (root=mul_ln10_61) to 3 in order to utilize available DSP registers.
INFO: [HLS 200-486] Changing DSP latency (root=mul_ln11_59) to 3 in order to utilize available DSP registers.
INFO: [HLS 200-486] Changing DSP latency (root=mul_ln10_59) to 3 in order to utilize available DSP registers.
INFO: [HLS 200-486] Changing DSP latency (root=mul_ln11_57) to 3 in order to utilize available DSP registers.
INFO: [HLS 200-486] Changing DSP latency (root=mul_ln10_57) to 3 in order to utilize available DSP registers.
INFO: [HLS 200-486] Changing DSP latency (root=mul_ln11_55) to 3 in order to utilize available DSP registers.
INFO: [HLS 200-486] Changing DSP latency (root=mul_ln10_55) to 3 in order to utilize available DSP registers.
INFO: [HLS 200-486] Changing DSP latency (root=mul_ln11_53) to 3 in order to utilize available DSP registers.
INFO: [HLS 200-486] Changing DSP latency (root=mul_ln10_53) to 3 in order to utilize available DSP registers.
INFO: [HLS 200-486] Changing DSP latency (root=mul_ln11_51) to 3 in order to utilize available DSP registers.
INFO: [HLS 200-486] Changing DSP latency (root=mul_ln10_51) to 3 in order to utilize available DSP registers.
INFO: [HLS 200-486] Changing DSP latency (root=mul_ln11_49) to 3 in order to utilize available DSP registers.
INFO: [HLS 200-486] Changing DSP latency (root=mul_ln10_49) to 3 in order to utilize available DSP registers.
INFO: [HLS 200-486] Changing DSP latency (root=mul_ln11_47) to 3 in order to utilize available DSP registers.
INFO: [HLS 200-486] Changing DSP latency (root=mul_ln10_47) to 3 in order to utilize available DSP registers.
INFO: [HLS 200-486] Changing DSP latency (root=mul_ln11_45) to 3 in order to utilize available DSP registers.
INFO: [HLS 200-486] Changing DSP latency (root=mul_ln10_45) to 3 in order to utilize available DSP registers.
INFO: [HLS 200-486] Changing DSP latency (root=mul_ln11_43) to 3 in order to utilize available DSP registers.
INFO: [HLS 200-486] Changing DSP latency (root=mul_ln10_43) to 3 in order to utilize available DSP registers.
INFO: [SCHED 204-11] Finished scheduling.
INFO: [HLS 200-111] Finished Scheduling: CPU user time: 6 seconds. CPU system time: 0 seconds. Elapsed time: 6.038 seconds; current allocated memory: 336.465 MB.
INFO: [BIND 205-100] Starting micro-architecture generation ...
INFO: [BIND 205-101] Performing variable lifetime analysis.
INFO: [BIND 205-101] Exploring resource sharing.
INFO: [BIND 205-101] Binding ...
INFO: [BIND 205-100] Finished micro-architecture generation.
INFO: [HLS 200-111] Finished Binding: CPU user time: 3 seconds. CPU system time: 0 seconds. Elapsed time: 3.818 seconds; current allocated memory: 336.465 MB.
INFO: [HLS 200-10] ----------------------------------------------------------------
INFO: [HLS 200-10] -- Generating RTL for module 'fft32_Pipeline_input_loop' 
INFO: [HLS 200-10] ----------------------------------------------------------------
INFO: [RTGEN 206-100] Finished creating RTL model for 'fft32_Pipeline_input_loop'.
INFO: [HLS 200-111] Finished Creating RTL model: CPU user time: 1 seconds. CPU system time: 0 seconds. Elapsed time: 1.012 seconds; current allocated memory: 336.465 MB.
INFO: [HLS 200-10] ----------------------------------------------------------------
INFO: [HLS 200-10] -- Generating RTL for module 'fft32_Pipeline_bit_rev_assign_loop' 
INFO: [HLS 200-10] ----------------------------------------------------------------
INFO: [RTGEN 206-100] Generating core module 'mux_32_5_16_1_1': 2 instance(s).
INFO: [RTGEN 206-100] Finished creating RTL model for 'fft32_Pipeline_bit_rev_assign_loop'.
INFO: [HLS 200-111] Finished Creating RTL model: CPU user time: 1 seconds. CPU system time: 0 seconds. Elapsed time: 0.366 seconds; current allocated memory: 338.961 MB.
INFO: [HLS 200-10] ----------------------------------------------------------------
INFO: [HLS 200-10] -- Generating RTL for module 'fft32_Pipeline_stage1_loop' 
INFO: [HLS 200-10] ----------------------------------------------------------------
INFO: [HLS 200-1030] Apply Unified Pipeline Control on module 'fft32_Pipeline_stage1_loop' pipeline 'stage1_loop' pipeline type 'loop pipeline'
INFO: [RTGEN 206-100] Generating core module 'mux_8_3_16_1_1': 8 instance(s).
INFO: [RTGEN 206-100] Finished creating RTL model for 'fft32_Pipeline_stage1_loop'.
INFO: [HLS 200-111] Finished Creating RTL model: CPU user time: 0 seconds. CPU system time: 0 seconds. Elapsed time: 0.488 seconds; current allocated memory: 348.613 MB.
INFO: [HLS 200-10] ----------------------------------------------------------------
INFO: [HLS 200-10] -- Generating RTL for module 'fft32_Pipeline_4' 
INFO: [HLS 200-10] ----------------------------------------------------------------
INFO: [RTGEN 206-100] Finished creating RTL model for 'fft32_Pipeline_4'.
INFO: [HLS 200-111] Finished Creating RTL model: CPU user time: 0 seconds. CPU system time: 1 seconds. Elapsed time: 0.531 seconds; current allocated memory: 359.410 MB.
INFO: [HLS 200-10] ----------------------------------------------------------------
INFO: [HLS 200-10] -- Generating RTL for module 'generic_sincos_16_4_Pipeline_VITIS_LOOP_87_1' 
INFO: [HLS 200-10] ----------------------------------------------------------------
INFO: [SYN 201-210] Renamed object name 'generic_sincos_16_4_Pipeline_VITIS_LOOP_87_1_cordic_apfixed_circ_table_arctan_128_ROM_AUTO_1R' to 'generic_sincos_16_4_Pipeline_VITIS_LOOP_87_1_cordic_apfixed_circ_table_arctanbkb' due to the length limit 80
INFO: [HLS 200-1030] Apply Unified Pipeline Control on module 'generic_sincos_16_4_Pipeline_VITIS_LOOP_87_1' pipeline 'VITIS_LOOP_87_1' pipeline type 'loop pipeline'
INFO: [RTGEN 206-100] Finished creating RTL model for 'generic_sincos_16_4_Pipeline_VITIS_LOOP_87_1'.
INFO: [RTMG 210-279] Implementing memory 'fft32_generic_sincos_16_4_Pipeline_VITIS_LOOP_87_1_cordic_apfixed_circ_table_arctanbkb' using auto ROMs.
INFO: [HLS 200-111] Finished Creating RTL model: CPU user time: 0 seconds. CPU system time: 0 seconds. Elapsed time: 0.181 seconds; current allocated memory: 359.410 MB.
INFO: [HLS 200-10] ----------------------------------------------------------------
INFO: [HLS 200-10] -- Generating RTL for module 'generic_sincos_16_4_s' 
INFO: [HLS 200-10] ----------------------------------------------------------------
INFO: [RTGEN 206-100] Generating core module 'mac_muladd_4ns_16ns_18ns_18_4_1': 1 instance(s).
INFO: [RTGEN 206-100] Generating core module 'mul_16ns_22ns_37_1_1': 1 instance(s).
INFO: [RTGEN 206-100] Finished creating RTL model for 'generic_sincos_16_4_s'.
INFO: [HLS 200-111] Finished Creating RTL model: CPU user time: 1 seconds. CPU system time: 0 seconds. Elapsed time: 0.209 seconds; current allocated memory: 360.414 MB.
INFO: [HLS 200-10] ----------------------------------------------------------------
INFO: [HLS 200-10] -- Generating RTL for module 'fft32_Pipeline_5' 
INFO: [HLS 200-10] ----------------------------------------------------------------
INFO: [HLS 200-1030] Apply Unified Pipeline Control on module 'fft32_Pipeline_5' pipeline 'Loop 1' pipeline type 'loop pipeline'
INFO: [RTGEN 206-100] Finished creating RTL model for 'fft32_Pipeline_5'.
INFO: [HLS 200-111] Finished Creating RTL model: CPU user time: 0 seconds. CPU system time: 0 seconds. Elapsed time: 0.196 seconds; current allocated memory: 361.660 MB.
INFO: [HLS 200-10] ----------------------------------------------------------------
INFO: [HLS 200-10] -- Generating RTL for module 'fft32_Pipeline_6' 
INFO: [HLS 200-10] ----------------------------------------------------------------
INFO: [HLS 200-1030] Apply Unified Pipeline Control on module 'fft32_Pipeline_6' pipeline 'Loop 1' pipeline type 'loop pipeline'
INFO: [RTGEN 206-100] Finished creating RTL model for 'fft32_Pipeline_6'.
INFO: [HLS 200-111] Finished Creating RTL model: CPU user time: 0 seconds. CPU system time: 0 seconds. Elapsed time: 0.177 seconds; current allocated memory: 362.812 MB.
INFO: [HLS 200-10] ----------------------------------------------------------------
INFO: [HLS 200-10] -- Generating RTL for module 'fft32_Pipeline_7' 
INFO: [HLS 200-10] ----------------------------------------------------------------
INFO: [HLS 200-1030] Apply Unified Pipeline Control on module 'fft32_Pipeline_7' pipeline 'Loop 1' pipeline type 'loop pipeline'
INFO: [RTGEN 206-100] Finished creating RTL model for 'fft32_Pipeline_7'.
INFO: [HLS 200-111] Finished Creating RTL model: CPU user time: 0 seconds. CPU system time: 0 seconds. Elapsed time: 0.182 seconds; current allocated memory: 363.656 MB.
INFO: [HLS 200-10] ----------------------------------------------------------------
INFO: [HLS 200-10] -- Generating RTL for module 'fft32_Pipeline_8' 
INFO: [HLS 200-10] ----------------------------------------------------------------
INFO: [HLS 200-1030] Apply Unified Pipeline Control on module 'fft32_Pipeline_8' pipeline 'Loop 1' pipeline type 'loop pipeline'
INFO: [RTGEN 206-100] Finished creating RTL model for 'fft32_Pipeline_8'.
INFO: [HLS 200-111] Finished Creating RTL model: CPU user time: 0 seconds. CPU system time: 0 seconds. Elapsed time: 0.172 seconds; current allocated memory: 365.082 MB.
INFO: [HLS 200-10] ----------------------------------------------------------------
INFO: [HLS 200-10] -- Generating RTL for module 'fft32_Pipeline_9' 
INFO: [HLS 200-10] ----------------------------------------------------------------
INFO: [HLS 200-1030] Apply Unified Pipeline Control on module 'fft32_Pipeline_9' pipeline 'Loop 1' pipeline type 'loop pipeline'
INFO: [RTGEN 206-100] Finished creating RTL model for 'fft32_Pipeline_9'.
INFO: [HLS 200-111] Finished Creating RTL model: CPU user time: 0 seconds. CPU system time: 0 seconds. Elapsed time: 0.183 seconds; current allocated memory: 366.688 MB.
INFO: [HLS 200-10] ----------------------------------------------------------------
INFO: [HLS 200-10] -- Generating RTL for module 'fft32_Pipeline_10' 
INFO: [HLS 200-10] ----------------------------------------------------------------
INFO: [HLS 200-1030] Apply Unified Pipeline Control on module 'fft32_Pipeline_10' pipeline 'Loop 1' pipeline type 'loop pipeline'
INFO: [RTGEN 206-100] Finished creating RTL model for 'fft32_Pipeline_10'.
INFO: [HLS 200-111] Finished Creating RTL model: CPU user time: 0 seconds. CPU system time: 0 seconds. Elapsed time: 0.177 seconds; current allocated memory: 367.863 MB.
INFO: [HLS 200-10] ----------------------------------------------------------------
INFO: [HLS 200-10] -- Generating RTL for module 'fft32_Pipeline_11' 
INFO: [HLS 200-10] ----------------------------------------------------------------
INFO: [HLS 200-1030] Apply Unified Pipeline Control on module 'fft32_Pipeline_11' pipeline 'Loop 1' pipeline type 'loop pipeline'
INFO: [RTGEN 206-100] Finished creating RTL model for 'fft32_Pipeline_11'.
INFO: [HLS 200-111] Finished Creating RTL model: CPU user time: 0 seconds. CPU system time: 0 seconds. Elapsed time: 0.186 seconds; current allocated memory: 368.875 MB.
INFO: [HLS 200-10] ----------------------------------------------------------------
INFO: [HLS 200-10] -- Generating RTL for module 'fft32_Pipeline_output_loop' 
INFO: [HLS 200-10] ----------------------------------------------------------------
INFO: [HLS 200-1030] Apply Unified Pipeline Control on module 'fft32_Pipeline_output_loop' pipeline 'output_loop' pipeline type 'loop pipeline'
INFO: [RTGEN 206-100] Generating core module 'mux_32_5_16_1_1': 2 instance(s).
INFO: [RTGEN 206-100] Finished creating RTL model for 'fft32_Pipeline_output_loop'.
INFO: [HLS 200-111] Finished Creating RTL model: CPU user time: 1 seconds. CPU system time: 0 seconds. Elapsed time: 0.269 seconds; current allocated memory: 370.574 MB.
INFO: [HLS 200-10] ----------------------------------------------------------------
INFO: [HLS 200-10] -- Generating RTL for module 'fft32' 
INFO: [HLS 200-10] ----------------------------------------------------------------
WARNING: [RTGEN 206-101] Design contains AXI ports. Reset is fixed to synchronous and active low.
INFO: [RTGEN 206-500] Setting interface mode on port 'fft32/in_stream' to 'axis' (register, both mode).
INFO: [RTGEN 206-500] Setting interface mode on port 'fft32/out_stream' to 'axis' (register, both mode).
INFO: [RTGEN 206-500] Setting interface mode on function 'fft32' to 'ap_ctrl_none'.
INFO: [RTGEN 206-100] Generating core module 'dmul_64ns_64ns_64_7_max_dsp_1': 1 instance(s).
INFO: [RTGEN 206-100] Generating core module 'mac_muladd_16s_14s_28s_28_4_1': 16 instance(s).
INFO: [RTGEN 206-100] Generating core module 'mac_muladd_16s_16s_28s_28_4_1': 24 instance(s).
INFO: [RTGEN 206-100] Generating core module 'mac_mulsub_16s_14s_28s_28_4_1': 16 instance(s).
INFO: [RTGEN 206-100] Generating core module 'mac_mulsub_16s_16s_28s_28_4_1': 24 instance(s).
INFO: [RTGEN 206-100] Generating core module 'mul_16s_14s_28_1_1': 32 instance(s).
INFO: [RTGEN 206-100] Generating core module 'mul_16s_16s_28_1_1': 48 instance(s).
INFO: [RTGEN 206-100] Generating core module 'sitodp_32ns_64_6_no_dsp_1': 1 instance(s).
INFO: [RTGEN 206-100] Finished creating RTL model for 'fft32'.
INFO: [HLS 200-111] Finished Creating RTL model: CPU user time: 0 seconds. CPU system time: 0 seconds. Elapsed time: 0.769 seconds; current allocated memory: 393.855 MB.
INFO: [HLS 200-111] Finished Generating all RTL models: CPU user time: 3 seconds. CPU system time: 1 seconds. Elapsed time: 4.126 seconds; current allocated memory: 427.227 MB.
INFO: [HLS 200-111] Finished Updating report files: CPU user time: 1 seconds. CPU system time: 0 seconds. Elapsed time: 1.601 seconds; current allocated memory: 439.816 MB.
INFO: [VHDL 208-304] Generating VHDL RTL for fft32.
INFO: [VLOG 209-307] Generating Verilog RTL for fft32.
INFO: [HLS 200-790] **** Loop Constraint Status: All loop constraints were NOT satisfied.
INFO: [HLS 200-789] **** Estimated Fmax: 112.22 MHz
INFO: [HLS 200-111] Finished Command csynth_design CPU user time: 24 seconds. CPU system time: 2 seconds. Elapsed time: 62.514 seconds; current allocated memory: 333.332 MB.
==============================================================
Vitis HLS - High-Level Synthesis from C, C++ and OpenCL v2023.1 (64-bit)
Tool Version Limit: 2023.05
Copyright 1986-2022 Xilinx, Inc. All Rights Reserved.
Copyright 2022-2023 Advanced Micro Devices, Inc. All Rights Reserved.

==============================================================
INFO: [SYN 201-201] Setting up clock 'default' with a period of 10ns.
INFO: [HLS 200-1611] Setting target device to 'xc7z030-sbv485-1'
INFO: [HLS 200-1505] Using flow_target 'vivado'
INFO: [HLS 200-1510] Running: set_part xc7z030-sbv485-1 
INFO: [HLS 200-1510] Running: create_clock -period 10 -name default 
INFO: [HLS 200-1510] Running: source ./FFT_sol/opt_1/directives.tcl
INFO: [HLS 200-1510] Running: set_directive_top -name fft32 fft32 
INFO: [HLS 200-1510] Running: set_directive_inline cmul 
INFO: [HLS 200-1510] Running: set_directive_inline radix4_bfly 
INFO: [HLS 200-1510] Running: set_directive_inline radix2_bfly 
INFO: [HLS 200-1510] Running: set_directive_inline bit_reverse 
INFO: [HLS 200-1510] Running: set_directive_array_partition -type complete -dim 1 fft32 data 
INFO: [HLS 200-1510] Running: set_directive_array_partition -type complete -dim 1 fft32 stage0 
INFO: [HLS 200-1510] Running: set_directive_array_partition -type complete -dim 1 fft32 stage1 
INFO: [HLS 200-1510] Running: set_directive_array_partition -type complete -dim 1 fft32 stage2 
INFO: [HLS 200-1510] Running: set_directive_pipeline -II 4 fft32/input_loop 
INFO: [HLS 200-1510] Running: set_directive_unroll fft32/stage2_loop 
INFO: [HLS 200-1510] Running: set_directive_array_partition -type complete -dim 1 fft32/stage2_loop w 
INFO: [HLS 200-1510] Running: set_directive_unroll fft32/stage3_loop 
INFO: [HLS 200-1510] Running: set_directive_pipeline -II 1 fft32/output_loop 
INFO: [HLS 200-1510] Running: set_directive_interface -mode ap_ctrl_none fft32 
INFO: [HLS 200-1510] Running: set_directive_interface -mode axis -register_mode both -register fft32 in_stream 
INFO: [HLS 200-1510] Running: set_directive_interface -mode axis -register_mode both -register fft32 out_stream 
INFO: [HLS 200-1510] Running: csim_design -quiet 
INFO: [SIM 211-2] *************** CSIM start ***************
INFO: [SIM 211-4] CSIM will launch GCC as the compiler.
INFO: [HLS 200-2036] Building debug C Simulation binaries
ERROR: [SIM 211-100] 'csim_design' failed: nonzero return value.
INFO: [SIM 211-3] *************** CSIM finish ***************
INFO: [HLS 200-111] Finished Command csim_design CPU user time: 1 seconds. CPU system time: 0 seconds. Elapsed time: 19.235 seconds; current allocated memory: 0.527 MB.
