

================================================================
== Vitis HLS Report for 'generic_sincos_16_4_s'
================================================================
* Date:           Tue Jun 24 23:09:50 2025

* Version:        2023.1 (Build 3854077 on May  4 2023)
* Project:        FFT_sol
* Solution:       no_opt (Vivado IP Flow Target)
* Product family: zynq
* Target device:  xc7z030-sbv485-1


================================================================
== Performance Estimates
================================================================
+ Timing: 
    * Summary: 
    +--------+----------+----------+------------+
    |  Clock |  Target  | Estimated| Uncertainty|
    +--------+----------+----------+------------+
    |ap_clk  |  10.00 ns|  6.935 ns|     2.70 ns|
    +--------+----------+----------+------------+

+ Latency: 
    * Summary: 
    +---------+---------+----------+----------+-----+-----+---------+
    |  Latency (cycles) |  Latency (absolute) |  Interval | Pipeline|
    |   min   |   max   |    min   |    max   | min | max |   Type  |
    +---------+---------+----------+----------+-----+-----+---------+
    |       29|       29|  0.290 us|  0.290 us|   29|   29|       no|
    +---------+---------+----------+----------+-----+-----+---------+

    + Detail: 
        * Instance: 
        +--------------------------------------------------------+----------------------------------------------+---------+---------+----------+----------+-----+-----+---------+
        |                                                        |                                              |  Latency (cycles) |  Latency (absolute) |  Interval | Pipeline|
        |                        Instance                        |                    Module                    |   min   |   max   |    min   |    max   | min | max |   Type  |
        +--------------------------------------------------------+----------------------------------------------+---------+---------+----------+----------+-----+-----+---------+
        |grp_generic_sincos_16_4_Pipeline_VITIS_LOOP_87_1_fu_76  |generic_sincos_16_4_Pipeline_VITIS_LOOP_87_1  |       22|       22|  0.220 us|  0.220 us|   22|   22|       no|
        +--------------------------------------------------------+----------------------------------------------+---------+---------+----------+----------+-----+-----+---------+

        * Loop: 
        N/A



================================================================
== Utilization Estimates
================================================================
* Summary: 
+-----------------+---------+-----+--------+-------+-----+
|       Name      | BRAM_18K| DSP |   FF   |  LUT  | URAM|
+-----------------+---------+-----+--------+-------+-----+
|DSP              |        -|    1|       -|      -|    -|
|Expression       |        -|    -|       0|    298|    -|
|FIFO             |        -|    -|       -|      -|    -|
|Instance         |        4|    1|     129|    423|    -|
|Memory           |        -|    -|       -|      -|    -|
|Multiplexer      |        -|    -|       -|     48|    -|
|Register         |        -|    -|      97|      -|    -|
+-----------------+---------+-----+--------+-------+-----+
|Total            |        4|    2|     226|    769|    0|
+-----------------+---------+-----+--------+-------+-----+
|Available        |      530|  400|  157200|  78600|    0|
+-----------------+---------+-----+--------+-------+-----+
|Utilization (%)  |       ~0|   ~0|      ~0|     ~0|    0|
+-----------------+---------+-----+--------+-------+-----+

+ Detail: 
    * Instance: 
    +--------------------------------------------------------+----------------------------------------------+---------+----+-----+-----+-----+
    |                        Instance                        |                    Module                    | BRAM_18K| DSP|  FF | LUT | URAM|
    +--------------------------------------------------------+----------------------------------------------+---------+----+-----+-----+-----+
    |grp_generic_sincos_16_4_Pipeline_VITIS_LOOP_87_1_fu_76  |generic_sincos_16_4_Pipeline_VITIS_LOOP_87_1  |        4|   0|  129|  399|    0|
    |mul_16ns_22ns_37_1_1_U36                                |mul_16ns_22ns_37_1_1                          |        0|   1|    0|   24|    0|
    +--------------------------------------------------------+----------------------------------------------+---------+----+-----+-----+-----+
    |Total                                                   |                                              |        4|   1|  129|  423|    0|
    +--------------------------------------------------------+----------------------------------------------+---------+----+-----+-----+-----+

    * DSP: 
    +-------------------------------------+---------------------------------+--------------+
    |               Instance              |              Module             |  Expression  |
    +-------------------------------------+---------------------------------+--------------+
    |mac_muladd_4ns_16ns_18ns_18_4_1_U37  |mac_muladd_4ns_16ns_18ns_18_4_1  |  i0 + i1 * i2|
    +-------------------------------------+---------------------------------+--------------+

    * Memory: 
    N/A

    * FIFO: 
    N/A

    * Expression: 
    +--------------------------+----------+----+---+----+------------+------------+
    |       Variable Name      | Operation| DSP| FF| LUT| Bitwidth P0| Bitwidth P1|
    +--------------------------+----------+----+---+----+------------+------------+
    |sub_ln237_fu_91_p2        |         -|   0|  0|  23|           1|          16|
    |sub_ln254_fu_161_p2       |         -|   0|  0|  25|          17|          18|
    |sub_ln274_fu_257_p2       |         -|   0|  0|  24|           1|          17|
    |sub_ln280_fu_241_p2       |         -|   0|  0|  24|           1|          17|
    |sub_ln292_fu_327_p2       |         -|   0|  0|  17|           1|          14|
    |icmp_ln251_1_fu_172_p2    |      icmp|   0|  0|  10|           2|           1|
    |icmp_ln251_fu_167_p2      |      icmp|   0|  0|  10|           2|           2|
    |icmp_ln274_1_fu_293_p2    |      icmp|   0|  0|  11|           2|           3|
    |icmp_ln274_fu_280_p2      |      icmp|   0|  0|  10|           2|           1|
    |sign0_fu_85_p2            |      icmp|   0|  0|  23|          16|           1|
    |or_ln251_fu_177_p2        |        or|   0|  0|   2|           1|           1|
    |or_ln274_fu_306_p2        |        or|   0|  0|   2|           1|           1|
    |inabs_fu_97_p3            |    select|   0|  0|  16|           1|          16|
    |select_ln274_1_fu_285_p3  |    select|   0|  0|  14|           1|          14|
    |select_ln274_2_fu_298_p3  |    select|   0|  0|  14|           1|          14|
    |select_ln274_3_fu_311_p3  |    select|   0|  0|  14|           1|          14|
    |select_ln274_4_fu_319_p3  |    select|   0|  0|  14|           1|          14|
    |select_ln274_fu_273_p3    |    select|   0|  0|  14|           1|          14|
    |select_ln291_fu_333_p3    |    select|   0|  0|  14|           1|          14|
    |z_fu_206_p3               |    select|   0|  0|  17|           1|          17|
    +--------------------------+----------+----+---+----+------------+------------+
    |Total                     |          |   0|  0| 298|          55|         209|
    +--------------------------+----------+----+---+----+------------+------------+

    * Multiplexer: 
    +-----------+----+-----------+-----+-----------+
    |    Name   | LUT| Input Size| Bits| Total Bits|
    +-----------+----+-----------+-----+-----------+
    |ap_NS_fsm  |  48|          9|    1|          9|
    +-----------+----+-----------+-----+-----------+
    |Total      |  48|          9|    1|          9|
    +-----------+----+-----------+-----+-----------+

    * Register: 
    +---------------------------------------------------------------------+----+----+-----+-----------+
    |                                 Name                                | FF | LUT| Bits| Const Bits|
    +---------------------------------------------------------------------+----+----+-----+-----------+
    |ap_CS_fsm                                                            |   8|   0|    8|          0|
    |grp_generic_sincos_16_4_Pipeline_VITIS_LOOP_87_1_fu_76_ap_start_reg  |   1|   0|    1|          0|
    |icmp_ln251_1_reg_412                                                 |   1|   0|    1|          0|
    |inabs_reg_379                                                        |  16|   0|   16|          0|
    |k_reg_394                                                            |   2|   0|    2|          0|
    |kint_reg_389                                                         |   4|   0|    4|          0|
    |p_loc2_fu_62                                                         |  17|   0|   17|          0|
    |p_loc_fu_66                                                          |  17|   0|   17|          0|
    |sign0_reg_374                                                        |   1|   0|    1|          0|
    |trunc_ln68_reg_384                                                   |  13|   0|   13|          0|
    |z_reg_418                                                            |  17|   0|   17|          0|
    +---------------------------------------------------------------------+----+----+-----+-----------+
    |Total                                                                |  97|   0|   97|          0|
    +---------------------------------------------------------------------+----+----+-----+-----------+



================================================================
== Interface
================================================================
* Summary: 
+-------------+-----+-----+------------+-----------------------+--------------+
|  RTL Ports  | Dir | Bits|  Protocol  |     Source Object     |    C Type    |
+-------------+-----+-----+------------+-----------------------+--------------+
|ap_clk       |   in|    1|  ap_ctrl_hs|  generic_sincos<16, 4>|  return value|
|ap_rst       |   in|    1|  ap_ctrl_hs|  generic_sincos<16, 4>|  return value|
|ap_start     |   in|    1|  ap_ctrl_hs|  generic_sincos<16, 4>|  return value|
|ap_done      |  out|    1|  ap_ctrl_hs|  generic_sincos<16, 4>|  return value|
|ap_idle      |  out|    1|  ap_ctrl_hs|  generic_sincos<16, 4>|  return value|
|ap_ready     |  out|    1|  ap_ctrl_hs|  generic_sincos<16, 4>|  return value|
|ap_return_0  |  out|   14|  ap_ctrl_hs|  generic_sincos<16, 4>|  return value|
|ap_return_1  |  out|   14|  ap_ctrl_hs|  generic_sincos<16, 4>|  return value|
|in_val       |   in|   16|     ap_none|                 in_val|        scalar|
+-------------+-----+-----+------------+-----------------------+--------------+

