

================================================================
== Vitis HLS Report for 'sin_16_4_s'
================================================================
* Date:           Wed Jun 25 08:56:58 2025

* Version:        2023.1 (Build 3854077 on May  4 2023)
* Project:        FFT_sol_2
* Solution:       opt3_overall_pipeline (Vivado IP Flow Target)
* Product family: zynq
* Target device:  xc7z030-sbv485-1


================================================================
== Performance Estimates
================================================================
+ Timing: 
    * Summary: 
    +--------+----------+----------+------------+
    |  Clock |  Target  | Estimated| Uncertainty|
    +--------+----------+----------+------------+
    |ap_clk  |  10.00 ns|  7.101 ns|     2.70 ns|
    +--------+----------+----------+------------+

+ Latency: 
    * Summary: 
    +---------+---------+----------+----------+-----+-----+---------+
    |  Latency (cycles) |  Latency (absolute) |  Interval | Pipeline|
    |   min   |   max   |    min   |    max   | min | max |   Type  |
    +---------+---------+----------+----------+-----+-----+---------+
    |       20|       20|  0.200 us|  0.200 us|    2|    2|      yes|
    +---------+---------+----------+----------+-----+-----+---------+

    + Detail: 
        * Instance: 
        +----------------------------------------+------------------------------+---------+---------+----------+----------+-----+-----+---------+
        |                                        |                              |  Latency (cycles) |  Latency (absolute) |  Interval | Pipeline|
        |                Instance                |            Module            |   min   |   max   |    min   |    max   | min | max |   Type  |
        +----------------------------------------+------------------------------+---------+---------+----------+----------+-----+-----+---------+
        |grp_cordic_circ_apfixed_18_3_0_s_fu_48  |cordic_circ_apfixed_18_3_0_s  |       13|       13|  0.130 us|  0.130 us|    2|    2|      yes|
        +----------------------------------------+------------------------------+---------+---------+----------+----------+-----+-----+---------+

        * Loop: 
        N/A



================================================================
== Utilization Estimates
================================================================
* Summary: 
+-----------------+---------+-----+--------+-------+-----+
|       Name      | BRAM_18K| DSP |   FF   |  LUT  | URAM|
+-----------------+---------+-----+--------+-------+-----+
|DSP              |        -|    1|       -|      -|    -|
|Expression       |        -|    -|       0|     88|    -|
|FIFO             |        -|    -|       -|      -|    -|
|Instance         |        -|    1|     931|   2988|    -|
|Memory           |        -|    -|       -|      -|    -|
|Multiplexer      |        -|    -|       -|     32|    -|
|Register         |        -|    -|      93|      -|    -|
+-----------------+---------+-----+--------+-------+-----+
|Total            |        0|    2|    1024|   3108|    0|
+-----------------+---------+-----+--------+-------+-----+
|Available        |      530|  400|  157200|  78600|    0|
+-----------------+---------+-----+--------+-------+-----+
|Utilization (%)  |        0|   ~0|      ~0|      3|    0|
+-----------------+---------+-----+--------+-------+-----+

+ Detail: 
    * Instance: 
    +----------------------------------------+------------------------------+---------+----+-----+------+-----+
    |                Instance                |            Module            | BRAM_18K| DSP|  FF |  LUT | URAM|
    +----------------------------------------+------------------------------+---------+----+-----+------+-----+
    |grp_cordic_circ_apfixed_18_3_0_s_fu_48  |cordic_circ_apfixed_18_3_0_s  |        0|   0|  931|  2964|    0|
    |mul_14ns_22ns_35_1_1_U7                 |mul_14ns_22ns_35_1_1          |        0|   1|    0|    24|    0|
    +----------------------------------------+------------------------------+---------+----+-----+------+-----+
    |Total                                   |                              |        0|   1|  931|  2988|    0|
    +----------------------------------------+------------------------------+---------+----+-----+------+-----+

    * DSP: 
    +------------------------------------+---------------------------------+--------------+
    |              Instance              |              Module             |  Expression  |
    +------------------------------------+---------------------------------+--------------+
    |mac_muladd_2ns_16ns_18ns_18_4_1_U8  |mac_muladd_2ns_16ns_18ns_18_4_1  |  i0 + i1 * i2|
    +------------------------------------+---------------------------------+--------------+

    * Memory: 
    N/A

    * FIFO: 
    N/A

    * Expression: 
    +---------------------+----------+----+---+----+------------+------------+
    |    Variable Name    | Operation| DSP| FF| LUT| Bitwidth P0| Bitwidth P1|
    +---------------------+----------+----+---+----+------------+------------+
    |ap_return            |         -|   0|  0|  17|           1|          14|
    |sub_ln254_fu_110_p2  |         -|   0|  0|  25|          17|          18|
    |x_fu_53_p2           |         -|   0|  0|  17|           1|          14|
    |icmp_ln251_fu_85_p2  |      icmp|   0|  0|  10|           2|           1|
    |z_fu_139_p3          |    select|   0|  0|  17|           1|          17|
    |ap_enable_pp0        |       xor|   0|  0|   2|           1|           2|
    +---------------------+----------+----+---+----+------------+------------+
    |Total                |          |   0|  0|  88|          23|          66|
    +---------------------+----------+----+---+----+------------+------------+

    * Multiplexer: 
    +--------------------------+----+-----------+-----+-----------+
    |           Name           | LUT| Input Size| Bits| Total Bits|
    +--------------------------+----+-----------+-----+-----------+
    |ap_NS_fsm                 |  14|          3|    1|          3|
    |ap_enable_reg_pp0_iter0   |   9|          2|    1|          2|
    |ap_enable_reg_pp0_iter10  |   9|          2|    1|          2|
    +--------------------------+----+-----------+-----+-----------+
    |Total                     |  32|          7|    3|          7|
    +--------------------------+----+-----------+-----+-----------+

    * Register: 
    +-----------------------------------------------------+----+----+-----+-----------+
    |                         Name                        | FF | LUT| Bits| Const Bits|
    +-----------------------------------------------------+----+----+-----+-----------+
    |ap_CS_fsm                                            |   2|   0|    2|          0|
    |ap_enable_reg_pp0_iter0_reg                          |   1|   0|    1|          0|
    |ap_enable_reg_pp0_iter1                              |   1|   0|    1|          0|
    |ap_enable_reg_pp0_iter10                             |   1|   0|    1|          0|
    |ap_enable_reg_pp0_iter2                              |   1|   0|    1|          0|
    |ap_enable_reg_pp0_iter3                              |   1|   0|    1|          0|
    |ap_enable_reg_pp0_iter4                              |   1|   0|    1|          0|
    |ap_enable_reg_pp0_iter5                              |   1|   0|    1|          0|
    |ap_enable_reg_pp0_iter6                              |   1|   0|    1|          0|
    |ap_enable_reg_pp0_iter7                              |   1|   0|    1|          0|
    |ap_enable_reg_pp0_iter8                              |   1|   0|    1|          0|
    |ap_enable_reg_pp0_iter9                              |   1|   0|    1|          0|
    |call_ret_reg_211_1                                   |  18|   0|   18|          0|
    |grp_cordic_circ_apfixed_18_3_0_s_fu_48_ap_start_reg  |   1|   0|    1|          0|
    |icmp_ln251_reg_196                                   |   1|   0|    1|          0|
    |icmp_ln251_reg_196_pp0_iter2_reg                     |   1|   0|    1|          0|
    |k_reg_185                                            |   2|   0|    2|          0|
    |trunc_ln68_reg_180                                   |  13|   0|   13|          0|
    |trunc_ln68_reg_180_pp0_iter1_reg                     |  13|   0|   13|          0|
    |x_reg_175                                            |  14|   0|   14|          0|
    |z_reg_206                                            |  17|   0|   17|          0|
    +-----------------------------------------------------+----+----+-----+-----------+
    |Total                                                |  93|   0|   93|          0|
    +-----------------------------------------------------+----+----+-----+-----------+



================================================================
== Interface
================================================================
* Summary: 
+-----------+-----+-----+------------+--------------+--------------+
| RTL Ports | Dir | Bits|  Protocol  | Source Object|    C Type    |
+-----------+-----+-----+------------+--------------+--------------+
|ap_clk     |   in|    1|  ap_ctrl_hs|    sin<16, 4>|  return value|
|ap_rst     |   in|    1|  ap_ctrl_hs|    sin<16, 4>|  return value|
|ap_start   |   in|    1|  ap_ctrl_hs|    sin<16, 4>|  return value|
|ap_done    |  out|    1|  ap_ctrl_hs|    sin<16, 4>|  return value|
|ap_idle    |  out|    1|  ap_ctrl_hs|    sin<16, 4>|  return value|
|ap_ready   |  out|    1|  ap_ctrl_hs|    sin<16, 4>|  return value|
|ap_ce      |   in|    1|  ap_ctrl_hs|    sin<16, 4>|  return value|
|ap_return  |  out|   14|  ap_ctrl_hs|    sin<16, 4>|  return value|
|x_val      |   in|   14|     ap_none|         x_val|        scalar|
+-----------+-----+-----+------------+--------------+--------------+

============================================================
+ Verbose Summary: Synthesis Manager
============================================================
InlineROM: 1
ExposeGlobal: 0
============================================================
+ Verbose Summary: CDFG Model
============================================================
IsTopModel: 0
ResetActiveHigh: 1
IsCombinational: 2
IsDatapathOnly: 2
HasWiredReturn: 1
HasMFsm: 2
HasVarLatency: 0
IsPipeline: 1
IsRtlPipelined: 1
IsInstanceOverlapped: 1
IsDontTouch: 0
HasImplIP: 0
IsGatedGlobalClock: 0

+ Individual pipeline summary: 
  * Pipeline-0: initiation interval (II) = 2, depth = 21


============================================================
+ Verbose Summary: Schedule
============================================================
* Number of FSM states : 21
* Pipeline : 1
  Pipeline-0 : II = 2, D = 21, States = { 1 2 3 4 5 6 7 8 9 10 11 12 13 14 15 16 17 18 19 20 21 }
* Dataflow Pipeline: 0

* FSM state transitions: 
1 --> 2 
2 --> 3 
3 --> 4 
4 --> 5 
5 --> 6 
6 --> 7 
7 --> 8 
8 --> 9 
9 --> 10 
10 --> 11 
11 --> 12 
12 --> 13 
13 --> 14 
14 --> 15 
15 --> 16 
16 --> 17 
17 --> 18 
18 --> 19 
19 --> 20 
20 --> 21 
21 --> 

* FSM state operations: 

State 1 <SV = 0> <Delay = 1.81>
ST_1 : Operation 22 [1/1] (0.00ns)   --->   "%x_val_read = read i14 @_ssdm_op_Read.ap_auto.i14, i14 %x_val"   --->   Operation 22 'read' 'x_val_read' <Predicate = true> <Delay = 0.00>
ST_1 : Operation 23 [1/1] (1.81ns)   --->   "%x = sub i14 0, i14 %x_val_read" [D:/Vivado/Vitis_HLS/2023.1/common/technology/autopilot/etc/hls_cordic_apfixed.h:237->D:/Vivado/Vitis_HLS/2023.1/common/technology/autopilot\hls_math.h:1937]   --->   Operation 23 'sub' 'x' <Predicate = true> <Delay = 1.81> <CoreInst = "Adder">   --->   Core 1 'Adder' <Latency = 0> <II = 1> <Delay = 1.81> <FuncUnit> <Opcode : 'add' 'sub'> <InPorts = 2> <OutPorts = 1>
ST_1 : Operation 24 [1/1] (0.00ns)   --->   "%trunc_ln68 = trunc i14 %x" [D:/Vivado/Vitis_HLS/2023.1/common/technology/autopilot/etc/hls_cordic_apfixed.h:68->D:/Vivado/Vitis_HLS/2023.1/common/technology/autopilot/etc/hls_cordic_apfixed.h:243->D:/Vivado/Vitis_HLS/2023.1/common/technology/autopilot\hls_math.h:1937]   --->   Operation 24 'trunc' 'trunc_ln68' <Predicate = true> <Delay = 0.00>

State 2 <SV = 1> <Delay = 6.32>
ST_2 : Operation 25 [1/1] (0.00ns)   --->   "%zext_ln64 = zext i14 %x" [D:/Vivado/Vitis_HLS/2023.1/common/technology/autopilot/etc/hls_cordic_apfixed.h:64->D:/Vivado/Vitis_HLS/2023.1/common/technology/autopilot/etc/hls_cordic_apfixed.h:243->D:/Vivado/Vitis_HLS/2023.1/common/technology/autopilot\hls_math.h:1937]   --->   Operation 25 'zext' 'zext_ln64' <Predicate = true> <Delay = 0.00>
ST_2 : Operation 26 [1/1] (6.32ns)   --->   "%mul_ln64 = mul i35 %zext_ln64, i35 1335088" [D:/Vivado/Vitis_HLS/2023.1/common/technology/autopilot/etc/hls_cordic_apfixed.h:64->D:/Vivado/Vitis_HLS/2023.1/common/technology/autopilot/etc/hls_cordic_apfixed.h:243->D:/Vivado/Vitis_HLS/2023.1/common/technology/autopilot\hls_math.h:1937]   --->   Operation 26 'mul' 'mul_ln64' <Predicate = true> <Delay = 6.32> <CoreInst = "Multiplier">   --->   Core 3 'Multiplier' <Latency = 0> <II = 1> <Delay = 6.32> <FuncUnit> <Opcode : 'mul'> <InPorts = 2> <OutPorts = 1>
ST_2 : Operation 27 [1/1] (0.00ns)   --->   "%k = partselect i2 @_ssdm_op_PartSelect.i2.i35.i32.i32, i35 %mul_ln64, i32 33, i32 34" [D:/Vivado/Vitis_HLS/2023.1/common/technology/autopilot/etc/hls_cordic_apfixed.h:65->D:/Vivado/Vitis_HLS/2023.1/common/technology/autopilot/etc/hls_cordic_apfixed.h:243->D:/Vivado/Vitis_HLS/2023.1/common/technology/autopilot\hls_math.h:1937]   --->   Operation 27 'partselect' 'k' <Predicate = true> <Delay = 0.00>

State 3 <SV = 2> <Delay = 1.56>
ST_3 : Operation 28 [1/1] (0.00ns)   --->   "%zext_ln68 = zext i2 %k" [D:/Vivado/Vitis_HLS/2023.1/common/technology/autopilot/etc/hls_cordic_apfixed.h:68->D:/Vivado/Vitis_HLS/2023.1/common/technology/autopilot/etc/hls_cordic_apfixed.h:243->D:/Vivado/Vitis_HLS/2023.1/common/technology/autopilot\hls_math.h:1937]   --->   Operation 28 'zext' 'zext_ln68' <Predicate = true> <Delay = 0.00>
ST_3 : Operation 29 [3/3] (1.05ns) (grouped into DSP with root node add_ln68)   --->   "%mul_ln68 = mul i18 %zext_ln68, i18 56257" [D:/Vivado/Vitis_HLS/2023.1/common/technology/autopilot/etc/hls_cordic_apfixed.h:68->D:/Vivado/Vitis_HLS/2023.1/common/technology/autopilot/etc/hls_cordic_apfixed.h:243->D:/Vivado/Vitis_HLS/2023.1/common/technology/autopilot\hls_math.h:1937]   --->   Operation 29 'mul' 'mul_ln68' <Predicate = true> <Delay = 1.05> <CoreInst = "DSP48">   --->   Core 119 'DSP48' <Latency = 3> <II = 1> <Delay = 2.15> <IPBlock> <Opcode : '<invalid operator> ' 'mul' 'add' 'sub' 'select'> <InPorts = 0> <OutPorts = 1> <Sync> <CReg>
ST_3 : Operation 30 [1/1] (1.56ns)   --->   "%icmp_ln251 = icmp_eq  i2 %k, i2 1" [D:/Vivado/Vitis_HLS/2023.1/common/technology/autopilot/etc/hls_cordic_apfixed.h:251->D:/Vivado/Vitis_HLS/2023.1/common/technology/autopilot\hls_math.h:1937]   --->   Operation 30 'icmp' 'icmp_ln251' <Predicate = true> <Delay = 1.56> <CoreInst = "Cmp">   --->   Core 9 'Cmp' <Latency = 0> <II = 1> <Delay = 1.56> <FuncUnit> <Opcode : 'icmp'> <InPorts = 2> <OutPorts = 1>

State 4 <SV = 3> <Delay = 1.05>
ST_4 : Operation 31 [2/3] (1.05ns) (grouped into DSP with root node add_ln68)   --->   "%mul_ln68 = mul i18 %zext_ln68, i18 56257" [D:/Vivado/Vitis_HLS/2023.1/common/technology/autopilot/etc/hls_cordic_apfixed.h:68->D:/Vivado/Vitis_HLS/2023.1/common/technology/autopilot/etc/hls_cordic_apfixed.h:243->D:/Vivado/Vitis_HLS/2023.1/common/technology/autopilot\hls_math.h:1937]   --->   Operation 31 'mul' 'mul_ln68' <Predicate = true> <Delay = 1.05> <CoreInst = "DSP48">   --->   Core 119 'DSP48' <Latency = 3> <II = 1> <Delay = 2.15> <IPBlock> <Opcode : '<invalid operator> ' 'mul' 'add' 'sub' 'select'> <InPorts = 0> <OutPorts = 1> <Sync> <CReg>

State 5 <SV = 4> <Delay = 2.10>
ST_5 : Operation 32 [1/1] (0.00ns)   --->   "%shl_ln = bitconcatenate i18 @_ssdm_op_BitConcatenate.i18.i13.i5, i13 %trunc_ln68, i5 0" [D:/Vivado/Vitis_HLS/2023.1/common/technology/autopilot/etc/hls_cordic_apfixed.h:68->D:/Vivado/Vitis_HLS/2023.1/common/technology/autopilot/etc/hls_cordic_apfixed.h:243->D:/Vivado/Vitis_HLS/2023.1/common/technology/autopilot\hls_math.h:1937]   --->   Operation 32 'bitconcatenate' 'shl_ln' <Predicate = true> <Delay = 0.00>
ST_5 : Operation 33 [1/3] (0.00ns) (grouped into DSP with root node add_ln68)   --->   "%mul_ln68 = mul i18 %zext_ln68, i18 56257" [D:/Vivado/Vitis_HLS/2023.1/common/technology/autopilot/etc/hls_cordic_apfixed.h:68->D:/Vivado/Vitis_HLS/2023.1/common/technology/autopilot/etc/hls_cordic_apfixed.h:243->D:/Vivado/Vitis_HLS/2023.1/common/technology/autopilot\hls_math.h:1937]   --->   Operation 33 'mul' 'mul_ln68' <Predicate = true> <Delay = 0.00> <CoreInst = "DSP48">   --->   Core 119 'DSP48' <Latency = 3> <II = 1> <Delay = 2.15> <IPBlock> <Opcode : '<invalid operator> ' 'mul' 'add' 'sub' 'select'> <InPorts = 0> <OutPorts = 1> <Sync> <CReg>
ST_5 : Operation 34 [2/2] (2.10ns) (root node of the DSP)   --->   "%add_ln68 = add i18 %shl_ln, i18 %mul_ln68" [D:/Vivado/Vitis_HLS/2023.1/common/technology/autopilot/etc/hls_cordic_apfixed.h:68->D:/Vivado/Vitis_HLS/2023.1/common/technology/autopilot/etc/hls_cordic_apfixed.h:243->D:/Vivado/Vitis_HLS/2023.1/common/technology/autopilot\hls_math.h:1937]   --->   Operation 34 'add' 'add_ln68' <Predicate = true> <Delay = 2.10> <CoreInst = "DSP48">   --->   Core 119 'DSP48' <Latency = 3> <II = 1> <Delay = 2.15> <IPBlock> <Opcode : '<invalid operator> ' 'mul' 'add' 'sub' 'select'> <InPorts = 0> <OutPorts = 1> <Sync> <CReg>

State 6 <SV = 5> <Delay = 5.01>
ST_6 : Operation 35 [1/2] (2.10ns) (root node of the DSP)   --->   "%add_ln68 = add i18 %shl_ln, i18 %mul_ln68" [D:/Vivado/Vitis_HLS/2023.1/common/technology/autopilot/etc/hls_cordic_apfixed.h:68->D:/Vivado/Vitis_HLS/2023.1/common/technology/autopilot/etc/hls_cordic_apfixed.h:243->D:/Vivado/Vitis_HLS/2023.1/common/technology/autopilot\hls_math.h:1937]   --->   Operation 35 'add' 'add_ln68' <Predicate = true> <Delay = 2.10> <CoreInst = "DSP48">   --->   Core 119 'DSP48' <Latency = 3> <II = 1> <Delay = 2.15> <IPBlock> <Opcode : '<invalid operator> ' 'mul' 'add' 'sub' 'select'> <InPorts = 0> <OutPorts = 1> <Sync> <CReg>
ST_6 : Operation 36 [1/1] (0.00ns)   --->   "%r = partselect i17 @_ssdm_op_PartSelect.i17.i18.i32.i32, i18 %add_ln68, i32 1, i32 17" [D:/Vivado/Vitis_HLS/2023.1/common/technology/autopilot/etc/hls_cordic_apfixed.h:68->D:/Vivado/Vitis_HLS/2023.1/common/technology/autopilot/etc/hls_cordic_apfixed.h:243->D:/Vivado/Vitis_HLS/2023.1/common/technology/autopilot\hls_math.h:1937]   --->   Operation 36 'partselect' 'r' <Predicate = (icmp_ln251)> <Delay = 0.00>
ST_6 : Operation 37 [1/1] (0.00ns)   --->   "%zext_ln68_1 = zext i17 %r" [D:/Vivado/Vitis_HLS/2023.1/common/technology/autopilot/etc/hls_cordic_apfixed.h:68->D:/Vivado/Vitis_HLS/2023.1/common/technology/autopilot/etc/hls_cordic_apfixed.h:243->D:/Vivado/Vitis_HLS/2023.1/common/technology/autopilot\hls_math.h:1937]   --->   Operation 37 'zext' 'zext_ln68_1' <Predicate = (icmp_ln251)> <Delay = 0.00>
ST_6 : Operation 38 [1/1] (2.13ns)   --->   "%sub_ln254 = sub i18 102943, i18 %zext_ln68_1" [D:/Vivado/Vitis_HLS/2023.1/common/technology/autopilot/etc/hls_cordic_apfixed.h:254->D:/Vivado/Vitis_HLS/2023.1/common/technology/autopilot\hls_math.h:1937]   --->   Operation 38 'sub' 'sub_ln254' <Predicate = (icmp_ln251)> <Delay = 2.13> <CoreInst = "Adder">   --->   Core 1 'Adder' <Latency = 0> <II = 1> <Delay = 2.13> <FuncUnit> <Opcode : 'add' 'sub'> <InPorts = 2> <OutPorts = 1>
ST_6 : Operation 39 [1/1] (0.00ns)   --->   "%tmp_1 = partselect i16 @_ssdm_op_PartSelect.i16.i18.i32.i32, i18 %add_ln68, i32 2, i32 17" [D:/Vivado/Vitis_HLS/2023.1/common/technology/autopilot/etc/hls_cordic_apfixed.h:257->D:/Vivado/Vitis_HLS/2023.1/common/technology/autopilot\hls_math.h:1937]   --->   Operation 39 'partselect' 'tmp_1' <Predicate = (!icmp_ln251)> <Delay = 0.00>
ST_6 : Operation 40 [1/1] (0.00ns)   --->   "%zext_ln257 = zext i16 %tmp_1" [D:/Vivado/Vitis_HLS/2023.1/common/technology/autopilot/etc/hls_cordic_apfixed.h:257->D:/Vivado/Vitis_HLS/2023.1/common/technology/autopilot\hls_math.h:1937]   --->   Operation 40 'zext' 'zext_ln257' <Predicate = (!icmp_ln251)> <Delay = 0.00>
ST_6 : Operation 41 [1/1] (0.00ns)   --->   "%tmp_2 = partselect i17 @_ssdm_op_PartSelect.i17.i18.i32.i32, i18 %sub_ln254, i32 1, i32 17" [D:/Vivado/Vitis_HLS/2023.1/common/technology/autopilot/etc/hls_cordic_apfixed.h:257->D:/Vivado/Vitis_HLS/2023.1/common/technology/autopilot\hls_math.h:1937]   --->   Operation 41 'partselect' 'tmp_2' <Predicate = (icmp_ln251)> <Delay = 0.00>
ST_6 : Operation 42 [1/1] (0.78ns)   --->   "%z = select i1 %icmp_ln251, i17 %tmp_2, i17 %zext_ln257" [D:/Vivado/Vitis_HLS/2023.1/common/technology/autopilot/etc/hls_cordic_apfixed.h:251->D:/Vivado/Vitis_HLS/2023.1/common/technology/autopilot\hls_math.h:1937]   --->   Operation 42 'select' 'z' <Predicate = true> <Delay = 0.78> <CoreInst = "Sel">   --->   Core 73 'Sel' <Latency = 0> <II = 1> <Delay = 0.78> <FuncUnit> <Opcode : 'select'> <InPorts = 3> <OutPorts = 1>

State 7 <SV = 6> <Delay = 6.87>
ST_7 : Operation 43 [14/14] (6.87ns)   --->   "%call_ret = call i36 @cordic_circ_apfixed<18, 3, 0>, i17 %z" [D:/Vivado/Vitis_HLS/2023.1/common/technology/autopilot/etc/hls_cordic_apfixed.h:266->D:/Vivado/Vitis_HLS/2023.1/common/technology/autopilot\hls_math.h:1937]   --->   Operation 43 'call' 'call_ret' <Predicate = true> <Delay = 6.87> <CoreType = "Generic">   --->   Core 0 '' <Latency = 0> <II = 1> <Delay = 1.00> <Generic> <Opcode : >

State 8 <SV = 7> <Delay = 7.10>
ST_8 : Operation 44 [13/14] (7.10ns)   --->   "%call_ret = call i36 @cordic_circ_apfixed<18, 3, 0>, i17 %z" [D:/Vivado/Vitis_HLS/2023.1/common/technology/autopilot/etc/hls_cordic_apfixed.h:266->D:/Vivado/Vitis_HLS/2023.1/common/technology/autopilot\hls_math.h:1937]   --->   Operation 44 'call' 'call_ret' <Predicate = true> <Delay = 7.10> <CoreType = "Generic">   --->   Core 0 '' <Latency = 0> <II = 1> <Delay = 1.00> <Generic> <Opcode : >

State 9 <SV = 8> <Delay = 7.10>
ST_9 : Operation 45 [12/14] (7.10ns)   --->   "%call_ret = call i36 @cordic_circ_apfixed<18, 3, 0>, i17 %z" [D:/Vivado/Vitis_HLS/2023.1/common/technology/autopilot/etc/hls_cordic_apfixed.h:266->D:/Vivado/Vitis_HLS/2023.1/common/technology/autopilot\hls_math.h:1937]   --->   Operation 45 'call' 'call_ret' <Predicate = true> <Delay = 7.10> <CoreType = "Generic">   --->   Core 0 '' <Latency = 0> <II = 1> <Delay = 1.00> <Generic> <Opcode : >

State 10 <SV = 9> <Delay = 7.10>
ST_10 : Operation 46 [11/14] (7.10ns)   --->   "%call_ret = call i36 @cordic_circ_apfixed<18, 3, 0>, i17 %z" [D:/Vivado/Vitis_HLS/2023.1/common/technology/autopilot/etc/hls_cordic_apfixed.h:266->D:/Vivado/Vitis_HLS/2023.1/common/technology/autopilot\hls_math.h:1937]   --->   Operation 46 'call' 'call_ret' <Predicate = true> <Delay = 7.10> <CoreType = "Generic">   --->   Core 0 '' <Latency = 0> <II = 1> <Delay = 1.00> <Generic> <Opcode : >

State 11 <SV = 10> <Delay = 7.10>
ST_11 : Operation 47 [10/14] (7.10ns)   --->   "%call_ret = call i36 @cordic_circ_apfixed<18, 3, 0>, i17 %z" [D:/Vivado/Vitis_HLS/2023.1/common/technology/autopilot/etc/hls_cordic_apfixed.h:266->D:/Vivado/Vitis_HLS/2023.1/common/technology/autopilot\hls_math.h:1937]   --->   Operation 47 'call' 'call_ret' <Predicate = true> <Delay = 7.10> <CoreType = "Generic">   --->   Core 0 '' <Latency = 0> <II = 1> <Delay = 1.00> <Generic> <Opcode : >

State 12 <SV = 11> <Delay = 7.10>
ST_12 : Operation 48 [9/14] (7.10ns)   --->   "%call_ret = call i36 @cordic_circ_apfixed<18, 3, 0>, i17 %z" [D:/Vivado/Vitis_HLS/2023.1/common/technology/autopilot/etc/hls_cordic_apfixed.h:266->D:/Vivado/Vitis_HLS/2023.1/common/technology/autopilot\hls_math.h:1937]   --->   Operation 48 'call' 'call_ret' <Predicate = true> <Delay = 7.10> <CoreType = "Generic">   --->   Core 0 '' <Latency = 0> <II = 1> <Delay = 1.00> <Generic> <Opcode : >

State 13 <SV = 12> <Delay = 7.10>
ST_13 : Operation 49 [8/14] (7.10ns)   --->   "%call_ret = call i36 @cordic_circ_apfixed<18, 3, 0>, i17 %z" [D:/Vivado/Vitis_HLS/2023.1/common/technology/autopilot/etc/hls_cordic_apfixed.h:266->D:/Vivado/Vitis_HLS/2023.1/common/technology/autopilot\hls_math.h:1937]   --->   Operation 49 'call' 'call_ret' <Predicate = true> <Delay = 7.10> <CoreType = "Generic">   --->   Core 0 '' <Latency = 0> <II = 1> <Delay = 1.00> <Generic> <Opcode : >

State 14 <SV = 13> <Delay = 7.10>
ST_14 : Operation 50 [7/14] (7.10ns)   --->   "%call_ret = call i36 @cordic_circ_apfixed<18, 3, 0>, i17 %z" [D:/Vivado/Vitis_HLS/2023.1/common/technology/autopilot/etc/hls_cordic_apfixed.h:266->D:/Vivado/Vitis_HLS/2023.1/common/technology/autopilot\hls_math.h:1937]   --->   Operation 50 'call' 'call_ret' <Predicate = true> <Delay = 7.10> <CoreType = "Generic">   --->   Core 0 '' <Latency = 0> <II = 1> <Delay = 1.00> <Generic> <Opcode : >

State 15 <SV = 14> <Delay = 7.10>
ST_15 : Operation 51 [6/14] (7.10ns)   --->   "%call_ret = call i36 @cordic_circ_apfixed<18, 3, 0>, i17 %z" [D:/Vivado/Vitis_HLS/2023.1/common/technology/autopilot/etc/hls_cordic_apfixed.h:266->D:/Vivado/Vitis_HLS/2023.1/common/technology/autopilot\hls_math.h:1937]   --->   Operation 51 'call' 'call_ret' <Predicate = true> <Delay = 7.10> <CoreType = "Generic">   --->   Core 0 '' <Latency = 0> <II = 1> <Delay = 1.00> <Generic> <Opcode : >

State 16 <SV = 15> <Delay = 7.10>
ST_16 : Operation 52 [5/14] (7.10ns)   --->   "%call_ret = call i36 @cordic_circ_apfixed<18, 3, 0>, i17 %z" [D:/Vivado/Vitis_HLS/2023.1/common/technology/autopilot/etc/hls_cordic_apfixed.h:266->D:/Vivado/Vitis_HLS/2023.1/common/technology/autopilot\hls_math.h:1937]   --->   Operation 52 'call' 'call_ret' <Predicate = true> <Delay = 7.10> <CoreType = "Generic">   --->   Core 0 '' <Latency = 0> <II = 1> <Delay = 1.00> <Generic> <Opcode : >

State 17 <SV = 16> <Delay = 7.10>
ST_17 : Operation 53 [4/14] (7.10ns)   --->   "%call_ret = call i36 @cordic_circ_apfixed<18, 3, 0>, i17 %z" [D:/Vivado/Vitis_HLS/2023.1/common/technology/autopilot/etc/hls_cordic_apfixed.h:266->D:/Vivado/Vitis_HLS/2023.1/common/technology/autopilot\hls_math.h:1937]   --->   Operation 53 'call' 'call_ret' <Predicate = true> <Delay = 7.10> <CoreType = "Generic">   --->   Core 0 '' <Latency = 0> <II = 1> <Delay = 1.00> <Generic> <Opcode : >

State 18 <SV = 17> <Delay = 7.10>
ST_18 : Operation 54 [3/14] (7.10ns)   --->   "%call_ret = call i36 @cordic_circ_apfixed<18, 3, 0>, i17 %z" [D:/Vivado/Vitis_HLS/2023.1/common/technology/autopilot/etc/hls_cordic_apfixed.h:266->D:/Vivado/Vitis_HLS/2023.1/common/technology/autopilot\hls_math.h:1937]   --->   Operation 54 'call' 'call_ret' <Predicate = true> <Delay = 7.10> <CoreType = "Generic">   --->   Core 0 '' <Latency = 0> <II = 1> <Delay = 1.00> <Generic> <Opcode : >

State 19 <SV = 18> <Delay = 7.10>
ST_19 : Operation 55 [2/14] (7.10ns)   --->   "%call_ret = call i36 @cordic_circ_apfixed<18, 3, 0>, i17 %z" [D:/Vivado/Vitis_HLS/2023.1/common/technology/autopilot/etc/hls_cordic_apfixed.h:266->D:/Vivado/Vitis_HLS/2023.1/common/technology/autopilot\hls_math.h:1937]   --->   Operation 55 'call' 'call_ret' <Predicate = true> <Delay = 7.10> <CoreType = "Generic">   --->   Core 0 '' <Latency = 0> <II = 1> <Delay = 1.00> <Generic> <Opcode : >

State 20 <SV = 19> <Delay = 7.10>
ST_20 : Operation 56 [1/14] (7.10ns)   --->   "%call_ret = call i36 @cordic_circ_apfixed<18, 3, 0>, i17 %z" [D:/Vivado/Vitis_HLS/2023.1/common/technology/autopilot/etc/hls_cordic_apfixed.h:266->D:/Vivado/Vitis_HLS/2023.1/common/technology/autopilot\hls_math.h:1937]   --->   Operation 56 'call' 'call_ret' <Predicate = true> <Delay = 7.10> <CoreType = "Generic">   --->   Core 0 '' <Latency = 0> <II = 1> <Delay = 1.00> <Generic> <Opcode : >

State 21 <SV = 20> <Delay = 1.81>
ST_21 : Operation 57 [1/1] (0.00ns) (grouped into LUT with out node sub_ln292)   --->   "%y = extractvalue i36 %call_ret" [D:/Vivado/Vitis_HLS/2023.1/common/technology/autopilot/etc/hls_cordic_apfixed.h:266->D:/Vivado/Vitis_HLS/2023.1/common/technology/autopilot\hls_math.h:1937]   --->   Operation 57 'extractvalue' 'y' <Predicate = true> <Delay = 0.00>
ST_21 : Operation 58 [1/1] (0.00ns) (grouped into LUT with out node sub_ln292)   --->   "%trunc_ln = partselect i14 @_ssdm_op_PartSelect.i14.i18.i32.i32, i18 %y, i32 3, i32 16" [D:/Vivado/Vitis_HLS/2023.1/common/technology/autopilot/etc/hls_cordic_apfixed.h:279->D:/Vivado/Vitis_HLS/2023.1/common/technology/autopilot\hls_math.h:1937]   --->   Operation 58 'partselect' 'trunc_ln' <Predicate = true> <Delay = 0.00>
ST_21 : Operation 59 [1/1] (1.81ns) (out node of the LUT)   --->   "%sub_ln292 = sub i14 0, i14 %trunc_ln" [D:/Vivado/Vitis_HLS/2023.1/common/technology/autopilot/etc/hls_cordic_apfixed.h:292->D:/Vivado/Vitis_HLS/2023.1/common/technology/autopilot\hls_math.h:1937]   --->   Operation 59 'sub' 'sub_ln292' <Predicate = true> <Delay = 1.81> <CoreInst = "Adder">   --->   Core 1 'Adder' <Latency = 0> <II = 1> <Delay = 1.81> <FuncUnit> <Opcode : 'add' 'sub'> <InPorts = 2> <OutPorts = 1>
ST_21 : Operation 60 [1/1] (0.00ns)   --->   "%ret_ln1939 = ret i14 %sub_ln292" [D:/Vivado/Vitis_HLS/2023.1/common/technology/autopilot\hls_math.h:1939]   --->   Operation 60 'ret' 'ret_ln1939' <Predicate = true> <Delay = 0.00>


============================================================
+ Verbose Summary: Binding
============================================================
STG Binding: 
---------------- STG Properties BEGIN ----------------
- Is combinational: 0
- Is one-state seq: 0
- Is datapath-only: 0
- Is pipelined: 1
- Is top level: 0
Port [ Return ] is wired: 1; IO mode=ap_ctrl_hs:ce=0
Port [ x_val]:  wired=1; compound=0; hidden=0; nouse=0; global=0; static=0; extern=0; dir=0; type=0; pingpong=0; private_global=0; IO mode=ap_none:ce=0
---------------- STG Properties END ------------------

---------------- Datapath Model BEGIN ----------------

<LifeTime>
<method=bitvector/>
x_val_read  (read          ) [ 0000000000000000000000]
x           (sub           ) [ 0010000000000000000000]
trunc_ln68  (trunc         ) [ 0111110000000000000000]
zext_ln64   (zext          ) [ 0000000000000000000000]
mul_ln64    (mul           ) [ 0000000000000000000000]
k           (partselect    ) [ 0101000000000000000000]
zext_ln68   (zext          ) [ 0110110000000000000000]
icmp_ln251  (icmp          ) [ 0110111000000000000000]
shl_ln      (bitconcatenate) [ 0010001000000000000000]
mul_ln68    (mul           ) [ 0010001000000000000000]
add_ln68    (add           ) [ 0000000000000000000000]
r           (partselect    ) [ 0000000000000000000000]
zext_ln68_1 (zext          ) [ 0000000000000000000000]
sub_ln254   (sub           ) [ 0000000000000000000000]
tmp_1       (partselect    ) [ 0000000000000000000000]
zext_ln257  (zext          ) [ 0000000000000000000000]
tmp_2       (partselect    ) [ 0000000000000000000000]
z           (select        ) [ 0100000100000000000000]
call_ret    (call          ) [ 0100000000000000000001]
y           (extractvalue  ) [ 0000000000000000000000]
trunc_ln    (partselect    ) [ 0000000000000000000000]
sub_ln292   (sub           ) [ 0000000000000000000000]
ret_ln1939  (ret           ) [ 0000000000000000000000]
</LifeTime>

<model>

<comp_list>
<comp id="0" class="1000" name="x_val">
<pin_list>
<pin id="1" dir="1" index="0" bw="1" slack="0"/>
</pin_list>
<bind>
<StgValue><ssdm name="x_val"/></StgValue>
</bind>
</comp>

<comp id="2" class="1001" name="const_2">
<pin_list>
<pin id="3" dir="1" index="0" bw="1" slack="0"/>
</pin_list>
<bind>
<StgValue><ssdm name="_ssdm_op_Read.ap_auto.i14"/></StgValue>
</bind>
</comp>

<comp id="4" class="1001" name="const_4">
<pin_list>
<pin id="5" dir="1" index="0" bw="1" slack="0"/>
</pin_list>
<bind>
<StgValue><ssdm name=""/></StgValue>
</bind>
</comp>

<comp id="6" class="1001" name="const_6">
<pin_list>
<pin id="7" dir="1" index="0" bw="1" slack="0"/>
</pin_list>
<bind>
<StgValue><ssdm name=""/></StgValue>
</bind>
</comp>

<comp id="8" class="1001" name="const_8">
<pin_list>
<pin id="9" dir="1" index="0" bw="1" slack="0"/>
</pin_list>
<bind>
<StgValue><ssdm name="_ssdm_op_PartSelect.i2.i35.i32.i32"/></StgValue>
</bind>
</comp>

<comp id="10" class="1001" name="const_10">
<pin_list>
<pin id="11" dir="1" index="0" bw="1" slack="0"/>
</pin_list>
<bind>
<StgValue><ssdm name=""/></StgValue>
</bind>
</comp>

<comp id="12" class="1001" name="const_12">
<pin_list>
<pin id="13" dir="1" index="0" bw="1" slack="0"/>
</pin_list>
<bind>
<StgValue><ssdm name=""/></StgValue>
</bind>
</comp>

<comp id="14" class="1001" name="const_14">
<pin_list>
<pin id="15" dir="1" index="0" bw="1" slack="0"/>
</pin_list>
<bind>
<StgValue><ssdm name=""/></StgValue>
</bind>
</comp>

<comp id="16" class="1001" name="const_16">
<pin_list>
<pin id="17" dir="1" index="0" bw="1" slack="0"/>
</pin_list>
<bind>
<StgValue><ssdm name=""/></StgValue>
</bind>
</comp>

<comp id="18" class="1001" name="const_18">
<pin_list>
<pin id="19" dir="1" index="0" bw="1" slack="0"/>
</pin_list>
<bind>
<StgValue><ssdm name="_ssdm_op_BitConcatenate.i18.i13.i5"/></StgValue>
</bind>
</comp>

<comp id="20" class="1001" name="const_20">
<pin_list>
<pin id="21" dir="1" index="0" bw="1" slack="0"/>
</pin_list>
<bind>
<StgValue><ssdm name=""/></StgValue>
</bind>
</comp>

<comp id="22" class="1001" name="const_22">
<pin_list>
<pin id="23" dir="1" index="0" bw="1" slack="0"/>
</pin_list>
<bind>
<StgValue><ssdm name="_ssdm_op_PartSelect.i17.i18.i32.i32"/></StgValue>
</bind>
</comp>

<comp id="24" class="1001" name="const_24">
<pin_list>
<pin id="25" dir="1" index="0" bw="1" slack="0"/>
</pin_list>
<bind>
<StgValue><ssdm name=""/></StgValue>
</bind>
</comp>

<comp id="26" class="1001" name="const_26">
<pin_list>
<pin id="27" dir="1" index="0" bw="1" slack="0"/>
</pin_list>
<bind>
<StgValue><ssdm name=""/></StgValue>
</bind>
</comp>

<comp id="28" class="1001" name="const_28">
<pin_list>
<pin id="29" dir="1" index="0" bw="1" slack="0"/>
</pin_list>
<bind>
<StgValue><ssdm name=""/></StgValue>
</bind>
</comp>

<comp id="30" class="1001" name="const_30">
<pin_list>
<pin id="31" dir="1" index="0" bw="1" slack="0"/>
</pin_list>
<bind>
<StgValue><ssdm name="_ssdm_op_PartSelect.i16.i18.i32.i32"/></StgValue>
</bind>
</comp>

<comp id="32" class="1001" name="const_32">
<pin_list>
<pin id="33" dir="1" index="0" bw="1" slack="0"/>
</pin_list>
<bind>
<StgValue><ssdm name=""/></StgValue>
</bind>
</comp>

<comp id="34" class="1001" name="const_34">
<pin_list>
<pin id="35" dir="1" index="0" bw="1" slack="0"/>
</pin_list>
<bind>
<StgValue><ssdm name="cordic_circ_apfixed<18, 3, 0>"/></StgValue>
</bind>
</comp>

<comp id="36" class="1001" name="const_36">
<pin_list>
<pin id="37" dir="1" index="0" bw="1" slack="0"/>
</pin_list>
<bind>
<StgValue><ssdm name="_ssdm_op_PartSelect.i14.i18.i32.i32"/></StgValue>
</bind>
</comp>

<comp id="38" class="1001" name="const_38">
<pin_list>
<pin id="39" dir="1" index="0" bw="1" slack="0"/>
</pin_list>
<bind>
<StgValue><ssdm name=""/></StgValue>
</bind>
</comp>

<comp id="40" class="1001" name="const_40">
<pin_list>
<pin id="41" dir="1" index="0" bw="1" slack="0"/>
</pin_list>
<bind>
<StgValue><ssdm name=""/></StgValue>
</bind>
</comp>

<comp id="42" class="1004" name="x_val_read_read_fu_42">
<pin_list>
<pin id="43" dir="0" index="0" bw="14" slack="0"/>
<pin id="44" dir="0" index="1" bw="14" slack="0"/>
<pin id="45" dir="1" index="2" bw="14" slack="0"/>
</pin_list>
<bind>
<opcode="read(1150) " fcode="read"/>
<opset="x_val_read/1 "/>
</bind>
</comp>

<comp id="48" class="1004" name="grp_cordic_circ_apfixed_18_3_0_s_fu_48">
<pin_list>
<pin id="49" dir="0" index="0" bw="36" slack="0"/>
<pin id="50" dir="0" index="1" bw="17" slack="1"/>
<pin id="51" dir="1" index="2" bw="36" slack="1"/>
</pin_list>
<bind>
<opcode="call(48) " fcode="call"/>
<opset="call_ret/7 "/>
</bind>
</comp>

<comp id="53" class="1004" name="x_fu_53">
<pin_list>
<pin id="54" dir="0" index="0" bw="1" slack="0"/>
<pin id="55" dir="0" index="1" bw="14" slack="0"/>
<pin id="56" dir="1" index="2" bw="14" slack="0"/>
</pin_list>
<bind>
<opcode="sub(10) " fcode="sub"/>
<opset="x/1 "/>
</bind>
</comp>

<comp id="59" class="1004" name="trunc_ln68_fu_59">
<pin_list>
<pin id="60" dir="0" index="0" bw="14" slack="0"/>
<pin id="61" dir="1" index="1" bw="13" slack="4"/>
</pin_list>
<bind>
<opcode="trunc(33) " fcode="trunc"/>
<opset="trunc_ln68/1 "/>
</bind>
</comp>

<comp id="63" class="1004" name="zext_ln64_fu_63">
<pin_list>
<pin id="64" dir="0" index="0" bw="14" slack="1"/>
<pin id="65" dir="1" index="1" bw="35" slack="0"/>
</pin_list>
<bind>
<opcode="zext(34) " fcode="zext"/>
<opset="zext_ln64/2 "/>
</bind>
</comp>

<comp id="66" class="1004" name="mul_ln64_fu_66">
<pin_list>
<pin id="67" dir="0" index="0" bw="14" slack="0"/>
<pin id="68" dir="0" index="1" bw="22" slack="0"/>
<pin id="69" dir="1" index="2" bw="35" slack="0"/>
</pin_list>
<bind>
<opcode="mul(12) " fcode="mul"/>
<opset="mul_ln64/2 "/>
</bind>
</comp>

<comp id="72" class="1004" name="k_fu_72">
<pin_list>
<pin id="73" dir="0" index="0" bw="2" slack="0"/>
<pin id="74" dir="0" index="1" bw="35" slack="0"/>
<pin id="75" dir="0" index="2" bw="7" slack="0"/>
<pin id="76" dir="0" index="3" bw="7" slack="0"/>
<pin id="77" dir="1" index="4" bw="2" slack="1"/>
</pin_list>
<bind>
<opcode="partselect(1002) " fcode="partselect"/>
<opset="k/2 "/>
</bind>
</comp>

<comp id="82" class="1004" name="zext_ln68_fu_82">
<pin_list>
<pin id="83" dir="0" index="0" bw="2" slack="1"/>
<pin id="84" dir="1" index="1" bw="18" slack="0"/>
</pin_list>
<bind>
<opcode="zext(34) " fcode="zext"/>
<opset="zext_ln68/3 "/>
</bind>
</comp>

<comp id="85" class="1004" name="icmp_ln251_fu_85">
<pin_list>
<pin id="86" dir="0" index="0" bw="2" slack="1"/>
<pin id="87" dir="0" index="1" bw="2" slack="0"/>
<pin id="88" dir="1" index="2" bw="1" slack="3"/>
</pin_list>
<bind>
<opcode="icmp(45) " fcode="icmp"/>
<opset="icmp_ln251/3 "/>
</bind>
</comp>

<comp id="90" class="1004" name="shl_ln_fu_90">
<pin_list>
<pin id="91" dir="0" index="0" bw="18" slack="0"/>
<pin id="92" dir="0" index="1" bw="13" slack="4"/>
<pin id="93" dir="0" index="2" bw="1" slack="0"/>
<pin id="94" dir="1" index="3" bw="18" slack="0"/>
</pin_list>
<bind>
<opcode="bitconcatenate(1004) " fcode="bitconcatenate"/>
<opset="shl_ln/5 "/>
</bind>
</comp>

<comp id="97" class="1004" name="r_fu_97">
<pin_list>
<pin id="98" dir="0" index="0" bw="17" slack="0"/>
<pin id="99" dir="0" index="1" bw="18" slack="0"/>
<pin id="100" dir="0" index="2" bw="1" slack="0"/>
<pin id="101" dir="0" index="3" bw="6" slack="0"/>
<pin id="102" dir="1" index="4" bw="17" slack="0"/>
</pin_list>
<bind>
<opcode="partselect(1002) " fcode="partselect"/>
<opset="r/6 "/>
</bind>
</comp>

<comp id="106" class="1004" name="zext_ln68_1_fu_106">
<pin_list>
<pin id="107" dir="0" index="0" bw="17" slack="0"/>
<pin id="108" dir="1" index="1" bw="18" slack="0"/>
</pin_list>
<bind>
<opcode="zext(34) " fcode="zext"/>
<opset="zext_ln68_1/6 "/>
</bind>
</comp>

<comp id="110" class="1004" name="sub_ln254_fu_110">
<pin_list>
<pin id="111" dir="0" index="0" bw="18" slack="0"/>
<pin id="112" dir="0" index="1" bw="17" slack="0"/>
<pin id="113" dir="1" index="2" bw="18" slack="0"/>
</pin_list>
<bind>
<opcode="sub(10) " fcode="sub"/>
<opset="sub_ln254/6 "/>
</bind>
</comp>

<comp id="116" class="1004" name="tmp_1_fu_116">
<pin_list>
<pin id="117" dir="0" index="0" bw="16" slack="0"/>
<pin id="118" dir="0" index="1" bw="18" slack="0"/>
<pin id="119" dir="0" index="2" bw="3" slack="0"/>
<pin id="120" dir="0" index="3" bw="6" slack="0"/>
<pin id="121" dir="1" index="4" bw="16" slack="0"/>
</pin_list>
<bind>
<opcode="partselect(1002) " fcode="partselect"/>
<opset="tmp_1/6 "/>
</bind>
</comp>

<comp id="125" class="1004" name="zext_ln257_fu_125">
<pin_list>
<pin id="126" dir="0" index="0" bw="16" slack="0"/>
<pin id="127" dir="1" index="1" bw="17" slack="0"/>
</pin_list>
<bind>
<opcode="zext(34) " fcode="zext"/>
<opset="zext_ln257/6 "/>
</bind>
</comp>

<comp id="129" class="1004" name="tmp_2_fu_129">
<pin_list>
<pin id="130" dir="0" index="0" bw="17" slack="0"/>
<pin id="131" dir="0" index="1" bw="18" slack="0"/>
<pin id="132" dir="0" index="2" bw="1" slack="0"/>
<pin id="133" dir="0" index="3" bw="6" slack="0"/>
<pin id="134" dir="1" index="4" bw="17" slack="0"/>
</pin_list>
<bind>
<opcode="partselect(1002) " fcode="partselect"/>
<opset="tmp_2/6 "/>
</bind>
</comp>

<comp id="139" class="1004" name="z_fu_139">
<pin_list>
<pin id="140" dir="0" index="0" bw="1" slack="3"/>
<pin id="141" dir="0" index="1" bw="17" slack="0"/>
<pin id="142" dir="0" index="2" bw="17" slack="0"/>
<pin id="143" dir="1" index="3" bw="17" slack="1"/>
</pin_list>
<bind>
<opcode="select(49) " fcode="select"/>
<opset="z/6 "/>
</bind>
</comp>

<comp id="146" class="1004" name="y_fu_146">
<pin_list>
<pin id="147" dir="0" index="0" bw="36" slack="1"/>
<pin id="148" dir="1" index="1" bw="18" slack="0"/>
</pin_list>
<bind>
<opcode="extractvalue(56) " fcode="extractvalue"/>
<opset="y/21 "/>
</bind>
</comp>

<comp id="149" class="1004" name="trunc_ln_fu_149">
<pin_list>
<pin id="150" dir="0" index="0" bw="14" slack="0"/>
<pin id="151" dir="0" index="1" bw="18" slack="0"/>
<pin id="152" dir="0" index="2" bw="3" slack="0"/>
<pin id="153" dir="0" index="3" bw="6" slack="0"/>
<pin id="154" dir="1" index="4" bw="14" slack="0"/>
</pin_list>
<bind>
<opcode="partselect(1002) " fcode="partselect"/>
<opset="trunc_ln/21 "/>
</bind>
</comp>

<comp id="159" class="1004" name="sub_ln292_fu_159">
<pin_list>
<pin id="160" dir="0" index="0" bw="1" slack="0"/>
<pin id="161" dir="0" index="1" bw="14" slack="0"/>
<pin id="162" dir="1" index="2" bw="14" slack="2147483647"/>
</pin_list>
<bind>
<opcode="sub(10) " fcode="sub"/>
<opset="sub_ln292/21 "/>
</bind>
</comp>

<comp id="165" class="1007" name="grp_fu_165">
<pin_list>
<pin id="166" dir="0" index="0" bw="2" slack="0"/>
<pin id="167" dir="0" index="1" bw="16" slack="0"/>
<pin id="168" dir="0" index="2" bw="18" slack="0"/>
<pin id="169" dir="1" index="3" bw="18" slack="0"/>
</pin_list>
<bind>
<opcode="muladd(1172) " fcode="muladd"/>
<opset="mul_ln68/3 add_ln68/5 "/>
</bind>
</comp>

<comp id="175" class="1005" name="x_reg_175">
<pin_list>
<pin id="176" dir="0" index="0" bw="14" slack="1"/>
<pin id="177" dir="1" index="1" bw="14" slack="1"/>
</pin_list>
<bind>
<opset="x "/>
</bind>
</comp>

<comp id="180" class="1005" name="trunc_ln68_reg_180">
<pin_list>
<pin id="181" dir="0" index="0" bw="13" slack="4"/>
<pin id="182" dir="1" index="1" bw="13" slack="4"/>
</pin_list>
<bind>
<opset="trunc_ln68 "/>
</bind>
</comp>

<comp id="185" class="1005" name="k_reg_185">
<pin_list>
<pin id="186" dir="0" index="0" bw="2" slack="1"/>
<pin id="187" dir="1" index="1" bw="2" slack="1"/>
</pin_list>
<bind>
<opset="k "/>
</bind>
</comp>

<comp id="191" class="1005" name="zext_ln68_reg_191">
<pin_list>
<pin id="192" dir="0" index="0" bw="18" slack="1"/>
<pin id="193" dir="1" index="1" bw="18" slack="1"/>
</pin_list>
<bind>
<opset="zext_ln68 "/>
</bind>
</comp>

<comp id="196" class="1005" name="icmp_ln251_reg_196">
<pin_list>
<pin id="197" dir="0" index="0" bw="1" slack="3"/>
<pin id="198" dir="1" index="1" bw="1" slack="3"/>
</pin_list>
<bind>
<opset="icmp_ln251 "/>
</bind>
</comp>

<comp id="201" class="1005" name="shl_ln_reg_201">
<pin_list>
<pin id="202" dir="0" index="0" bw="18" slack="1"/>
<pin id="203" dir="1" index="1" bw="18" slack="1"/>
</pin_list>
<bind>
<opset="shl_ln "/>
</bind>
</comp>

<comp id="206" class="1005" name="z_reg_206">
<pin_list>
<pin id="207" dir="0" index="0" bw="17" slack="1"/>
<pin id="208" dir="1" index="1" bw="17" slack="1"/>
</pin_list>
<bind>
<opset="z "/>
</bind>
</comp>

<comp id="211" class="1005" name="call_ret_reg_211">
<pin_list>
<pin id="212" dir="0" index="0" bw="36" slack="1"/>
<pin id="213" dir="1" index="1" bw="36" slack="1"/>
</pin_list>
<bind>
<opset="call_ret "/>
</bind>
</comp>

</comp_list>

<net_list>
<net id="46"><net_src comp="2" pin="0"/><net_sink comp="42" pin=0"/></net>

<net id="47"><net_src comp="0" pin="0"/><net_sink comp="42" pin=1"/></net>

<net id="52"><net_src comp="34" pin="0"/><net_sink comp="48" pin=0"/></net>

<net id="57"><net_src comp="4" pin="0"/><net_sink comp="53" pin=0"/></net>

<net id="58"><net_src comp="42" pin="2"/><net_sink comp="53" pin=1"/></net>

<net id="62"><net_src comp="53" pin="2"/><net_sink comp="59" pin=0"/></net>

<net id="70"><net_src comp="63" pin="1"/><net_sink comp="66" pin=0"/></net>

<net id="71"><net_src comp="6" pin="0"/><net_sink comp="66" pin=1"/></net>

<net id="78"><net_src comp="8" pin="0"/><net_sink comp="72" pin=0"/></net>

<net id="79"><net_src comp="66" pin="2"/><net_sink comp="72" pin=1"/></net>

<net id="80"><net_src comp="10" pin="0"/><net_sink comp="72" pin=2"/></net>

<net id="81"><net_src comp="12" pin="0"/><net_sink comp="72" pin=3"/></net>

<net id="89"><net_src comp="16" pin="0"/><net_sink comp="85" pin=1"/></net>

<net id="95"><net_src comp="18" pin="0"/><net_sink comp="90" pin=0"/></net>

<net id="96"><net_src comp="20" pin="0"/><net_sink comp="90" pin=2"/></net>

<net id="103"><net_src comp="22" pin="0"/><net_sink comp="97" pin=0"/></net>

<net id="104"><net_src comp="24" pin="0"/><net_sink comp="97" pin=2"/></net>

<net id="105"><net_src comp="26" pin="0"/><net_sink comp="97" pin=3"/></net>

<net id="109"><net_src comp="97" pin="4"/><net_sink comp="106" pin=0"/></net>

<net id="114"><net_src comp="28" pin="0"/><net_sink comp="110" pin=0"/></net>

<net id="115"><net_src comp="106" pin="1"/><net_sink comp="110" pin=1"/></net>

<net id="122"><net_src comp="30" pin="0"/><net_sink comp="116" pin=0"/></net>

<net id="123"><net_src comp="32" pin="0"/><net_sink comp="116" pin=2"/></net>

<net id="124"><net_src comp="26" pin="0"/><net_sink comp="116" pin=3"/></net>

<net id="128"><net_src comp="116" pin="4"/><net_sink comp="125" pin=0"/></net>

<net id="135"><net_src comp="22" pin="0"/><net_sink comp="129" pin=0"/></net>

<net id="136"><net_src comp="110" pin="2"/><net_sink comp="129" pin=1"/></net>

<net id="137"><net_src comp="24" pin="0"/><net_sink comp="129" pin=2"/></net>

<net id="138"><net_src comp="26" pin="0"/><net_sink comp="129" pin=3"/></net>

<net id="144"><net_src comp="129" pin="4"/><net_sink comp="139" pin=1"/></net>

<net id="145"><net_src comp="125" pin="1"/><net_sink comp="139" pin=2"/></net>

<net id="155"><net_src comp="36" pin="0"/><net_sink comp="149" pin=0"/></net>

<net id="156"><net_src comp="146" pin="1"/><net_sink comp="149" pin=1"/></net>

<net id="157"><net_src comp="38" pin="0"/><net_sink comp="149" pin=2"/></net>

<net id="158"><net_src comp="40" pin="0"/><net_sink comp="149" pin=3"/></net>

<net id="163"><net_src comp="4" pin="0"/><net_sink comp="159" pin=0"/></net>

<net id="164"><net_src comp="149" pin="4"/><net_sink comp="159" pin=1"/></net>

<net id="170"><net_src comp="82" pin="1"/><net_sink comp="165" pin=0"/></net>

<net id="171"><net_src comp="14" pin="0"/><net_sink comp="165" pin=1"/></net>

<net id="172"><net_src comp="90" pin="3"/><net_sink comp="165" pin=2"/></net>

<net id="173"><net_src comp="165" pin="3"/><net_sink comp="97" pin=1"/></net>

<net id="174"><net_src comp="165" pin="3"/><net_sink comp="116" pin=1"/></net>

<net id="178"><net_src comp="53" pin="2"/><net_sink comp="175" pin=0"/></net>

<net id="179"><net_src comp="175" pin="1"/><net_sink comp="63" pin=0"/></net>

<net id="183"><net_src comp="59" pin="1"/><net_sink comp="180" pin=0"/></net>

<net id="184"><net_src comp="180" pin="1"/><net_sink comp="90" pin=1"/></net>

<net id="188"><net_src comp="72" pin="4"/><net_sink comp="185" pin=0"/></net>

<net id="189"><net_src comp="185" pin="1"/><net_sink comp="82" pin=0"/></net>

<net id="190"><net_src comp="185" pin="1"/><net_sink comp="85" pin=0"/></net>

<net id="194"><net_src comp="82" pin="1"/><net_sink comp="191" pin=0"/></net>

<net id="195"><net_src comp="191" pin="1"/><net_sink comp="165" pin=0"/></net>

<net id="199"><net_src comp="85" pin="2"/><net_sink comp="196" pin=0"/></net>

<net id="200"><net_src comp="196" pin="1"/><net_sink comp="139" pin=0"/></net>

<net id="204"><net_src comp="90" pin="3"/><net_sink comp="201" pin=0"/></net>

<net id="205"><net_src comp="201" pin="1"/><net_sink comp="165" pin=0"/></net>

<net id="209"><net_src comp="139" pin="3"/><net_sink comp="206" pin=0"/></net>

<net id="210"><net_src comp="206" pin="1"/><net_sink comp="48" pin=1"/></net>

<net id="214"><net_src comp="48" pin="2"/><net_sink comp="211" pin=0"/></net>

<net id="215"><net_src comp="211" pin="1"/><net_sink comp="146" pin=0"/></net>

</net_list>

</model> 
---------------- Datapath Model END ------------------

* FSMD analyzer results:
  - Output states:
 - Input state : 
	Port: sin<16, 4> : x_val | {1 }
  - Chain level:
	State 1
		trunc_ln68 : 1
	State 2
		mul_ln64 : 1
		k : 2
	State 3
		mul_ln68 : 1
	State 4
	State 5
		add_ln68 : 1
	State 6
		r : 1
		zext_ln68_1 : 2
		sub_ln254 : 3
		tmp_1 : 1
		zext_ln257 : 2
		tmp_2 : 4
		z : 5
	State 7
	State 8
	State 9
	State 10
	State 11
	State 12
	State 13
	State 14
	State 15
	State 16
	State 17
	State 18
	State 19
	State 20
	State 21
		trunc_ln : 1
		sub_ln292 : 2
		ret_ln1939 : 3


============================================================
+ Verbose Summary: Datapath Resource usage 
============================================================

* Functional unit list:
|----------|----------------------------------------|---------|---------|---------|
| Operation|             Functional Unit            |   DSP   |    FF   |   LUT   |
|----------|----------------------------------------|---------|---------|---------|
|   call   | grp_cordic_circ_apfixed_18_3_0_s_fu_48 |    0    |   598   |   3026  |
|----------|----------------------------------------|---------|---------|---------|
|          |                 x_fu_53                |    0    |    0    |    17   |
|    sub   |            sub_ln254_fu_110            |    0    |    0    |    25   |
|          |            sub_ln292_fu_159            |    0    |    0    |    17   |
|----------|----------------------------------------|---------|---------|---------|
|    mul   |             mul_ln64_fu_66             |    1    |    0    |    24   |
|----------|----------------------------------------|---------|---------|---------|
|  select  |                z_fu_139                |    0    |    0    |    17   |
|----------|----------------------------------------|---------|---------|---------|
|   icmp   |            icmp_ln251_fu_85            |    0    |    0    |    10   |
|----------|----------------------------------------|---------|---------|---------|
|  muladd  |               grp_fu_165               |    1    |    0    |    0    |
|----------|----------------------------------------|---------|---------|---------|
|   read   |          x_val_read_read_fu_42         |    0    |    0    |    0    |
|----------|----------------------------------------|---------|---------|---------|
|   trunc  |            trunc_ln68_fu_59            |    0    |    0    |    0    |
|----------|----------------------------------------|---------|---------|---------|
|          |             zext_ln64_fu_63            |    0    |    0    |    0    |
|   zext   |             zext_ln68_fu_82            |    0    |    0    |    0    |
|          |           zext_ln68_1_fu_106           |    0    |    0    |    0    |
|          |            zext_ln257_fu_125           |    0    |    0    |    0    |
|----------|----------------------------------------|---------|---------|---------|
|          |                 k_fu_72                |    0    |    0    |    0    |
|          |                 r_fu_97                |    0    |    0    |    0    |
|partselect|              tmp_1_fu_116              |    0    |    0    |    0    |
|          |              tmp_2_fu_129              |    0    |    0    |    0    |
|          |             trunc_ln_fu_149            |    0    |    0    |    0    |
|----------|----------------------------------------|---------|---------|---------|
|bitconcatenate|              shl_ln_fu_90              |    0    |    0    |    0    |
|----------|----------------------------------------|---------|---------|---------|
|extractvalue|                y_fu_146                |    0    |    0    |    0    |
|----------|----------------------------------------|---------|---------|---------|
|   Total  |                                        |    2    |   598   |   3136  |
|----------|----------------------------------------|---------|---------|---------|

Memories:
N/A

* Register list:
+------------------+--------+
|                  |   FF   |
+------------------+--------+
| call_ret_reg_211 |   36   |
|icmp_ln251_reg_196|    1   |
|     k_reg_185    |    2   |
|  shl_ln_reg_201  |   18   |
|trunc_ln68_reg_180|   13   |
|     x_reg_175    |   14   |
|     z_reg_206    |   17   |
| zext_ln68_reg_191|   18   |
+------------------+--------+
|       Total      |   119  |
+------------------+--------+

* Multiplexer (MUX) list: 
|------------|------|------|------|--------||---------||---------|
|    Comp    |  Pin | Size |  BW  | S x BW ||  Delay  ||   LUT   |
|------------|------|------|------|--------||---------||---------|
| grp_fu_165 |  p0  |   3  |   2  |    6   ||    14   |
|------------|------|------|------|--------||---------||---------|
|    Total   |      |      |      |    6   ||  1.7073 ||    14   |
|------------|------|------|------|--------||---------||---------|



* Summary:
+-----------+--------+--------+--------+--------+
|           |   DSP  |  Delay |   FF   |   LUT  |
+-----------+--------+--------+--------+--------+
|  Function |    2   |    -   |   598  |  3136  |
|   Memory  |    -   |    -   |    -   |    -   |
|Multiplexer|    -   |    1   |    -   |   14   |
|  Register |    -   |    -   |   119  |    -   |
+-----------+--------+--------+--------+--------+
|   Total   |    2   |    1   |   717  |  3150  |
+-----------+--------+--------+--------+--------+
