

================================================================
== Vitis HLS Report for 'cordic_circ_apfixed_18_3_0_s'
================================================================
* Date:           Wed Jun 25 09:29:25 2025

* Version:        2023.1 (Build 3854077 on May  4 2023)
* Project:        FFT_sol_2
* Solution:       opt4_just_pipe_all (Vivado IP Flow Target)
* Product family: zynq
* Target device:  xc7z030-sbv485-1


================================================================
== Performance Estimates
================================================================
+ Timing: 
    * Summary: 
    +--------+----------+----------+------------+
    |  Clock |  Target  | Estimated| Uncertainty|
    +--------+----------+----------+------------+
    |ap_clk  |  10.00 ns|  7.101 ns|     2.70 ns|
    +--------+----------+----------+------------+

+ Latency: 
    * Summary: 
    +---------+---------+----------+----------+-----+-----+---------+
    |  Latency (cycles) |  Latency (absolute) |  Interval | Pipeline|
    |   min   |   max   |    min   |    max   | min | max |   Type  |
    +---------+---------+----------+----------+-----+-----+---------+
    |       13|       13|  0.130 us|  0.130 us|    2|    2|      yes|
    +---------+---------+----------+----------+-----+-----+---------+

    + Detail: 
        * Instance: 
        N/A

        * Loop: 
        N/A



================================================================
== Utilization Estimates
================================================================
* Summary: 
+-----------------+---------+-----+--------+-------+-----+
|       Name      | BRAM_18K| DSP |   FF   |  LUT  | URAM|
+-----------------+---------+-----+--------+-------+-----+
|DSP              |        -|    -|       -|      -|    -|
|Expression       |        -|    -|       0|   2781|    -|
|FIFO             |        -|    -|       -|      -|    -|
|Instance         |        -|    -|       -|      -|    -|
|Memory           |        -|    -|       -|      -|    -|
|Multiplexer      |        -|    -|       -|     23|    -|
|Register         |        -|    -|     931|    160|    -|
+-----------------+---------+-----+--------+-------+-----+
|Total            |        0|    0|     931|   2964|    0|
+-----------------+---------+-----+--------+-------+-----+
|Available        |      530|  400|  157200|  78600|    0|
+-----------------+---------+-----+--------+-------+-----+
|Utilization (%)  |        0|    0|      ~0|      3|    0|
+-----------------+---------+-----+--------+-------+-----+

+ Detail: 
    * Instance: 
    N/A

    * DSP: 
    N/A

    * Memory: 
    N/A

    * FIFO: 
    N/A

    * Expression: 
    +---------------------------+----------+----+---+----+------------+------------+
    |       Variable Name       | Operation| DSP| FF| LUT| Bitwidth P0| Bitwidth P1|
    +---------------------------+----------+----+---+----+------------+------------+
    |add_ln102_10_fu_1292_p2    |         +|   0|  0|  24|          17|          17|
    |add_ln102_11_fu_1380_p2    |         +|   0|  0|  24|          17|          17|
    |add_ln102_12_fu_1480_p2    |         +|   0|  0|  24|          17|          17|
    |add_ln102_13_fu_1576_p2    |         +|   0|  0|  24|          17|          17|
    |add_ln102_14_fu_1618_p2    |         +|   0|  0|  24|          17|          17|
    |add_ln102_15_fu_1662_p2    |         +|   0|  0|  24|          17|          17|
    |add_ln102_1_fu_554_p2      |         +|   0|  0|  24|          17|          17|
    |add_ln102_2_fu_652_p2      |         +|   0|  0|  24|          17|          17|
    |add_ln102_3_fu_714_p2      |         +|   0|  0|  24|          17|          17|
    |add_ln102_4_fu_812_p2      |         +|   0|  0|  24|          17|          17|
    |add_ln102_5_fu_874_p2      |         +|   0|  0|  24|          17|          17|
    |add_ln102_6_fu_972_p2      |         +|   0|  0|  24|          17|          17|
    |add_ln102_7_fu_1034_p2     |         +|   0|  0|  24|          17|          17|
    |add_ln102_8_fu_1132_p2     |         +|   0|  0|  24|          17|          17|
    |add_ln102_9_fu_1194_p2     |         +|   0|  0|  24|          17|          17|
    |add_ln102_fu_484_p2        |         +|   0|  0|  23|          16|          16|
    |add_ln108_10_fu_1307_p2    |         +|   0|  0|  24|          17|          17|
    |add_ln108_11_fu_1398_p2    |         +|   0|  0|  24|          17|          17|
    |add_ln108_12_fu_1495_p2    |         +|   0|  0|  24|          17|          17|
    |add_ln108_13_fu_1679_p2    |         +|   0|  0|  24|          17|          17|
    |add_ln108_14_fu_1722_p2    |         +|   0|  0|  24|          17|          17|
    |add_ln108_15_fu_1766_p2    |         +|   0|  0|  24|          17|          17|
    |add_ln108_1_fu_572_p2      |         +|   0|  0|  24|          17|          17|
    |add_ln108_2_fu_667_p2      |         +|   0|  0|  24|          17|          17|
    |add_ln108_3_fu_732_p2      |         +|   0|  0|  24|          17|          17|
    |add_ln108_4_fu_827_p2      |         +|   0|  0|  24|          17|          17|
    |add_ln108_5_fu_892_p2      |         +|   0|  0|  24|          17|          17|
    |add_ln108_6_fu_987_p2      |         +|   0|  0|  24|          17|          17|
    |add_ln108_7_fu_1052_p2     |         +|   0|  0|  24|          17|          17|
    |add_ln108_8_fu_1147_p2     |         +|   0|  0|  24|          17|          17|
    |add_ln108_9_fu_1212_p2     |         +|   0|  0|  24|          17|          17|
    |add_ln108_fu_502_p2        |         +|   0|  0|  24|          17|          17|
    |add_ln94_10_fu_379_p2      |         +|   0|  0|  18|          18|          10|
    |add_ln94_12_fu_619_p2      |         +|   0|  0|  18|          18|           9|
    |add_ln94_14_fu_779_p2      |         +|   0|  0|  18|          18|           8|
    |add_ln94_16_fu_939_p2      |         +|   0|  0|  18|          18|           7|
    |add_ln94_18_fu_1099_p2     |         +|   0|  0|  18|          18|           6|
    |add_ln94_20_fu_1239_p2     |         +|   0|  0|  18|          18|           5|
    |add_ln94_22_fu_1333_p2     |         +|   0|  0|  18|          18|           4|
    |add_ln94_24_fu_1455_p2     |         +|   0|  0|  18|          18|           3|
    |add_ln94_26_fu_1551_p2     |         +|   0|  0|  18|          18|           2|
    |add_ln94_2_fu_243_p2       |         +|   0|  0|  18|          18|          14|
    |add_ln94_4_fu_277_p2       |         +|   0|  0|  18|          18|          13|
    |add_ln94_6_fu_311_p2       |         +|   0|  0|  18|          18|          12|
    |add_ln94_8_fu_345_p2       |         +|   0|  0|  18|          18|          11|
    |add_ln94_fu_208_p2         |         +|   0|  0|  18|          18|          15|
    |tz_10_fu_1104_p2           |         +|   0|  0|  18|          18|          18|
    |tz_11_fu_1244_p2           |         +|   0|  0|  18|          18|          18|
    |tz_12_fu_1338_p2           |         +|   0|  0|  18|          18|          18|
    |tz_13_fu_1460_p2           |         +|   0|  0|  18|          18|          18|
    |tz_14_fu_1556_p2           |         +|   0|  0|  18|          18|          18|
    |tz_1_fu_214_p2             |         +|   0|  0|  18|          18|          18|
    |tz_2_fu_248_p2             |         +|   0|  0|  18|          18|          18|
    |tz_3_fu_282_p2             |         +|   0|  0|  18|          18|          18|
    |tz_4_fu_316_p2             |         +|   0|  0|  18|          18|          18|
    |tz_5_fu_350_p2             |         +|   0|  0|  18|          18|          18|
    |tz_6_fu_384_p2             |         +|   0|  0|  18|          18|          18|
    |tz_7_fu_624_p2             |         +|   0|  0|  18|          18|          18|
    |tz_8_fu_784_p2             |         +|   0|  0|  18|          18|          18|
    |tz_9_fu_944_p2             |         +|   0|  0|  18|          18|          18|
    |tz_fu_178_p2               |         +|   0|  0|  25|          18|          18|
    |sub_ln103_10_fu_1297_p2    |         -|   0|  0|  24|          17|          17|
    |sub_ln103_11_fu_1386_p2    |         -|   0|  0|  24|          17|          17|
    |sub_ln103_12_fu_1485_p2    |         -|   0|  0|  24|          17|          17|
    |sub_ln103_13_fu_1581_p2    |         -|   0|  0|  24|          17|          17|
    |sub_ln103_14_fu_1624_p2    |         -|   0|  0|  24|          17|          17|
    |sub_ln103_15_fu_1668_p2    |         -|   0|  0|  24|          17|          17|
    |sub_ln103_1_fu_560_p2      |         -|   0|  0|  24|          17|          17|
    |sub_ln103_2_fu_657_p2      |         -|   0|  0|  24|          17|          17|
    |sub_ln103_3_fu_720_p2      |         -|   0|  0|  24|          17|          17|
    |sub_ln103_4_fu_817_p2      |         -|   0|  0|  24|          17|          17|
    |sub_ln103_5_fu_880_p2      |         -|   0|  0|  24|          17|          17|
    |sub_ln103_6_fu_977_p2      |         -|   0|  0|  24|          17|          17|
    |sub_ln103_7_fu_1040_p2     |         -|   0|  0|  24|          17|          17|
    |sub_ln103_8_fu_1137_p2     |         -|   0|  0|  24|          17|          17|
    |sub_ln103_9_fu_1200_p2     |         -|   0|  0|  24|          17|          17|
    |sub_ln103_fu_490_p2        |         -|   0|  0|  24|          17|          17|
    |sub_ln107_10_fu_1302_p2    |         -|   0|  0|  24|          17|          17|
    |sub_ln107_11_fu_1392_p2    |         -|   0|  0|  24|          17|          17|
    |sub_ln107_12_fu_1490_p2    |         -|   0|  0|  24|          17|          17|
    |sub_ln107_13_fu_1674_p2    |         -|   0|  0|  24|          17|          17|
    |sub_ln107_14_fu_1716_p2    |         -|   0|  0|  24|          17|          17|
    |sub_ln107_15_fu_1760_p2    |         -|   0|  0|  24|          17|          17|
    |sub_ln107_1_fu_566_p2      |         -|   0|  0|  24|          17|          17|
    |sub_ln107_2_fu_662_p2      |         -|   0|  0|  24|          17|          17|
    |sub_ln107_3_fu_726_p2      |         -|   0|  0|  24|          17|          17|
    |sub_ln107_4_fu_822_p2      |         -|   0|  0|  24|          17|          17|
    |sub_ln107_5_fu_886_p2      |         -|   0|  0|  24|          17|          17|
    |sub_ln107_6_fu_982_p2      |         -|   0|  0|  24|          17|          17|
    |sub_ln107_7_fu_1046_p2     |         -|   0|  0|  24|          17|          17|
    |sub_ln107_8_fu_1142_p2     |         -|   0|  0|  24|          17|          17|
    |sub_ln107_9_fu_1206_p2     |         -|   0|  0|  24|          17|          17|
    |sub_ln107_fu_496_p2        |         -|   0|  0|  23|          16|          16|
    |select_ln101_fu_170_p3     |    select|   0|  0|  16|           1|          15|
    |select_ln102_fu_406_p3     |    select|   0|  0|  14|           1|          14|
    |select_ln103_fu_413_p3     |    select|   0|  0|  16|           1|          16|
    |select_ln107_1_fu_1708_p3  |    select|   0|  0|   2|           1|           2|
    |select_ln107_2_fu_1752_p3  |    select|   0|  0|   2|           1|           2|
    |select_ln107_fu_420_p3     |    select|   0|  0|  14|           1|          13|
    |select_ln108_fu_427_p3     |    select|   0|  0|  15|           1|          15|
    |select_ln84_1_fu_1610_p3   |    select|   0|  0|   2|           1|           2|
    |select_ln84_2_fu_1638_p3   |    select|   0|  0|   2|           1|           2|
    |select_ln84_3_fu_1654_p3   |    select|   0|  0|   2|           1|           2|
    |select_ln84_fu_1594_p3     |    select|   0|  0|   2|           1|           2|
    |select_ln94_11_fu_372_p3   |    select|   0|  0|  10|           1|          10|
    |select_ln94_13_fu_612_p3   |    select|   0|  0|   9|           1|           9|
    |select_ln94_15_fu_772_p3   |    select|   0|  0|   8|           1|           8|
    |select_ln94_17_fu_932_p3   |    select|   0|  0|   7|           1|           7|
    |select_ln94_19_fu_1092_p3  |    select|   0|  0|   6|           1|           6|
    |select_ln94_1_fu_200_p3    |    select|   0|  0|  15|           1|          15|
    |select_ln94_21_fu_1232_p3  |    select|   0|  0|   5|           1|           5|
    |select_ln94_23_fu_1326_p3  |    select|   0|  0|   4|           1|           4|
    |select_ln94_25_fu_1448_p3  |    select|   0|  0|   3|           1|           3|
    |select_ln94_27_fu_1544_p3  |    select|   0|  0|   2|           1|           2|
    |select_ln94_3_fu_236_p3    |    select|   0|  0|  14|           1|          14|
    |select_ln94_5_fu_270_p3    |    select|   0|  0|  13|           1|          13|
    |select_ln94_7_fu_304_p3    |    select|   0|  0|  12|           1|          12|
    |select_ln94_9_fu_338_p3    |    select|   0|  0|  11|           1|          11|
    |select_ln98_1_fu_1736_p3   |    select|   0|  0|   2|           1|           2|
    |select_ln98_fu_1692_p3     |    select|   0|  0|   2|           1|           2|
    |tx_10_fu_1218_p3           |    select|   0|  0|  17|           1|          17|
    |tx_11_fu_1312_p3           |    select|   0|  0|  17|           1|          17|
    |tx_12_fu_1404_p3           |    select|   0|  0|  17|           1|          17|
    |tx_13_fu_1500_p3           |    select|   0|  0|  17|           1|          17|
    |tx_14_fu_1772_p3           |    select|   0|  0|  17|           1|          17|
    |tx_1_fu_508_p3             |    select|   0|  0|  16|           1|          16|
    |tx_2_fu_578_p3             |    select|   0|  0|  17|           1|          17|
    |tx_3_fu_672_p3             |    select|   0|  0|  17|           1|          17|
    |tx_4_fu_738_p3             |    select|   0|  0|  17|           1|          17|
    |tx_5_fu_832_p3             |    select|   0|  0|  17|           1|          17|
    |tx_6_fu_898_p3             |    select|   0|  0|  17|           1|          17|
    |tx_7_fu_992_p3             |    select|   0|  0|  17|           1|          17|
    |tx_8_fu_1058_p3            |    select|   0|  0|  17|           1|          17|
    |tx_9_fu_1152_p3            |    select|   0|  0|  17|           1|          17|
    |tx_fu_434_p3               |    select|   0|  0|  15|           1|          15|
    |ty_10_fu_1225_p3           |    select|   0|  0|  17|           1|          17|
    |ty_11_fu_1319_p3           |    select|   0|  0|  17|           1|          17|
    |ty_12_fu_1412_p3           |    select|   0|  0|  17|           1|          17|
    |ty_13_fu_1508_p3           |    select|   0|  0|  17|           1|          17|
    |ty_14_fu_1784_p3           |    select|   0|  0|  17|           1|          17|
    |ty_1_fu_519_p3             |    select|   0|  0|  17|           1|          17|
    |ty_2_fu_585_p3             |    select|   0|  0|  17|           1|          17|
    |ty_3_fu_679_p3             |    select|   0|  0|  17|           1|          17|
    |ty_4_fu_745_p3             |    select|   0|  0|  17|           1|          17|
    |ty_5_fu_839_p3             |    select|   0|  0|  17|           1|          17|
    |ty_6_fu_905_p3             |    select|   0|  0|  17|           1|          17|
    |ty_7_fu_999_p3             |    select|   0|  0|  17|           1|          17|
    |ty_8_fu_1065_p3            |    select|   0|  0|  17|           1|          17|
    |ty_9_fu_1159_p3            |    select|   0|  0|  17|           1|          17|
    |ty_fu_445_p3               |    select|   0|  0|  16|           1|          16|
    |ap_enable_pp0              |       xor|   0|  0|   2|           1|           2|
    +---------------------------+----------+----+---+----+------------+------------+
    |Total                      |          |   0|  0|2781|        1666|        2191|
    +---------------------------+----------+----+---+----+------------+------------+

    * Multiplexer: 
    +-------------------------+----+-----------+-----+-----------+
    |           Name          | LUT| Input Size| Bits| Total Bits|
    +-------------------------+----+-----------+-----+-----------+
    |ap_NS_fsm                |  14|          3|    1|          3|
    |ap_enable_reg_pp0_iter0  |   9|          2|    1|          2|
    +-------------------------+----+-----------+-----+-----------+
    |Total                    |  23|          5|    2|          5|
    +-------------------------+----+-----------+-----+-----------+

    * Register: 
    +-----------------------------+----+----+-----+-----------+
    |             Name            | FF | LUT| Bits| Const Bits|
    +-----------------------------+----+----+-----+-----------+
    |ap_CS_fsm                    |   2|   0|    2|          0|
    |ap_enable_reg_pp0_iter0_reg  |   1|   0|    1|          0|
    |ap_enable_reg_pp0_iter1      |   1|   0|    1|          0|
    |ap_enable_reg_pp0_iter2      |   1|   0|    1|          0|
    |ap_enable_reg_pp0_iter3      |   1|   0|    1|          0|
    |ap_enable_reg_pp0_iter4      |   1|   0|    1|          0|
    |ap_enable_reg_pp0_iter5      |   1|   0|    1|          0|
    |ap_enable_reg_pp0_iter6      |   1|   0|    1|          0|
    |d_10_reg_2059                |   1|   0|    1|          0|
    |d_11_reg_2087                |   1|   0|    1|          0|
    |d_1_reg_1827                 |   1|   0|    1|          0|
    |d_2_reg_1843                 |   1|   0|    1|          0|
    |d_3_reg_1859                 |   1|   0|    1|          0|
    |d_4_reg_1875                 |   1|   0|    1|          0|
    |d_4_reg_1875_pp0_iter2_reg   |   1|   0|    1|          0|
    |d_5_reg_1891                 |   1|   0|    1|          0|
    |d_5_reg_1891_pp0_iter3_reg   |   1|   0|    1|          0|
    |d_6_reg_1907                 |   1|   0|    1|          0|
    |d_6_reg_1907_pp0_iter3_reg   |   1|   0|    1|          0|
    |d_7_reg_1945                 |   1|   0|    1|          0|
    |d_7_reg_1945_pp0_iter4_reg   |   1|   0|    1|          0|
    |d_8_reg_1983                 |   1|   0|    1|          0|
    |d_9_reg_2021                 |   1|   0|    1|          0|
    |d_reg_1816                   |   1|   0|    1|          0|
    |tmp_10_reg_1865              |   1|   0|    1|          0|
    |tmp_13_reg_1881              |   1|   0|    1|          0|
    |tmp_15_reg_1968              |  11|   0|   11|          0|
    |tmp_16_reg_1973              |  11|   0|   11|          0|
    |tmp_17_reg_1897              |   1|   0|    1|          0|
    |tmp_21_reg_1913              |   1|   0|    1|          0|
    |tmp_23_reg_2006              |   9|   0|    9|          0|
    |tmp_24_reg_2011              |   9|   0|    9|          0|
    |tmp_25_reg_1951              |   1|   0|    1|          0|
    |tmp_29_reg_1989              |   1|   0|    1|          0|
    |tmp_31_reg_2044              |   7|   0|    7|          0|
    |tmp_32_reg_2049              |   7|   0|    7|          0|
    |tmp_33_reg_2027              |   1|   0|    1|          0|
    |tmp_37_reg_2065              |   1|   0|    1|          0|
    |tmp_39_reg_2093              |   5|   0|    5|          0|
    |tmp_40_reg_2098              |   5|   0|    5|          0|
    |tmp_41_reg_2103              |   1|   0|    1|          0|
    |tmp_45_reg_2125              |   1|   0|    1|          0|
    |tmp_47_reg_2130              |   3|   0|    3|          0|
    |tmp_48_reg_2135              |   3|   0|    3|          0|
    |tmp_49_reg_2157              |   1|   0|    1|          0|
    |tmp_4_reg_1833               |   1|   0|    1|          0|
    |tmp_51_reg_2162              |   2|   0|    2|          0|
    |tmp_52_reg_2167              |   2|   0|    2|          0|
    |tmp_7_reg_1849               |   1|   0|    1|          0|
    |tmp_9_reg_1930               |  13|   0|   13|          0|
    |tmp_reg_1808                 |   1|   0|    1|          0|
    |trunc_ln98_3_reg_1935        |  13|   0|   13|          0|
    |tx_10_reg_2070               |  17|   0|   17|          0|
    |tx_12_reg_2113               |  17|   0|   17|          0|
    |tx_13_reg_2145               |  17|   0|   17|          0|
    |tx_2_reg_1918                |  17|   0|   17|          0|
    |tx_4_reg_1956                |  17|   0|   17|          0|
    |tx_6_reg_1994                |  17|   0|   17|          0|
    |tx_8_reg_2032                |  17|   0|   17|          0|
    |ty_10_reg_2076               |  17|   0|   17|          0|
    |ty_12_reg_2119               |  17|   0|   17|          0|
    |ty_13_reg_2151               |  17|   0|   17|          0|
    |ty_2_reg_1924                |  17|   0|   17|          0|
    |ty_4_reg_1962                |  17|   0|   17|          0|
    |ty_6_reg_2000                |  17|   0|   17|          0|
    |ty_8_reg_2038                |  17|   0|   17|          0|
    |tz_10_reg_2054               |  18|   0|   18|          0|
    |tz_11_reg_2082               |  18|   0|   18|          0|
    |tz_12_reg_2108               |  18|   0|   18|          0|
    |tz_13_reg_2140               |  18|   0|   18|          0|
    |tz_1_reg_1822                |  18|   0|   18|          0|
    |tz_2_reg_1838                |  18|   0|   18|          0|
    |tz_3_reg_1854                |  18|   0|   18|          0|
    |tz_4_reg_1870                |  18|   0|   18|          0|
    |tz_5_reg_1886                |  18|   0|   18|          0|
    |tz_6_reg_1902                |  18|   0|   18|          0|
    |tz_7_reg_1940                |  18|   0|   18|          0|
    |tz_8_reg_1978                |  18|   0|   18|          0|
    |tz_9_reg_2016                |  18|   0|   18|          0|
    |d_1_reg_1827                 |  64|  32|    1|          0|
    |d_2_reg_1843                 |  64|  32|    1|          0|
    |d_3_reg_1859                 |  64|  32|    1|          0|
    |d_reg_1816                   |  64|  32|    1|          0|
    |tmp_reg_1808                 |  64|  32|    1|          0|
    +-----------------------------+----+----+-----+-----------+
    |Total                        | 931| 160|  616|          0|
    +-----------------------------+----+----+-----+-----------+



================================================================
== Interface
================================================================
* Summary: 
+-------------+-----+-----+------------+-------------------------------+--------------+
|  RTL Ports  | Dir | Bits|  Protocol  |         Source Object         |    C Type    |
+-------------+-----+-----+------------+-------------------------------+--------------+
|ap_clk       |   in|    1|  ap_ctrl_hs|  cordic_circ_apfixed<18, 3, 0>|  return value|
|ap_rst       |   in|    1|  ap_ctrl_hs|  cordic_circ_apfixed<18, 3, 0>|  return value|
|ap_start     |   in|    1|  ap_ctrl_hs|  cordic_circ_apfixed<18, 3, 0>|  return value|
|ap_done      |  out|    1|  ap_ctrl_hs|  cordic_circ_apfixed<18, 3, 0>|  return value|
|ap_idle      |  out|    1|  ap_ctrl_hs|  cordic_circ_apfixed<18, 3, 0>|  return value|
|ap_ready     |  out|    1|  ap_ctrl_hs|  cordic_circ_apfixed<18, 3, 0>|  return value|
|ap_ce        |   in|    1|  ap_ctrl_hs|  cordic_circ_apfixed<18, 3, 0>|  return value|
|ap_return_0  |  out|   18|  ap_ctrl_hs|  cordic_circ_apfixed<18, 3, 0>|  return value|
|ap_return_1  |  out|   18|  ap_ctrl_hs|  cordic_circ_apfixed<18, 3, 0>|  return value|
|z_read       |   in|   17|     ap_none|                         z_read|        scalar|
+-------------+-----+-----+------------+-------------------------------+--------------+

