

================================================================
== Vitis HLS Report for 'radix4_bfly'
================================================================
* Date:           Wed Jun 25 09:29:25 2025

* Version:        2023.1 (Build 3854077 on May  4 2023)
* Project:        FFT_sol_2
* Solution:       opt4_just_pipe_all (Vivado IP Flow Target)
* Product family: zynq
* Target device:  xc7z030-sbv485-1


================================================================
== Performance Estimates
================================================================
+ Timing: 
    * Summary: 
    +--------+----------+----------+------------+
    |  Clock |  Target  | Estimated| Uncertainty|
    +--------+----------+----------+------------+
    |ap_clk  |  10.00 ns|  4.154 ns|     2.70 ns|
    +--------+----------+----------+------------+

+ Latency: 
    * Summary: 
    +---------+---------+----------+----------+-----+-----+---------+
    |  Latency (cycles) |  Latency (absolute) |  Interval | Pipeline|
    |   min   |   max   |    min   |    max   | min | max |   Type  |
    +---------+---------+----------+----------+-----+-----+---------+
    |        0|        0|      0 ns|      0 ns|    1|    1|      yes|
    +---------+---------+----------+----------+-----+-----+---------+

    + Detail: 
        * Instance: 
        N/A

        * Loop: 
        N/A



================================================================
== Utilization Estimates
================================================================
* Summary: 
+-----------------+---------+-----+--------+-------+-----+
|       Name      | BRAM_18K| DSP |   FF   |  LUT  | URAM|
+-----------------+---------+-----+--------+-------+-----+
|DSP              |        -|    -|       -|      -|    -|
|Expression       |        -|    -|       0|    368|    -|
|FIFO             |        -|    -|       -|      -|    -|
|Instance         |        -|    -|       -|      -|    -|
|Memory           |        -|    -|       -|      -|    -|
|Multiplexer      |        -|    -|       -|      -|    -|
|Register         |        -|    -|       -|      -|    -|
+-----------------+---------+-----+--------+-------+-----+
|Total            |        0|    0|       0|    368|    0|
+-----------------+---------+-----+--------+-------+-----+
|Available        |      530|  400|  157200|  78600|    0|
+-----------------+---------+-----+--------+-------+-----+
|Utilization (%)  |        0|    0|       0|     ~0|    0|
+-----------------+---------+-----+--------+-------+-----+

+ Detail: 
    * Instance: 
    N/A

    * DSP: 
    N/A

    * Memory: 
    N/A

    * FIFO: 
    N/A

    * Expression: 
    +----------------------+----------+----+---+----+------------+------------+
    |     Variable Name    | Operation| DSP| FF| LUT| Bitwidth P0| Bitwidth P1|
    +----------------------+----------+----+---+----+------------+------------+
    |add_ln34_2_fu_122_p2  |         +|   0|  0|  23|          16|          16|
    |add_ln34_fu_116_p2    |         +|   0|  0|  23|          16|          16|
    |add_ln35_fu_128_p2    |         +|   0|  0|  23|          16|          16|
    |add_ln37_fu_158_p2    |         +|   0|  0|  23|          16|          16|
    |ai0_fu_74_p2          |         +|   0|  0|  23|          16|          16|
    |ar0_fu_68_p2          |         +|   0|  0|  23|          16|          16|
    |ci0_fu_98_p2          |         +|   0|  0|  23|          16|          16|
    |cr0_fu_92_p2          |         +|   0|  0|  23|          16|          16|
    |ai1_fu_86_p2          |         -|   0|  0|  23|          16|          16|
    |ar1_fu_80_p2          |         -|   0|  0|  23|          16|          16|
    |ci1_fu_110_p2         |         -|   0|  0|  23|          16|          16|
    |cr1_fu_104_p2         |         -|   0|  0|  23|          16|          16|
    |sub_ln35_fu_134_p2    |         -|   0|  0|  23|          16|          16|
    |sub_ln36_2_fu_146_p2  |         -|   0|  0|  23|          16|          16|
    |sub_ln36_fu_140_p2    |         -|   0|  0|  23|          16|          16|
    |sub_ln37_fu_152_p2    |         -|   0|  0|  23|          16|          16|
    +----------------------+----------+----+---+----+------------+------------+
    |Total                 |          |   0|  0| 368|         256|         256|
    +----------------------+----------+----+---+----+------------+------------+

    * Multiplexer: 
    N/A

    * Register: 
    N/A



================================================================
== Interface
================================================================
* Summary: 
+-------------+-----+-----+------------+--------------+--------------+
|  RTL Ports  | Dir | Bits|  Protocol  | Source Object|    C Type    |
+-------------+-----+-----+------------+--------------+--------------+
|ap_ready     |  out|    1|  ap_ctrl_hs|   radix4_bfly|  return value|
|ap_return_0  |  out|   16|  ap_ctrl_hs|   radix4_bfly|  return value|
|ap_return_1  |  out|   16|  ap_ctrl_hs|   radix4_bfly|  return value|
|ap_return_2  |  out|   16|  ap_ctrl_hs|   radix4_bfly|  return value|
|ap_return_3  |  out|   16|  ap_ctrl_hs|   radix4_bfly|  return value|
|ap_return_4  |  out|   16|  ap_ctrl_hs|   radix4_bfly|  return value|
|ap_return_5  |  out|   16|  ap_ctrl_hs|   radix4_bfly|  return value|
|ap_return_6  |  out|   16|  ap_ctrl_hs|   radix4_bfly|  return value|
|ap_return_7  |  out|   16|  ap_ctrl_hs|   radix4_bfly|  return value|
|a_real_read  |   in|   16|     ap_none|   a_real_read|        scalar|
|a_imag_read  |   in|   16|     ap_none|   a_imag_read|        scalar|
|b_real_read  |   in|   16|     ap_none|   b_real_read|        scalar|
|b_imag_read  |   in|   16|     ap_none|   b_imag_read|        scalar|
|c_real_read  |   in|   16|     ap_none|   c_real_read|        scalar|
|c_imag_read  |   in|   16|     ap_none|   c_imag_read|        scalar|
|d_real_read  |   in|   16|     ap_none|   d_real_read|        scalar|
|d_imag_read  |   in|   16|     ap_none|   d_imag_read|        scalar|
+-------------+-----+-----+------------+--------------+--------------+

