Vivado Simulator v2023.1
Copyright 1986-2022 Xilinx, Inc. All Rights Reserved.
Copyright 2022-2023 Advanced Micro Devices, Inc. All Rights Reserved.
Running: D:/Vivado/Vivado/2023.1/bin/unwrapped/win64.o/xelab.exe xil_defaultlib.apatb_fft32_top glbl -Oenable_linking_all_libraries -prj fft32.prj -L smartconnect_v1_0 -L axi_protocol_checker_v1_1_12 -L axi_protocol_checker_v1_1_13 -L axis_protocol_checker_v1_1_11 -L axis_protocol_checker_v1_1_12 -L xil_defaultlib -L unisims_ver -L xpm -L floating_point_v7_1_15 -L floating_point_v7_0_20 --lib ieee_proposed=./ieee_proposed -s fft32 
Multi-threading is on. Using 10 slave threads.
INFO: [VRFC 10-2263] Analyzing SystemVerilog file "D:/Vivado/FFT_sol/FFT_sol_2/opt2/sim/verilog/glbl.v" into library work
INFO: [VRFC 10-311] analyzing module glbl
INFO: [VRFC 10-2263] Analyzing SystemVerilog file "D:/Vivado/FFT_sol/FFT_sol_2/opt2/sim/verilog/AESL_axi_s_in_stream.v" into library xil_defaultlib
INFO: [VRFC 10-311] analyzing module AESL_axi_s_in_stream
INFO: [VRFC 10-2263] Analyzing SystemVerilog file "D:/Vivado/FFT_sol/FFT_sol_2/opt2/sim/verilog/AESL_axi_s_out_stream.v" into library xil_defaultlib
INFO: [VRFC 10-311] analyzing module AESL_axi_s_out_stream
INFO: [VRFC 10-2263] Analyzing SystemVerilog file "D:/Vivado/FFT_sol/FFT_sol_2/opt2/sim/verilog/AESL_deadlock_idx0_monitor.v" into library xil_defaultlib
INFO: [VRFC 10-311] analyzing module AESL_deadlock_idx0_monitor
INFO: [VRFC 10-2263] Analyzing SystemVerilog file "D:/Vivado/FFT_sol/FFT_sol_2/opt2/sim/verilog/AESL_deadlock_kernel_monitor_top.v" into library xil_defaultlib
INFO: [VRFC 10-311] analyzing module AESL_deadlock_kernel_monitor_top
INFO: [VRFC 10-2263] Analyzing SystemVerilog file "D:/Vivado/FFT_sol/FFT_sol_2/opt2/sim/verilog/AESL_fifo.v" into library xil_defaultlib
INFO: [VRFC 10-311] analyzing module fifo
INFO: [VRFC 10-2263] Analyzing SystemVerilog file "D:/Vivado/FFT_sol/FFT_sol_2/opt2/sim/verilog/fft32.autotb.v" into library xil_defaultlib
INFO: [VRFC 10-311] analyzing module apatb_fft32_top
INFO: [VRFC 10-2263] Analyzing SystemVerilog file "D:/Vivado/FFT_sol/FFT_sol_2/opt2/sim/verilog/fft32.v" into library xil_defaultlib
INFO: [VRFC 10-311] analyzing module fft32
INFO: [VRFC 10-2263] Analyzing SystemVerilog file "D:/Vivado/FFT_sol/FFT_sol_2/opt2/sim/verilog/fft32_fft32_Pipeline_2.v" into library xil_defaultlib
INFO: [VRFC 10-311] analyzing module fft32_fft32_Pipeline_2
INFO: [VRFC 10-2263] Analyzing SystemVerilog file "D:/Vivado/FFT_sol/FFT_sol_2/opt2/sim/verilog/fft32_fft32_Pipeline_input_loop.v" into library xil_defaultlib
INFO: [VRFC 10-311] analyzing module fft32_fft32_Pipeline_input_loop
INFO: [VRFC 10-2263] Analyzing SystemVerilog file "D:/Vivado/FFT_sol/FFT_sol_2/opt2/sim/verilog/fft32_fft32_Pipeline_output_loop.v" into library xil_defaultlib
INFO: [VRFC 10-311] analyzing module fft32_fft32_Pipeline_output_loop
INFO: [VRFC 10-2263] Analyzing SystemVerilog file "D:/Vivado/FFT_sol/FFT_sol_2/opt2/sim/verilog/fft32_flow_control_loop_pipe_sequential_init.v" into library xil_defaultlib
INFO: [VRFC 10-311] analyzing module fft32_flow_control_loop_pipe_sequential_init
INFO: [VRFC 10-2263] Analyzing SystemVerilog file "D:/Vivado/FFT_sol/FFT_sol_2/opt2/sim/verilog/fft32_generic_sincos_16_4_Pipeline_VITIS_LOOP_87_1.v" into library xil_defaultlib
INFO: [VRFC 10-311] analyzing module fft32_generic_sincos_16_4_Pipeline_VITIS_LOOP_87_1
INFO: [VRFC 10-2263] Analyzing SystemVerilog file "D:/Vivado/FFT_sol/FFT_sol_2/opt2/sim/verilog/fft32_generic_sincos_16_4_Pipeline_VITIS_LOOP_87_1_cordic_apfixed_circ_table_arctanbkb.v" into library xil_defaultlib
INFO: [VRFC 10-311] analyzing module fft32_generic_sincos_16_4_Pipeline_VITIS_LOOP_87_1_cordic_apfixed_circ_table_arctanbkb
INFO: [VRFC 10-2263] Analyzing SystemVerilog file "D:/Vivado/FFT_sol/FFT_sol_2/opt2/sim/verilog/fft32_generic_sincos_16_4_s.v" into library xil_defaultlib
INFO: [VRFC 10-311] analyzing module fft32_generic_sincos_16_4_s
INFO: [VRFC 10-2263] Analyzing SystemVerilog file "D:/Vivado/FFT_sol/FFT_sol_2/opt2/sim/verilog/fft32_mac_muladd_16s_14s_28s_28_4_1.v" into library xil_defaultlib
INFO: [VRFC 10-311] analyzing module fft32_mac_muladd_16s_14s_28s_28_4_1_DSP48_2
INFO: [VRFC 10-311] analyzing module fft32_mac_muladd_16s_14s_28s_28_4_1
INFO: [VRFC 10-2263] Analyzing SystemVerilog file "D:/Vivado/FFT_sol/FFT_sol_2/opt2/sim/verilog/fft32_mac_muladd_2ns_16ns_18ns_18_4_1.v" into library xil_defaultlib
INFO: [VRFC 10-311] analyzing module fft32_mac_muladd_2ns_16ns_18ns_18_4_1_DSP48_0
INFO: [VRFC 10-311] analyzing module fft32_mac_muladd_2ns_16ns_18ns_18_4_1
INFO: [VRFC 10-2263] Analyzing SystemVerilog file "D:/Vivado/FFT_sol/FFT_sol_2/opt2/sim/verilog/fft32_mac_mulsub_16s_14s_28s_28_4_1.v" into library xil_defaultlib
INFO: [VRFC 10-311] analyzing module fft32_mac_mulsub_16s_14s_28s_28_4_1_DSP48_1
INFO: [VRFC 10-311] analyzing module fft32_mac_mulsub_16s_14s_28s_28_4_1
INFO: [VRFC 10-2263] Analyzing SystemVerilog file "D:/Vivado/FFT_sol/FFT_sol_2/opt2/sim/verilog/fft32_mul_14ns_22ns_35_1_1.v" into library xil_defaultlib
INFO: [VRFC 10-311] analyzing module fft32_mul_14ns_22ns_35_1_1
INFO: [VRFC 10-2263] Analyzing SystemVerilog file "D:/Vivado/FFT_sol/FFT_sol_2/opt2/sim/verilog/fft32_mul_16s_14s_28_1_1.v" into library xil_defaultlib
INFO: [VRFC 10-311] analyzing module fft32_mul_16s_14s_28_1_1
INFO: [VRFC 10-2263] Analyzing SystemVerilog file "D:/Vivado/FFT_sol/FFT_sol_2/opt2/sim/verilog/fft32_mux_2_1_16_1_1.v" into library xil_defaultlib
INFO: [VRFC 10-311] analyzing module fft32_mux_2_1_16_1_1
INFO: [VRFC 10-2263] Analyzing SystemVerilog file "D:/Vivado/FFT_sol/FFT_sol_2/opt2/sim/verilog/fft32_regslice_both.v" into library xil_defaultlib
INFO: [VRFC 10-311] analyzing module fft32_regslice_both
INFO: [VRFC 10-311] analyzing module fft32_regslice_both_w1
INFO: [VRFC 10-2263] Analyzing SystemVerilog file "D:/Vivado/FFT_sol/FFT_sol_2/opt2/sim/verilog/fft32_stage2_real_RAM_AUTO_1R1W.v" into library xil_defaultlib
INFO: [VRFC 10-311] analyzing module fft32_stage2_real_RAM_AUTO_1R1W
INFO: [VRFC 10-2263] Analyzing SystemVerilog file "D:/Vivado/FFT_sol/FFT_sol_2/opt2/sim/verilog/dataflow_monitor.sv" into library xil_defaultlib
INFO: [VRFC 10-311] analyzing module dataflow_monitor
Starting static elaboration
Pass Through NonSizing Optimizer
Completed static elaboration
Starting simulation data flow analysis
Completed simulation data flow analysis
Time Resolution for simulation is 1ps
Compiling package xil_defaultlib.$unit_dataflow_monitor_sv
Compiling module xil_defaultlib.fft32_stage2_real_RAM_AUTO_1R1W
Compiling module xil_defaultlib.fft32_flow_control_loop_pipe_seq...
Compiling module xil_defaultlib.fft32_fft32_Pipeline_input_loop
Compiling module xil_defaultlib.fft32_fft32_Pipeline_2
Compiling module xil_defaultlib.fft32_generic_sincos_16_4_Pipeli...
Compiling module xil_defaultlib.fft32_generic_sincos_16_4_Pipeli...
Compiling module xil_defaultlib.fft32_mul_14ns_22ns_35_1_1(NUM_S...
Compiling module xil_defaultlib.fft32_mac_muladd_2ns_16ns_18ns_1...
Compiling module xil_defaultlib.fft32_mac_muladd_2ns_16ns_18ns_1...
Compiling module xil_defaultlib.fft32_generic_sincos_16_4_s
Compiling module xil_defaultlib.fft32_mux_2_1_16_1_1(ID=1,din0_W...
Compiling module xil_defaultlib.fft32_fft32_Pipeline_output_loop
Compiling module xil_defaultlib.fft32_mul_16s_14s_28_1_1(NUM_STA...
Compiling module xil_defaultlib.fft32_mac_mulsub_16s_14s_28s_28_...
Compiling module xil_defaultlib.fft32_mac_mulsub_16s_14s_28s_28_...
Compiling module xil_defaultlib.fft32_mac_muladd_16s_14s_28s_28_...
Compiling module xil_defaultlib.fft32_mac_muladd_16s_14s_28s_28_...
Compiling module xil_defaultlib.fft32_regslice_both(DataWidth=48...
Compiling module xil_defaultlib.fft32
Compiling module xil_defaultlib.fifo(DEPTH=32,WIDTH=48)
Compiling module xil_defaultlib.AESL_axi_s_in_stream
Compiling module xil_defaultlib.AESL_axi_s_out_stream
Compiling module xil_defaultlib.AESL_deadlock_idx0_monitor
Compiling module xil_defaultlib.AESL_deadlock_kernel_monitor_top...
Compiling module xil_defaultlib.nodf_module_intf
Compiling module xil_defaultlib.upc_loop_intf(FSM_WIDTH=1)
Compiling module xil_defaultlib.dataflow_monitor_1
Compiling module xil_defaultlib.apatb_fft32_top
Compiling module work.glbl
Built simulation snapshot fft32
