

================================================================
== Vitis HLS Report for 'fft32_Pipeline_bit_rev_assign_loop'
================================================================
* Date:           Tue Jun 24 23:16:45 2025

* Version:        2023.1 (Build 3854077 on May  4 2023)
* Project:        FFT_sol
* Solution:       opt_1 (Vivado IP Flow Target)
* Product family: zynq
* Target device:  xc7z030-sbv485-1


================================================================
== Performance Estimates
================================================================
+ Timing: 
    * Summary: 
    +--------+----------+----------+------------+
    |  Clock |  Target  | Estimated| Uncertainty|
    +--------+----------+----------+------------+
    |ap_clk  |  10.00 ns|  4.793 ns|     2.70 ns|
    +--------+----------+----------+------------+

+ Latency: 
    * Summary: 
    +---------+---------+----------+----------+-----+-----+---------+
    |  Latency (cycles) |  Latency (absolute) |  Interval | Pipeline|
    |   min   |   max   |    min   |    max   | min | max |   Type  |
    +---------+---------+----------+----------+-----+-----+---------+
    |       34|       34|  0.340 us|  0.340 us|   34|   34|       no|
    +---------+---------+----------+----------+-----+-----+---------+

    + Detail: 
        * Instance: 
        N/A

        * Loop: 
        +-----------------------+---------+---------+----------+-----------+-----------+------+----------+
        |                       |  Latency (cycles) | Iteration|  Initiation Interval  | Trip |          |
        |       Loop Name       |   min   |   max   |  Latency |  achieved |   target  | Count| Pipelined|
        +-----------------------+---------+---------+----------+-----------+-----------+------+----------+
        |- bit_rev_assign_loop  |       32|       32|         1|          1|          1|    32|       yes|
        +-----------------------+---------+---------+----------+-----------+-----------+------+----------+



================================================================
== Utilization Estimates
================================================================
* Summary: 
+-----------------+---------+-----+--------+-------+-----+
|       Name      | BRAM_18K| DSP |   FF   |  LUT  | URAM|
+-----------------+---------+-----+--------+-------+-----+
|DSP              |        -|    -|       -|      -|    -|
|Expression       |        -|    -|       0|     28|    -|
|FIFO             |        -|    -|       -|      -|    -|
|Instance         |        -|    -|       0|    284|    -|
|Memory           |        -|    -|       -|      -|    -|
|Multiplexer      |        -|    -|       -|    603|    -|
|Register         |        -|    -|    1032|      -|    -|
+-----------------+---------+-----+--------+-------+-----+
|Total            |        0|    0|    1032|    915|    0|
+-----------------+---------+-----+--------+-------+-----+
|Available        |      530|  400|  157200|  78600|    0|
+-----------------+---------+-----+--------+-------+-----+
|Utilization (%)  |        0|    0|      ~0|      1|    0|
+-----------------+---------+-----+--------+-------+-----+

+ Detail: 
    * Instance: 
    +---------------------+-----------------+---------+----+---+-----+-----+
    |       Instance      |      Module     | BRAM_18K| DSP| FF| LUT | URAM|
    +---------------------+-----------------+---------+----+---+-----+-----+
    |mux_32_5_16_1_1_U66  |mux_32_5_16_1_1  |        0|   0|  0|  142|    0|
    |mux_32_5_16_1_1_U67  |mux_32_5_16_1_1  |        0|   0|  0|  142|    0|
    +---------------------+-----------------+---------+----+---+-----+-----+
    |Total                |                 |        0|   0|  0|  284|    0|
    +---------------------+-----------------+---------+----+---+-----+-----+

    * DSP: 
    N/A

    * Memory: 
    N/A

    * FIFO: 
    N/A

    * Expression: 
    +----------------------+----------+----+---+----+------------+------------+
    |     Variable Name    | Operation| DSP| FF| LUT| Bitwidth P0| Bitwidth P1|
    +----------------------+----------+----+---+----+------------+------------+
    |add_ln84_fu_1780_p2   |         +|   0|  0|  14|           6|           1|
    |icmp_ln84_fu_1774_p2  |      icmp|   0|  0|  14|           6|           7|
    +----------------------+----------+----+---+----+------------+------------+
    |Total                 |          |   0|  0|  28|          12|           8|
    +----------------------+----------+----+---+----+------------+------------+

    * Multiplexer: 
    +-----------------------+----+-----------+-----+-----------+
    |          Name         | LUT| Input Size| Bits| Total Bits|
    +-----------------------+----+-----------+-----+-----------+
    |ap_done_int            |   9|          2|    1|          2|
    |ap_sig_allocacmp_i     |   9|          2|    6|         12|
    |i_1_fu_354             |   9|          2|    6|         12|
    |stage0_imag_10_fu_526  |   9|          2|   16|         32|
    |stage0_imag_11_fu_530  |   9|          2|   16|         32|
    |stage0_imag_12_fu_534  |   9|          2|   16|         32|
    |stage0_imag_13_fu_538  |   9|          2|   16|         32|
    |stage0_imag_14_fu_542  |   9|          2|   16|         32|
    |stage0_imag_15_fu_546  |   9|          2|   16|         32|
    |stage0_imag_16_fu_550  |   9|          2|   16|         32|
    |stage0_imag_17_fu_554  |   9|          2|   16|         32|
    |stage0_imag_18_fu_558  |   9|          2|   16|         32|
    |stage0_imag_19_fu_562  |   9|          2|   16|         32|
    |stage0_imag_1_fu_490   |   9|          2|   16|         32|
    |stage0_imag_20_fu_566  |   9|          2|   16|         32|
    |stage0_imag_21_fu_570  |   9|          2|   16|         32|
    |stage0_imag_22_fu_574  |   9|          2|   16|         32|
    |stage0_imag_23_fu_578  |   9|          2|   16|         32|
    |stage0_imag_24_fu_582  |   9|          2|   16|         32|
    |stage0_imag_25_fu_586  |   9|          2|   16|         32|
    |stage0_imag_26_fu_590  |   9|          2|   16|         32|
    |stage0_imag_27_fu_594  |   9|          2|   16|         32|
    |stage0_imag_28_fu_598  |   9|          2|   16|         32|
    |stage0_imag_29_fu_602  |   9|          2|   16|         32|
    |stage0_imag_2_fu_494   |   9|          2|   16|         32|
    |stage0_imag_30_fu_606  |   9|          2|   16|         32|
    |stage0_imag_31_fu_610  |   9|          2|   16|         32|
    |stage0_imag_3_fu_498   |   9|          2|   16|         32|
    |stage0_imag_4_fu_502   |   9|          2|   16|         32|
    |stage0_imag_5_fu_506   |   9|          2|   16|         32|
    |stage0_imag_6_fu_510   |   9|          2|   16|         32|
    |stage0_imag_7_fu_514   |   9|          2|   16|         32|
    |stage0_imag_8_fu_518   |   9|          2|   16|         32|
    |stage0_imag_9_fu_522   |   9|          2|   16|         32|
    |stage0_imag_fu_486     |   9|          2|   16|         32|
    |stage0_real_10_fu_398  |   9|          2|   16|         32|
    |stage0_real_11_fu_402  |   9|          2|   16|         32|
    |stage0_real_12_fu_406  |   9|          2|   16|         32|
    |stage0_real_13_fu_410  |   9|          2|   16|         32|
    |stage0_real_14_fu_414  |   9|          2|   16|         32|
    |stage0_real_15_fu_418  |   9|          2|   16|         32|
    |stage0_real_16_fu_422  |   9|          2|   16|         32|
    |stage0_real_17_fu_426  |   9|          2|   16|         32|
    |stage0_real_18_fu_430  |   9|          2|   16|         32|
    |stage0_real_19_fu_434  |   9|          2|   16|         32|
    |stage0_real_1_fu_362   |   9|          2|   16|         32|
    |stage0_real_20_fu_438  |   9|          2|   16|         32|
    |stage0_real_21_fu_442  |   9|          2|   16|         32|
    |stage0_real_22_fu_446  |   9|          2|   16|         32|
    |stage0_real_23_fu_450  |   9|          2|   16|         32|
    |stage0_real_24_fu_454  |   9|          2|   16|         32|
    |stage0_real_25_fu_458  |   9|          2|   16|         32|
    |stage0_real_26_fu_462  |   9|          2|   16|         32|
    |stage0_real_27_fu_466  |   9|          2|   16|         32|
    |stage0_real_28_fu_470  |   9|          2|   16|         32|
    |stage0_real_29_fu_474  |   9|          2|   16|         32|
    |stage0_real_2_fu_366   |   9|          2|   16|         32|
    |stage0_real_30_fu_478  |   9|          2|   16|         32|
    |stage0_real_31_fu_482  |   9|          2|   16|         32|
    |stage0_real_3_fu_370   |   9|          2|   16|         32|
    |stage0_real_4_fu_374   |   9|          2|   16|         32|
    |stage0_real_5_fu_378   |   9|          2|   16|         32|
    |stage0_real_6_fu_382   |   9|          2|   16|         32|
    |stage0_real_7_fu_386   |   9|          2|   16|         32|
    |stage0_real_8_fu_390   |   9|          2|   16|         32|
    |stage0_real_9_fu_394   |   9|          2|   16|         32|
    |stage0_real_fu_358     |   9|          2|   16|         32|
    +-----------------------+----+-----------+-----+-----------+
    |Total                  | 603|        134| 1037|       2074|
    +-----------------------+----+-----------+-----+-----------+

    * Register: 
    +-----------------------+----+----+-----+-----------+
    |          Name         | FF | LUT| Bits| Const Bits|
    +-----------------------+----+----+-----+-----------+
    |ap_CS_fsm              |   1|   0|    1|          0|
    |ap_done_reg            |   1|   0|    1|          0|
    |i_1_fu_354             |   6|   0|    6|          0|
    |stage0_imag_10_fu_526  |  16|   0|   16|          0|
    |stage0_imag_11_fu_530  |  16|   0|   16|          0|
    |stage0_imag_12_fu_534  |  16|   0|   16|          0|
    |stage0_imag_13_fu_538  |  16|   0|   16|          0|
    |stage0_imag_14_fu_542  |  16|   0|   16|          0|
    |stage0_imag_15_fu_546  |  16|   0|   16|          0|
    |stage0_imag_16_fu_550  |  16|   0|   16|          0|
    |stage0_imag_17_fu_554  |  16|   0|   16|          0|
    |stage0_imag_18_fu_558  |  16|   0|   16|          0|
    |stage0_imag_19_fu_562  |  16|   0|   16|          0|
    |stage0_imag_1_fu_490   |  16|   0|   16|          0|
    |stage0_imag_20_fu_566  |  16|   0|   16|          0|
    |stage0_imag_21_fu_570  |  16|   0|   16|          0|
    |stage0_imag_22_fu_574  |  16|   0|   16|          0|
    |stage0_imag_23_fu_578  |  16|   0|   16|          0|
    |stage0_imag_24_fu_582  |  16|   0|   16|          0|
    |stage0_imag_25_fu_586  |  16|   0|   16|          0|
    |stage0_imag_26_fu_590  |  16|   0|   16|          0|
    |stage0_imag_27_fu_594  |  16|   0|   16|          0|
    |stage0_imag_28_fu_598  |  16|   0|   16|          0|
    |stage0_imag_29_fu_602  |  16|   0|   16|          0|
    |stage0_imag_2_fu_494   |  16|   0|   16|          0|
    |stage0_imag_30_fu_606  |  16|   0|   16|          0|
    |stage0_imag_31_fu_610  |  16|   0|   16|          0|
    |stage0_imag_3_fu_498   |  16|   0|   16|          0|
    |stage0_imag_4_fu_502   |  16|   0|   16|          0|
    |stage0_imag_5_fu_506   |  16|   0|   16|          0|
    |stage0_imag_6_fu_510   |  16|   0|   16|          0|
    |stage0_imag_7_fu_514   |  16|   0|   16|          0|
    |stage0_imag_8_fu_518   |  16|   0|   16|          0|
    |stage0_imag_9_fu_522   |  16|   0|   16|          0|
    |stage0_imag_fu_486     |  16|   0|   16|          0|
    |stage0_real_10_fu_398  |  16|   0|   16|          0|
    |stage0_real_11_fu_402  |  16|   0|   16|          0|
    |stage0_real_12_fu_406  |  16|   0|   16|          0|
    |stage0_real_13_fu_410  |  16|   0|   16|          0|
    |stage0_real_14_fu_414  |  16|   0|   16|          0|
    |stage0_real_15_fu_418  |  16|   0|   16|          0|
    |stage0_real_16_fu_422  |  16|   0|   16|          0|
    |stage0_real_17_fu_426  |  16|   0|   16|          0|
    |stage0_real_18_fu_430  |  16|   0|   16|          0|
    |stage0_real_19_fu_434  |  16|   0|   16|          0|
    |stage0_real_1_fu_362   |  16|   0|   16|          0|
    |stage0_real_20_fu_438  |  16|   0|   16|          0|
    |stage0_real_21_fu_442  |  16|   0|   16|          0|
    |stage0_real_22_fu_446  |  16|   0|   16|          0|
    |stage0_real_23_fu_450  |  16|   0|   16|          0|
    |stage0_real_24_fu_454  |  16|   0|   16|          0|
    |stage0_real_25_fu_458  |  16|   0|   16|          0|
    |stage0_real_26_fu_462  |  16|   0|   16|          0|
    |stage0_real_27_fu_466  |  16|   0|   16|          0|
    |stage0_real_28_fu_470  |  16|   0|   16|          0|
    |stage0_real_29_fu_474  |  16|   0|   16|          0|
    |stage0_real_2_fu_366   |  16|   0|   16|          0|
    |stage0_real_30_fu_478  |  16|   0|   16|          0|
    |stage0_real_31_fu_482  |  16|   0|   16|          0|
    |stage0_real_3_fu_370   |  16|   0|   16|          0|
    |stage0_real_4_fu_374   |  16|   0|   16|          0|
    |stage0_real_5_fu_378   |  16|   0|   16|          0|
    |stage0_real_6_fu_382   |  16|   0|   16|          0|
    |stage0_real_7_fu_386   |  16|   0|   16|          0|
    |stage0_real_8_fu_390   |  16|   0|   16|          0|
    |stage0_real_9_fu_394   |  16|   0|   16|          0|
    |stage0_real_fu_358     |  16|   0|   16|          0|
    +-----------------------+----+----+-----+-----------+
    |Total                  |1032|   0| 1032|          0|
    +-----------------------+----+----+-----+-----------+



================================================================
== Interface
================================================================
* Summary: 
+---------------------------+-----+-----+------------+------------------------------------+--------------+
|         RTL Ports         | Dir | Bits|  Protocol  |            Source Object           |    C Type    |
+---------------------------+-----+-----+------------+------------------------------------+--------------+
|ap_clk                     |   in|    1|  ap_ctrl_hs|  fft32_Pipeline_bit_rev_assign_loop|  return value|
|ap_rst                     |   in|    1|  ap_ctrl_hs|  fft32_Pipeline_bit_rev_assign_loop|  return value|
|ap_start                   |   in|    1|  ap_ctrl_hs|  fft32_Pipeline_bit_rev_assign_loop|  return value|
|ap_done                    |  out|    1|  ap_ctrl_hs|  fft32_Pipeline_bit_rev_assign_loop|  return value|
|ap_idle                    |  out|    1|  ap_ctrl_hs|  fft32_Pipeline_bit_rev_assign_loop|  return value|
|ap_ready                   |  out|    1|  ap_ctrl_hs|  fft32_Pipeline_bit_rev_assign_loop|  return value|
|data_real_reload           |   in|   16|     ap_none|                    data_real_reload|        scalar|
|data_real_1_reload         |   in|   16|     ap_none|                  data_real_1_reload|        scalar|
|data_real_2_reload         |   in|   16|     ap_none|                  data_real_2_reload|        scalar|
|data_real_3_reload         |   in|   16|     ap_none|                  data_real_3_reload|        scalar|
|data_real_4_reload         |   in|   16|     ap_none|                  data_real_4_reload|        scalar|
|data_real_5_reload         |   in|   16|     ap_none|                  data_real_5_reload|        scalar|
|data_real_6_reload         |   in|   16|     ap_none|                  data_real_6_reload|        scalar|
|data_real_7_reload         |   in|   16|     ap_none|                  data_real_7_reload|        scalar|
|data_real_8_reload         |   in|   16|     ap_none|                  data_real_8_reload|        scalar|
|data_real_9_reload         |   in|   16|     ap_none|                  data_real_9_reload|        scalar|
|data_real_10_reload        |   in|   16|     ap_none|                 data_real_10_reload|        scalar|
|data_real_11_reload        |   in|   16|     ap_none|                 data_real_11_reload|        scalar|
|data_real_12_reload        |   in|   16|     ap_none|                 data_real_12_reload|        scalar|
|data_real_13_reload        |   in|   16|     ap_none|                 data_real_13_reload|        scalar|
|data_real_14_reload        |   in|   16|     ap_none|                 data_real_14_reload|        scalar|
|data_real_15_reload        |   in|   16|     ap_none|                 data_real_15_reload|        scalar|
|data_real_16_reload        |   in|   16|     ap_none|                 data_real_16_reload|        scalar|
|data_real_17_reload        |   in|   16|     ap_none|                 data_real_17_reload|        scalar|
|data_real_18_reload        |   in|   16|     ap_none|                 data_real_18_reload|        scalar|
|data_real_19_reload        |   in|   16|     ap_none|                 data_real_19_reload|        scalar|
|data_real_20_reload        |   in|   16|     ap_none|                 data_real_20_reload|        scalar|
|data_real_21_reload        |   in|   16|     ap_none|                 data_real_21_reload|        scalar|
|data_real_22_reload        |   in|   16|     ap_none|                 data_real_22_reload|        scalar|
|data_real_23_reload        |   in|   16|     ap_none|                 data_real_23_reload|        scalar|
|data_real_24_reload        |   in|   16|     ap_none|                 data_real_24_reload|        scalar|
|data_real_25_reload        |   in|   16|     ap_none|                 data_real_25_reload|        scalar|
|data_real_26_reload        |   in|   16|     ap_none|                 data_real_26_reload|        scalar|
|data_real_27_reload        |   in|   16|     ap_none|                 data_real_27_reload|        scalar|
|data_real_28_reload        |   in|   16|     ap_none|                 data_real_28_reload|        scalar|
|data_real_29_reload        |   in|   16|     ap_none|                 data_real_29_reload|        scalar|
|data_real_30_reload        |   in|   16|     ap_none|                 data_real_30_reload|        scalar|
|data_real_31_reload        |   in|   16|     ap_none|                 data_real_31_reload|        scalar|
|data_imag_reload           |   in|   16|     ap_none|                    data_imag_reload|        scalar|
|data_imag_1_reload         |   in|   16|     ap_none|                  data_imag_1_reload|        scalar|
|data_imag_2_reload         |   in|   16|     ap_none|                  data_imag_2_reload|        scalar|
|data_imag_3_reload         |   in|   16|     ap_none|                  data_imag_3_reload|        scalar|
|data_imag_4_reload         |   in|   16|     ap_none|                  data_imag_4_reload|        scalar|
|data_imag_5_reload         |   in|   16|     ap_none|                  data_imag_5_reload|        scalar|
|data_imag_6_reload         |   in|   16|     ap_none|                  data_imag_6_reload|        scalar|
|data_imag_7_reload         |   in|   16|     ap_none|                  data_imag_7_reload|        scalar|
|data_imag_8_reload         |   in|   16|     ap_none|                  data_imag_8_reload|        scalar|
|data_imag_9_reload         |   in|   16|     ap_none|                  data_imag_9_reload|        scalar|
|data_imag_10_reload        |   in|   16|     ap_none|                 data_imag_10_reload|        scalar|
|data_imag_11_reload        |   in|   16|     ap_none|                 data_imag_11_reload|        scalar|
|data_imag_12_reload        |   in|   16|     ap_none|                 data_imag_12_reload|        scalar|
|data_imag_13_reload        |   in|   16|     ap_none|                 data_imag_13_reload|        scalar|
|data_imag_14_reload        |   in|   16|     ap_none|                 data_imag_14_reload|        scalar|
|data_imag_15_reload        |   in|   16|     ap_none|                 data_imag_15_reload|        scalar|
|data_imag_16_reload        |   in|   16|     ap_none|                 data_imag_16_reload|        scalar|
|data_imag_17_reload        |   in|   16|     ap_none|                 data_imag_17_reload|        scalar|
|data_imag_18_reload        |   in|   16|     ap_none|                 data_imag_18_reload|        scalar|
|data_imag_19_reload        |   in|   16|     ap_none|                 data_imag_19_reload|        scalar|
|data_imag_20_reload        |   in|   16|     ap_none|                 data_imag_20_reload|        scalar|
|data_imag_21_reload        |   in|   16|     ap_none|                 data_imag_21_reload|        scalar|
|data_imag_22_reload        |   in|   16|     ap_none|                 data_imag_22_reload|        scalar|
|data_imag_23_reload        |   in|   16|     ap_none|                 data_imag_23_reload|        scalar|
|data_imag_24_reload        |   in|   16|     ap_none|                 data_imag_24_reload|        scalar|
|data_imag_25_reload        |   in|   16|     ap_none|                 data_imag_25_reload|        scalar|
|data_imag_26_reload        |   in|   16|     ap_none|                 data_imag_26_reload|        scalar|
|data_imag_27_reload        |   in|   16|     ap_none|                 data_imag_27_reload|        scalar|
|data_imag_28_reload        |   in|   16|     ap_none|                 data_imag_28_reload|        scalar|
|data_imag_29_reload        |   in|   16|     ap_none|                 data_imag_29_reload|        scalar|
|data_imag_30_reload        |   in|   16|     ap_none|                 data_imag_30_reload|        scalar|
|data_imag_31_reload        |   in|   16|     ap_none|                 data_imag_31_reload|        scalar|
|stage0_imag_31_out         |  out|   16|      ap_vld|                  stage0_imag_31_out|       pointer|
|stage0_imag_31_out_ap_vld  |  out|    1|      ap_vld|                  stage0_imag_31_out|       pointer|
|stage0_imag_30_out         |  out|   16|      ap_vld|                  stage0_imag_30_out|       pointer|
|stage0_imag_30_out_ap_vld  |  out|    1|      ap_vld|                  stage0_imag_30_out|       pointer|
|stage0_imag_29_out         |  out|   16|      ap_vld|                  stage0_imag_29_out|       pointer|
|stage0_imag_29_out_ap_vld  |  out|    1|      ap_vld|                  stage0_imag_29_out|       pointer|
|stage0_imag_28_out         |  out|   16|      ap_vld|                  stage0_imag_28_out|       pointer|
|stage0_imag_28_out_ap_vld  |  out|    1|      ap_vld|                  stage0_imag_28_out|       pointer|
|stage0_imag_27_out         |  out|   16|      ap_vld|                  stage0_imag_27_out|       pointer|
|stage0_imag_27_out_ap_vld  |  out|    1|      ap_vld|                  stage0_imag_27_out|       pointer|
|stage0_imag_26_out         |  out|   16|      ap_vld|                  stage0_imag_26_out|       pointer|
|stage0_imag_26_out_ap_vld  |  out|    1|      ap_vld|                  stage0_imag_26_out|       pointer|
|stage0_imag_25_out         |  out|   16|      ap_vld|                  stage0_imag_25_out|       pointer|
|stage0_imag_25_out_ap_vld  |  out|    1|      ap_vld|                  stage0_imag_25_out|       pointer|
|stage0_imag_24_out         |  out|   16|      ap_vld|                  stage0_imag_24_out|       pointer|
|stage0_imag_24_out_ap_vld  |  out|    1|      ap_vld|                  stage0_imag_24_out|       pointer|
|stage0_imag_23_out         |  out|   16|      ap_vld|                  stage0_imag_23_out|       pointer|
|stage0_imag_23_out_ap_vld  |  out|    1|      ap_vld|                  stage0_imag_23_out|       pointer|
|stage0_imag_22_out         |  out|   16|      ap_vld|                  stage0_imag_22_out|       pointer|
|stage0_imag_22_out_ap_vld  |  out|    1|      ap_vld|                  stage0_imag_22_out|       pointer|
|stage0_imag_21_out         |  out|   16|      ap_vld|                  stage0_imag_21_out|       pointer|
|stage0_imag_21_out_ap_vld  |  out|    1|      ap_vld|                  stage0_imag_21_out|       pointer|
|stage0_imag_20_out         |  out|   16|      ap_vld|                  stage0_imag_20_out|       pointer|
|stage0_imag_20_out_ap_vld  |  out|    1|      ap_vld|                  stage0_imag_20_out|       pointer|
|stage0_imag_19_out         |  out|   16|      ap_vld|                  stage0_imag_19_out|       pointer|
|stage0_imag_19_out_ap_vld  |  out|    1|      ap_vld|                  stage0_imag_19_out|       pointer|
|stage0_imag_18_out         |  out|   16|      ap_vld|                  stage0_imag_18_out|       pointer|
|stage0_imag_18_out_ap_vld  |  out|    1|      ap_vld|                  stage0_imag_18_out|       pointer|
|stage0_imag_17_out         |  out|   16|      ap_vld|                  stage0_imag_17_out|       pointer|
|stage0_imag_17_out_ap_vld  |  out|    1|      ap_vld|                  stage0_imag_17_out|       pointer|
|stage0_imag_16_out         |  out|   16|      ap_vld|                  stage0_imag_16_out|       pointer|
|stage0_imag_16_out_ap_vld  |  out|    1|      ap_vld|                  stage0_imag_16_out|       pointer|
|stage0_imag_15_out         |  out|   16|      ap_vld|                  stage0_imag_15_out|       pointer|
|stage0_imag_15_out_ap_vld  |  out|    1|      ap_vld|                  stage0_imag_15_out|       pointer|
|stage0_imag_14_out         |  out|   16|      ap_vld|                  stage0_imag_14_out|       pointer|
|stage0_imag_14_out_ap_vld  |  out|    1|      ap_vld|                  stage0_imag_14_out|       pointer|
|stage0_imag_13_out         |  out|   16|      ap_vld|                  stage0_imag_13_out|       pointer|
|stage0_imag_13_out_ap_vld  |  out|    1|      ap_vld|                  stage0_imag_13_out|       pointer|
|stage0_imag_12_out         |  out|   16|      ap_vld|                  stage0_imag_12_out|       pointer|
|stage0_imag_12_out_ap_vld  |  out|    1|      ap_vld|                  stage0_imag_12_out|       pointer|
|stage0_imag_11_out         |  out|   16|      ap_vld|                  stage0_imag_11_out|       pointer|
|stage0_imag_11_out_ap_vld  |  out|    1|      ap_vld|                  stage0_imag_11_out|       pointer|
|stage0_imag_10_out         |  out|   16|      ap_vld|                  stage0_imag_10_out|       pointer|
|stage0_imag_10_out_ap_vld  |  out|    1|      ap_vld|                  stage0_imag_10_out|       pointer|
|stage0_imag_9_out          |  out|   16|      ap_vld|                   stage0_imag_9_out|       pointer|
|stage0_imag_9_out_ap_vld   |  out|    1|      ap_vld|                   stage0_imag_9_out|       pointer|
|stage0_imag_8_out          |  out|   16|      ap_vld|                   stage0_imag_8_out|       pointer|
|stage0_imag_8_out_ap_vld   |  out|    1|      ap_vld|                   stage0_imag_8_out|       pointer|
|stage0_imag_7_out          |  out|   16|      ap_vld|                   stage0_imag_7_out|       pointer|
|stage0_imag_7_out_ap_vld   |  out|    1|      ap_vld|                   stage0_imag_7_out|       pointer|
|stage0_imag_6_out          |  out|   16|      ap_vld|                   stage0_imag_6_out|       pointer|
|stage0_imag_6_out_ap_vld   |  out|    1|      ap_vld|                   stage0_imag_6_out|       pointer|
|stage0_imag_5_out          |  out|   16|      ap_vld|                   stage0_imag_5_out|       pointer|
|stage0_imag_5_out_ap_vld   |  out|    1|      ap_vld|                   stage0_imag_5_out|       pointer|
|stage0_imag_4_out          |  out|   16|      ap_vld|                   stage0_imag_4_out|       pointer|
|stage0_imag_4_out_ap_vld   |  out|    1|      ap_vld|                   stage0_imag_4_out|       pointer|
|stage0_imag_3_out          |  out|   16|      ap_vld|                   stage0_imag_3_out|       pointer|
|stage0_imag_3_out_ap_vld   |  out|    1|      ap_vld|                   stage0_imag_3_out|       pointer|
|stage0_imag_2_out          |  out|   16|      ap_vld|                   stage0_imag_2_out|       pointer|
|stage0_imag_2_out_ap_vld   |  out|    1|      ap_vld|                   stage0_imag_2_out|       pointer|
|stage0_imag_1_out          |  out|   16|      ap_vld|                   stage0_imag_1_out|       pointer|
|stage0_imag_1_out_ap_vld   |  out|    1|      ap_vld|                   stage0_imag_1_out|       pointer|
|stage0_imag_out            |  out|   16|      ap_vld|                     stage0_imag_out|       pointer|
|stage0_imag_out_ap_vld     |  out|    1|      ap_vld|                     stage0_imag_out|       pointer|
|stage0_real_31_out         |  out|   16|      ap_vld|                  stage0_real_31_out|       pointer|
|stage0_real_31_out_ap_vld  |  out|    1|      ap_vld|                  stage0_real_31_out|       pointer|
|stage0_real_30_out         |  out|   16|      ap_vld|                  stage0_real_30_out|       pointer|
|stage0_real_30_out_ap_vld  |  out|    1|      ap_vld|                  stage0_real_30_out|       pointer|
|stage0_real_29_out         |  out|   16|      ap_vld|                  stage0_real_29_out|       pointer|
|stage0_real_29_out_ap_vld  |  out|    1|      ap_vld|                  stage0_real_29_out|       pointer|
|stage0_real_28_out         |  out|   16|      ap_vld|                  stage0_real_28_out|       pointer|
|stage0_real_28_out_ap_vld  |  out|    1|      ap_vld|                  stage0_real_28_out|       pointer|
|stage0_real_27_out         |  out|   16|      ap_vld|                  stage0_real_27_out|       pointer|
|stage0_real_27_out_ap_vld  |  out|    1|      ap_vld|                  stage0_real_27_out|       pointer|
|stage0_real_26_out         |  out|   16|      ap_vld|                  stage0_real_26_out|       pointer|
|stage0_real_26_out_ap_vld  |  out|    1|      ap_vld|                  stage0_real_26_out|       pointer|
|stage0_real_25_out         |  out|   16|      ap_vld|                  stage0_real_25_out|       pointer|
|stage0_real_25_out_ap_vld  |  out|    1|      ap_vld|                  stage0_real_25_out|       pointer|
|stage0_real_24_out         |  out|   16|      ap_vld|                  stage0_real_24_out|       pointer|
|stage0_real_24_out_ap_vld  |  out|    1|      ap_vld|                  stage0_real_24_out|       pointer|
|stage0_real_23_out         |  out|   16|      ap_vld|                  stage0_real_23_out|       pointer|
|stage0_real_23_out_ap_vld  |  out|    1|      ap_vld|                  stage0_real_23_out|       pointer|
|stage0_real_22_out         |  out|   16|      ap_vld|                  stage0_real_22_out|       pointer|
|stage0_real_22_out_ap_vld  |  out|    1|      ap_vld|                  stage0_real_22_out|       pointer|
|stage0_real_21_out         |  out|   16|      ap_vld|                  stage0_real_21_out|       pointer|
|stage0_real_21_out_ap_vld  |  out|    1|      ap_vld|                  stage0_real_21_out|       pointer|
|stage0_real_20_out         |  out|   16|      ap_vld|                  stage0_real_20_out|       pointer|
|stage0_real_20_out_ap_vld  |  out|    1|      ap_vld|                  stage0_real_20_out|       pointer|
|stage0_real_19_out         |  out|   16|      ap_vld|                  stage0_real_19_out|       pointer|
|stage0_real_19_out_ap_vld  |  out|    1|      ap_vld|                  stage0_real_19_out|       pointer|
|stage0_real_18_out         |  out|   16|      ap_vld|                  stage0_real_18_out|       pointer|
|stage0_real_18_out_ap_vld  |  out|    1|      ap_vld|                  stage0_real_18_out|       pointer|
|stage0_real_17_out         |  out|   16|      ap_vld|                  stage0_real_17_out|       pointer|
|stage0_real_17_out_ap_vld  |  out|    1|      ap_vld|                  stage0_real_17_out|       pointer|
|stage0_real_16_out         |  out|   16|      ap_vld|                  stage0_real_16_out|       pointer|
|stage0_real_16_out_ap_vld  |  out|    1|      ap_vld|                  stage0_real_16_out|       pointer|
|stage0_real_15_out         |  out|   16|      ap_vld|                  stage0_real_15_out|       pointer|
|stage0_real_15_out_ap_vld  |  out|    1|      ap_vld|                  stage0_real_15_out|       pointer|
|stage0_real_14_out         |  out|   16|      ap_vld|                  stage0_real_14_out|       pointer|
|stage0_real_14_out_ap_vld  |  out|    1|      ap_vld|                  stage0_real_14_out|       pointer|
|stage0_real_13_out         |  out|   16|      ap_vld|                  stage0_real_13_out|       pointer|
|stage0_real_13_out_ap_vld  |  out|    1|      ap_vld|                  stage0_real_13_out|       pointer|
|stage0_real_12_out         |  out|   16|      ap_vld|                  stage0_real_12_out|       pointer|
|stage0_real_12_out_ap_vld  |  out|    1|      ap_vld|                  stage0_real_12_out|       pointer|
|stage0_real_11_out         |  out|   16|      ap_vld|                  stage0_real_11_out|       pointer|
|stage0_real_11_out_ap_vld  |  out|    1|      ap_vld|                  stage0_real_11_out|       pointer|
|stage0_real_10_out         |  out|   16|      ap_vld|                  stage0_real_10_out|       pointer|
|stage0_real_10_out_ap_vld  |  out|    1|      ap_vld|                  stage0_real_10_out|       pointer|
|stage0_real_9_out          |  out|   16|      ap_vld|                   stage0_real_9_out|       pointer|
|stage0_real_9_out_ap_vld   |  out|    1|      ap_vld|                   stage0_real_9_out|       pointer|
|stage0_real_8_out          |  out|   16|      ap_vld|                   stage0_real_8_out|       pointer|
|stage0_real_8_out_ap_vld   |  out|    1|      ap_vld|                   stage0_real_8_out|       pointer|
|stage0_real_7_out          |  out|   16|      ap_vld|                   stage0_real_7_out|       pointer|
|stage0_real_7_out_ap_vld   |  out|    1|      ap_vld|                   stage0_real_7_out|       pointer|
|stage0_real_6_out          |  out|   16|      ap_vld|                   stage0_real_6_out|       pointer|
|stage0_real_6_out_ap_vld   |  out|    1|      ap_vld|                   stage0_real_6_out|       pointer|
|stage0_real_5_out          |  out|   16|      ap_vld|                   stage0_real_5_out|       pointer|
|stage0_real_5_out_ap_vld   |  out|    1|      ap_vld|                   stage0_real_5_out|       pointer|
|stage0_real_4_out          |  out|   16|      ap_vld|                   stage0_real_4_out|       pointer|
|stage0_real_4_out_ap_vld   |  out|    1|      ap_vld|                   stage0_real_4_out|       pointer|
|stage0_real_3_out          |  out|   16|      ap_vld|                   stage0_real_3_out|       pointer|
|stage0_real_3_out_ap_vld   |  out|    1|      ap_vld|                   stage0_real_3_out|       pointer|
|stage0_real_2_out          |  out|   16|      ap_vld|                   stage0_real_2_out|       pointer|
|stage0_real_2_out_ap_vld   |  out|    1|      ap_vld|                   stage0_real_2_out|       pointer|
|stage0_real_1_out          |  out|   16|      ap_vld|                   stage0_real_1_out|       pointer|
|stage0_real_1_out_ap_vld   |  out|    1|      ap_vld|                   stage0_real_1_out|       pointer|
|stage0_real_out            |  out|   16|      ap_vld|                     stage0_real_out|       pointer|
|stage0_real_out_ap_vld     |  out|    1|      ap_vld|                     stage0_real_out|       pointer|
+---------------------------+-----+-----+------------+------------------------------------+--------------+

