==============================================================
Vitis HLS - High-Level Synthesis from C, C++ and OpenCL v2023.1 (64-bit)
Tool Version Limit: 2023.05
Copyright 1986-2022 Xilinx, Inc. All Rights Reserved.
Copyright 2022-2023 Advanced Micro Devices, Inc. All Rights Reserved.

==============================================================
INFO: [SYN 201-201] Setting up clock 'default' with a period of 10ns.
INFO: [HLS 200-1611] Setting target device to 'xc7z030-sbv485-1'
INFO: [HLS 200-1505] Using flow_target 'vivado'
INFO: [HLS 200-1464] Running solution command: config_cosim -tool=xsim
INFO: [HLS 200-1510] Running: set_part xc7z030sbv485-1 
INFO: [HLS 200-1510] Running: create_clock -period 10 -name default 
INFO: [HLS 200-1510] Running: config_cosim -tool xsim 
INFO: [HLS 200-1510] Running: source ./FFT_sol_2/opt3_overall_pipeline/directives.tcl
INFO: [HLS 200-1510] Running: set_directive_top -name fft32 fft32 
INFO: [HLS 200-1510] Running: set_directive_inline cmul 
INFO: [HLS 200-1510] Running: set_directive_inline radix4_bfly 
INFO: [HLS 200-1510] Running: set_directive_inline radix2_bfly 
INFO: [HLS 200-1510] Running: set_directive_inline bit_reverse 
INFO: [HLS 200-1510] Running: set_directive_interface -mode ap_ctrl_none fft32 
INFO: [HLS 200-1510] Running: set_directive_interface -mode axis -register_mode both -register fft32 in_stream 
INFO: [HLS 200-1510] Running: set_directive_interface -mode axis -register_mode both -register fft32 out_stream 
INFO: [HLS 200-1510] Running: set_directive_array_partition -type complete -dim 1 fft32 data 
INFO: [HLS 200-1510] Running: set_directive_array_partition -type cyclic -factor 4 fft32 stage0 
INFO: [HLS 200-1510] Running: set_directive_array_partition -type block -factor 8 fft32 stage1 
INFO: [HLS 200-1510] Running: set_directive_array_partition -type cyclic -factor 2 fft32 stage2 
INFO: [HLS 200-1510] Running: set_directive_unroll fft32/bit_rev_assign_loop 
INFO: [HLS 200-1510] Running: set_directive_unroll fft32/stage1_loop 
INFO: [HLS 200-1510] Running: set_directive_unroll fft32/stage2_loop 
INFO: [HLS 200-1510] Running: set_directive_array_partition -type complete -dim 1 fft32/stage2_loop w 
INFO: [HLS 200-1510] Running: set_directive_unroll fft32/twiddle_loop 
INFO: [HLS 200-1510] Running: set_directive_unroll fft32/stage3_loop 
INFO: [HLS 200-1510] Running: set_directive_pipeline -II 1 fft32/output_loop 
INFO: [HLS 200-1510] Running: set_directive_pipeline -II 1 fft32/input_loop 
INFO: [HLS 200-1510] Running: set_directive_pipeline -II 32 fft32 
INFO: [HLS 200-1510] Running: csynth_design 
INFO: [HLS 200-111] Finished File checks and directory preparation: CPU user time: 0 seconds. CPU system time: 0 seconds. Elapsed time: 0.133 seconds; current allocated memory: 106.773 MB.
INFO: [HLS 200-10] Analyzing design file 'FFT32_check.cpp' ... 
INFO: [HLS 200-111] Finished Source Code Analysis and Preprocessing: CPU user time: 1 seconds. CPU system time: 0 seconds. Elapsed time: 27.834 seconds; current allocated memory: 113.379 MB.
INFO: [HLS 200-777] Using interface defaults for 'Vivado' flow target.
INFO: [HLS 214-131] Inlining function 'cmul(complex_t const&, complex_t const&)' into 'radix2_bfly(complex_t&, complex_t&, complex_t const&)' (FFT32_check.cpp:43:19)
INFO: [HLS 214-131] Inlining function 'radix2_bfly(complex_t&, complex_t&, complex_t const&)' into 'fft32(hls::stream<axis_data, 0>&, hls::stream<axis_data, 0>&)' (FFT32_check.cpp:151:9)
INFO: [HLS 214-131] Inlining function 'bit_reverse(unsigned int, int)' into 'fft32(hls::stream<axis_data, 0>&, hls::stream<axis_data, 0>&)' (FFT32_check.cpp:86:26)
INFO: [HLS 214-131] Inlining function 'radix4_bfly(complex_t&, complex_t&, complex_t&, complex_t&)' into 'fft32(hls::stream<axis_data, 0>&, hls::stream<axis_data, 0>&)' (FFT32_check.cpp:133:9)
INFO: [HLS 214-131] Inlining function 'cmul(complex_t const&, complex_t const&)' into 'fft32(hls::stream<axis_data, 0>&, hls::stream<axis_data, 0>&)' (FFT32_check.cpp:132:23)
INFO: [HLS 214-131] Inlining function 'radix4_bfly(complex_t&, complex_t&, complex_t&, complex_t&)' into 'fft32(hls::stream<axis_data, 0>&, hls::stream<axis_data, 0>&)' (FFT32_check.cpp:97:9)
INFO: [HLS 214-131] Inlining function 'cmul(complex_t const&, complex_t const&)' into 'fft32(hls::stream<axis_data, 0>&, hls::stream<axis_data, 0>&)' (FFT32_check.cpp:131:23)
INFO: [HLS 214-131] Inlining function 'cmul(complex_t const&, complex_t const&)' into 'fft32(hls::stream<axis_data, 0>&, hls::stream<axis_data, 0>&)' (FFT32_check.cpp:130:23)
INFO: [HLS 214-291] Loop 'output_loop' is marked as complete unroll implied by the pipeline pragma (FFT32_check.cpp:157:5)
INFO: [HLS 214-291] Loop 'stage3_loop' is marked as complete unroll implied by the pipeline pragma (FFT32_check.cpp:145:5)
INFO: [HLS 214-291] Loop 'stage2_loop' is marked as complete unroll implied by the pipeline pragma (FFT32_check.cpp:110:5)
INFO: [HLS 214-291] Loop 'anonymous' is marked as complete unroll implied by the pipeline pragma (FFT32_check.cpp:117:19)
INFO: [HLS 214-291] Loop 'twiddle_loop' is marked as complete unroll implied by the pipeline pragma (FFT32_check.cpp:122:9)
INFO: [HLS 214-291] Loop 'anonymous' is marked as complete unroll implied by the pipeline pragma (FFT32_check.cpp:106:15)
INFO: [HLS 214-291] Loop 'stage1_loop' is marked as complete unroll implied by the pipeline pragma (FFT32_check.cpp:94:5)
INFO: [HLS 214-291] Loop 'anonymous' is marked as complete unroll implied by the pipeline pragma (FFT32_check.cpp:90:15)
INFO: [HLS 214-291] Loop 'bit_rev_assign_loop' is marked as complete unroll implied by the pipeline pragma (FFT32_check.cpp:84:5)
INFO: [HLS 214-291] Loop 'VITIS_LOOP_55_1' is marked as complete unroll implied by the pipeline pragma (FFT32_check.cpp:55:22)
INFO: [HLS 214-291] Loop 'anonymous' is marked as complete unroll implied by the pipeline pragma (FFT32_check.cpp:81:15)
INFO: [HLS 214-291] Loop 'input_loop' is marked as complete unroll implied by the pipeline pragma (FFT32_check.cpp:73:5)
INFO: [HLS 214-291] Loop 'anonymous' is marked as complete unroll implied by the pipeline pragma (FFT32_check.cpp:68:15)
INFO: [HLS 214-291] Loop 'VITIS_LOOP_87_1' is marked as complete unroll implied by the pipeline pragma (D:/Vivado/Vitis_HLS/2023.1/common/technology/autopilot/etc/hls_cordic_apfixed.h:87:22)
INFO: [HLS 214-186] Unrolling loop 'output_loop' (FFT32_check.cpp:157:5) in function 'fft32' completely with a factor of 32 (FFT32_check.cpp:63:0)
WARNING: [HLS 214-189] Pipeline directive for loop 'output_loop' (FFT32_check.cpp:157:5) in function 'fft32' has been removed because the loop is unrolled completely (FFT32_check.cpp:63:0)
INFO: [HLS 214-186] Unrolling loop 'stage3_loop' (FFT32_check.cpp:145:5) in function 'fft32' completely with a factor of 16 (FFT32_check.cpp:63:0)
INFO: [HLS 214-186] Unrolling loop 'stage2_loop' (FFT32_check.cpp:110:5) in function 'fft32' completely with a factor of 8 (FFT32_check.cpp:63:0)
INFO: [HLS 214-186] Unrolling loop 'twiddle_loop' (FFT32_check.cpp:122:9) in function 'fft32' completely with a factor of 3 (FFT32_check.cpp:63:0)
INFO: [HLS 214-186] Unrolling loop 'anonymous' (FFT32_check.cpp:117:19) in function 'fft32' completely with a factor of 4 (FFT32_check.cpp:63:0)
INFO: [HLS 214-186] Unrolling loop 'anonymous' (FFT32_check.cpp:106:15) in function 'fft32' completely with a factor of 32 (FFT32_check.cpp:63:0)
INFO: [HLS 214-186] Unrolling loop 'stage1_loop' (FFT32_check.cpp:94:5) in function 'fft32' completely with a factor of 8 (FFT32_check.cpp:63:0)
INFO: [HLS 214-186] Unrolling loop 'anonymous' (FFT32_check.cpp:90:15) in function 'fft32' completely with a factor of 32 (FFT32_check.cpp:63:0)
INFO: [HLS 214-186] Unrolling loop 'bit_rev_assign_loop' (FFT32_check.cpp:84:5) in function 'fft32' completely with a factor of 32 (FFT32_check.cpp:63:0)
INFO: [HLS 214-186] Unrolling loop 'VITIS_LOOP_55_1' (FFT32_check.cpp:55:22) in function 'fft32' completely with a factor of 5 (FFT32_check.cpp:63:0)
INFO: [HLS 214-186] Unrolling loop 'anonymous' (FFT32_check.cpp:81:15) in function 'fft32' completely with a factor of 32 (FFT32_check.cpp:63:0)
INFO: [HLS 214-186] Unrolling loop 'input_loop' (FFT32_check.cpp:73:5) in function 'fft32' completely with a factor of 32 (FFT32_check.cpp:63:0)
WARNING: [HLS 214-189] Pipeline directive for loop 'input_loop' (FFT32_check.cpp:73:5) in function 'fft32' has been removed because the loop is unrolled completely (FFT32_check.cpp:63:0)
INFO: [HLS 214-186] Unrolling loop 'anonymous' (FFT32_check.cpp:68:15) in function 'fft32' completely with a factor of 32 (FFT32_check.cpp:63:0)
INFO: [HLS 214-186] Unrolling loop 'VITIS_LOOP_87_1' (D:/Vivado/Vitis_HLS/2023.1/common/technology/autopilot/etc/hls_cordic_apfixed.h:87:22) in function 'cordic_apfixed::cordic_circ_apfixed<18, 3, 0>' completely with a factor of 18 (D:/Vivado/Vitis_HLS/2023.1/common/technology/autopilot/etc/hls_cordic_apfixed.h:79:0)
WARNING: [HLS 214-189] Pipeline directive for loop 'VITIS_LOOP_87_1' (D:/Vivado/Vitis_HLS/2023.1/common/technology/autopilot/etc/hls_cordic_apfixed.h:87:22) in function 'cordic_apfixed::cordic_circ_apfixed<18, 3, 0>' has been removed because the loop is unrolled completely (D:/Vivado/Vitis_HLS/2023.1/common/technology/autopilot/etc/hls_cordic_apfixed.h:79:0)
WARNING: [HLS 214-366] Duplicating function 'complex_t::complex_t(ap_fixed<16, 4, (ap_q_mode)5, (ap_o_mode)3, 0>, ap_fixed<16, 4, (ap_q_mode)5, (ap_o_mode)3, 0>)' as different function signatures were detected between this call site and other call site(s). This may impact the resources used in the design. (FFT32_check.cpp:9:15)
WARNING: [HLS 214-366] Duplicating function 'complex_t::complex_t(ap_fixed<16, 4, (ap_q_mode)5, (ap_o_mode)3, 0>, ap_fixed<16, 4, (ap_q_mode)5, (ap_o_mode)3, 0>)' as different function signatures were detected between this call site and other call site(s). This may impact the resources used in the design. (FFT32_check.cpp:148:19)
WARNING: [HLS 214-366] Duplicating function 'complex_t::complex_t(ap_fixed<16, 4, (ap_q_mode)5, (ap_o_mode)3, 0>, ap_fixed<16, 4, (ap_q_mode)5, (ap_o_mode)3, 0>)' as different function signatures were detected between this call site and other call site(s). This may impact the resources used in the design. (./FFT32.h:50:8)
INFO: [HLS 214-178] Inlining function 'complex_t::complex_t(ap_fixed<16, 4, (ap_q_mode)5, (ap_o_mode)3, 0>, ap_fixed<16, 4, (ap_q_mode)5, (ap_o_mode)3, 0>) (.106)' into 'axis_data::axis_data()' (./FFT32.h:50:0)
INFO: [HLS 214-178] Inlining function 'void cordic_apfixed::circ_range_redux<16, 4, 17>(ap_ufixed<16, 4, (ap_q_mode)5, (ap_o_mode)3, 0>, ap_uint<2>&, ap_ufixed<17, 1, (ap_q_mode)5, (ap_o_mode)3, 0>&)' into 'void cordic_apfixed::generic_sincos<16, 4>(ap_fixed<16, 4, (ap_q_mode)5, (ap_o_mode)3, 0>, ap_fixed<((16) - (4)) + (2), 2, (ap_q_mode)5, (ap_o_mode)3, 0>&, ap_fixed<((16) - (4)) + (2), 2, (ap_q_mode)5, (ap_o_mode)3, 0>&) (.55)' (D:/Vivado/Vitis_HLS/2023.1/common/technology/autopilot/etc/hls_cordic_apfixed.h:228:0)
INFO: [HLS 214-178] Inlining function 'void cordic_apfixed::generic_sincos<16, 4>(ap_fixed<16, 4, (ap_q_mode)5, (ap_o_mode)3, 0>, ap_fixed<((16) - (4)) + (2), 2, (ap_q_mode)5, (ap_o_mode)3, 0>&, ap_fixed<((16) - (4)) + (2), 2, (ap_q_mode)5, (ap_o_mode)3, 0>&) (.55)' into 'ap_fixed<((16) - (4)) + (2), 2, (ap_q_mode)5, (ap_o_mode)3, 0> hls::cos<16, 4>(ap_fixed<16, 4, (ap_q_mode)5, (ap_o_mode)3, 0>)' (D:/Vivado/Vitis_HLS/2023.1/common/technology/autopilot\hls_math.h:1953:0)
INFO: [HLS 214-178] Inlining function 'void cordic_apfixed::generic_sincos<16, 4>(ap_fixed<16, 4, (ap_q_mode)5, (ap_o_mode)3, 0>, ap_fixed<((16) - (4)) + (2), 2, (ap_q_mode)5, (ap_o_mode)3, 0>&, ap_fixed<((16) - (4)) + (2), 2, (ap_q_mode)5, (ap_o_mode)3, 0>&) (.55)' into 'ap_fixed<((16) - (4)) + (2), 2, (ap_q_mode)5, (ap_o_mode)3, 0> hls::sin<16, 4>(ap_fixed<16, 4, (ap_q_mode)5, (ap_o_mode)3, 0>)' (D:/Vivado/Vitis_HLS/2023.1/common/technology/autopilot\hls_math.h:1934:0)
INFO: [HLS 214-178] Inlining function 'complex_t::complex_t(ap_fixed<16, 4, (ap_q_mode)5, (ap_o_mode)3, 0>, ap_fixed<16, 4, (ap_q_mode)5, (ap_o_mode)3, 0>)' into 'fft32(hls::stream<axis_data, 0>&, hls::stream<axis_data, 0>&)' (FFT32_check.cpp:63:0)
INFO: [HLS 214-178] Inlining function 'axis_data::axis_data()' into 'fft32(hls::stream<axis_data, 0>&, hls::stream<axis_data, 0>&)' (FFT32_check.cpp:63:0)
WARNING: [HLS 214-253] Ignored unsupported array_partition pragma on variable 'w164.real'. This can happen when applying a pragma on a function argument with mismatched array size w.r.t. its call site, or when providing a dim too deep on an array of insufficient dimension. (D:/Vivado/FFT_sol/FFT_sol_2/opt3_overall_pipeline/directives.tcl:22:9)
WARNING: [HLS 214-253] Ignored unsupported array_partition pragma on variable 'w164.imag'. This can happen when applying a pragma on a function argument with mismatched array size w.r.t. its call site, or when providing a dim too deep on an array of insufficient dimension. (D:/Vivado/FFT_sol/FFT_sol_2/opt3_overall_pipeline/directives.tcl:22:9)
INFO: [HLS 214-248] Applying array_partition to 'stage1.real': Block partitioning with factor 8 on dimension 1. (FFT32_check.cpp:90:15)
INFO: [HLS 214-248] Applying array_partition to 'stage1.imag': Block partitioning with factor 8 on dimension 1. (FFT32_check.cpp:90:15)
INFO: [HLS 214-248] Applying array_partition to 'stage2.real': Cyclic partitioning with factor 2 on dimension 1. (FFT32_check.cpp:106:15)
INFO: [HLS 214-248] Applying array_partition to 'stage2.imag': Cyclic partitioning with factor 2 on dimension 1. (FFT32_check.cpp:106:15)
INFO: [HLS 200-111] Finished Compiling Optimization and Transform: CPU user time: 1 seconds. CPU system time: 0 seconds. Elapsed time: 7.464 seconds; current allocated memory: 115.219 MB.
INFO: [HLS 200-111] Finished Checking Pragmas: CPU user time: 0 seconds. CPU system time: 0 seconds. Elapsed time: 0.002 seconds; current allocated memory: 115.219 MB.
INFO: [HLS 200-10] Starting code transformations ...
INFO: [HLS 200-111] Finished Standard Transforms: CPU user time: 0 seconds. CPU system time: 0 seconds. Elapsed time: 0.181 seconds; current allocated memory: 124.465 MB.
INFO: [HLS 200-10] Checking synthesizability ...
INFO: [HLS 200-111] Finished Checking Synthesizability: CPU user time: 0 seconds. CPU system time: 0 seconds. Elapsed time: 0.13 seconds; current allocated memory: 128.742 MB.
INFO: [XFORM 203-102] Partitioning array 'stage1.real.1' (FFT32_check.cpp:90) automatically.
INFO: [XFORM 203-102] Partitioning array 'stage1.real.2' (FFT32_check.cpp:90) automatically.
INFO: [XFORM 203-102] Partitioning array 'stage1.real.3' (FFT32_check.cpp:90) automatically.
INFO: [XFORM 203-102] Partitioning array 'stage1.real.4' (FFT32_check.cpp:90) automatically.
INFO: [XFORM 203-102] Partitioning array 'stage1.real.5' (FFT32_check.cpp:90) automatically.
INFO: [XFORM 203-102] Partitioning array 'stage1.imag.1' (FFT32_check.cpp:90) automatically.
INFO: [XFORM 203-102] Partitioning array 'stage1.imag.2' (FFT32_check.cpp:90) automatically.
INFO: [XFORM 203-102] Partitioning array 'stage1.imag.3' (FFT32_check.cpp:90) automatically.
INFO: [XFORM 203-102] Partitioning array 'stage1.imag.4' (FFT32_check.cpp:90) automatically.
INFO: [XFORM 203-102] Partitioning array 'stage1.imag.5' (FFT32_check.cpp:90) automatically.
INFO: [XFORM 203-102] Partitioning array 'stage2.real' (FFT32_check.cpp:106) automatically.
INFO: [XFORM 203-102] Partitioning array 'stage2.real.1' (FFT32_check.cpp:106) automatically.
INFO: [XFORM 203-102] Partitioning array 'stage2.imag' (FFT32_check.cpp:106) automatically.
INFO: [XFORM 203-102] Partitioning array 'stage2.imag.1' (FFT32_check.cpp:106) automatically.
INFO: [XFORM 203-401] Performing if-conversion on hyperblock to (D:/Vivado/Vitis_HLS/2023.1/common/technology/autopilot/etc/hls_cordic_apfixed.h:274:8) in function 'hls::sin<16, 4>'... converting 4 basic blocks.
INFO: [XFORM 203-401] Performing if-conversion on hyperblock to (D:/Vivado/Vitis_HLS/2023.1/common/technology/autopilot/etc/hls_cordic_apfixed.h:274:8) in function 'hls::cos<16, 4>'... converting 4 basic blocks.
INFO: [XFORM 203-401] Performing if-conversion on hyperblock from (D:/Vivado/Vitis_HLS/2023.1/common/technology/autopilot/etc/hls_cordic_apfixed.h:79:44) in function 'cordic_apfixed::cordic_circ_apfixed<18, 3, 0>'... converting 46 basic blocks.
INFO: [HLS 200-111] Finished Loop, function and other optimizations: CPU user time: 1 seconds. CPU system time: 0 seconds. Elapsed time: 0.666 seconds; current allocated memory: 155.461 MB.
INFO: [HLS 200-111] Finished Architecture Synthesis: CPU user time: 0 seconds. CPU system time: 0 seconds. Elapsed time: 0.32 seconds; current allocated memory: 180.273 MB.
INFO: [HLS 200-10] Starting hardware synthesis ...
INFO: [HLS 200-10] Synthesizing 'fft32' ...
WARNING: [SYN 201-103] Legalizing function name 'cordic_circ_apfixed<18, 3, 0>' to 'cordic_circ_apfixed_18_3_0_s'.
WARNING: [SYN 201-103] Legalizing function name 'cos<16, 4>' to 'cos_16_4_s'.
WARNING: [SYN 201-103] Legalizing function name 'sin<16, 4>' to 'sin_16_4_s'.
INFO: [HLS 200-10] ----------------------------------------------------------------
INFO: [HLS 200-42] -- Implementing module 'cordic_circ_apfixed_18_3_0_s' 
INFO: [HLS 200-10] ----------------------------------------------------------------
INFO: [SCHED 204-11] Starting scheduling ...
INFO: [SCHED 204-61] Pipelining function 'cordic_circ_apfixed<18, 3, 0>'.
INFO: [HLS 200-1470] Pipelining result : Target II = 2, Final II = 2, Depth = 14, function 'cordic_circ_apfixed<18, 3, 0>'
INFO: [SCHED 204-11] Finished scheduling.
INFO: [HLS 200-111] Finished Scheduling: CPU user time: 1 seconds. CPU system time: 0 seconds. Elapsed time: 0.998 seconds; current allocated memory: 188.086 MB.
INFO: [BIND 205-100] Starting micro-architecture generation ...
INFO: [BIND 205-101] Performing variable lifetime analysis.
INFO: [BIND 205-101] Exploring resource sharing.
INFO: [BIND 205-101] Binding ...
INFO: [BIND 205-100] Finished micro-architecture generation.
INFO: [HLS 200-111] Finished Binding: CPU user time: 0 seconds. CPU system time: 0 seconds. Elapsed time: 0.301 seconds; current allocated memory: 189.270 MB.
INFO: [HLS 200-10] ----------------------------------------------------------------
INFO: [HLS 200-42] -- Implementing module 'cos_16_4_s' 
INFO: [HLS 200-10] ----------------------------------------------------------------
INFO: [SCHED 204-11] Starting scheduling ...
INFO: [HLS 200-486] Changing DSP latency (root=mul_ln68) to 3 in order to utilize available DSP registers.
INFO: [SCHED 204-61] Pipelining function 'cos<16, 4>'.
INFO: [HLS 200-1470] Pipelining result : Target II = 2, Final II = 2, Depth = 21, function 'cos<16, 4>'
INFO: [SCHED 204-11] Finished scheduling.
INFO: [HLS 200-111] Finished Scheduling: CPU user time: 0 seconds. CPU system time: 0 seconds. Elapsed time: 0.374 seconds; current allocated memory: 189.422 MB.
INFO: [BIND 205-100] Starting micro-architecture generation ...
INFO: [BIND 205-101] Performing variable lifetime analysis.
INFO: [BIND 205-101] Exploring resource sharing.
INFO: [BIND 205-101] Binding ...
INFO: [BIND 205-100] Finished micro-architecture generation.
INFO: [HLS 200-111] Finished Binding: CPU user time: 1 seconds. CPU system time: 0 seconds. Elapsed time: 0.304 seconds; current allocated memory: 189.500 MB.
INFO: [HLS 200-10] ----------------------------------------------------------------
INFO: [HLS 200-42] -- Implementing module 'sin_16_4_s' 
INFO: [HLS 200-10] ----------------------------------------------------------------
INFO: [SCHED 204-11] Starting scheduling ...
INFO: [HLS 200-486] Changing DSP latency (root=mul_ln68) to 3 in order to utilize available DSP registers.
INFO: [SCHED 204-61] Pipelining function 'sin<16, 4>'.
INFO: [HLS 200-1470] Pipelining result : Target II = 2, Final II = 2, Depth = 21, function 'sin<16, 4>'
INFO: [SCHED 204-11] Finished scheduling.
INFO: [HLS 200-111] Finished Scheduling: CPU user time: 0 seconds. CPU system time: 0 seconds. Elapsed time: 0.373 seconds; current allocated memory: 189.531 MB.
INFO: [BIND 205-100] Starting micro-architecture generation ...
INFO: [BIND 205-101] Performing variable lifetime analysis.
INFO: [BIND 205-101] Exploring resource sharing.
INFO: [BIND 205-101] Binding ...
INFO: [BIND 205-100] Finished micro-architecture generation.
INFO: [HLS 200-111] Finished Binding: CPU user time: 0 seconds. CPU system time: 0 seconds. Elapsed time: 0.318 seconds; current allocated memory: 189.684 MB.
INFO: [HLS 200-10] ----------------------------------------------------------------
INFO: [HLS 200-42] -- Implementing module 'fft32' 
INFO: [HLS 200-10] ----------------------------------------------------------------
INFO: [SCHED 204-11] Starting scheduling ...
INFO: [HLS 200-486] Changing DSP latency (root=mul_ln11_79) to 3 in order to utilize available DSP registers.
INFO: [HLS 200-486] Changing DSP latency (root=mul_ln10_79) to 3 in order to utilize available DSP registers.
INFO: [HLS 200-486] Changing DSP latency (root=mul_ln11_77) to 3 in order to utilize available DSP registers.
INFO: [HLS 200-486] Changing DSP latency (root=mul_ln10_77) to 3 in order to utilize available DSP registers.
INFO: [HLS 200-486] Changing DSP latency (root=mul_ln11_75) to 3 in order to utilize available DSP registers.
INFO: [HLS 200-486] Changing DSP latency (root=mul_ln10_75) to 3 in order to utilize available DSP registers.
INFO: [HLS 200-486] Changing DSP latency (root=mul_ln11_73) to 3 in order to utilize available DSP registers.
INFO: [HLS 200-486] Changing DSP latency (root=mul_ln10_73) to 3 in order to utilize available DSP registers.
INFO: [HLS 200-486] Changing DSP latency (root=mul_ln11_71) to 3 in order to utilize available DSP registers.
INFO: [HLS 200-486] Changing DSP latency (root=mul_ln10_71) to 3 in order to utilize available DSP registers.
INFO: [HLS 200-486] Changing DSP latency (root=mul_ln11_69) to 3 in order to utilize available DSP registers.
INFO: [HLS 200-486] Changing DSP latency (root=mul_ln10_69) to 3 in order to utilize available DSP registers.
INFO: [HLS 200-486] Changing DSP latency (root=mul_ln11_67) to 3 in order to utilize available DSP registers.
INFO: [HLS 200-486] Changing DSP latency (root=mul_ln10_67) to 3 in order to utilize available DSP registers.
INFO: [HLS 200-486] Changing DSP latency (root=mul_ln11_65) to 3 in order to utilize available DSP registers.
INFO: [HLS 200-486] Changing DSP latency (root=mul_ln10_65) to 3 in order to utilize available DSP registers.
INFO: [HLS 200-486] Changing DSP latency (root=mul_ln11_63) to 3 in order to utilize available DSP registers.
INFO: [HLS 200-486] Changing DSP latency (root=mul_ln10_63) to 3 in order to utilize available DSP registers.
INFO: [HLS 200-486] Changing DSP latency (root=mul_ln11_61) to 3 in order to utilize available DSP registers.
INFO: [HLS 200-486] Changing DSP latency (root=mul_ln10_61) to 3 in order to utilize available DSP registers.
INFO: [HLS 200-486] Changing DSP latency (root=mul_ln11_59) to 3 in order to utilize available DSP registers.
INFO: [HLS 200-486] Changing DSP latency (root=mul_ln10_59) to 3 in order to utilize available DSP registers.
INFO: [HLS 200-486] Changing DSP latency (root=mul_ln11_57) to 3 in order to utilize available DSP registers.
INFO: [HLS 200-486] Changing DSP latency (root=mul_ln10_57) to 3 in order to utilize available DSP registers.
INFO: [HLS 200-486] Changing DSP latency (root=mul_ln11_55) to 3 in order to utilize available DSP registers.
INFO: [HLS 200-486] Changing DSP latency (root=mul_ln10_55) to 3 in order to utilize available DSP registers.
INFO: [HLS 200-486] Changing DSP latency (root=mul_ln11_53) to 3 in order to utilize available DSP registers.
INFO: [HLS 200-486] Changing DSP latency (root=mul_ln10_53) to 3 in order to utilize available DSP registers.
INFO: [HLS 200-486] Changing DSP latency (root=mul_ln11_51) to 3 in order to utilize available DSP registers.
INFO: [HLS 200-486] Changing DSP latency (root=mul_ln10_51) to 3 in order to utilize available DSP registers.
INFO: [HLS 200-486] Changing DSP latency (root=mul_ln11_49) to 3 in order to utilize available DSP registers.
INFO: [HLS 200-486] Changing DSP latency (root=mul_ln10_49) to 3 in order to utilize available DSP registers.
INFO: [HLS 200-486] Changing DSP latency (root=mul_ln11_46) to 3 in order to utilize available DSP registers.
INFO: [HLS 200-486] Changing DSP latency (root=mul_ln10_47) to 3 in order to utilize available DSP registers.
INFO: [HLS 200-486] Changing DSP latency (root=mul_ln11_44) to 3 in order to utilize available DSP registers.
INFO: [HLS 200-486] Changing DSP latency (root=mul_ln10_45) to 3 in order to utilize available DSP registers.
INFO: [HLS 200-486] Changing DSP latency (root=mul_ln11_42) to 3 in order to utilize available DSP registers.
INFO: [HLS 200-486] Changing DSP latency (root=mul_ln10_43) to 3 in order to utilize available DSP registers.
INFO: [HLS 200-486] Changing DSP latency (root=mul_ln11_40) to 3 in order to utilize available DSP registers.
INFO: [HLS 200-486] Changing DSP latency (root=mul_ln10_41) to 3 in order to utilize available DSP registers.
INFO: [HLS 200-486] Changing DSP latency (root=mul_ln11_38) to 3 in order to utilize available DSP registers.
INFO: [HLS 200-486] Changing DSP latency (root=mul_ln10_39) to 3 in order to utilize available DSP registers.
INFO: [HLS 200-486] Changing DSP latency (root=mul_ln11_36) to 3 in order to utilize available DSP registers.
INFO: [HLS 200-486] Changing DSP latency (root=mul_ln10_37) to 3 in order to utilize available DSP registers.
INFO: [HLS 200-486] Changing DSP latency (root=mul_ln11_34) to 3 in order to utilize available DSP registers.
INFO: [HLS 200-486] Changing DSP latency (root=mul_ln10_35) to 3 in order to utilize available DSP registers.
INFO: [HLS 200-486] Changing DSP latency (root=mul_ln11_32) to 3 in order to utilize available DSP registers.
INFO: [HLS 200-486] Changing DSP latency (root=mul_ln10_33) to 3 in order to utilize available DSP registers.
INFO: [HLS 200-486] Changing DSP latency (root=mul_ln11_30) to 3 in order to utilize available DSP registers.
INFO: [HLS 200-486] Changing DSP latency (root=mul_ln10_31) to 3 in order to utilize available DSP registers.
INFO: [HLS 200-486] Changing DSP latency (root=mul_ln11_28) to 3 in order to utilize available DSP registers.
INFO: [HLS 200-486] Changing DSP latency (root=mul_ln10_29) to 3 in order to utilize available DSP registers.
INFO: [HLS 200-486] Changing DSP latency (root=mul_ln11_26) to 3 in order to utilize available DSP registers.
INFO: [HLS 200-486] Changing DSP latency (root=mul_ln10_27) to 3 in order to utilize available DSP registers.
INFO: [HLS 200-486] Changing DSP latency (root=mul_ln11_24) to 3 in order to utilize available DSP registers.
INFO: [HLS 200-486] Changing DSP latency (root=mul_ln10_25) to 3 in order to utilize available DSP registers.
INFO: [HLS 200-486] Changing DSP latency (root=mul_ln11_22) to 3 in order to utilize available DSP registers.
INFO: [HLS 200-486] Changing DSP latency (root=mul_ln10_23) to 3 in order to utilize available DSP registers.
INFO: [HLS 200-486] Changing DSP latency (root=mul_ln11_21) to 3 in order to utilize available DSP registers.
INFO: [HLS 200-486] Changing DSP latency (root=mul_ln10_21) to 3 in order to utilize available DSP registers.
INFO: [HLS 200-486] Changing DSP latency (root=mul_ln11_19) to 3 in order to utilize available DSP registers.
INFO: [HLS 200-486] Changing DSP latency (root=mul_ln10_19) to 3 in order to utilize available DSP registers.
INFO: [HLS 200-486] Changing DSP latency (root=mul_ln11_17) to 3 in order to utilize available DSP registers.
INFO: [HLS 200-486] Changing DSP latency (root=mul_ln10_17) to 3 in order to utilize available DSP registers.
INFO: [HLS 200-486] Changing DSP latency (root=mul_ln11_15) to 3 in order to utilize available DSP registers.
INFO: [HLS 200-486] Changing DSP latency (root=mul_ln10_15) to 3 in order to utilize available DSP registers.
INFO: [HLS 200-486] Changing DSP latency (root=mul_ln11_13) to 3 in order to utilize available DSP registers.
INFO: [HLS 200-486] Changing DSP latency (root=mul_ln10_13) to 3 in order to utilize available DSP registers.
INFO: [HLS 200-486] Changing DSP latency (root=mul_ln11_11) to 3 in order to utilize available DSP registers.
INFO: [HLS 200-486] Changing DSP latency (root=mul_ln10_11) to 3 in order to utilize available DSP registers.
INFO: [HLS 200-486] Changing DSP latency (root=mul_ln11_9) to 3 in order to utilize available DSP registers.
INFO: [HLS 200-486] Changing DSP latency (root=mul_ln10_9) to 3 in order to utilize available DSP registers.
INFO: [HLS 200-486] Changing DSP latency (root=mul_ln11_7) to 3 in order to utilize available DSP registers.
INFO: [HLS 200-486] Changing DSP latency (root=mul_ln10_7) to 3 in order to utilize available DSP registers.
INFO: [HLS 200-486] Changing DSP latency (root=mul_ln11_5) to 3 in order to utilize available DSP registers.
INFO: [HLS 200-486] Changing DSP latency (root=mul_ln10_5) to 3 in order to utilize available DSP registers.
INFO: [HLS 200-486] Changing DSP latency (root=mul_ln11_3) to 3 in order to utilize available DSP registers.
INFO: [HLS 200-486] Changing DSP latency (root=mul_ln10_3) to 3 in order to utilize available DSP registers.
INFO: [HLS 200-486] Changing DSP latency (root=mul_ln11_1) to 3 in order to utilize available DSP registers.
INFO: [HLS 200-486] Changing DSP latency (root=mul_ln10_1) to 3 in order to utilize available DSP registers.
INFO: [SCHED 204-61] Pipelining function 'fft32'.
INFO: [HLS 200-1470] Pipelining result : Target II = 32, Final II = 32, Depth = 73, function 'fft32'
INFO: [SCHED 204-11] Finished scheduling.
INFO: [HLS 200-111] Finished Scheduling: CPU user time: 4 seconds. CPU system time: 0 seconds. Elapsed time: 4.93 seconds; current allocated memory: 202.883 MB.
INFO: [BIND 205-100] Starting micro-architecture generation ...
INFO: [BIND 205-101] Performing variable lifetime analysis.
INFO: [BIND 205-101] Exploring resource sharing.
INFO: [BIND 205-101] Binding ...
INFO: [BIND 205-100] Finished micro-architecture generation.
INFO: [HLS 200-111] Finished Binding: CPU user time: 2 seconds. CPU system time: 0 seconds. Elapsed time: 1.452 seconds; current allocated memory: 203.027 MB.
INFO: [HLS 200-10] ----------------------------------------------------------------
INFO: [HLS 200-10] -- Generating RTL for module 'cordic_circ_apfixed_18_3_0_s' 
INFO: [HLS 200-10] ----------------------------------------------------------------
INFO: [HLS 200-1030] Apply Unified Pipeline Control on module 'cordic_circ_apfixed_18_3_0_s' pipeline 'cordic_circ_apfixed<18, 3, 0>' pipeline type 'function pipeline'
INFO: [RTGEN 206-100] Finished creating RTL model for 'cordic_circ_apfixed_18_3_0_s'.
INFO: [HLS 200-111] Finished Creating RTL model: CPU user time: 0 seconds. CPU system time: 0 seconds. Elapsed time: 0.67 seconds; current allocated memory: 204.422 MB.
INFO: [HLS 200-10] ----------------------------------------------------------------
INFO: [HLS 200-10] -- Generating RTL for module 'cos_16_4_s' 
INFO: [HLS 200-10] ----------------------------------------------------------------
INFO: [HLS 200-1030] Apply Unified Pipeline Control on module 'cos_16_4_s' pipeline 'cos<16, 4>' pipeline type 'function pipeline'
INFO: [RTGEN 206-100] Generating core module 'mac_muladd_2ns_16ns_18ns_18_4_1': 1 instance(s).
INFO: [RTGEN 206-100] Generating core module 'mul_14ns_22ns_35_1_1': 1 instance(s).
INFO: [RTGEN 206-100] Finished creating RTL model for 'cos_16_4_s'.
INFO: [HLS 200-111] Finished Creating RTL model: CPU user time: 1 seconds. CPU system time: 0 seconds. Elapsed time: 1.16 seconds; current allocated memory: 208.676 MB.
INFO: [HLS 200-10] ----------------------------------------------------------------
INFO: [HLS 200-10] -- Generating RTL for module 'sin_16_4_s' 
INFO: [HLS 200-10] ----------------------------------------------------------------
INFO: [HLS 200-1030] Apply Unified Pipeline Control on module 'sin_16_4_s' pipeline 'sin<16, 4>' pipeline type 'function pipeline'
INFO: [RTGEN 206-100] Generating core module 'mac_muladd_2ns_16ns_18ns_18_4_1': 1 instance(s).
INFO: [RTGEN 206-100] Generating core module 'mul_14ns_22ns_35_1_1': 1 instance(s).
INFO: [RTGEN 206-100] Finished creating RTL model for 'sin_16_4_s'.
INFO: [HLS 200-111] Finished Creating RTL model: CPU user time: 1 seconds. CPU system time: 0 seconds. Elapsed time: 0.502 seconds; current allocated memory: 209.367 MB.
INFO: [HLS 200-10] ----------------------------------------------------------------
INFO: [HLS 200-10] -- Generating RTL for module 'fft32' 
INFO: [HLS 200-10] ----------------------------------------------------------------
WARNING: [RTGEN 206-101] Design contains AXI ports. Reset is fixed to synchronous and active low.
INFO: [RTGEN 206-500] Setting interface mode on port 'fft32/in_stream' to 'axis' (register, both mode).
INFO: [RTGEN 206-500] Setting interface mode on port 'fft32/out_stream' to 'axis' (register, both mode).
INFO: [RTGEN 206-500] Setting interface mode on function 'fft32' to 'ap_ctrl_none'.
INFO: [HLS 200-1030] Apply Unified Pipeline Control on module 'fft32' pipeline 'fft32' pipeline type 'function pipeline'
INFO: [RTGEN 206-100] Generating core module 'mac_muladd_16s_14s_28s_28_4_1': 40 instance(s).
INFO: [RTGEN 206-100] Generating core module 'mac_mulsub_16s_14s_28s_28_4_1': 40 instance(s).
INFO: [RTGEN 206-100] Generating core module 'mul_16s_14s_28_1_1': 80 instance(s).
INFO: [RTGEN 206-100] Finished creating RTL model for 'fft32'.
INFO: [HLS 200-111] Finished Creating RTL model: CPU user time: 0 seconds. CPU system time: 0 seconds. Elapsed time: 0.631 seconds; current allocated memory: 222.922 MB.
INFO: [HLS 200-111] Finished Generating all RTL models: CPU user time: 2 seconds. CPU system time: 1 seconds. Elapsed time: 2.555 seconds; current allocated memory: 242.566 MB.
INFO: [HLS 200-111] Finished Updating report files: CPU user time: 0 seconds. CPU system time: 0 seconds. Elapsed time: 0.886 seconds; current allocated memory: 256.234 MB.
INFO: [VHDL 208-304] Generating VHDL RTL for fft32.
INFO: [VLOG 209-307] Generating Verilog RTL for fft32.
INFO: [HLS 200-789] **** Estimated Fmax: 140.83 MHz
INFO: [HLS 200-111] Finished Command csynth_design CPU user time: 15 seconds. CPU system time: 1 seconds. Elapsed time: 52.354 seconds; current allocated memory: 150.145 MB.
==============================================================
Vitis HLS - High-Level Synthesis from C, C++ and OpenCL v2023.1 (64-bit)
Tool Version Limit: 2023.05
Copyright 1986-2022 Xilinx, Inc. All Rights Reserved.
Copyright 2022-2023 Advanced Micro Devices, Inc. All Rights Reserved.

==============================================================
INFO: [SYN 201-201] Setting up clock 'default' with a period of 10ns.
INFO: [HLS 200-1611] Setting target device to 'xc7z030-sbv485-1'
INFO: [HLS 200-1505] Using flow_target 'vivado'
INFO: [HLS 200-1464] Running solution command: config_cosim -tool=xsim
INFO: [HLS 200-1510] Running: set_part xc7z030sbv485-1 
INFO: [HLS 200-1510] Running: create_clock -period 10 -name default 
INFO: [HLS 200-1510] Running: config_cosim -tool xsim 
INFO: [HLS 200-1510] Running: source ./FFT_sol_2/opt3_overall_pipeline/directives.tcl
INFO: [HLS 200-1510] Running: set_directive_top -name fft32 fft32 
INFO: [HLS 200-1510] Running: set_directive_inline cmul 
INFO: [HLS 200-1510] Running: set_directive_inline radix4_bfly 
INFO: [HLS 200-1510] Running: set_directive_inline radix2_bfly 
INFO: [HLS 200-1510] Running: set_directive_inline bit_reverse 
INFO: [HLS 200-1510] Running: set_directive_interface -mode ap_ctrl_none fft32 
INFO: [HLS 200-1510] Running: set_directive_interface -mode axis -register_mode both -register fft32 in_stream 
INFO: [HLS 200-1510] Running: set_directive_interface -mode axis -register_mode both -register fft32 out_stream 
INFO: [HLS 200-1510] Running: set_directive_array_partition -type complete -dim 1 fft32 data 
INFO: [HLS 200-1510] Running: set_directive_array_partition -type cyclic -factor 4 fft32 stage0 
INFO: [HLS 200-1510] Running: set_directive_array_partition -type block -factor 8 fft32 stage1 
INFO: [HLS 200-1510] Running: set_directive_array_partition -type cyclic -factor 2 fft32 stage2 
INFO: [HLS 200-1510] Running: set_directive_unroll fft32/bit_rev_assign_loop 
INFO: [HLS 200-1510] Running: set_directive_unroll fft32/stage1_loop 
INFO: [HLS 200-1510] Running: set_directive_unroll fft32/stage2_loop 
INFO: [HLS 200-1510] Running: set_directive_array_partition -type complete -dim 1 fft32/stage2_loop w 
INFO: [HLS 200-1510] Running: set_directive_unroll fft32/twiddle_loop 
INFO: [HLS 200-1510] Running: set_directive_unroll fft32/stage3_loop 
INFO: [HLS 200-1510] Running: set_directive_pipeline -II 1 fft32/output_loop 
INFO: [HLS 200-1510] Running: set_directive_pipeline -II 1 fft32/input_loop 
INFO: [HLS 200-1510] Running: set_directive_pipeline -II 32 fft32 
INFO: [HLS 200-1510] Running: cosim_design 
INFO: [COSIM 212-47] Using XSIM for RTL simulation.
INFO: [COSIM 212-14] Instrumenting C test bench ...
INFO: [COSIM 212-302] Starting C TB testing ... 
INFO: [COSIM 212-333] Generating C post check test bench ...
INFO: [COSIM 212-12] Generating RTL test bench ...
INFO: [COSIM 212-1] *** C/RTL co-simulation file generation completed. ***
INFO: [COSIM 212-323] Starting verilog simulation. 
INFO: [COSIM 212-15] Starting XSIM ...
INFO: [COSIM 212-316] Starting C post checking ...
INFO: [COSIM 212-1000] *** C/RTL co-simulation finished: PASS ***
INFO: [COSIM 212-211] II is measurable only when transaction number is greater than 1 in RTL simulation. Otherwise, they will be marked as all NA. If user wants to calculate them, please make sure there are at least 2 transactions in RTL simulation.
INFO: [HLS 200-111] Finished Command cosim_design CPU user time: 2 seconds. CPU system time: 1 seconds. Elapsed time: 49.24 seconds; current allocated memory: 14.219 MB.
