

================================================================
== Vitis HLS Report for 'fft32_Pipeline_output_loop'
================================================================
* Date:           Tue Jun 24 23:16:33 2025

* Version:        2023.1 (Build 3854077 on May  4 2023)
* Project:        FFT_sol
* Solution:       opt_1 (Vivado IP Flow Target)
* Product family: zynq
* Target device:  xc7z030-sbv485-1


================================================================
== Performance Estimates
================================================================
+ Timing: 
    * Summary: 
    +--------+----------+----------+------------+
    |  Clock |  Target  | Estimated| Uncertainty|
    +--------+----------+----------+------------+
    |ap_clk  |  10.00 ns|  3.413 ns|     2.70 ns|
    +--------+----------+----------+------------+

+ Latency: 
    * Summary: 
    +---------+---------+----------+----------+-----+-----+---------+
    |  Latency (cycles) |  Latency (absolute) |  Interval | Pipeline|
    |   min   |   max   |    min   |    max   | min | max |   Type  |
    +---------+---------+----------+----------+-----+-----+---------+
    |       34|       34|  0.340 us|  0.340 us|   34|   34|       no|
    +---------+---------+----------+----------+-----+-----+---------+

    + Detail: 
        * Instance: 
        N/A

        * Loop: 
        +---------------+---------+---------+----------+-----------+-----------+------+----------+
        |               |  Latency (cycles) | Iteration|  Initiation Interval  | Trip |          |
        |   Loop Name   |   min   |   max   |  Latency |  achieved |   target  | Count| Pipelined|
        +---------------+---------+---------+----------+-----------+-----------+------+----------+
        |- output_loop  |       32|       32|         2|          1|          1|    32|       yes|
        +---------------+---------+---------+----------+-----------+-----------+------+----------+

============================================================
+ Verbose Summary: Synthesis Manager
============================================================
InlineROM: 1
ExposeGlobal: 0
============================================================
+ Verbose Summary: CDFG Model
============================================================
IsTopModel: 0
ResetActiveHigh: 1
IsCombinational: 0
IsDatapathOnly: 0
HasWiredReturn: 1
HasMFsm: 2
HasVarLatency: 1
IsPipeline: 0
IsRtlPipelined: 0
IsInstanceOverlapped: 0
IsDontTouch: 0
HasImplIP: 0
IsGatedGlobalClock: 0

+ Individual pipeline summary: 
  * Pipeline-0: initiation interval (II) = 1, depth = 2


============================================================
+ Verbose Summary: Schedule
============================================================
* Number of FSM states : 2
* Pipeline : 1
  Pipeline-0 : II = 1, D = 2, States = { 1 2 }
* Dataflow Pipeline: 0

* FSM state transitions: 
1 --> 2 
2 --> 

* FSM state operations: 

State 1 <SV = 0> <Delay = 3.41>
ST_1 : Operation 5 [1/1] (0.00ns)   --->   "%i = alloca i32 1"   --->   Operation 5 'alloca' 'i' <Predicate = true> <Delay = 0.00>
ST_1 : Operation 6 [1/1] (0.00ns)   --->   "%specinterface_ln0 = specinterface void @_ssdm_op_SpecInterface, i48 %out_stream, void @empty, i32 0, i32 0, void @empty_0, i32 0, i32 0, void @empty_1, void @empty_1, void @empty_1, i32 0, i32 0, i32 0, i32 0, void @empty_1, void @empty_1, i32 4294967295, i32 0"   --->   Operation 6 'specinterface' 'specinterface_ln0' <Predicate = true> <Delay = 0.00>
ST_1 : Operation 7 [1/1] (0.00ns)   --->   "%stage2_imag_59_read = read i16 @_ssdm_op_Read.ap_auto.i16, i16 %stage2_imag_59"   --->   Operation 7 'read' 'stage2_imag_59_read' <Predicate = true> <Delay = 0.00>
ST_1 : Operation 8 [1/1] (0.00ns)   --->   "%stage2_imag_57_read = read i16 @_ssdm_op_Read.ap_auto.i16, i16 %stage2_imag_57"   --->   Operation 8 'read' 'stage2_imag_57_read' <Predicate = true> <Delay = 0.00>
ST_1 : Operation 9 [1/1] (0.00ns)   --->   "%stage2_imag_55_read = read i16 @_ssdm_op_Read.ap_auto.i16, i16 %stage2_imag_55"   --->   Operation 9 'read' 'stage2_imag_55_read' <Predicate = true> <Delay = 0.00>
ST_1 : Operation 10 [1/1] (0.00ns)   --->   "%stage2_imag_53_read = read i16 @_ssdm_op_Read.ap_auto.i16, i16 %stage2_imag_53"   --->   Operation 10 'read' 'stage2_imag_53_read' <Predicate = true> <Delay = 0.00>
ST_1 : Operation 11 [1/1] (0.00ns)   --->   "%stage2_imag_51_read = read i16 @_ssdm_op_Read.ap_auto.i16, i16 %stage2_imag_51"   --->   Operation 11 'read' 'stage2_imag_51_read' <Predicate = true> <Delay = 0.00>
ST_1 : Operation 12 [1/1] (0.00ns)   --->   "%stage2_imag_49_read = read i16 @_ssdm_op_Read.ap_auto.i16, i16 %stage2_imag_49"   --->   Operation 12 'read' 'stage2_imag_49_read' <Predicate = true> <Delay = 0.00>
ST_1 : Operation 13 [1/1] (0.00ns)   --->   "%stage2_imag_47_read = read i16 @_ssdm_op_Read.ap_auto.i16, i16 %stage2_imag_47"   --->   Operation 13 'read' 'stage2_imag_47_read' <Predicate = true> <Delay = 0.00>
ST_1 : Operation 14 [1/1] (0.00ns)   --->   "%stage2_imag_45_read = read i16 @_ssdm_op_Read.ap_auto.i16, i16 %stage2_imag_45"   --->   Operation 14 'read' 'stage2_imag_45_read' <Predicate = true> <Delay = 0.00>
ST_1 : Operation 15 [1/1] (0.00ns)   --->   "%stage2_imag_43_read = read i16 @_ssdm_op_Read.ap_auto.i16, i16 %stage2_imag_43"   --->   Operation 15 'read' 'stage2_imag_43_read' <Predicate = true> <Delay = 0.00>
ST_1 : Operation 16 [1/1] (0.00ns)   --->   "%stage2_imag_41_read = read i16 @_ssdm_op_Read.ap_auto.i16, i16 %stage2_imag_41"   --->   Operation 16 'read' 'stage2_imag_41_read' <Predicate = true> <Delay = 0.00>
ST_1 : Operation 17 [1/1] (0.00ns)   --->   "%stage2_imag_39_read = read i16 @_ssdm_op_Read.ap_auto.i16, i16 %stage2_imag_39"   --->   Operation 17 'read' 'stage2_imag_39_read' <Predicate = true> <Delay = 0.00>
ST_1 : Operation 18 [1/1] (0.00ns)   --->   "%stage2_imag_37_read = read i16 @_ssdm_op_Read.ap_auto.i16, i16 %stage2_imag_37"   --->   Operation 18 'read' 'stage2_imag_37_read' <Predicate = true> <Delay = 0.00>
ST_1 : Operation 19 [1/1] (0.00ns)   --->   "%stage2_imag_35_read = read i16 @_ssdm_op_Read.ap_auto.i16, i16 %stage2_imag_35"   --->   Operation 19 'read' 'stage2_imag_35_read' <Predicate = true> <Delay = 0.00>
ST_1 : Operation 20 [1/1] (0.00ns)   --->   "%stage2_imag_33_read = read i16 @_ssdm_op_Read.ap_auto.i16, i16 %stage2_imag_33"   --->   Operation 20 'read' 'stage2_imag_33_read' <Predicate = true> <Delay = 0.00>
ST_1 : Operation 21 [1/1] (0.00ns)   --->   "%stage2_imag_31_read = read i16 @_ssdm_op_Read.ap_auto.i16, i16 %stage2_imag_31"   --->   Operation 21 'read' 'stage2_imag_31_read' <Predicate = true> <Delay = 0.00>
ST_1 : Operation 22 [1/1] (0.00ns)   --->   "%stage2_imag_29_read = read i16 @_ssdm_op_Read.ap_auto.i16, i16 %stage2_imag_29"   --->   Operation 22 'read' 'stage2_imag_29_read' <Predicate = true> <Delay = 0.00>
ST_1 : Operation 23 [1/1] (0.00ns)   --->   "%stage2_imag_58_read = read i16 @_ssdm_op_Read.ap_auto.i16, i16 %stage2_imag_58"   --->   Operation 23 'read' 'stage2_imag_58_read' <Predicate = true> <Delay = 0.00>
ST_1 : Operation 24 [1/1] (0.00ns)   --->   "%stage2_imag_56_read = read i16 @_ssdm_op_Read.ap_auto.i16, i16 %stage2_imag_56"   --->   Operation 24 'read' 'stage2_imag_56_read' <Predicate = true> <Delay = 0.00>
ST_1 : Operation 25 [1/1] (0.00ns)   --->   "%stage2_imag_54_read = read i16 @_ssdm_op_Read.ap_auto.i16, i16 %stage2_imag_54"   --->   Operation 25 'read' 'stage2_imag_54_read' <Predicate = true> <Delay = 0.00>
ST_1 : Operation 26 [1/1] (0.00ns)   --->   "%stage2_imag_52_read = read i16 @_ssdm_op_Read.ap_auto.i16, i16 %stage2_imag_52"   --->   Operation 26 'read' 'stage2_imag_52_read' <Predicate = true> <Delay = 0.00>
ST_1 : Operation 27 [1/1] (0.00ns)   --->   "%stage2_imag_50_read = read i16 @_ssdm_op_Read.ap_auto.i16, i16 %stage2_imag_50"   --->   Operation 27 'read' 'stage2_imag_50_read' <Predicate = true> <Delay = 0.00>
ST_1 : Operation 28 [1/1] (0.00ns)   --->   "%stage2_imag_48_read = read i16 @_ssdm_op_Read.ap_auto.i16, i16 %stage2_imag_48"   --->   Operation 28 'read' 'stage2_imag_48_read' <Predicate = true> <Delay = 0.00>
ST_1 : Operation 29 [1/1] (0.00ns)   --->   "%stage2_imag_46_read = read i16 @_ssdm_op_Read.ap_auto.i16, i16 %stage2_imag_46"   --->   Operation 29 'read' 'stage2_imag_46_read' <Predicate = true> <Delay = 0.00>
ST_1 : Operation 30 [1/1] (0.00ns)   --->   "%stage2_imag_44_read = read i16 @_ssdm_op_Read.ap_auto.i16, i16 %stage2_imag_44"   --->   Operation 30 'read' 'stage2_imag_44_read' <Predicate = true> <Delay = 0.00>
ST_1 : Operation 31 [1/1] (0.00ns)   --->   "%stage2_imag_42_read = read i16 @_ssdm_op_Read.ap_auto.i16, i16 %stage2_imag_42"   --->   Operation 31 'read' 'stage2_imag_42_read' <Predicate = true> <Delay = 0.00>
ST_1 : Operation 32 [1/1] (0.00ns)   --->   "%stage2_imag_40_read = read i16 @_ssdm_op_Read.ap_auto.i16, i16 %stage2_imag_40"   --->   Operation 32 'read' 'stage2_imag_40_read' <Predicate = true> <Delay = 0.00>
ST_1 : Operation 33 [1/1] (0.00ns)   --->   "%stage2_imag_38_read = read i16 @_ssdm_op_Read.ap_auto.i16, i16 %stage2_imag_38"   --->   Operation 33 'read' 'stage2_imag_38_read' <Predicate = true> <Delay = 0.00>
ST_1 : Operation 34 [1/1] (0.00ns)   --->   "%stage2_imag_36_read = read i16 @_ssdm_op_Read.ap_auto.i16, i16 %stage2_imag_36"   --->   Operation 34 'read' 'stage2_imag_36_read' <Predicate = true> <Delay = 0.00>
ST_1 : Operation 35 [1/1] (0.00ns)   --->   "%stage2_imag_34_read = read i16 @_ssdm_op_Read.ap_auto.i16, i16 %stage2_imag_34"   --->   Operation 35 'read' 'stage2_imag_34_read' <Predicate = true> <Delay = 0.00>
ST_1 : Operation 36 [1/1] (0.00ns)   --->   "%stage2_imag_32_read = read i16 @_ssdm_op_Read.ap_auto.i16, i16 %stage2_imag_32"   --->   Operation 36 'read' 'stage2_imag_32_read' <Predicate = true> <Delay = 0.00>
ST_1 : Operation 37 [1/1] (0.00ns)   --->   "%stage2_imag_30_read = read i16 @_ssdm_op_Read.ap_auto.i16, i16 %stage2_imag_30"   --->   Operation 37 'read' 'stage2_imag_30_read' <Predicate = true> <Delay = 0.00>
ST_1 : Operation 38 [1/1] (0.00ns)   --->   "%stage2_imag_read = read i16 @_ssdm_op_Read.ap_auto.i16, i16 %stage2_imag"   --->   Operation 38 'read' 'stage2_imag_read' <Predicate = true> <Delay = 0.00>
ST_1 : Operation 39 [1/1] (0.00ns)   --->   "%stage2_real_59_read = read i16 @_ssdm_op_Read.ap_auto.i16, i16 %stage2_real_59"   --->   Operation 39 'read' 'stage2_real_59_read' <Predicate = true> <Delay = 0.00>
ST_1 : Operation 40 [1/1] (0.00ns)   --->   "%stage2_real_57_read = read i16 @_ssdm_op_Read.ap_auto.i16, i16 %stage2_real_57"   --->   Operation 40 'read' 'stage2_real_57_read' <Predicate = true> <Delay = 0.00>
ST_1 : Operation 41 [1/1] (0.00ns)   --->   "%stage2_real_55_read = read i16 @_ssdm_op_Read.ap_auto.i16, i16 %stage2_real_55"   --->   Operation 41 'read' 'stage2_real_55_read' <Predicate = true> <Delay = 0.00>
ST_1 : Operation 42 [1/1] (0.00ns)   --->   "%stage2_real_53_read = read i16 @_ssdm_op_Read.ap_auto.i16, i16 %stage2_real_53"   --->   Operation 42 'read' 'stage2_real_53_read' <Predicate = true> <Delay = 0.00>
ST_1 : Operation 43 [1/1] (0.00ns)   --->   "%stage2_real_51_read = read i16 @_ssdm_op_Read.ap_auto.i16, i16 %stage2_real_51"   --->   Operation 43 'read' 'stage2_real_51_read' <Predicate = true> <Delay = 0.00>
ST_1 : Operation 44 [1/1] (0.00ns)   --->   "%stage2_real_49_read = read i16 @_ssdm_op_Read.ap_auto.i16, i16 %stage2_real_49"   --->   Operation 44 'read' 'stage2_real_49_read' <Predicate = true> <Delay = 0.00>
ST_1 : Operation 45 [1/1] (0.00ns)   --->   "%stage2_real_47_read = read i16 @_ssdm_op_Read.ap_auto.i16, i16 %stage2_real_47"   --->   Operation 45 'read' 'stage2_real_47_read' <Predicate = true> <Delay = 0.00>
ST_1 : Operation 46 [1/1] (0.00ns)   --->   "%stage2_real_45_read = read i16 @_ssdm_op_Read.ap_auto.i16, i16 %stage2_real_45"   --->   Operation 46 'read' 'stage2_real_45_read' <Predicate = true> <Delay = 0.00>
ST_1 : Operation 47 [1/1] (0.00ns)   --->   "%stage2_real_43_read = read i16 @_ssdm_op_Read.ap_auto.i16, i16 %stage2_real_43"   --->   Operation 47 'read' 'stage2_real_43_read' <Predicate = true> <Delay = 0.00>
ST_1 : Operation 48 [1/1] (0.00ns)   --->   "%stage2_real_41_read = read i16 @_ssdm_op_Read.ap_auto.i16, i16 %stage2_real_41"   --->   Operation 48 'read' 'stage2_real_41_read' <Predicate = true> <Delay = 0.00>
ST_1 : Operation 49 [1/1] (0.00ns)   --->   "%stage2_real_39_read = read i16 @_ssdm_op_Read.ap_auto.i16, i16 %stage2_real_39"   --->   Operation 49 'read' 'stage2_real_39_read' <Predicate = true> <Delay = 0.00>
ST_1 : Operation 50 [1/1] (0.00ns)   --->   "%stage2_real_37_read = read i16 @_ssdm_op_Read.ap_auto.i16, i16 %stage2_real_37"   --->   Operation 50 'read' 'stage2_real_37_read' <Predicate = true> <Delay = 0.00>
ST_1 : Operation 51 [1/1] (0.00ns)   --->   "%stage2_real_35_read = read i16 @_ssdm_op_Read.ap_auto.i16, i16 %stage2_real_35"   --->   Operation 51 'read' 'stage2_real_35_read' <Predicate = true> <Delay = 0.00>
ST_1 : Operation 52 [1/1] (0.00ns)   --->   "%stage2_real_33_read = read i16 @_ssdm_op_Read.ap_auto.i16, i16 %stage2_real_33"   --->   Operation 52 'read' 'stage2_real_33_read' <Predicate = true> <Delay = 0.00>
ST_1 : Operation 53 [1/1] (0.00ns)   --->   "%stage2_real_31_read = read i16 @_ssdm_op_Read.ap_auto.i16, i16 %stage2_real_31"   --->   Operation 53 'read' 'stage2_real_31_read' <Predicate = true> <Delay = 0.00>
ST_1 : Operation 54 [1/1] (0.00ns)   --->   "%stage2_real_29_read = read i16 @_ssdm_op_Read.ap_auto.i16, i16 %stage2_real_29"   --->   Operation 54 'read' 'stage2_real_29_read' <Predicate = true> <Delay = 0.00>
ST_1 : Operation 55 [1/1] (0.00ns)   --->   "%stage2_real_58_read = read i16 @_ssdm_op_Read.ap_auto.i16, i16 %stage2_real_58"   --->   Operation 55 'read' 'stage2_real_58_read' <Predicate = true> <Delay = 0.00>
ST_1 : Operation 56 [1/1] (0.00ns)   --->   "%stage2_real_56_read = read i16 @_ssdm_op_Read.ap_auto.i16, i16 %stage2_real_56"   --->   Operation 56 'read' 'stage2_real_56_read' <Predicate = true> <Delay = 0.00>
ST_1 : Operation 57 [1/1] (0.00ns)   --->   "%stage2_real_54_read = read i16 @_ssdm_op_Read.ap_auto.i16, i16 %stage2_real_54"   --->   Operation 57 'read' 'stage2_real_54_read' <Predicate = true> <Delay = 0.00>
ST_1 : Operation 58 [1/1] (0.00ns)   --->   "%stage2_real_52_read = read i16 @_ssdm_op_Read.ap_auto.i16, i16 %stage2_real_52"   --->   Operation 58 'read' 'stage2_real_52_read' <Predicate = true> <Delay = 0.00>
ST_1 : Operation 59 [1/1] (0.00ns)   --->   "%stage2_real_50_read = read i16 @_ssdm_op_Read.ap_auto.i16, i16 %stage2_real_50"   --->   Operation 59 'read' 'stage2_real_50_read' <Predicate = true> <Delay = 0.00>
ST_1 : Operation 60 [1/1] (0.00ns)   --->   "%stage2_real_48_read = read i16 @_ssdm_op_Read.ap_auto.i16, i16 %stage2_real_48"   --->   Operation 60 'read' 'stage2_real_48_read' <Predicate = true> <Delay = 0.00>
ST_1 : Operation 61 [1/1] (0.00ns)   --->   "%stage2_real_46_read = read i16 @_ssdm_op_Read.ap_auto.i16, i16 %stage2_real_46"   --->   Operation 61 'read' 'stage2_real_46_read' <Predicate = true> <Delay = 0.00>
ST_1 : Operation 62 [1/1] (0.00ns)   --->   "%stage2_real_44_read = read i16 @_ssdm_op_Read.ap_auto.i16, i16 %stage2_real_44"   --->   Operation 62 'read' 'stage2_real_44_read' <Predicate = true> <Delay = 0.00>
ST_1 : Operation 63 [1/1] (0.00ns)   --->   "%stage2_real_42_read = read i16 @_ssdm_op_Read.ap_auto.i16, i16 %stage2_real_42"   --->   Operation 63 'read' 'stage2_real_42_read' <Predicate = true> <Delay = 0.00>
ST_1 : Operation 64 [1/1] (0.00ns)   --->   "%stage2_real_40_read = read i16 @_ssdm_op_Read.ap_auto.i16, i16 %stage2_real_40"   --->   Operation 64 'read' 'stage2_real_40_read' <Predicate = true> <Delay = 0.00>
ST_1 : Operation 65 [1/1] (0.00ns)   --->   "%stage2_real_38_read = read i16 @_ssdm_op_Read.ap_auto.i16, i16 %stage2_real_38"   --->   Operation 65 'read' 'stage2_real_38_read' <Predicate = true> <Delay = 0.00>
ST_1 : Operation 66 [1/1] (0.00ns)   --->   "%stage2_real_36_read = read i16 @_ssdm_op_Read.ap_auto.i16, i16 %stage2_real_36"   --->   Operation 66 'read' 'stage2_real_36_read' <Predicate = true> <Delay = 0.00>
ST_1 : Operation 67 [1/1] (0.00ns)   --->   "%stage2_real_34_read = read i16 @_ssdm_op_Read.ap_auto.i16, i16 %stage2_real_34"   --->   Operation 67 'read' 'stage2_real_34_read' <Predicate = true> <Delay = 0.00>
ST_1 : Operation 68 [1/1] (0.00ns)   --->   "%stage2_real_32_read = read i16 @_ssdm_op_Read.ap_auto.i16, i16 %stage2_real_32"   --->   Operation 68 'read' 'stage2_real_32_read' <Predicate = true> <Delay = 0.00>
ST_1 : Operation 69 [1/1] (0.00ns)   --->   "%stage2_real_30_read = read i16 @_ssdm_op_Read.ap_auto.i16, i16 %stage2_real_30"   --->   Operation 69 'read' 'stage2_real_30_read' <Predicate = true> <Delay = 0.00>
ST_1 : Operation 70 [1/1] (0.00ns)   --->   "%stage2_real_read = read i16 @_ssdm_op_Read.ap_auto.i16, i16 %stage2_real"   --->   Operation 70 'read' 'stage2_real_read' <Predicate = true> <Delay = 0.00>
ST_1 : Operation 71 [1/1] (1.58ns)   --->   "%store_ln0 = store i6 0, i6 %i"   --->   Operation 71 'store' 'store_ln0' <Predicate = true> <Delay = 1.58>
ST_1 : Operation 72 [1/1] (0.00ns)   --->   "%br_ln0 = br void %for.inc194"   --->   Operation 72 'br' 'br_ln0' <Predicate = true> <Delay = 0.00>
ST_1 : Operation 73 [1/1] (0.00ns)   --->   "%i_1 = load i6 %i" [FFT32_sol.cpp:152]   --->   Operation 73 'load' 'i_1' <Predicate = true> <Delay = 0.00>
ST_1 : Operation 74 [1/1] (1.82ns)   --->   "%icmp_ln152 = icmp_eq  i6 %i_1, i6 32" [FFT32_sol.cpp:152]   --->   Operation 74 'icmp' 'icmp_ln152' <Predicate = true> <Delay = 1.82> <CoreInst = "Cmp">   --->   Core 9 'Cmp' <Latency = 0> <II = 1> <Delay = 1.82> <FuncUnit> <Opcode : 'icmp'> <InPorts = 2> <OutPorts = 1>
ST_1 : Operation 75 [1/1] (1.82ns)   --->   "%add_ln152 = add i6 %i_1, i6 1" [FFT32_sol.cpp:152]   --->   Operation 75 'add' 'add_ln152' <Predicate = true> <Delay = 1.82> <CoreInst = "Adder">   --->   Core 1 'Adder' <Latency = 0> <II = 1> <Delay = 1.82> <FuncUnit> <Opcode : 'add' 'sub'> <InPorts = 2> <OutPorts = 1>
ST_1 : Operation 76 [1/1] (0.00ns)   --->   "%br_ln152 = br i1 %icmp_ln152, void %for.inc194.split, void %for.end196.exitStub" [FFT32_sol.cpp:152]   --->   Operation 76 'br' 'br_ln152' <Predicate = true> <Delay = 0.00>
ST_1 : Operation 77 [1/1] (0.00ns)   --->   "%trunc_ln152 = trunc i6 %i_1" [FFT32_sol.cpp:152]   --->   Operation 77 'trunc' 'trunc_ln152' <Predicate = (!icmp_ln152)> <Delay = 0.00>
ST_1 : Operation 78 [1/1] (3.20ns)   --->   "%tmp_s = mux i16 @_ssdm_op_Mux.ap_auto.32i16.i5, i16 %stage2_real_read, i16 %stage2_real_30_read, i16 %stage2_real_32_read, i16 %stage2_real_34_read, i16 %stage2_real_36_read, i16 %stage2_real_38_read, i16 %stage2_real_40_read, i16 %stage2_real_42_read, i16 %stage2_real_44_read, i16 %stage2_real_46_read, i16 %stage2_real_48_read, i16 %stage2_real_50_read, i16 %stage2_real_52_read, i16 %stage2_real_54_read, i16 %stage2_real_56_read, i16 %stage2_real_58_read, i16 %stage2_real_29_read, i16 %stage2_real_31_read, i16 %stage2_real_33_read, i16 %stage2_real_35_read, i16 %stage2_real_37_read, i16 %stage2_real_39_read, i16 %stage2_real_41_read, i16 %stage2_real_43_read, i16 %stage2_real_45_read, i16 %stage2_real_47_read, i16 %stage2_real_49_read, i16 %stage2_real_51_read, i16 %stage2_real_53_read, i16 %stage2_real_55_read, i16 %stage2_real_57_read, i16 %stage2_real_59_read, i5 %trunc_ln152" [FFT32_sol.cpp:155]   --->   Operation 78 'mux' 'tmp_s' <Predicate = (!icmp_ln152)> <Delay = 3.20> <CoreInst = "Multiplexer">   --->   Core 76 'Multiplexer' <Latency = 0> <II = 1> <Delay = 3.20> <FuncUnit> <Opcode : 'mux'> <InPorts = 2> <OutPorts = 1>
ST_1 : Operation 79 [1/1] (3.20ns)   --->   "%tmp_1 = mux i16 @_ssdm_op_Mux.ap_auto.32i16.i5, i16 %stage2_imag_read, i16 %stage2_imag_30_read, i16 %stage2_imag_32_read, i16 %stage2_imag_34_read, i16 %stage2_imag_36_read, i16 %stage2_imag_38_read, i16 %stage2_imag_40_read, i16 %stage2_imag_42_read, i16 %stage2_imag_44_read, i16 %stage2_imag_46_read, i16 %stage2_imag_48_read, i16 %stage2_imag_50_read, i16 %stage2_imag_52_read, i16 %stage2_imag_54_read, i16 %stage2_imag_56_read, i16 %stage2_imag_58_read, i16 %stage2_imag_29_read, i16 %stage2_imag_31_read, i16 %stage2_imag_33_read, i16 %stage2_imag_35_read, i16 %stage2_imag_37_read, i16 %stage2_imag_39_read, i16 %stage2_imag_41_read, i16 %stage2_imag_43_read, i16 %stage2_imag_45_read, i16 %stage2_imag_47_read, i16 %stage2_imag_49_read, i16 %stage2_imag_51_read, i16 %stage2_imag_53_read, i16 %stage2_imag_55_read, i16 %stage2_imag_57_read, i16 %stage2_imag_59_read, i5 %trunc_ln152" [FFT32_sol.cpp:155]   --->   Operation 79 'mux' 'tmp_1' <Predicate = (!icmp_ln152)> <Delay = 3.20> <CoreInst = "Multiplexer">   --->   Core 76 'Multiplexer' <Latency = 0> <II = 1> <Delay = 3.20> <FuncUnit> <Opcode : 'mux'> <InPorts = 2> <OutPorts = 1>
ST_1 : Operation 80 [1/1] (1.82ns)   --->   "%icmp_ln156 = icmp_eq  i6 %i_1, i6 31" [FFT32_sol.cpp:156]   --->   Operation 80 'icmp' 'icmp_ln156' <Predicate = (!icmp_ln152)> <Delay = 1.82> <CoreInst = "Cmp">   --->   Core 9 'Cmp' <Latency = 0> <II = 1> <Delay = 1.82> <FuncUnit> <Opcode : 'icmp'> <InPorts = 2> <OutPorts = 1>
ST_1 : Operation 81 [1/1] (1.58ns)   --->   "%store_ln152 = store i6 %add_ln152, i6 %i" [FFT32_sol.cpp:152]   --->   Operation 81 'store' 'store_ln152' <Predicate = (!icmp_ln152)> <Delay = 1.58>
ST_1 : Operation 89 [1/1] (0.00ns)   --->   "%ret_ln0 = ret"   --->   Operation 89 'ret' 'ret_ln0' <Predicate = (icmp_ln152)> <Delay = 0.00>

State 2 <SV = 1> <Delay = 0.00>
ST_2 : Operation 82 [1/1] (0.00ns)   --->   "%specpipeline_ln20 = specpipeline void @_ssdm_op_SpecPipeline, i32 1, i32 0, i32 0, i32 0, void @empty_1" [D:/Vivado/FFT_sol/FFT_sol/opt_1/directives.tcl:20]   --->   Operation 82 'specpipeline' 'specpipeline_ln20' <Predicate = true> <Delay = 0.00>
ST_2 : Operation 83 [1/1] (0.00ns)   --->   "%speclooptripcount_ln152 = speclooptripcount void @_ssdm_op_SpecLoopTripCount, i64 32, i64 32, i64 32" [FFT32_sol.cpp:152]   --->   Operation 83 'speclooptripcount' 'speclooptripcount_ln152' <Predicate = true> <Delay = 0.00>
ST_2 : Operation 84 [1/1] (0.00ns)   --->   "%specloopname_ln152 = specloopname void @_ssdm_op_SpecLoopName, void @empty_4" [FFT32_sol.cpp:152]   --->   Operation 84 'specloopname' 'specloopname_ln152' <Predicate = true> <Delay = 0.00>
ST_2 : Operation 85 [1/1] (0.00ns)   --->   "%tmp_2 = bitconcatenate i33 @_ssdm_op_BitConcatenate.i33.i1.i16.i16, i1 %icmp_ln156, i16 %tmp_1, i16 %tmp_s" [FFT32_sol.cpp:157]   --->   Operation 85 'bitconcatenate' 'tmp_2' <Predicate = true> <Delay = 0.00>
ST_2 : Operation 86 [1/1] (0.00ns)   --->   "%zext_ln157 = zext i33 %tmp_2" [FFT32_sol.cpp:157]   --->   Operation 86 'zext' 'zext_ln157' <Predicate = true> <Delay = 0.00>
ST_2 : Operation 87 [1/1] (0.00ns)   --->   "%write_ln157 = write void @_ssdm_op_Write.axis.volatile.i48P128A, i48 %out_stream, i48 %zext_ln157" [FFT32_sol.cpp:157]   --->   Operation 87 'write' 'write_ln157' <Predicate = true> <Delay = 0.00> <CoreInst = "axis">   --->   Core 115 'axis' <Latency = 0> <II = 1> <Delay = 1.00> <Adapter> <Opcode : >
ST_2 : Operation 88 [1/1] (0.00ns)   --->   "%br_ln152 = br void %for.inc194" [FFT32_sol.cpp:152]   --->   Operation 88 'br' 'br_ln152' <Predicate = true> <Delay = 0.00>


============================================================
+ Verbose Summary: Timing violations
============================================================
Target clock period: 10.000ns, clock uncertainty: 2.700ns.

 <State 1>: 3.413ns
The critical path consists of the following:
	'alloca' operation ('i') [66]  (0.000 ns)
	'load' operation ('i', FFT32_sol.cpp:152) on local variable 'i' [135]  (0.000 ns)
	'add' operation ('add_ln152', FFT32_sol.cpp:152) [137]  (1.825 ns)
	'store' operation ('store_ln152', FFT32_sol.cpp:152) of variable 'add_ln152', FFT32_sol.cpp:152 on local variable 'i' [150]  (1.588 ns)

 <State 2>: 0.000ns
The critical path consists of the following:


============================================================
+ Verbose Summary: Binding
============================================================
N/A
* FSMD analyzer results:
  - Output states:
 - Input state : 
  - Chain level:
	State 1
	State 2


============================================================
+ Verbose Summary: Datapath Resource usage 
============================================================
N/A
