

================================================================
== Vitis HLS Report for 'fft32_Pipeline_8'
================================================================
* Date:           Tue Jun 24 23:16:32 2025

* Version:        2023.1 (Build 3854077 on May  4 2023)
* Project:        FFT_sol
* Solution:       opt_1 (Vivado IP Flow Target)
* Product family: zynq
* Target device:  xc7z030-sbv485-1


================================================================
== Performance Estimates
================================================================
+ Timing: 
    * Summary: 
    +--------+----------+----------+------------+
    |  Clock |  Target  | Estimated| Uncertainty|
    +--------+----------+----------+------------+
    |ap_clk  |  10.00 ns|  3.958 ns|     2.70 ns|
    +--------+----------+----------+------------+

+ Latency: 
    * Summary: 
    +---------+---------+-----------+-----------+-----+-----+---------+
    |  Latency (cycles) |   Latency (absolute)  |  Interval | Pipeline|
    |   min   |   max   |    min    |    max    | min | max |   Type  |
    +---------+---------+-----------+-----------+-----+-----+---------+
    |        5|        5|  50.000 ns|  50.000 ns|    5|    5|       no|
    +---------+---------+-----------+-----------+-----+-----+---------+

    + Detail: 
        * Instance: 
        N/A

        * Loop: 
        +----------+---------+---------+----------+-----------+-----------+------+----------+
        |          |  Latency (cycles) | Iteration|  Initiation Interval  | Trip |          |
        | Loop Name|   min   |   max   |  Latency |  achieved |   target  | Count| Pipelined|
        +----------+---------+---------+----------+-----------+-----------+------+----------+
        |- Loop 1  |        3|        3|         1|          1|          1|     4|       yes|
        +----------+---------+---------+----------+-----------+-----------+------+----------+

============================================================
+ Verbose Summary: Synthesis Manager
============================================================
InlineROM: 1
ExposeGlobal: 0
============================================================
+ Verbose Summary: CDFG Model
============================================================
IsTopModel: 0
ResetActiveHigh: 1
IsCombinational: 0
IsDatapathOnly: 0
HasWiredReturn: 1
HasMFsm: 2
HasVarLatency: 1
IsPipeline: 0
IsRtlPipelined: 0
IsInstanceOverlapped: 0
IsDontTouch: 0
HasImplIP: 0
IsGatedGlobalClock: 0

+ Individual pipeline summary: 
  * Pipeline-0: initiation interval (II) = 1, depth = 2


============================================================
+ Verbose Summary: Schedule
============================================================
* Number of FSM states : 2
* Pipeline : 1
  Pipeline-0 : II = 1, D = 2, States = { 1 2 }
* Dataflow Pipeline: 0

* FSM state transitions: 
1 --> 2 
2 --> 

* FSM state operations: 

State 1 <SV = 0> <Delay = 1.58>
ST_1 : Operation 4 [1/1] (0.00ns)   --->   "%phi_ln114_4 = alloca i32 1"   --->   Operation 4 'alloca' 'phi_ln114_4' <Predicate = true> <Delay = 0.00>
ST_1 : Operation 5 [1/1] (0.00ns)   --->   "%w_real_1_16 = alloca i32 1"   --->   Operation 5 'alloca' 'w_real_1_16' <Predicate = true> <Delay = 0.00>
ST_1 : Operation 6 [1/1] (0.00ns)   --->   "%w_real_2_16 = alloca i32 1"   --->   Operation 6 'alloca' 'w_real_2_16' <Predicate = true> <Delay = 0.00>
ST_1 : Operation 7 [1/1] (0.00ns)   --->   "%w_imag_1_16 = alloca i32 1"   --->   Operation 7 'alloca' 'w_imag_1_16' <Predicate = true> <Delay = 0.00>
ST_1 : Operation 8 [1/1] (0.00ns)   --->   "%w_imag_2_16 = alloca i32 1"   --->   Operation 8 'alloca' 'w_imag_2_16' <Predicate = true> <Delay = 0.00>
ST_1 : Operation 9 [1/1] (0.00ns)   --->   "%w_real_1_14_read = read i16 @_ssdm_op_Read.ap_auto.i16, i16 %w_real_1_14"   --->   Operation 9 'read' 'w_real_1_14_read' <Predicate = true> <Delay = 0.00>
ST_1 : Operation 10 [1/1] (0.00ns)   --->   "%w_real_2_14_read = read i16 @_ssdm_op_Read.ap_auto.i16, i16 %w_real_2_14"   --->   Operation 10 'read' 'w_real_2_14_read' <Predicate = true> <Delay = 0.00>
ST_1 : Operation 11 [1/1] (0.00ns)   --->   "%w_real_3_144 = read i16 @_ssdm_op_Read.ap_auto.i16, i16 %w_real_3_14"   --->   Operation 11 'read' 'w_real_3_144' <Predicate = true> <Delay = 0.00>
ST_1 : Operation 12 [1/1] (0.00ns)   --->   "%w_imag_1_14_read = read i16 @_ssdm_op_Read.ap_auto.i16, i16 %w_imag_1_14"   --->   Operation 12 'read' 'w_imag_1_14_read' <Predicate = true> <Delay = 0.00>
ST_1 : Operation 13 [1/1] (0.00ns)   --->   "%w_imag_2_14_read = read i16 @_ssdm_op_Read.ap_auto.i16, i16 %w_imag_2_14"   --->   Operation 13 'read' 'w_imag_2_14_read' <Predicate = true> <Delay = 0.00>
ST_1 : Operation 14 [1/1] (0.00ns)   --->   "%w_imag_3_141 = read i16 @_ssdm_op_Read.ap_auto.i16, i16 %w_imag_3_14"   --->   Operation 14 'read' 'w_imag_3_141' <Predicate = true> <Delay = 0.00>
ST_1 : Operation 15 [1/1] (1.58ns)   --->   "%store_ln0 = store i16 %w_imag_2_14_read, i16 %w_imag_2_16"   --->   Operation 15 'store' 'store_ln0' <Predicate = true> <Delay = 1.58>
ST_1 : Operation 16 [1/1] (1.58ns)   --->   "%store_ln0 = store i16 %w_imag_1_14_read, i16 %w_imag_1_16"   --->   Operation 16 'store' 'store_ln0' <Predicate = true> <Delay = 1.58>
ST_1 : Operation 17 [1/1] (1.58ns)   --->   "%store_ln0 = store i16 %w_real_2_14_read, i16 %w_real_2_16"   --->   Operation 17 'store' 'store_ln0' <Predicate = true> <Delay = 1.58>
ST_1 : Operation 18 [1/1] (1.58ns)   --->   "%store_ln0 = store i16 %w_real_1_14_read, i16 %w_real_1_16"   --->   Operation 18 'store' 'store_ln0' <Predicate = true> <Delay = 1.58>
ST_1 : Operation 19 [1/1] (1.58ns)   --->   "%store_ln0 = store i2 0, i2 %phi_ln114_4"   --->   Operation 19 'store' 'store_ln0' <Predicate = true> <Delay = 1.58>
ST_1 : Operation 20 [1/1] (0.00ns)   --->   "%br_ln0 = br void %arrayctor.loop95.4_ifconv"   --->   Operation 20 'br' 'br_ln0' <Predicate = true> <Delay = 0.00>

State 2 <SV = 1> <Delay = 3.95>
ST_2 : Operation 21 [1/1] (0.00ns)   --->   "%phi_ln114_4_load = load i2 %phi_ln114_4" [FFT32_sol.cpp:114]   --->   Operation 21 'load' 'phi_ln114_4_load' <Predicate = true> <Delay = 0.00>
ST_2 : Operation 22 [1/1] (0.00ns)   --->   "%w_real_1_16_load = load i16 %w_real_1_16" [./FFT32.h:18->FFT32_sol.cpp:114]   --->   Operation 22 'load' 'w_real_1_16_load' <Predicate = true> <Delay = 0.00>
ST_2 : Operation 23 [1/1] (0.00ns)   --->   "%w_real_2_16_load = load i16 %w_real_2_16" [./FFT32.h:18->FFT32_sol.cpp:114]   --->   Operation 23 'load' 'w_real_2_16_load' <Predicate = true> <Delay = 0.00>
ST_2 : Operation 24 [1/1] (0.00ns)   --->   "%w_imag_1_16_load = load i16 %w_imag_1_16" [./FFT32.h:18->FFT32_sol.cpp:114]   --->   Operation 24 'load' 'w_imag_1_16_load' <Predicate = true> <Delay = 0.00>
ST_2 : Operation 25 [1/1] (0.00ns)   --->   "%w_imag_2_16_load = load i16 %w_imag_2_16" [./FFT32.h:18->FFT32_sol.cpp:114]   --->   Operation 25 'load' 'w_imag_2_16_load' <Predicate = true> <Delay = 0.00>
ST_2 : Operation 26 [1/1] (0.00ns)   --->   "%specpipeline_ln0 = specpipeline void @_ssdm_op_SpecPipeline, i32 4294967295, i32 0, i32 1, i32 0, void @p_str"   --->   Operation 26 'specpipeline' 'specpipeline_ln0' <Predicate = true> <Delay = 0.00>
ST_2 : Operation 27 [1/1] (0.00ns)   --->   "%speclooptripcount_ln114 = speclooptripcount void @_ssdm_op_SpecLoopTripCount, i64 4, i64 4, i64 4" [FFT32_sol.cpp:114]   --->   Operation 27 'speclooptripcount' 'speclooptripcount_ln114' <Predicate = true> <Delay = 0.00>
ST_2 : Operation 28 [1/1] (1.56ns)   --->   "%add_ln114 = add i2 %phi_ln114_4_load, i2 1" [FFT32_sol.cpp:114]   --->   Operation 28 'add' 'add_ln114' <Predicate = true> <Delay = 1.56> <CoreInst = "Adder">   --->   Core 1 'Adder' <Latency = 0> <II = 1> <Delay = 1.56> <FuncUnit> <Opcode : 'add' 'sub'> <InPorts = 2> <OutPorts = 1>
ST_2 : Operation 29 [1/1] (1.56ns)   --->   "%icmp_ln18 = icmp_eq  i2 %phi_ln114_4_load, i2 1" [./FFT32.h:18->FFT32_sol.cpp:114]   --->   Operation 29 'icmp' 'icmp_ln18' <Predicate = true> <Delay = 1.56> <CoreInst = "Cmp">   --->   Core 9 'Cmp' <Latency = 0> <II = 1> <Delay = 1.56> <FuncUnit> <Opcode : 'icmp'> <InPorts = 2> <OutPorts = 1>
ST_2 : Operation 30 [1/1] (1.56ns)   --->   "%icmp_ln18_2 = icmp_eq  i2 %phi_ln114_4_load, i2 2" [./FFT32.h:18->FFT32_sol.cpp:114]   --->   Operation 30 'icmp' 'icmp_ln18_2' <Predicate = true> <Delay = 1.56> <CoreInst = "Cmp">   --->   Core 9 'Cmp' <Latency = 0> <II = 1> <Delay = 1.56> <FuncUnit> <Opcode : 'icmp'> <InPorts = 2> <OutPorts = 1>
ST_2 : Operation 31 [1/1] (0.80ns)   --->   "%select_ln18 = select i1 %icmp_ln18_2, i16 0, i16 %w_real_2_16_load" [./FFT32.h:18->FFT32_sol.cpp:114]   --->   Operation 31 'select' 'select_ln18' <Predicate = true> <Delay = 0.80> <CoreInst = "Sel">   --->   Core 73 'Sel' <Latency = 0> <II = 1> <Delay = 0.80> <FuncUnit> <Opcode : 'select'> <InPorts = 3> <OutPorts = 1>
ST_2 : Operation 32 [1/1] (0.80ns)   --->   "%select_ln18_4 = select i1 %icmp_ln18, i16 0, i16 %w_real_1_16_load" [./FFT32.h:18->FFT32_sol.cpp:114]   --->   Operation 32 'select' 'select_ln18_4' <Predicate = true> <Delay = 0.80> <CoreInst = "Sel">   --->   Core 73 'Sel' <Latency = 0> <II = 1> <Delay = 0.80> <FuncUnit> <Opcode : 'select'> <InPorts = 3> <OutPorts = 1>
ST_2 : Operation 33 [1/1] (0.80ns)   --->   "%select_ln18_5 = select i1 %icmp_ln18_2, i16 0, i16 %w_imag_2_16_load" [./FFT32.h:18->FFT32_sol.cpp:114]   --->   Operation 33 'select' 'select_ln18_5' <Predicate = true> <Delay = 0.80> <CoreInst = "Sel">   --->   Core 73 'Sel' <Latency = 0> <II = 1> <Delay = 0.80> <FuncUnit> <Opcode : 'select'> <InPorts = 3> <OutPorts = 1>
ST_2 : Operation 34 [1/1] (0.80ns)   --->   "%select_ln18_6 = select i1 %icmp_ln18, i16 0, i16 %w_imag_1_16_load" [./FFT32.h:18->FFT32_sol.cpp:114]   --->   Operation 34 'select' 'select_ln18_6' <Predicate = true> <Delay = 0.80> <CoreInst = "Sel">   --->   Core 73 'Sel' <Latency = 0> <II = 1> <Delay = 0.80> <FuncUnit> <Opcode : 'select'> <InPorts = 3> <OutPorts = 1>
ST_2 : Operation 35 [1/1] (1.56ns)   --->   "%icmp_ln114 = icmp_eq  i2 %phi_ln114_4_load, i2 3" [FFT32_sol.cpp:114]   --->   Operation 35 'icmp' 'icmp_ln114' <Predicate = true> <Delay = 1.56> <CoreInst = "Cmp">   --->   Core 9 'Cmp' <Latency = 0> <II = 1> <Delay = 1.56> <FuncUnit> <Opcode : 'icmp'> <InPorts = 2> <OutPorts = 1>
ST_2 : Operation 36 [1/1] (1.58ns)   --->   "%store_ln114 = store i16 %select_ln18_5, i16 %w_imag_2_16" [FFT32_sol.cpp:114]   --->   Operation 36 'store' 'store_ln114' <Predicate = true> <Delay = 1.58>
ST_2 : Operation 37 [1/1] (1.58ns)   --->   "%store_ln114 = store i16 %select_ln18_6, i16 %w_imag_1_16" [FFT32_sol.cpp:114]   --->   Operation 37 'store' 'store_ln114' <Predicate = true> <Delay = 1.58>
ST_2 : Operation 38 [1/1] (1.58ns)   --->   "%store_ln114 = store i16 %select_ln18, i16 %w_real_2_16" [FFT32_sol.cpp:114]   --->   Operation 38 'store' 'store_ln114' <Predicate = true> <Delay = 1.58>
ST_2 : Operation 39 [1/1] (1.58ns)   --->   "%store_ln114 = store i16 %select_ln18_4, i16 %w_real_1_16" [FFT32_sol.cpp:114]   --->   Operation 39 'store' 'store_ln114' <Predicate = true> <Delay = 1.58>
ST_2 : Operation 40 [1/1] (1.58ns)   --->   "%store_ln114 = store i2 %add_ln114, i2 %phi_ln114_4" [FFT32_sol.cpp:114]   --->   Operation 40 'store' 'store_ln114' <Predicate = true> <Delay = 1.58>
ST_2 : Operation 41 [1/1] (0.00ns)   --->   "%br_ln114 = br i1 %icmp_ln114, void %arrayctor.loop95.4_ifconv, void %twiddle_loop.4.exitStub" [FFT32_sol.cpp:114]   --->   Operation 41 'br' 'br_ln114' <Predicate = true> <Delay = 0.00>
ST_2 : Operation 42 [1/1] (0.00ns)   --->   "%store_ln0 = store i16 0, i16 %select_ln18_24_out"   --->   Operation 42 'store' 'store_ln0' <Predicate = (icmp_ln114)> <Delay = 0.00>
ST_2 : Operation 43 [1/1] (0.00ns)   --->   "%store_ln18 = store i16 %select_ln18, i16 %select_ln18_25_out" [./FFT32.h:18->FFT32_sol.cpp:114]   --->   Operation 43 'store' 'store_ln18' <Predicate = (icmp_ln114)> <Delay = 0.00>
ST_2 : Operation 44 [1/1] (0.00ns)   --->   "%store_ln18 = store i16 %select_ln18_4, i16 %select_ln18_26_out" [./FFT32.h:18->FFT32_sol.cpp:114]   --->   Operation 44 'store' 'store_ln18' <Predicate = (icmp_ln114)> <Delay = 0.00>
ST_2 : Operation 45 [1/1] (0.00ns)   --->   "%store_ln0 = store i16 0, i16 %select_ln18_27_out"   --->   Operation 45 'store' 'store_ln0' <Predicate = (icmp_ln114)> <Delay = 0.00>
ST_2 : Operation 46 [1/1] (0.00ns)   --->   "%store_ln18 = store i16 %select_ln18_5, i16 %select_ln18_28_out" [./FFT32.h:18->FFT32_sol.cpp:114]   --->   Operation 46 'store' 'store_ln18' <Predicate = (icmp_ln114)> <Delay = 0.00>
ST_2 : Operation 47 [1/1] (0.00ns)   --->   "%store_ln18 = store i16 %select_ln18_6, i16 %select_ln18_29_out" [./FFT32.h:18->FFT32_sol.cpp:114]   --->   Operation 47 'store' 'store_ln18' <Predicate = (icmp_ln114)> <Delay = 0.00>
ST_2 : Operation 48 [1/1] (0.00ns)   --->   "%ret_ln0 = ret"   --->   Operation 48 'ret' 'ret_ln0' <Predicate = (icmp_ln114)> <Delay = 0.00>


============================================================
+ Verbose Summary: Binding
============================================================
STG Binding: 
---------------- STG Properties BEGIN ----------------
- Is combinational: 0
- Is one-state seq: 0
- Is datapath-only: 0
- Is pipelined: 0
- Is top level: 0
Port [ Return ] is wired: 1; IO mode=ap_ctrl_hs:ce=0
Port [ w_imag_3_14]:  wired=1; compound=0; hidden=0; nouse=0; global=0; static=0; extern=0; dir=0; type=0; pingpong=0; private_global=0; IO mode=ap_none:ce=0
Port [ w_imag_2_14]:  wired=1; compound=0; hidden=0; nouse=0; global=0; static=0; extern=0; dir=0; type=0; pingpong=0; private_global=0; IO mode=ap_none:ce=0
Port [ w_imag_1_14]:  wired=1; compound=0; hidden=0; nouse=0; global=0; static=0; extern=0; dir=0; type=0; pingpong=0; private_global=0; IO mode=ap_none:ce=0
Port [ w_real_3_14]:  wired=1; compound=0; hidden=0; nouse=0; global=0; static=0; extern=0; dir=0; type=0; pingpong=0; private_global=0; IO mode=ap_none:ce=0
Port [ w_real_2_14]:  wired=1; compound=0; hidden=0; nouse=0; global=0; static=0; extern=0; dir=0; type=0; pingpong=0; private_global=0; IO mode=ap_none:ce=0
Port [ w_real_1_14]:  wired=1; compound=0; hidden=0; nouse=0; global=0; static=0; extern=0; dir=0; type=0; pingpong=0; private_global=0; IO mode=ap_none:ce=0
Port [ select_ln18_24_out]:  wired=1; compound=0; hidden=0; nouse=0; global=0; static=0; extern=0; dir=1; type=0; pingpong=0; private_global=0; IO mode=ap_vld:ce=0
Port [ select_ln18_25_out]:  wired=1; compound=0; hidden=0; nouse=0; global=0; static=0; extern=0; dir=1; type=0; pingpong=0; private_global=0; IO mode=ap_vld:ce=0
Port [ select_ln18_26_out]:  wired=1; compound=0; hidden=0; nouse=0; global=0; static=0; extern=0; dir=1; type=0; pingpong=0; private_global=0; IO mode=ap_vld:ce=0
Port [ select_ln18_27_out]:  wired=1; compound=0; hidden=0; nouse=0; global=0; static=0; extern=0; dir=1; type=0; pingpong=0; private_global=0; IO mode=ap_vld:ce=0
Port [ select_ln18_28_out]:  wired=1; compound=0; hidden=0; nouse=0; global=0; static=0; extern=0; dir=1; type=0; pingpong=0; private_global=0; IO mode=ap_vld:ce=0
Port [ select_ln18_29_out]:  wired=1; compound=0; hidden=0; nouse=0; global=0; static=0; extern=0; dir=1; type=0; pingpong=0; private_global=0; IO mode=ap_vld:ce=0
---------------- STG Properties END ------------------

---------------- Datapath Model BEGIN ----------------

<LifeTime>
<method=bitvector/>
phi_ln114_4             (alloca           ) [ 011]
w_real_1_16             (alloca           ) [ 011]
w_real_2_16             (alloca           ) [ 011]
w_imag_1_16             (alloca           ) [ 011]
w_imag_2_16             (alloca           ) [ 011]
w_real_1_14_read        (read             ) [ 000]
w_real_2_14_read        (read             ) [ 000]
w_real_3_144            (read             ) [ 000]
w_imag_1_14_read        (read             ) [ 000]
w_imag_2_14_read        (read             ) [ 000]
w_imag_3_141            (read             ) [ 000]
store_ln0               (store            ) [ 000]
store_ln0               (store            ) [ 000]
store_ln0               (store            ) [ 000]
store_ln0               (store            ) [ 000]
store_ln0               (store            ) [ 000]
br_ln0                  (br               ) [ 000]
phi_ln114_4_load        (load             ) [ 000]
w_real_1_16_load        (load             ) [ 000]
w_real_2_16_load        (load             ) [ 000]
w_imag_1_16_load        (load             ) [ 000]
w_imag_2_16_load        (load             ) [ 000]
specpipeline_ln0        (specpipeline     ) [ 000]
speclooptripcount_ln114 (speclooptripcount) [ 000]
add_ln114               (add              ) [ 000]
icmp_ln18               (icmp             ) [ 000]
icmp_ln18_2             (icmp             ) [ 000]
select_ln18             (select           ) [ 000]
select_ln18_4           (select           ) [ 000]
select_ln18_5           (select           ) [ 000]
select_ln18_6           (select           ) [ 000]
icmp_ln114              (icmp             ) [ 011]
store_ln114             (store            ) [ 000]
store_ln114             (store            ) [ 000]
store_ln114             (store            ) [ 000]
store_ln114             (store            ) [ 000]
store_ln114             (store            ) [ 000]
br_ln114                (br               ) [ 000]
store_ln0               (store            ) [ 000]
store_ln18              (store            ) [ 000]
store_ln18              (store            ) [ 000]
store_ln0               (store            ) [ 000]
store_ln18              (store            ) [ 000]
store_ln18              (store            ) [ 000]
ret_ln0                 (ret              ) [ 000]
</LifeTime>

<model>

<comp_list>
<comp id="0" class="1000" name="w_imag_3_14">
<pin_list>
<pin id="1" dir="1" index="0" bw="1" slack="0"/>
</pin_list>
<bind>
<StgValue><ssdm name="w_imag_3_14"/></StgValue>
</bind>
</comp>

<comp id="2" class="1000" name="w_imag_2_14">
<pin_list>
<pin id="3" dir="1" index="0" bw="1" slack="0"/>
</pin_list>
<bind>
<StgValue><ssdm name="w_imag_2_14"/></StgValue>
</bind>
</comp>

<comp id="4" class="1000" name="w_imag_1_14">
<pin_list>
<pin id="5" dir="1" index="0" bw="1" slack="0"/>
</pin_list>
<bind>
<StgValue><ssdm name="w_imag_1_14"/></StgValue>
</bind>
</comp>

<comp id="6" class="1000" name="w_real_3_14">
<pin_list>
<pin id="7" dir="1" index="0" bw="1" slack="0"/>
</pin_list>
<bind>
<StgValue><ssdm name="w_real_3_14"/></StgValue>
</bind>
</comp>

<comp id="8" class="1000" name="w_real_2_14">
<pin_list>
<pin id="9" dir="1" index="0" bw="1" slack="0"/>
</pin_list>
<bind>
<StgValue><ssdm name="w_real_2_14"/></StgValue>
</bind>
</comp>

<comp id="10" class="1000" name="w_real_1_14">
<pin_list>
<pin id="11" dir="1" index="0" bw="1" slack="0"/>
</pin_list>
<bind>
<StgValue><ssdm name="w_real_1_14"/></StgValue>
</bind>
</comp>

<comp id="12" class="1000" name="select_ln18_24_out">
<pin_list>
<pin id="13" dir="1" index="0" bw="1" slack="0"/>
</pin_list>
<bind>
<StgValue><ssdm name="select_ln18_24_out"/></StgValue>
</bind>
</comp>

<comp id="14" class="1000" name="select_ln18_25_out">
<pin_list>
<pin id="15" dir="1" index="0" bw="1" slack="0"/>
</pin_list>
<bind>
<StgValue><ssdm name="select_ln18_25_out"/></StgValue>
</bind>
</comp>

<comp id="16" class="1000" name="select_ln18_26_out">
<pin_list>
<pin id="17" dir="1" index="0" bw="1" slack="0"/>
</pin_list>
<bind>
<StgValue><ssdm name="select_ln18_26_out"/></StgValue>
</bind>
</comp>

<comp id="18" class="1000" name="select_ln18_27_out">
<pin_list>
<pin id="19" dir="1" index="0" bw="1" slack="0"/>
</pin_list>
<bind>
<StgValue><ssdm name="select_ln18_27_out"/></StgValue>
</bind>
</comp>

<comp id="20" class="1000" name="select_ln18_28_out">
<pin_list>
<pin id="21" dir="1" index="0" bw="1" slack="0"/>
</pin_list>
<bind>
<StgValue><ssdm name="select_ln18_28_out"/></StgValue>
</bind>
</comp>

<comp id="22" class="1000" name="select_ln18_29_out">
<pin_list>
<pin id="23" dir="1" index="0" bw="1" slack="0"/>
</pin_list>
<bind>
<StgValue><ssdm name="select_ln18_29_out"/></StgValue>
</bind>
</comp>

<comp id="24" class="1001" name="const_24">
<pin_list>
<pin id="25" dir="1" index="0" bw="1" slack="0"/>
</pin_list>
<bind>
<StgValue><ssdm name=""/></StgValue>
</bind>
</comp>

<comp id="26" class="1001" name="const_26">
<pin_list>
<pin id="27" dir="1" index="0" bw="1" slack="0"/>
</pin_list>
<bind>
<StgValue><ssdm name="_ssdm_op_Read.ap_auto.i16"/></StgValue>
</bind>
</comp>

<comp id="28" class="1001" name="const_28">
<pin_list>
<pin id="29" dir="1" index="0" bw="1" slack="0"/>
</pin_list>
<bind>
<StgValue><ssdm name=""/></StgValue>
</bind>
</comp>

<comp id="30" class="1001" name="const_30">
<pin_list>
<pin id="31" dir="1" index="0" bw="1" slack="2147483647"/>
</pin_list>
<bind>
<StgValue><ssdm name="_ssdm_op_SpecPipeline"/></StgValue>
</bind>
</comp>

<comp id="32" class="1001" name="const_32">
<pin_list>
<pin id="33" dir="1" index="0" bw="1" slack="2147483647"/>
</pin_list>
<bind>
<StgValue><ssdm name=""/></StgValue>
</bind>
</comp>

<comp id="34" class="1001" name="const_34">
<pin_list>
<pin id="35" dir="1" index="0" bw="1" slack="2147483647"/>
</pin_list>
<bind>
<StgValue><ssdm name=""/></StgValue>
</bind>
</comp>

<comp id="36" class="1001" name="const_36">
<pin_list>
<pin id="37" dir="1" index="0" bw="1" slack="2147483647"/>
</pin_list>
<bind>
<StgValue><ssdm name="p_str"/></StgValue>
</bind>
</comp>

<comp id="38" class="1001" name="const_38">
<pin_list>
<pin id="39" dir="1" index="0" bw="1" slack="2147483647"/>
</pin_list>
<bind>
<StgValue><ssdm name="_ssdm_op_SpecLoopTripCount"/></StgValue>
</bind>
</comp>

<comp id="40" class="1001" name="const_40">
<pin_list>
<pin id="41" dir="1" index="0" bw="1" slack="2147483647"/>
</pin_list>
<bind>
<StgValue><ssdm name=""/></StgValue>
</bind>
</comp>

<comp id="42" class="1001" name="const_42">
<pin_list>
<pin id="43" dir="1" index="0" bw="1" slack="0"/>
</pin_list>
<bind>
<StgValue><ssdm name=""/></StgValue>
</bind>
</comp>

<comp id="44" class="1001" name="const_44">
<pin_list>
<pin id="45" dir="1" index="0" bw="1" slack="0"/>
</pin_list>
<bind>
<StgValue><ssdm name=""/></StgValue>
</bind>
</comp>

<comp id="46" class="1001" name="const_46">
<pin_list>
<pin id="47" dir="1" index="0" bw="1" slack="0"/>
</pin_list>
<bind>
<StgValue><ssdm name=""/></StgValue>
</bind>
</comp>

<comp id="48" class="1001" name="const_48">
<pin_list>
<pin id="49" dir="1" index="0" bw="1" slack="0"/>
</pin_list>
<bind>
<StgValue><ssdm name=""/></StgValue>
</bind>
</comp>

<comp id="50" class="1004" name="phi_ln114_4_fu_50">
<pin_list>
<pin id="51" dir="0" index="0" bw="1" slack="0"/>
<pin id="52" dir="1" index="1" bw="2" slack="0"/>
</pin_list>
<bind>
<opcode="alloca(26) " fcode="alloca"/>
<opset="phi_ln114_4/1 "/>
</bind>
</comp>

<comp id="54" class="1004" name="w_real_1_16_fu_54">
<pin_list>
<pin id="55" dir="0" index="0" bw="1" slack="0"/>
<pin id="56" dir="1" index="1" bw="16" slack="0"/>
</pin_list>
<bind>
<opcode="alloca(26) " fcode="alloca"/>
<opset="w_real_1_16/1 "/>
</bind>
</comp>

<comp id="58" class="1004" name="w_real_2_16_fu_58">
<pin_list>
<pin id="59" dir="0" index="0" bw="1" slack="0"/>
<pin id="60" dir="1" index="1" bw="16" slack="0"/>
</pin_list>
<bind>
<opcode="alloca(26) " fcode="alloca"/>
<opset="w_real_2_16/1 "/>
</bind>
</comp>

<comp id="62" class="1004" name="w_imag_1_16_fu_62">
<pin_list>
<pin id="63" dir="0" index="0" bw="1" slack="0"/>
<pin id="64" dir="1" index="1" bw="16" slack="0"/>
</pin_list>
<bind>
<opcode="alloca(26) " fcode="alloca"/>
<opset="w_imag_1_16/1 "/>
</bind>
</comp>

<comp id="66" class="1004" name="w_imag_2_16_fu_66">
<pin_list>
<pin id="67" dir="0" index="0" bw="1" slack="0"/>
<pin id="68" dir="1" index="1" bw="16" slack="0"/>
</pin_list>
<bind>
<opcode="alloca(26) " fcode="alloca"/>
<opset="w_imag_2_16/1 "/>
</bind>
</comp>

<comp id="70" class="1004" name="w_real_1_14_read_read_fu_70">
<pin_list>
<pin id="71" dir="0" index="0" bw="16" slack="0"/>
<pin id="72" dir="0" index="1" bw="16" slack="0"/>
<pin id="73" dir="1" index="2" bw="16" slack="0"/>
</pin_list>
<bind>
<opcode="read(1150) " fcode="read"/>
<opset="w_real_1_14_read/1 "/>
</bind>
</comp>

<comp id="76" class="1004" name="w_real_2_14_read_read_fu_76">
<pin_list>
<pin id="77" dir="0" index="0" bw="16" slack="0"/>
<pin id="78" dir="0" index="1" bw="16" slack="0"/>
<pin id="79" dir="1" index="2" bw="16" slack="0"/>
</pin_list>
<bind>
<opcode="read(1150) " fcode="read"/>
<opset="w_real_2_14_read/1 "/>
</bind>
</comp>

<comp id="82" class="1004" name="w_real_3_144_read_fu_82">
<pin_list>
<pin id="83" dir="0" index="0" bw="16" slack="0"/>
<pin id="84" dir="0" index="1" bw="16" slack="0"/>
<pin id="85" dir="1" index="2" bw="16" slack="2147483647"/>
</pin_list>
<bind>
<opcode="read(1150) " fcode="read"/>
<opset="w_real_3_144/1 "/>
</bind>
</comp>

<comp id="88" class="1004" name="w_imag_1_14_read_read_fu_88">
<pin_list>
<pin id="89" dir="0" index="0" bw="16" slack="0"/>
<pin id="90" dir="0" index="1" bw="16" slack="0"/>
<pin id="91" dir="1" index="2" bw="16" slack="0"/>
</pin_list>
<bind>
<opcode="read(1150) " fcode="read"/>
<opset="w_imag_1_14_read/1 "/>
</bind>
</comp>

<comp id="94" class="1004" name="w_imag_2_14_read_read_fu_94">
<pin_list>
<pin id="95" dir="0" index="0" bw="16" slack="0"/>
<pin id="96" dir="0" index="1" bw="16" slack="0"/>
<pin id="97" dir="1" index="2" bw="16" slack="0"/>
</pin_list>
<bind>
<opcode="read(1150) " fcode="read"/>
<opset="w_imag_2_14_read/1 "/>
</bind>
</comp>

<comp id="100" class="1004" name="w_imag_3_141_read_fu_100">
<pin_list>
<pin id="101" dir="0" index="0" bw="16" slack="0"/>
<pin id="102" dir="0" index="1" bw="16" slack="0"/>
<pin id="103" dir="1" index="2" bw="16" slack="2147483647"/>
</pin_list>
<bind>
<opcode="read(1150) " fcode="read"/>
<opset="w_imag_3_141/1 "/>
</bind>
</comp>

<comp id="106" class="1004" name="store_ln0_store_fu_106">
<pin_list>
<pin id="107" dir="0" index="0" bw="16" slack="0"/>
<pin id="108" dir="0" index="1" bw="16" slack="0"/>
<pin id="109" dir="1" index="2" bw="0" slack="2147483647"/>
</pin_list>
<bind>
<opcode="store(28) " fcode="store"/>
<opset="store_ln0/1 "/>
</bind>
</comp>

<comp id="111" class="1004" name="store_ln0_store_fu_111">
<pin_list>
<pin id="112" dir="0" index="0" bw="16" slack="0"/>
<pin id="113" dir="0" index="1" bw="16" slack="0"/>
<pin id="114" dir="1" index="2" bw="0" slack="2147483647"/>
</pin_list>
<bind>
<opcode="store(28) " fcode="store"/>
<opset="store_ln0/1 "/>
</bind>
</comp>

<comp id="116" class="1004" name="store_ln0_store_fu_116">
<pin_list>
<pin id="117" dir="0" index="0" bw="16" slack="0"/>
<pin id="118" dir="0" index="1" bw="16" slack="0"/>
<pin id="119" dir="1" index="2" bw="0" slack="2147483647"/>
</pin_list>
<bind>
<opcode="store(28) " fcode="store"/>
<opset="store_ln0/1 "/>
</bind>
</comp>

<comp id="121" class="1004" name="store_ln0_store_fu_121">
<pin_list>
<pin id="122" dir="0" index="0" bw="16" slack="0"/>
<pin id="123" dir="0" index="1" bw="16" slack="0"/>
<pin id="124" dir="1" index="2" bw="0" slack="2147483647"/>
</pin_list>
<bind>
<opcode="store(28) " fcode="store"/>
<opset="store_ln0/1 "/>
</bind>
</comp>

<comp id="126" class="1004" name="store_ln0_store_fu_126">
<pin_list>
<pin id="127" dir="0" index="0" bw="1" slack="0"/>
<pin id="128" dir="0" index="1" bw="2" slack="0"/>
<pin id="129" dir="1" index="2" bw="0" slack="2147483647"/>
</pin_list>
<bind>
<opcode="store(28) " fcode="store"/>
<opset="store_ln0/1 "/>
</bind>
</comp>

<comp id="131" class="1004" name="phi_ln114_4_load_load_fu_131">
<pin_list>
<pin id="132" dir="0" index="0" bw="2" slack="1"/>
<pin id="133" dir="1" index="1" bw="2" slack="0"/>
</pin_list>
<bind>
<opcode="load(27) " fcode="load"/>
<opset="phi_ln114_4_load/2 "/>
</bind>
</comp>

<comp id="134" class="1004" name="w_real_1_16_load_load_fu_134">
<pin_list>
<pin id="135" dir="0" index="0" bw="16" slack="1"/>
<pin id="136" dir="1" index="1" bw="16" slack="0"/>
</pin_list>
<bind>
<opcode="load(27) " fcode="load"/>
<opset="w_real_1_16_load/2 "/>
</bind>
</comp>

<comp id="137" class="1004" name="w_real_2_16_load_load_fu_137">
<pin_list>
<pin id="138" dir="0" index="0" bw="16" slack="1"/>
<pin id="139" dir="1" index="1" bw="16" slack="0"/>
</pin_list>
<bind>
<opcode="load(27) " fcode="load"/>
<opset="w_real_2_16_load/2 "/>
</bind>
</comp>

<comp id="140" class="1004" name="w_imag_1_16_load_load_fu_140">
<pin_list>
<pin id="141" dir="0" index="0" bw="16" slack="1"/>
<pin id="142" dir="1" index="1" bw="16" slack="0"/>
</pin_list>
<bind>
<opcode="load(27) " fcode="load"/>
<opset="w_imag_1_16_load/2 "/>
</bind>
</comp>

<comp id="143" class="1004" name="w_imag_2_16_load_load_fu_143">
<pin_list>
<pin id="144" dir="0" index="0" bw="16" slack="1"/>
<pin id="145" dir="1" index="1" bw="16" slack="0"/>
</pin_list>
<bind>
<opcode="load(27) " fcode="load"/>
<opset="w_imag_2_16_load/2 "/>
</bind>
</comp>

<comp id="146" class="1004" name="add_ln114_fu_146">
<pin_list>
<pin id="147" dir="0" index="0" bw="2" slack="0"/>
<pin id="148" dir="0" index="1" bw="1" slack="0"/>
<pin id="149" dir="1" index="2" bw="2" slack="0"/>
</pin_list>
<bind>
<opcode="add(8) " fcode="add"/>
<opset="add_ln114/2 "/>
</bind>
</comp>

<comp id="152" class="1004" name="icmp_ln18_fu_152">
<pin_list>
<pin id="153" dir="0" index="0" bw="2" slack="0"/>
<pin id="154" dir="0" index="1" bw="1" slack="0"/>
<pin id="155" dir="1" index="2" bw="1" slack="0"/>
</pin_list>
<bind>
<opcode="icmp(45) " fcode="icmp"/>
<opset="icmp_ln18/2 "/>
</bind>
</comp>

<comp id="158" class="1004" name="icmp_ln18_2_fu_158">
<pin_list>
<pin id="159" dir="0" index="0" bw="2" slack="0"/>
<pin id="160" dir="0" index="1" bw="2" slack="0"/>
<pin id="161" dir="1" index="2" bw="1" slack="0"/>
</pin_list>
<bind>
<opcode="icmp(45) " fcode="icmp"/>
<opset="icmp_ln18_2/2 "/>
</bind>
</comp>

<comp id="164" class="1004" name="select_ln18_fu_164">
<pin_list>
<pin id="165" dir="0" index="0" bw="1" slack="0"/>
<pin id="166" dir="0" index="1" bw="1" slack="0"/>
<pin id="167" dir="0" index="2" bw="16" slack="0"/>
<pin id="168" dir="1" index="3" bw="16" slack="0"/>
</pin_list>
<bind>
<opcode="select(49) " fcode="select"/>
<opset="select_ln18/2 "/>
</bind>
</comp>

<comp id="172" class="1004" name="select_ln18_4_fu_172">
<pin_list>
<pin id="173" dir="0" index="0" bw="1" slack="0"/>
<pin id="174" dir="0" index="1" bw="1" slack="0"/>
<pin id="175" dir="0" index="2" bw="16" slack="0"/>
<pin id="176" dir="1" index="3" bw="16" slack="0"/>
</pin_list>
<bind>
<opcode="select(49) " fcode="select"/>
<opset="select_ln18_4/2 "/>
</bind>
</comp>

<comp id="180" class="1004" name="select_ln18_5_fu_180">
<pin_list>
<pin id="181" dir="0" index="0" bw="1" slack="0"/>
<pin id="182" dir="0" index="1" bw="1" slack="0"/>
<pin id="183" dir="0" index="2" bw="16" slack="0"/>
<pin id="184" dir="1" index="3" bw="16" slack="0"/>
</pin_list>
<bind>
<opcode="select(49) " fcode="select"/>
<opset="select_ln18_5/2 "/>
</bind>
</comp>

<comp id="188" class="1004" name="select_ln18_6_fu_188">
<pin_list>
<pin id="189" dir="0" index="0" bw="1" slack="0"/>
<pin id="190" dir="0" index="1" bw="1" slack="0"/>
<pin id="191" dir="0" index="2" bw="16" slack="0"/>
<pin id="192" dir="1" index="3" bw="16" slack="0"/>
</pin_list>
<bind>
<opcode="select(49) " fcode="select"/>
<opset="select_ln18_6/2 "/>
</bind>
</comp>

<comp id="196" class="1004" name="icmp_ln114_fu_196">
<pin_list>
<pin id="197" dir="0" index="0" bw="2" slack="0"/>
<pin id="198" dir="0" index="1" bw="1" slack="0"/>
<pin id="199" dir="1" index="2" bw="1" slack="2147483647"/>
</pin_list>
<bind>
<opcode="icmp(45) " fcode="icmp"/>
<opset="icmp_ln114/2 "/>
</bind>
</comp>

<comp id="202" class="1004" name="store_ln114_store_fu_202">
<pin_list>
<pin id="203" dir="0" index="0" bw="16" slack="0"/>
<pin id="204" dir="0" index="1" bw="16" slack="1"/>
<pin id="205" dir="1" index="2" bw="0" slack="2147483647"/>
</pin_list>
<bind>
<opcode="store(28) " fcode="store"/>
<opset="store_ln114/2 "/>
</bind>
</comp>

<comp id="207" class="1004" name="store_ln114_store_fu_207">
<pin_list>
<pin id="208" dir="0" index="0" bw="16" slack="0"/>
<pin id="209" dir="0" index="1" bw="16" slack="1"/>
<pin id="210" dir="1" index="2" bw="0" slack="2147483647"/>
</pin_list>
<bind>
<opcode="store(28) " fcode="store"/>
<opset="store_ln114/2 "/>
</bind>
</comp>

<comp id="212" class="1004" name="store_ln114_store_fu_212">
<pin_list>
<pin id="213" dir="0" index="0" bw="16" slack="0"/>
<pin id="214" dir="0" index="1" bw="16" slack="1"/>
<pin id="215" dir="1" index="2" bw="0" slack="2147483647"/>
</pin_list>
<bind>
<opcode="store(28) " fcode="store"/>
<opset="store_ln114/2 "/>
</bind>
</comp>

<comp id="217" class="1004" name="store_ln114_store_fu_217">
<pin_list>
<pin id="218" dir="0" index="0" bw="16" slack="0"/>
<pin id="219" dir="0" index="1" bw="16" slack="1"/>
<pin id="220" dir="1" index="2" bw="0" slack="2147483647"/>
</pin_list>
<bind>
<opcode="store(28) " fcode="store"/>
<opset="store_ln114/2 "/>
</bind>
</comp>

<comp id="222" class="1004" name="store_ln114_store_fu_222">
<pin_list>
<pin id="223" dir="0" index="0" bw="2" slack="0"/>
<pin id="224" dir="0" index="1" bw="2" slack="1"/>
<pin id="225" dir="1" index="2" bw="0" slack="2147483647"/>
</pin_list>
<bind>
<opcode="store(28) " fcode="store"/>
<opset="store_ln114/2 "/>
</bind>
</comp>

<comp id="227" class="1004" name="store_ln0_store_fu_227">
<pin_list>
<pin id="228" dir="0" index="0" bw="1" slack="0"/>
<pin id="229" dir="0" index="1" bw="16" slack="0"/>
<pin id="230" dir="1" index="2" bw="0" slack="2147483647"/>
</pin_list>
<bind>
<opcode="store(28) " fcode="store"/>
<opset="store_ln0/2 "/>
</bind>
</comp>

<comp id="233" class="1004" name="store_ln18_store_fu_233">
<pin_list>
<pin id="234" dir="0" index="0" bw="16" slack="0"/>
<pin id="235" dir="0" index="1" bw="16" slack="0"/>
<pin id="236" dir="1" index="2" bw="0" slack="2147483647"/>
</pin_list>
<bind>
<opcode="store(28) " fcode="store"/>
<opset="store_ln18/2 "/>
</bind>
</comp>

<comp id="239" class="1004" name="store_ln18_store_fu_239">
<pin_list>
<pin id="240" dir="0" index="0" bw="16" slack="0"/>
<pin id="241" dir="0" index="1" bw="16" slack="0"/>
<pin id="242" dir="1" index="2" bw="0" slack="2147483647"/>
</pin_list>
<bind>
<opcode="store(28) " fcode="store"/>
<opset="store_ln18/2 "/>
</bind>
</comp>

<comp id="245" class="1004" name="store_ln0_store_fu_245">
<pin_list>
<pin id="246" dir="0" index="0" bw="1" slack="0"/>
<pin id="247" dir="0" index="1" bw="16" slack="0"/>
<pin id="248" dir="1" index="2" bw="0" slack="2147483647"/>
</pin_list>
<bind>
<opcode="store(28) " fcode="store"/>
<opset="store_ln0/2 "/>
</bind>
</comp>

<comp id="251" class="1004" name="store_ln18_store_fu_251">
<pin_list>
<pin id="252" dir="0" index="0" bw="16" slack="0"/>
<pin id="253" dir="0" index="1" bw="16" slack="0"/>
<pin id="254" dir="1" index="2" bw="0" slack="2147483647"/>
</pin_list>
<bind>
<opcode="store(28) " fcode="store"/>
<opset="store_ln18/2 "/>
</bind>
</comp>

<comp id="257" class="1004" name="store_ln18_store_fu_257">
<pin_list>
<pin id="258" dir="0" index="0" bw="16" slack="0"/>
<pin id="259" dir="0" index="1" bw="16" slack="0"/>
<pin id="260" dir="1" index="2" bw="0" slack="2147483647"/>
</pin_list>
<bind>
<opcode="store(28) " fcode="store"/>
<opset="store_ln18/2 "/>
</bind>
</comp>

<comp id="263" class="1005" name="phi_ln114_4_reg_263">
<pin_list>
<pin id="264" dir="0" index="0" bw="2" slack="0"/>
<pin id="265" dir="1" index="1" bw="2" slack="0"/>
</pin_list>
<bind>
<opset="phi_ln114_4 "/>
</bind>
</comp>

<comp id="270" class="1005" name="w_real_1_16_reg_270">
<pin_list>
<pin id="271" dir="0" index="0" bw="16" slack="0"/>
<pin id="272" dir="1" index="1" bw="16" slack="0"/>
</pin_list>
<bind>
<opset="w_real_1_16 "/>
</bind>
</comp>

<comp id="277" class="1005" name="w_real_2_16_reg_277">
<pin_list>
<pin id="278" dir="0" index="0" bw="16" slack="0"/>
<pin id="279" dir="1" index="1" bw="16" slack="0"/>
</pin_list>
<bind>
<opset="w_real_2_16 "/>
</bind>
</comp>

<comp id="284" class="1005" name="w_imag_1_16_reg_284">
<pin_list>
<pin id="285" dir="0" index="0" bw="16" slack="0"/>
<pin id="286" dir="1" index="1" bw="16" slack="0"/>
</pin_list>
<bind>
<opset="w_imag_1_16 "/>
</bind>
</comp>

<comp id="291" class="1005" name="w_imag_2_16_reg_291">
<pin_list>
<pin id="292" dir="0" index="0" bw="16" slack="0"/>
<pin id="293" dir="1" index="1" bw="16" slack="0"/>
</pin_list>
<bind>
<opset="w_imag_2_16 "/>
</bind>
</comp>

</comp_list>

<net_list>
<net id="53"><net_src comp="24" pin="0"/><net_sink comp="50" pin=0"/></net>

<net id="57"><net_src comp="24" pin="0"/><net_sink comp="54" pin=0"/></net>

<net id="61"><net_src comp="24" pin="0"/><net_sink comp="58" pin=0"/></net>

<net id="65"><net_src comp="24" pin="0"/><net_sink comp="62" pin=0"/></net>

<net id="69"><net_src comp="24" pin="0"/><net_sink comp="66" pin=0"/></net>

<net id="74"><net_src comp="26" pin="0"/><net_sink comp="70" pin=0"/></net>

<net id="75"><net_src comp="10" pin="0"/><net_sink comp="70" pin=1"/></net>

<net id="80"><net_src comp="26" pin="0"/><net_sink comp="76" pin=0"/></net>

<net id="81"><net_src comp="8" pin="0"/><net_sink comp="76" pin=1"/></net>

<net id="86"><net_src comp="26" pin="0"/><net_sink comp="82" pin=0"/></net>

<net id="87"><net_src comp="6" pin="0"/><net_sink comp="82" pin=1"/></net>

<net id="92"><net_src comp="26" pin="0"/><net_sink comp="88" pin=0"/></net>

<net id="93"><net_src comp="4" pin="0"/><net_sink comp="88" pin=1"/></net>

<net id="98"><net_src comp="26" pin="0"/><net_sink comp="94" pin=0"/></net>

<net id="99"><net_src comp="2" pin="0"/><net_sink comp="94" pin=1"/></net>

<net id="104"><net_src comp="26" pin="0"/><net_sink comp="100" pin=0"/></net>

<net id="105"><net_src comp="0" pin="0"/><net_sink comp="100" pin=1"/></net>

<net id="110"><net_src comp="94" pin="2"/><net_sink comp="106" pin=0"/></net>

<net id="115"><net_src comp="88" pin="2"/><net_sink comp="111" pin=0"/></net>

<net id="120"><net_src comp="76" pin="2"/><net_sink comp="116" pin=0"/></net>

<net id="125"><net_src comp="70" pin="2"/><net_sink comp="121" pin=0"/></net>

<net id="130"><net_src comp="28" pin="0"/><net_sink comp="126" pin=0"/></net>

<net id="150"><net_src comp="131" pin="1"/><net_sink comp="146" pin=0"/></net>

<net id="151"><net_src comp="42" pin="0"/><net_sink comp="146" pin=1"/></net>

<net id="156"><net_src comp="131" pin="1"/><net_sink comp="152" pin=0"/></net>

<net id="157"><net_src comp="42" pin="0"/><net_sink comp="152" pin=1"/></net>

<net id="162"><net_src comp="131" pin="1"/><net_sink comp="158" pin=0"/></net>

<net id="163"><net_src comp="44" pin="0"/><net_sink comp="158" pin=1"/></net>

<net id="169"><net_src comp="158" pin="2"/><net_sink comp="164" pin=0"/></net>

<net id="170"><net_src comp="46" pin="0"/><net_sink comp="164" pin=1"/></net>

<net id="171"><net_src comp="137" pin="1"/><net_sink comp="164" pin=2"/></net>

<net id="177"><net_src comp="152" pin="2"/><net_sink comp="172" pin=0"/></net>

<net id="178"><net_src comp="46" pin="0"/><net_sink comp="172" pin=1"/></net>

<net id="179"><net_src comp="134" pin="1"/><net_sink comp="172" pin=2"/></net>

<net id="185"><net_src comp="158" pin="2"/><net_sink comp="180" pin=0"/></net>

<net id="186"><net_src comp="46" pin="0"/><net_sink comp="180" pin=1"/></net>

<net id="187"><net_src comp="143" pin="1"/><net_sink comp="180" pin=2"/></net>

<net id="193"><net_src comp="152" pin="2"/><net_sink comp="188" pin=0"/></net>

<net id="194"><net_src comp="46" pin="0"/><net_sink comp="188" pin=1"/></net>

<net id="195"><net_src comp="140" pin="1"/><net_sink comp="188" pin=2"/></net>

<net id="200"><net_src comp="131" pin="1"/><net_sink comp="196" pin=0"/></net>

<net id="201"><net_src comp="48" pin="0"/><net_sink comp="196" pin=1"/></net>

<net id="206"><net_src comp="180" pin="3"/><net_sink comp="202" pin=0"/></net>

<net id="211"><net_src comp="188" pin="3"/><net_sink comp="207" pin=0"/></net>

<net id="216"><net_src comp="164" pin="3"/><net_sink comp="212" pin=0"/></net>

<net id="221"><net_src comp="172" pin="3"/><net_sink comp="217" pin=0"/></net>

<net id="226"><net_src comp="146" pin="2"/><net_sink comp="222" pin=0"/></net>

<net id="231"><net_src comp="46" pin="0"/><net_sink comp="227" pin=0"/></net>

<net id="232"><net_src comp="12" pin="0"/><net_sink comp="227" pin=1"/></net>

<net id="237"><net_src comp="164" pin="3"/><net_sink comp="233" pin=0"/></net>

<net id="238"><net_src comp="14" pin="0"/><net_sink comp="233" pin=1"/></net>

<net id="243"><net_src comp="172" pin="3"/><net_sink comp="239" pin=0"/></net>

<net id="244"><net_src comp="16" pin="0"/><net_sink comp="239" pin=1"/></net>

<net id="249"><net_src comp="46" pin="0"/><net_sink comp="245" pin=0"/></net>

<net id="250"><net_src comp="18" pin="0"/><net_sink comp="245" pin=1"/></net>

<net id="255"><net_src comp="180" pin="3"/><net_sink comp="251" pin=0"/></net>

<net id="256"><net_src comp="20" pin="0"/><net_sink comp="251" pin=1"/></net>

<net id="261"><net_src comp="188" pin="3"/><net_sink comp="257" pin=0"/></net>

<net id="262"><net_src comp="22" pin="0"/><net_sink comp="257" pin=1"/></net>

<net id="266"><net_src comp="50" pin="1"/><net_sink comp="263" pin=0"/></net>

<net id="267"><net_src comp="263" pin="1"/><net_sink comp="126" pin=1"/></net>

<net id="268"><net_src comp="263" pin="1"/><net_sink comp="131" pin=0"/></net>

<net id="269"><net_src comp="263" pin="1"/><net_sink comp="222" pin=1"/></net>

<net id="273"><net_src comp="54" pin="1"/><net_sink comp="270" pin=0"/></net>

<net id="274"><net_src comp="270" pin="1"/><net_sink comp="121" pin=1"/></net>

<net id="275"><net_src comp="270" pin="1"/><net_sink comp="134" pin=0"/></net>

<net id="276"><net_src comp="270" pin="1"/><net_sink comp="217" pin=1"/></net>

<net id="280"><net_src comp="58" pin="1"/><net_sink comp="277" pin=0"/></net>

<net id="281"><net_src comp="277" pin="1"/><net_sink comp="116" pin=1"/></net>

<net id="282"><net_src comp="277" pin="1"/><net_sink comp="137" pin=0"/></net>

<net id="283"><net_src comp="277" pin="1"/><net_sink comp="212" pin=1"/></net>

<net id="287"><net_src comp="62" pin="1"/><net_sink comp="284" pin=0"/></net>

<net id="288"><net_src comp="284" pin="1"/><net_sink comp="111" pin=1"/></net>

<net id="289"><net_src comp="284" pin="1"/><net_sink comp="140" pin=0"/></net>

<net id="290"><net_src comp="284" pin="1"/><net_sink comp="207" pin=1"/></net>

<net id="294"><net_src comp="66" pin="1"/><net_sink comp="291" pin=0"/></net>

<net id="295"><net_src comp="291" pin="1"/><net_sink comp="106" pin=1"/></net>

<net id="296"><net_src comp="291" pin="1"/><net_sink comp="143" pin=0"/></net>

<net id="297"><net_src comp="291" pin="1"/><net_sink comp="202" pin=1"/></net>

</net_list>

</model> 
---------------- Datapath Model END ------------------

* FSMD analyzer results:
  - Output states:
	Port: select_ln18_24_out | {2 }
	Port: select_ln18_25_out | {2 }
	Port: select_ln18_26_out | {2 }
	Port: select_ln18_27_out | {2 }
	Port: select_ln18_28_out | {2 }
	Port: select_ln18_29_out | {2 }
 - Input state : 
	Port: fft32_Pipeline_8 : w_imag_3_14 | {1 }
	Port: fft32_Pipeline_8 : w_imag_2_14 | {1 }
	Port: fft32_Pipeline_8 : w_imag_1_14 | {1 }
	Port: fft32_Pipeline_8 : w_real_3_14 | {1 }
	Port: fft32_Pipeline_8 : w_real_2_14 | {1 }
	Port: fft32_Pipeline_8 : w_real_1_14 | {1 }
  - Chain level:
	State 1
		store_ln0 : 1
	State 2
		add_ln114 : 1
		icmp_ln18 : 1
		icmp_ln18_2 : 1
		select_ln18 : 2
		select_ln18_4 : 2
		select_ln18_5 : 2
		select_ln18_6 : 2
		icmp_ln114 : 1
		store_ln114 : 3
		store_ln114 : 3
		store_ln114 : 3
		store_ln114 : 3
		store_ln114 : 2
		br_ln114 : 2
		store_ln18 : 3
		store_ln18 : 3
		store_ln18 : 3
		store_ln18 : 3


============================================================
+ Verbose Summary: Datapath Resource usage 
============================================================

* Functional unit list:
|----------|-----------------------------|---------|---------|
| Operation|       Functional Unit       |    FF   |   LUT   |
|----------|-----------------------------|---------|---------|
|          |      select_ln18_fu_164     |    0    |    16   |
|  select  |     select_ln18_4_fu_172    |    0    |    16   |
|          |     select_ln18_5_fu_180    |    0    |    16   |
|          |     select_ln18_6_fu_188    |    0    |    16   |
|----------|-----------------------------|---------|---------|
|          |       icmp_ln18_fu_152      |    0    |    10   |
|   icmp   |      icmp_ln18_2_fu_158     |    0    |    10   |
|          |      icmp_ln114_fu_196      |    0    |    10   |
|----------|-----------------------------|---------|---------|
|    add   |       add_ln114_fu_146      |    0    |    10   |
|----------|-----------------------------|---------|---------|
|          | w_real_1_14_read_read_fu_70 |    0    |    0    |
|          | w_real_2_14_read_read_fu_76 |    0    |    0    |
|   read   |   w_real_3_144_read_fu_82   |    0    |    0    |
|          | w_imag_1_14_read_read_fu_88 |    0    |    0    |
|          | w_imag_2_14_read_read_fu_94 |    0    |    0    |
|          |   w_imag_3_141_read_fu_100  |    0    |    0    |
|----------|-----------------------------|---------|---------|
|   Total  |                             |    0    |   104   |
|----------|-----------------------------|---------|---------|

Memories:
N/A

* Register list:
+-------------------+--------+
|                   |   FF   |
+-------------------+--------+
|phi_ln114_4_reg_263|    2   |
|w_imag_1_16_reg_284|   16   |
|w_imag_2_16_reg_291|   16   |
|w_real_1_16_reg_270|   16   |
|w_real_2_16_reg_277|   16   |
+-------------------+--------+
|       Total       |   66   |
+-------------------+--------+

* Multiplexer (MUX) list: 
|--------|------|------|------|--------|
|  Comp  |  Pin | Size |  BW  | S x BW |
|--------|------|------|------|--------|
|  Total |      |      |      |    0   |
|--------|------|------|------|--------|



* Summary:
+-----------+--------+--------+
|           |   FF   |   LUT  |
+-----------+--------+--------+
|  Function |    0   |   104  |
|   Memory  |    -   |    -   |
|Multiplexer|    -   |    -   |
|  Register |   66   |    -   |
+-----------+--------+--------+
|   Total   |   66   |   104  |
+-----------+--------+--------+
